{"D:\\Hacktiv8\\3. Phase 3\\final-project\\m-cure-server\\services\\app\\app.js": {"path":"D:\\Hacktiv8\\3. Phase 3\\final-project\\m-cure-server\\services\\app\\app.js","statementMap":{"0":{"start":{"line":1,"column":0},"end":{"line":3,"column":1}},"1":{"start":{"line":2,"column":2},"end":{"line":2,"column":29}},"2":{"start":{"line":4,"column":13},"end":{"line":4,"column":37}},"3":{"start":{"line":5,"column":13},"end":{"line":5,"column":28}},"4":{"start":{"line":6,"column":16},"end":{"line":6,"column":34}},"5":{"start":{"line":7,"column":21},"end":{"line":7,"column":58}},"6":{"start":{"line":8,"column":12},"end":{"line":8,"column":21}},"7":{"start":{"line":9,"column":15},"end":{"line":9,"column":34}},"8":{"start":{"line":11,"column":0},"end":{"line":11,"column":16}},"9":{"start":{"line":12,"column":0},"end":{"line":12,"column":24}},"10":{"start":{"line":13,"column":0},"end":{"line":13,"column":49}},"11":{"start":{"line":15,"column":0},"end":{"line":15,"column":16}},"12":{"start":{"line":16,"column":0},"end":{"line":16,"column":22}},"13":{"start":{"line":18,"column":0},"end":{"line":18,"column":20}}},"fnMap":{},"branchMap":{"0":{"loc":{"start":{"line":1,"column":0},"end":{"line":3,"column":1}},"type":"if","locations":[{"start":{"line":1,"column":0},"end":{"line":3,"column":1}},{"start":{},"end":{}}],"line":1},"1":{"loc":{"start":{"line":4,"column":13},"end":{"line":4,"column":37}},"type":"binary-expr","locations":[{"start":{"line":4,"column":13},"end":{"line":4,"column":29}},{"start":{"line":4,"column":33},"end":{"line":4,"column":37}}],"line":4}},"s":{"0":4,"1":4,"2":4,"3":4,"4":4,"5":4,"6":4,"7":4,"8":4,"9":4,"10":4,"11":4,"12":4,"13":4},"f":{},"b":{"0":[4,0],"1":[4,0]},"_coverageSchema":"1a1c01bbd47fc00a2c39e90264f33305004495a9","hash":"6bd8ed329ca841c22c87088e19008810398f01a5"}
,"D:\\Hacktiv8\\3. Phase 3\\final-project\\m-cure-server\\services\\app\\controllers\\adminController.js": {"path":"D:\\Hacktiv8\\3. Phase 3\\final-project\\m-cure-server\\services\\app\\controllers\\adminController.js","statementMap":{"0":{"start":{"line":1,"column":28},"end":{"line":1,"column":48}},"1":{"start":{"line":2,"column":36},"end":{"line":2,"column":64}},"2":{"start":{"line":3,"column":27},"end":{"line":3,"column":52}},"3":{"start":{"line":4,"column":15},"end":{"line":4,"column":35}},"4":{"start":{"line":8,"column":14},"end":{"line":8,"column":43}},"5":{"start":{"line":9,"column":4},"end":{"line":28,"column":5}},"6":{"start":{"line":10,"column":50},"end":{"line":10,"column":58}},"7":{"start":{"line":11,"column":22},"end":{"line":22,"column":7}},"8":{"start":{"line":23,"column":6},"end":{"line":23,"column":23}},"9":{"start":{"line":24,"column":6},"end":{"line":24,"column":36}},"10":{"start":{"line":26,"column":6},"end":{"line":26,"column":25}},"11":{"start":{"line":27,"column":6},"end":{"line":27,"column":18}},"12":{"start":{"line":32,"column":14},"end":{"line":32,"column":43}},"13":{"start":{"line":33,"column":4},"end":{"line":52,"column":5}},"14":{"start":{"line":34,"column":50},"end":{"line":34,"column":58}},"15":{"start":{"line":35,"column":22},"end":{"line":46,"column":7}},"16":{"start":{"line":47,"column":6},"end":{"line":47,"column":23}},"17":{"start":{"line":48,"column":6},"end":{"line":48,"column":36}},"18":{"start":{"line":50,"column":6},"end":{"line":50,"column":25}},"19":{"start":{"line":51,"column":6},"end":{"line":51,"column":18}},"20":{"start":{"line":56,"column":14},"end":{"line":56,"column":43}},"21":{"start":{"line":57,"column":4},"end":{"line":91,"column":5}},"22":{"start":{"line":58,"column":34},"end":{"line":58,"column":42}},"23":{"start":{"line":59,"column":6},"end":{"line":59,"column":54}},"24":{"start":{"line":59,"column":18},"end":{"line":59,"column":54}},"25":{"start":{"line":60,"column":6},"end":{"line":60,"column":60}},"26":{"start":{"line":60,"column":21},"end":{"line":60,"column":60}},"27":{"start":{"line":62,"column":27},"end":{"line":67,"column":8}},"28":{"start":{"line":68,"column":6},"end":{"line":70,"column":7}},"29":{"start":{"line":69,"column":8},"end":{"line":69,"column":41}},"30":{"start":{"line":71,"column":28},"end":{"line":74,"column":7}},"31":{"start":{"line":75,"column":6},"end":{"line":77,"column":7}},"32":{"start":{"line":76,"column":8},"end":{"line":76,"column":41}},"33":{"start":{"line":78,"column":22},"end":{"line":81,"column":7}},"34":{"start":{"line":82,"column":20},"end":{"line":82,"column":43}},"35":{"start":{"line":83,"column":6},"end":{"line":83,"column":23}},"36":{"start":{"line":84,"column":6},"end":{"line":87,"column":9}},"37":{"start":{"line":89,"column":6},"end":{"line":89,"column":25}},"38":{"start":{"line":90,"column":6},"end":{"line":90,"column":18}},"39":{"start":{"line":95,"column":0},"end":{"line":95,"column":33}}},"fnMap":{"0":{"name":"(anonymous_0)","decl":{"start":{"line":7,"column":2},"end":{"line":7,"column":3}},"loc":{"start":{"line":7,"column":45},"end":{"line":29,"column":3}},"line":7},"1":{"name":"(anonymous_1)","decl":{"start":{"line":31,"column":2},"end":{"line":31,"column":3}},"loc":{"start":{"line":31,"column":50},"end":{"line":53,"column":3}},"line":31},"2":{"name":"(anonymous_2)","decl":{"start":{"line":55,"column":2},"end":{"line":55,"column":3}},"loc":{"start":{"line":55,"column":42},"end":{"line":92,"column":3}},"line":55}},"branchMap":{"0":{"loc":{"start":{"line":59,"column":6},"end":{"line":59,"column":54}},"type":"if","locations":[{"start":{"line":59,"column":6},"end":{"line":59,"column":54}},{"start":{},"end":{}}],"line":59},"1":{"loc":{"start":{"line":60,"column":6},"end":{"line":60,"column":60}},"type":"if","locations":[{"start":{"line":60,"column":6},"end":{"line":60,"column":60}},{"start":{},"end":{}}],"line":60},"2":{"loc":{"start":{"line":68,"column":6},"end":{"line":70,"column":7}},"type":"if","locations":[{"start":{"line":68,"column":6},"end":{"line":70,"column":7}},{"start":{},"end":{}}],"line":68},"3":{"loc":{"start":{"line":75,"column":6},"end":{"line":77,"column":7}},"type":"if","locations":[{"start":{"line":75,"column":6},"end":{"line":77,"column":7}},{"start":{},"end":{}}],"line":75}},"s":{"0":4,"1":4,"2":4,"3":4,"4":0,"5":0,"6":0,"7":0,"8":0,"9":0,"10":0,"11":0,"12":0,"13":0,"14":0,"15":0,"16":0,"17":0,"18":0,"19":0,"20":0,"21":0,"22":0,"23":0,"24":0,"25":0,"26":0,"27":0,"28":0,"29":0,"30":0,"31":0,"32":0,"33":0,"34":0,"35":0,"36":0,"37":0,"38":0,"39":4},"f":{"0":0,"1":0,"2":0},"b":{"0":[0,0],"1":[0,0],"2":[0,0],"3":[0,0]},"_coverageSchema":"1a1c01bbd47fc00a2c39e90264f33305004495a9","hash":"24a510d6394ab63c436b48f03ead5a791e42eee7"}
,"D:\\Hacktiv8\\3. Phase 3\\final-project\\m-cure-server\\services\\app\\controllers\\categoryController.js": {"path":"D:\\Hacktiv8\\3. Phase 3\\final-project\\m-cure-server\\services\\app\\controllers\\categoryController.js","statementMap":{"0":{"start":{"line":1,"column":21},"end":{"line":1,"column":41}},"1":{"start":{"line":5,"column":4},"end":{"line":27,"column":5}},"2":{"start":{"line":6,"column":25},"end":{"line":6,"column":49}},"3":{"start":{"line":8,"column":29},"end":{"line":8,"column":31}},"4":{"start":{"line":9,"column":30},"end":{"line":9,"column":32}},"5":{"start":{"line":11,"column":6},"end":{"line":17,"column":9}},"6":{"start":{"line":12,"column":8},"end":{"line":16,"column":9}},"7":{"start":{"line":13,"column":10},"end":{"line":13,"column":42}},"8":{"start":{"line":14,"column":15},"end":{"line":16,"column":9}},"9":{"start":{"line":15,"column":10},"end":{"line":15,"column":43}},"10":{"start":{"line":19,"column":6},"end":{"line":24,"column":9}},"11":{"start":{"line":26,"column":6},"end":{"line":26,"column":16}},"12":{"start":{"line":31,"column":0},"end":{"line":31,"column":28}}},"fnMap":{"0":{"name":"(anonymous_0)","decl":{"start":{"line":4,"column":2},"end":{"line":4,"column":3}},"loc":{"start":{"line":4,"column":47},"end":{"line":28,"column":3}},"line":4},"1":{"name":"(anonymous_1)","decl":{"start":{"line":11,"column":25},"end":{"line":11,"column":26}},"loc":{"start":{"line":11,"column":39},"end":{"line":17,"column":7}},"line":11}},"branchMap":{"0":{"loc":{"start":{"line":12,"column":8},"end":{"line":16,"column":9}},"type":"if","locations":[{"start":{"line":12,"column":8},"end":{"line":16,"column":9}},{"start":{"line":14,"column":15},"end":{"line":16,"column":9}}],"line":12},"1":{"loc":{"start":{"line":14,"column":15},"end":{"line":16,"column":9}},"type":"if","locations":[{"start":{"line":14,"column":15},"end":{"line":16,"column":9}},{"start":{},"end":{}}],"line":14}},"s":{"0":4,"1":0,"2":0,"3":0,"4":0,"5":0,"6":0,"7":0,"8":0,"9":0,"10":0,"11":0,"12":4},"f":{"0":0,"1":0},"b":{"0":[0,0],"1":[0,0]},"_coverageSchema":"1a1c01bbd47fc00a2c39e90264f33305004495a9","hash":"d98ba8642f3f722c1f618ec0695d167034d11ead"}
,"D:\\Hacktiv8\\3. Phase 3\\final-project\\m-cure-server\\services\\app\\controllers\\consultantController.js": {"path":"D:\\Hacktiv8\\3. Phase 3\\final-project\\m-cure-server\\services\\app\\controllers\\consultantController.js","statementMap":{"0":{"start":{"line":1,"column":28},"end":{"line":1,"column":48}},"1":{"start":{"line":2,"column":15},"end":{"line":2,"column":35}},"2":{"start":{"line":3,"column":36},"end":{"line":3,"column":64}},"3":{"start":{"line":4,"column":27},"end":{"line":4,"column":52}},"4":{"start":{"line":8,"column":14},"end":{"line":8,"column":43}},"5":{"start":{"line":9,"column":4},"end":{"line":21,"column":5}},"6":{"start":{"line":10,"column":26},"end":{"line":15,"column":8}},"7":{"start":{"line":16,"column":6},"end":{"line":16,"column":23}},"8":{"start":{"line":17,"column":6},"end":{"line":17,"column":40}},"9":{"start":{"line":19,"column":6},"end":{"line":19,"column":25}},"10":{"start":{"line":20,"column":6},"end":{"line":20,"column":18}},"11":{"start":{"line":25,"column":14},"end":{"line":25,"column":43}},"12":{"start":{"line":26,"column":4},"end":{"line":49,"column":5}},"13":{"start":{"line":27,"column":17},"end":{"line":27,"column":31}},"14":{"start":{"line":28,"column":25},"end":{"line":33,"column":8}},"15":{"start":{"line":35,"column":6},"end":{"line":35,"column":62}},"16":{"start":{"line":35,"column":23},"end":{"line":35,"column":62}},"17":{"start":{"line":37,"column":6},"end":{"line":42,"column":9}},"18":{"start":{"line":44,"column":6},"end":{"line":44,"column":23}},"19":{"start":{"line":45,"column":6},"end":{"line":45,"column":39}},"20":{"start":{"line":47,"column":6},"end":{"line":47,"column":25}},"21":{"start":{"line":48,"column":6},"end":{"line":48,"column":18}},"22":{"start":{"line":53,"column":14},"end":{"line":53,"column":43}},"23":{"start":{"line":54,"column":4},"end":{"line":89,"column":5}},"24":{"start":{"line":55,"column":34},"end":{"line":55,"column":42}},"25":{"start":{"line":56,"column":6},"end":{"line":56,"column":54}},"26":{"start":{"line":56,"column":18},"end":{"line":56,"column":54}},"27":{"start":{"line":57,"column":6},"end":{"line":57,"column":60}},"28":{"start":{"line":57,"column":21},"end":{"line":57,"column":60}},"29":{"start":{"line":59,"column":27},"end":{"line":64,"column":8}},"30":{"start":{"line":65,"column":6},"end":{"line":67,"column":7}},"31":{"start":{"line":66,"column":8},"end":{"line":66,"column":41}},"32":{"start":{"line":68,"column":28},"end":{"line":71,"column":7}},"33":{"start":{"line":72,"column":6},"end":{"line":74,"column":7}},"34":{"start":{"line":73,"column":8},"end":{"line":73,"column":41}},"35":{"start":{"line":75,"column":22},"end":{"line":78,"column":7}},"36":{"start":{"line":80,"column":20},"end":{"line":80,"column":43}},"37":{"start":{"line":81,"column":6},"end":{"line":81,"column":23}},"38":{"start":{"line":82,"column":6},"end":{"line":85,"column":9}},"39":{"start":{"line":87,"column":6},"end":{"line":87,"column":25}},"40":{"start":{"line":88,"column":6},"end":{"line":88,"column":18}},"41":{"start":{"line":93,"column":14},"end":{"line":93,"column":43}},"42":{"start":{"line":94,"column":4},"end":{"line":118,"column":5}},"43":{"start":{"line":95,"column":17},"end":{"line":95,"column":29}},"44":{"start":{"line":96,"column":28},"end":{"line":96,"column":36}},"45":{"start":{"line":98,"column":30},"end":{"line":109,"column":7}},"46":{"start":{"line":111,"column":6},"end":{"line":111,"column":69}},"47":{"start":{"line":111,"column":30},"end":{"line":111,"column":69}},"48":{"start":{"line":113,"column":6},"end":{"line":113,"column":23}},"49":{"start":{"line":114,"column":6},"end":{"line":114,"column":46}},"50":{"start":{"line":116,"column":6},"end":{"line":116,"column":25}},"51":{"start":{"line":117,"column":6},"end":{"line":117,"column":18}},"52":{"start":{"line":122,"column":0},"end":{"line":122,"column":38}}},"fnMap":{"0":{"name":"(anonymous_0)","decl":{"start":{"line":7,"column":2},"end":{"line":7,"column":3}},"loc":{"start":{"line":7,"column":46},"end":{"line":22,"column":3}},"line":7},"1":{"name":"(anonymous_1)","decl":{"start":{"line":24,"column":2},"end":{"line":24,"column":3}},"loc":{"start":{"line":24,"column":48},"end":{"line":50,"column":3}},"line":24},"2":{"name":"(anonymous_2)","decl":{"start":{"line":52,"column":2},"end":{"line":52,"column":3}},"loc":{"start":{"line":52,"column":47},"end":{"line":90,"column":3}},"line":52},"3":{"name":"(anonymous_3)","decl":{"start":{"line":92,"column":2},"end":{"line":92,"column":3}},"loc":{"start":{"line":92,"column":46},"end":{"line":119,"column":3}},"line":92}},"branchMap":{"0":{"loc":{"start":{"line":35,"column":6},"end":{"line":35,"column":62}},"type":"if","locations":[{"start":{"line":35,"column":6},"end":{"line":35,"column":62}},{"start":{},"end":{}}],"line":35},"1":{"loc":{"start":{"line":56,"column":6},"end":{"line":56,"column":54}},"type":"if","locations":[{"start":{"line":56,"column":6},"end":{"line":56,"column":54}},{"start":{},"end":{}}],"line":56},"2":{"loc":{"start":{"line":57,"column":6},"end":{"line":57,"column":60}},"type":"if","locations":[{"start":{"line":57,"column":6},"end":{"line":57,"column":60}},{"start":{},"end":{}}],"line":57},"3":{"loc":{"start":{"line":65,"column":6},"end":{"line":67,"column":7}},"type":"if","locations":[{"start":{"line":65,"column":6},"end":{"line":67,"column":7}},{"start":{},"end":{}}],"line":65},"4":{"loc":{"start":{"line":72,"column":6},"end":{"line":74,"column":7}},"type":"if","locations":[{"start":{"line":72,"column":6},"end":{"line":74,"column":7}},{"start":{},"end":{}}],"line":72},"5":{"loc":{"start":{"line":111,"column":6},"end":{"line":111,"column":69}},"type":"if","locations":[{"start":{"line":111,"column":6},"end":{"line":111,"column":69}},{"start":{},"end":{}}],"line":111}},"s":{"0":4,"1":4,"2":4,"3":4,"4":0,"5":0,"6":0,"7":0,"8":0,"9":0,"10":0,"11":0,"12":0,"13":0,"14":0,"15":0,"16":0,"17":0,"18":0,"19":0,"20":0,"21":0,"22":0,"23":0,"24":0,"25":0,"26":0,"27":0,"28":0,"29":0,"30":0,"31":0,"32":0,"33":0,"34":0,"35":0,"36":0,"37":0,"38":0,"39":0,"40":0,"41":0,"42":0,"43":0,"44":0,"45":0,"46":0,"47":0,"48":0,"49":0,"50":0,"51":0,"52":4},"f":{"0":0,"1":0,"2":0,"3":0},"b":{"0":[0,0],"1":[0,0],"2":[0,0],"3":[0,0],"4":[0,0],"5":[0,0]},"_coverageSchema":"1a1c01bbd47fc00a2c39e90264f33305004495a9","hash":"af307a7c903ed133eea4838de2b5e83ef745417b"}
,"D:\\Hacktiv8\\3. Phase 3\\final-project\\m-cure-server\\services\\app\\controllers\\historyController.js": {"path":"D:\\Hacktiv8\\3. Phase 3\\final-project\\m-cure-server\\services\\app\\controllers\\historyController.js","statementMap":{"0":{"start":{"line":1,"column":45},"end":{"line":1,"column":65}},"1":{"start":{"line":2,"column":15},"end":{"line":2,"column":35}},"2":{"start":{"line":6,"column":14},"end":{"line":6,"column":43}},"3":{"start":{"line":7,"column":4},"end":{"line":20,"column":5}},"4":{"start":{"line":8,"column":17},"end":{"line":8,"column":29}},"5":{"start":{"line":10,"column":24},"end":{"line":13,"column":8}},"6":{"start":{"line":15,"column":6},"end":{"line":15,"column":23}},"7":{"start":{"line":16,"column":6},"end":{"line":16,"column":48}},"8":{"start":{"line":18,"column":6},"end":{"line":18,"column":25}},"9":{"start":{"line":19,"column":6},"end":{"line":19,"column":18}},"10":{"start":{"line":24,"column":14},"end":{"line":24,"column":43}},"11":{"start":{"line":25,"column":4},"end":{"line":39,"column":5}},"12":{"start":{"line":26,"column":17},"end":{"line":26,"column":29}},"13":{"start":{"line":28,"column":31},"end":{"line":28,"column":41}},"14":{"start":{"line":29,"column":22},"end":{"line":32,"column":8}},"15":{"start":{"line":34,"column":6},"end":{"line":34,"column":23}},"16":{"start":{"line":35,"column":6},"end":{"line":35,"column":46}},"17":{"start":{"line":37,"column":6},"end":{"line":37,"column":25}},"18":{"start":{"line":38,"column":6},"end":{"line":38,"column":18}},"19":{"start":{"line":43,"column":14},"end":{"line":43,"column":43}},"20":{"start":{"line":44,"column":4},"end":{"line":66,"column":5}},"21":{"start":{"line":45,"column":17},"end":{"line":45,"column":29}},"22":{"start":{"line":47,"column":32},"end":{"line":47,"column":60}},"23":{"start":{"line":49,"column":31},"end":{"line":49,"column":39}},"24":{"start":{"line":50,"column":25},"end":{"line":59,"column":7}},"25":{"start":{"line":61,"column":6},"end":{"line":61,"column":23}},"26":{"start":{"line":62,"column":6},"end":{"line":62,"column":39}},"27":{"start":{"line":64,"column":6},"end":{"line":64,"column":25}},"28":{"start":{"line":65,"column":6},"end":{"line":65,"column":18}},"29":{"start":{"line":70,"column":0},"end":{"line":70,"column":28}}},"fnMap":{"0":{"name":"(anonymous_0)","decl":{"start":{"line":5,"column":2},"end":{"line":5,"column":3}},"loc":{"start":{"line":5,"column":46},"end":{"line":21,"column":3}},"line":5},"1":{"name":"(anonymous_1)","decl":{"start":{"line":23,"column":2},"end":{"line":23,"column":3}},"loc":{"start":{"line":23,"column":44},"end":{"line":40,"column":3}},"line":23},"2":{"name":"(anonymous_2)","decl":{"start":{"line":42,"column":2},"end":{"line":42,"column":3}},"loc":{"start":{"line":42,"column":45},"end":{"line":67,"column":3}},"line":42}},"branchMap":{},"s":{"0":4,"1":4,"2":0,"3":0,"4":0,"5":0,"6":0,"7":0,"8":0,"9":0,"10":0,"11":0,"12":0,"13":0,"14":0,"15":0,"16":0,"17":0,"18":0,"19":0,"20":0,"21":0,"22":0,"23":0,"24":0,"25":0,"26":0,"27":0,"28":0,"29":4},"f":{"0":0,"1":0,"2":0},"b":{},"_coverageSchema":"1a1c01bbd47fc00a2c39e90264f33305004495a9","hash":"c3fa31d24057c9db3453c4757708518fe166d9a1"}
,"D:\\Hacktiv8\\3. Phase 3\\final-project\\m-cure-server\\services\\app\\controllers\\transactionController.js": {"path":"D:\\Hacktiv8\\3. Phase 3\\final-project\\m-cure-server\\services\\app\\controllers\\transactionController.js","statementMap":{"0":{"start":{"line":1,"column":53},"end":{"line":1,"column":73}},"1":{"start":{"line":2,"column":15},"end":{"line":2,"column":35}},"2":{"start":{"line":6,"column":4},"end":{"line":27,"column":5}},"3":{"start":{"line":7,"column":17},"end":{"line":7,"column":29}},"4":{"start":{"line":9,"column":25},"end":{"line":13,"column":8}},"5":{"start":{"line":14,"column":27},"end":{"line":20,"column":8}},"6":{"start":{"line":22,"column":6},"end":{"line":24,"column":9}},"7":{"start":{"line":26,"column":6},"end":{"line":26,"column":16}},"8":{"start":{"line":31,"column":14},"end":{"line":31,"column":43}},"9":{"start":{"line":32,"column":4},"end":{"line":93,"column":5}},"10":{"start":{"line":34,"column":8},"end":{"line":34,"column":16}},"11":{"start":{"line":35,"column":17},"end":{"line":35,"column":29}},"12":{"start":{"line":37,"column":25},"end":{"line":42,"column":8}},"13":{"start":{"line":44,"column":19},"end":{"line":50,"column":7}},"14":{"start":{"line":52,"column":26},"end":{"line":54,"column":8}},"15":{"start":{"line":56,"column":28},"end":{"line":58,"column":8}},"16":{"start":{"line":60,"column":21},"end":{"line":60,"column":77}},"17":{"start":{"line":62,"column":18},"end":{"line":64,"column":7}},"18":{"start":{"line":66,"column":6},"end":{"line":78,"column":7}},"19":{"start":{"line":71,"column":8},"end":{"line":71,"column":47}},"20":{"start":{"line":72,"column":13},"end":{"line":78,"column":7}},"21":{"start":{"line":77,"column":8},"end":{"line":77,"column":47}},"22":{"start":{"line":80,"column":6},"end":{"line":83,"column":9}},"23":{"start":{"line":85,"column":6},"end":{"line":85,"column":23}},"24":{"start":{"line":87,"column":6},"end":{"line":89,"column":9}},"25":{"start":{"line":91,"column":6},"end":{"line":91,"column":25}},"26":{"start":{"line":92,"column":6},"end":{"line":92,"column":16}},"27":{"start":{"line":97,"column":14},"end":{"line":97,"column":43}},"28":{"start":{"line":98,"column":4},"end":{"line":190,"column":5}},"29":{"start":{"line":99,"column":21},"end":{"line":99,"column":31}},"30":{"start":{"line":100,"column":21},"end":{"line":100,"column":33}},"31":{"start":{"line":101,"column":25},"end":{"line":105,"column":8}},"32":{"start":{"line":107,"column":8},"end":{"line":107,"column":16}},"33":{"start":{"line":109,"column":19},"end":{"line":115,"column":7}},"34":{"start":{"line":117,"column":29},"end":{"line":119,"column":8}},"35":{"start":{"line":121,"column":6},"end":{"line":121,"column":67}},"36":{"start":{"line":121,"column":27},"end":{"line":121,"column":67}},"37":{"start":{"line":123,"column":6},"end":{"line":129,"column":8}},"38":{"start":{"line":131,"column":29},"end":{"line":131,"column":59}},"39":{"start":{"line":133,"column":28},"end":{"line":135,"column":8}},"40":{"start":{"line":137,"column":21},"end":{"line":137,"column":77}},"41":{"start":{"line":139,"column":18},"end":{"line":141,"column":7}},"42":{"start":{"line":143,"column":6},"end":{"line":175,"column":7}},"43":{"start":{"line":148,"column":8},"end":{"line":158,"column":9}},"44":{"start":{"line":153,"column":10},"end":{"line":154,"column":77}},"45":{"start":{"line":156,"column":10},"end":{"line":157,"column":77}},"46":{"start":{"line":159,"column":13},"end":{"line":175,"column":7}},"47":{"start":{"line":164,"column":8},"end":{"line":174,"column":9}},"48":{"start":{"line":169,"column":10},"end":{"line":170,"column":77}},"49":{"start":{"line":172,"column":10},"end":{"line":173,"column":77}},"50":{"start":{"line":177,"column":6},"end":{"line":180,"column":9}},"51":{"start":{"line":182,"column":6},"end":{"line":182,"column":23}},"52":{"start":{"line":184,"column":6},"end":{"line":186,"column":9}},"53":{"start":{"line":188,"column":6},"end":{"line":188,"column":25}},"54":{"start":{"line":189,"column":6},"end":{"line":189,"column":16}},"55":{"start":{"line":194,"column":14},"end":{"line":194,"column":43}},"56":{"start":{"line":195,"column":4},"end":{"line":241,"column":5}},"57":{"start":{"line":196,"column":21},"end":{"line":196,"column":31}},"58":{"start":{"line":198,"column":26},"end":{"line":200,"column":8}},"59":{"start":{"line":202,"column":6},"end":{"line":202,"column":64}},"60":{"start":{"line":202,"column":24},"end":{"line":202,"column":64}},"61":{"start":{"line":204,"column":21},"end":{"line":206,"column":8}},"62":{"start":{"line":208,"column":18},"end":{"line":210,"column":7}},"63":{"start":{"line":212,"column":19},"end":{"line":212,"column":79}},"64":{"start":{"line":214,"column":6},"end":{"line":226,"column":7}},"65":{"start":{"line":219,"column":8},"end":{"line":219,"column":47}},"66":{"start":{"line":220,"column":13},"end":{"line":226,"column":7}},"67":{"start":{"line":225,"column":8},"end":{"line":225,"column":47}},"68":{"start":{"line":228,"column":6},"end":{"line":231,"column":9}},"69":{"start":{"line":233,"column":6},"end":{"line":233,"column":23}},"70":{"start":{"line":235,"column":6},"end":{"line":237,"column":9}},"71":{"start":{"line":239,"column":6},"end":{"line":239,"column":25}},"72":{"start":{"line":240,"column":6},"end":{"line":240,"column":16}},"73":{"start":{"line":245,"column":4},"end":{"line":404,"column":5}},"74":{"start":{"line":246,"column":30},"end":{"line":246,"column":39}},"75":{"start":{"line":248,"column":17},"end":{"line":248,"column":29}},"76":{"start":{"line":249,"column":25},"end":{"line":253,"column":8}},"77":{"start":{"line":254,"column":27},"end":{"line":258,"column":8}},"78":{"start":{"line":260,"column":19},"end":{"line":260,"column":29}},"79":{"start":{"line":261,"column":22},"end":{"line":261,"column":41}},"80":{"start":{"line":262,"column":21},"end":{"line":262,"column":39}},"81":{"start":{"line":264,"column":6},"end":{"line":266,"column":7}},"82":{"start":{"line":265,"column":8},"end":{"line":265,"column":26}},"83":{"start":{"line":267,"column":6},"end":{"line":269,"column":7}},"84":{"start":{"line":268,"column":8},"end":{"line":268,"column":24}},"85":{"start":{"line":271,"column":32},"end":{"line":271,"column":34}},"86":{"start":{"line":272,"column":24},"end":{"line":272,"column":25}},"87":{"start":{"line":273,"column":23},"end":{"line":273,"column":24}},"88":{"start":{"line":274,"column":23},"end":{"line":274,"column":24}},"89":{"start":{"line":275,"column":23},"end":{"line":275,"column":24}},"90":{"start":{"line":276,"column":23},"end":{"line":276,"column":24}},"91":{"start":{"line":277,"column":24},"end":{"line":277,"column":25}},"92":{"start":{"line":278,"column":26},"end":{"line":278,"column":27}},"93":{"start":{"line":280,"column":6},"end":{"line":333,"column":7}},"94":{"start":{"line":281,"column":8},"end":{"line":332,"column":11}},"95":{"start":{"line":282,"column":28},"end":{"line":282,"column":46}},"96":{"start":{"line":284,"column":10},"end":{"line":331,"column":11}},"97":{"start":{"line":288,"column":12},"end":{"line":329,"column":13}},"98":{"start":{"line":293,"column":14},"end":{"line":293,"column":39}},"99":{"start":{"line":294,"column":19},"end":{"line":329,"column":13}},"100":{"start":{"line":311,"column":14},"end":{"line":311,"column":38}},"101":{"start":{"line":312,"column":19},"end":{"line":329,"column":13}},"102":{"start":{"line":328,"column":14},"end":{"line":328,"column":38}},"103":{"start":{"line":330,"column":12},"end":{"line":330,"column":41}},"104":{"start":{"line":335,"column":24},"end":{"line":335,"column":63}},"105":{"start":{"line":336,"column":26},"end":{"line":336,"column":49}},"106":{"start":{"line":338,"column":6},"end":{"line":351,"column":7}},"107":{"start":{"line":339,"column":8},"end":{"line":350,"column":9}},"108":{"start":{"line":340,"column":10},"end":{"line":340,"column":56}},"109":{"start":{"line":341,"column":10},"end":{"line":341,"column":56}},"110":{"start":{"line":342,"column":10},"end":{"line":342,"column":58}},"111":{"start":{"line":343,"column":10},"end":{"line":343,"column":62}},"112":{"start":{"line":345,"column":22},"end":{"line":345,"column":45}},"113":{"start":{"line":346,"column":10},"end":{"line":346,"column":50}},"114":{"start":{"line":347,"column":10},"end":{"line":347,"column":50}},"115":{"start":{"line":348,"column":10},"end":{"line":348,"column":26}},"116":{"start":{"line":349,"column":10},"end":{"line":349,"column":28}},"117":{"start":{"line":353,"column":24},"end":{"line":353,"column":26}},"118":{"start":{"line":355,"column":6},"end":{"line":361,"column":7}},"119":{"start":{"line":356,"column":8},"end":{"line":356,"column":29}},"120":{"start":{"line":357,"column":13},"end":{"line":361,"column":7}},"121":{"start":{"line":358,"column":8},"end":{"line":358,"column":31}},"122":{"start":{"line":360,"column":8},"end":{"line":360,"column":32}},"123":{"start":{"line":363,"column":20},"end":{"line":363,"column":22}},"124":{"start":{"line":364,"column":19},"end":{"line":364,"column":21}},"125":{"start":{"line":366,"column":6},"end":{"line":384,"column":7}},"126":{"start":{"line":366,"column":19},"end":{"line":366,"column":20}},"127":{"start":{"line":367,"column":8},"end":{"line":383,"column":9}},"128":{"start":{"line":368,"column":10},"end":{"line":372,"column":14}},"129":{"start":{"line":369,"column":12},"end":{"line":372,"column":14}},"130":{"start":{"line":373,"column":10},"end":{"line":374,"column":42}},"131":{"start":{"line":376,"column":10},"end":{"line":380,"column":14}},"132":{"start":{"line":377,"column":12},"end":{"line":380,"column":14}},"133":{"start":{"line":381,"column":10},"end":{"line":382,"column":42}},"134":{"start":{"line":386,"column":6},"end":{"line":388,"column":7}},"135":{"start":{"line":387,"column":8},"end":{"line":387,"column":77}},"136":{"start":{"line":390,"column":6},"end":{"line":392,"column":7}},"137":{"start":{"line":391,"column":8},"end":{"line":391,"column":73}},"138":{"start":{"line":394,"column":6},"end":{"line":401,"column":9}},"139":{"start":{"line":403,"column":6},"end":{"line":403,"column":16}},"140":{"start":{"line":408,"column":4},"end":{"line":431,"column":5}},"141":{"start":{"line":409,"column":21},"end":{"line":409,"column":31}},"142":{"start":{"line":410,"column":22},"end":{"line":410,"column":34}},"143":{"start":{"line":411,"column":21},"end":{"line":415,"column":8}},"144":{"start":{"line":417,"column":26},"end":{"line":422,"column":8}},"145":{"start":{"line":424,"column":6},"end":{"line":424,"column":60}},"146":{"start":{"line":424,"column":23},"end":{"line":424,"column":60}},"147":{"start":{"line":426,"column":6},"end":{"line":428,"column":9}},"148":{"start":{"line":430,"column":6},"end":{"line":430,"column":16}},"149":{"start":{"line":435,"column":0},"end":{"line":435,"column":28}}},"fnMap":{"0":{"name":"(anonymous_0)","decl":{"start":{"line":5,"column":2},"end":{"line":5,"column":3}},"loc":{"start":{"line":5,"column":49},"end":{"line":28,"column":3}},"line":5},"1":{"name":"(anonymous_1)","decl":{"start":{"line":30,"column":2},"end":{"line":30,"column":3}},"loc":{"start":{"line":30,"column":49},"end":{"line":94,"column":3}},"line":30},"2":{"name":"(anonymous_2)","decl":{"start":{"line":96,"column":2},"end":{"line":96,"column":3}},"loc":{"start":{"line":96,"column":47},"end":{"line":191,"column":3}},"line":96},"3":{"name":"(anonymous_3)","decl":{"start":{"line":193,"column":2},"end":{"line":193,"column":3}},"loc":{"start":{"line":193,"column":49},"end":{"line":242,"column":3}},"line":193},"4":{"name":"(anonymous_4)","decl":{"start":{"line":244,"column":2},"end":{"line":244,"column":3}},"loc":{"start":{"line":244,"column":49},"end":{"line":405,"column":3}},"line":244},"5":{"name":"(anonymous_5)","decl":{"start":{"line":281,"column":29},"end":{"line":281,"column":30}},"loc":{"start":{"line":281,"column":37},"end":{"line":332,"column":9}},"line":281},"6":{"name":"(anonymous_6)","decl":{"start":{"line":407,"column":2},"end":{"line":407,"column":3}},"loc":{"start":{"line":407,"column":49},"end":{"line":432,"column":3}},"line":407}},"branchMap":{"0":{"loc":{"start":{"line":66,"column":6},"end":{"line":78,"column":7}},"type":"if","locations":[{"start":{"line":66,"column":6},"end":{"line":78,"column":7}},{"start":{"line":72,"column":13},"end":{"line":78,"column":7}}],"line":66},"1":{"loc":{"start":{"line":67,"column":8},"end":{"line":69,"column":37}},"type":"binary-expr","locations":[{"start":{"line":67,"column":8},"end":{"line":67,"column":39}},{"start":{"line":68,"column":8},"end":{"line":68,"column":48}},{"start":{"line":69,"column":8},"end":{"line":69,"column":37}}],"line":67},"2":{"loc":{"start":{"line":72,"column":13},"end":{"line":78,"column":7}},"type":"if","locations":[{"start":{"line":72,"column":13},"end":{"line":78,"column":7}},{"start":{},"end":{}}],"line":72},"3":{"loc":{"start":{"line":73,"column":8},"end":{"line":75,"column":42}},"type":"binary-expr","locations":[{"start":{"line":73,"column":8},"end":{"line":73,"column":40}},{"start":{"line":74,"column":8},"end":{"line":74,"column":37}},{"start":{"line":75,"column":8},"end":{"line":75,"column":42}}],"line":73},"4":{"loc":{"start":{"line":121,"column":6},"end":{"line":121,"column":67}},"type":"if","locations":[{"start":{"line":121,"column":6},"end":{"line":121,"column":67}},{"start":{},"end":{}}],"line":121},"5":{"loc":{"start":{"line":143,"column":6},"end":{"line":175,"column":7}},"type":"if","locations":[{"start":{"line":143,"column":6},"end":{"line":175,"column":7}},{"start":{"line":159,"column":13},"end":{"line":175,"column":7}}],"line":143},"6":{"loc":{"start":{"line":144,"column":8},"end":{"line":146,"column":47}},"type":"binary-expr","locations":[{"start":{"line":144,"column":8},"end":{"line":144,"column":49}},{"start":{"line":145,"column":8},"end":{"line":145,"column":58}},{"start":{"line":146,"column":8},"end":{"line":146,"column":47}}],"line":144},"7":{"loc":{"start":{"line":148,"column":8},"end":{"line":158,"column":9}},"type":"if","locations":[{"start":{"line":148,"column":8},"end":{"line":158,"column":9}},{"start":{"line":155,"column":15},"end":{"line":158,"column":9}}],"line":148},"8":{"loc":{"start":{"line":149,"column":10},"end":{"line":151,"column":39}},"type":"binary-expr","locations":[{"start":{"line":149,"column":10},"end":{"line":149,"column":41}},{"start":{"line":150,"column":10},"end":{"line":150,"column":50}},{"start":{"line":151,"column":10},"end":{"line":151,"column":39}}],"line":149},"9":{"loc":{"start":{"line":159,"column":13},"end":{"line":175,"column":7}},"type":"if","locations":[{"start":{"line":159,"column":13},"end":{"line":175,"column":7}},{"start":{},"end":{}}],"line":159},"10":{"loc":{"start":{"line":160,"column":8},"end":{"line":162,"column":52}},"type":"binary-expr","locations":[{"start":{"line":160,"column":8},"end":{"line":160,"column":50}},{"start":{"line":161,"column":8},"end":{"line":161,"column":47}},{"start":{"line":162,"column":8},"end":{"line":162,"column":52}}],"line":160},"11":{"loc":{"start":{"line":164,"column":8},"end":{"line":174,"column":9}},"type":"if","locations":[{"start":{"line":164,"column":8},"end":{"line":174,"column":9}},{"start":{"line":171,"column":15},"end":{"line":174,"column":9}}],"line":164},"12":{"loc":{"start":{"line":165,"column":10},"end":{"line":167,"column":39}},"type":"binary-expr","locations":[{"start":{"line":165,"column":10},"end":{"line":165,"column":41}},{"start":{"line":166,"column":10},"end":{"line":166,"column":50}},{"start":{"line":167,"column":10},"end":{"line":167,"column":39}}],"line":165},"13":{"loc":{"start":{"line":202,"column":6},"end":{"line":202,"column":64}},"type":"if","locations":[{"start":{"line":202,"column":6},"end":{"line":202,"column":64}},{"start":{},"end":{}}],"line":202},"14":{"loc":{"start":{"line":214,"column":6},"end":{"line":226,"column":7}},"type":"if","locations":[{"start":{"line":214,"column":6},"end":{"line":226,"column":7}},{"start":{"line":220,"column":13},"end":{"line":226,"column":7}}],"line":214},"15":{"loc":{"start":{"line":215,"column":8},"end":{"line":217,"column":44}},"type":"binary-expr","locations":[{"start":{"line":215,"column":8},"end":{"line":215,"column":46}},{"start":{"line":216,"column":8},"end":{"line":216,"column":55}},{"start":{"line":217,"column":8},"end":{"line":217,"column":44}}],"line":215},"16":{"loc":{"start":{"line":220,"column":13},"end":{"line":226,"column":7}},"type":"if","locations":[{"start":{"line":220,"column":13},"end":{"line":226,"column":7}},{"start":{},"end":{}}],"line":220},"17":{"loc":{"start":{"line":221,"column":8},"end":{"line":223,"column":49}},"type":"binary-expr","locations":[{"start":{"line":221,"column":8},"end":{"line":221,"column":47}},{"start":{"line":222,"column":8},"end":{"line":222,"column":44}},{"start":{"line":223,"column":8},"end":{"line":223,"column":49}}],"line":221},"18":{"loc":{"start":{"line":264,"column":6},"end":{"line":266,"column":7}},"type":"if","locations":[{"start":{"line":264,"column":6},"end":{"line":266,"column":7}},{"start":{},"end":{}}],"line":264},"19":{"loc":{"start":{"line":267,"column":6},"end":{"line":269,"column":7}},"type":"if","locations":[{"start":{"line":267,"column":6},"end":{"line":269,"column":7}},{"start":{},"end":{}}],"line":267},"20":{"loc":{"start":{"line":280,"column":6},"end":{"line":333,"column":7}},"type":"if","locations":[{"start":{"line":280,"column":6},"end":{"line":333,"column":7}},{"start":{},"end":{}}],"line":280},"21":{"loc":{"start":{"line":284,"column":10},"end":{"line":331,"column":11}},"type":"if","locations":[{"start":{"line":284,"column":10},"end":{"line":331,"column":11}},{"start":{},"end":{}}],"line":284},"22":{"loc":{"start":{"line":285,"column":12},"end":{"line":286,"column":49}},"type":"binary-expr","locations":[{"start":{"line":285,"column":12},"end":{"line":285,"column":51}},{"start":{"line":286,"column":12},"end":{"line":286,"column":49}}],"line":285},"23":{"loc":{"start":{"line":288,"column":12},"end":{"line":329,"column":13}},"type":"if","locations":[{"start":{"line":288,"column":12},"end":{"line":329,"column":13}},{"start":{"line":294,"column":19},"end":{"line":329,"column":13}}],"line":288},"24":{"loc":{"start":{"line":289,"column":14},"end":{"line":291,"column":41}},"type":"binary-expr","locations":[{"start":{"line":289,"column":14},"end":{"line":289,"column":43}},{"start":{"line":290,"column":14},"end":{"line":290,"column":52}},{"start":{"line":291,"column":14},"end":{"line":291,"column":41}}],"line":289},"25":{"loc":{"start":{"line":294,"column":19},"end":{"line":329,"column":13}},"type":"if","locations":[{"start":{"line":294,"column":19},"end":{"line":329,"column":13}},{"start":{"line":312,"column":19},"end":{"line":329,"column":13}}],"line":294},"26":{"loc":{"start":{"line":295,"column":14},"end":{"line":309,"column":46}},"type":"binary-expr","locations":[{"start":{"line":295,"column":14},"end":{"line":295,"column":52}},{"start":{"line":296,"column":14},"end":{"line":296,"column":51}},{"start":{"line":297,"column":14},"end":{"line":297,"column":44}},{"start":{"line":298,"column":14},"end":{"line":298,"column":47}},{"start":{"line":299,"column":14},"end":{"line":299,"column":47}},{"start":{"line":300,"column":14},"end":{"line":300,"column":53}},{"start":{"line":301,"column":14},"end":{"line":301,"column":45}},{"start":{"line":302,"column":14},"end":{"line":302,"column":52}},{"start":{"line":303,"column":14},"end":{"line":303,"column":50}},{"start":{"line":304,"column":14},"end":{"line":304,"column":56}},{"start":{"line":305,"column":14},"end":{"line":305,"column":53}},{"start":{"line":306,"column":14},"end":{"line":306,"column":56}},{"start":{"line":307,"column":14},"end":{"line":307,"column":53}},{"start":{"line":308,"column":14},"end":{"line":308,"column":47}},{"start":{"line":309,"column":14},"end":{"line":309,"column":46}}],"line":295},"27":{"loc":{"start":{"line":312,"column":19},"end":{"line":329,"column":13}},"type":"if","locations":[{"start":{"line":312,"column":19},"end":{"line":329,"column":13}},{"start":{},"end":{}}],"line":312},"28":{"loc":{"start":{"line":313,"column":14},"end":{"line":326,"column":54}},"type":"binary-expr","locations":[{"start":{"line":313,"column":14},"end":{"line":313,"column":46}},{"start":{"line":314,"column":14},"end":{"line":314,"column":51}},{"start":{"line":315,"column":14},"end":{"line":315,"column":41}},{"start":{"line":316,"column":14},"end":{"line":316,"column":50}},{"start":{"line":317,"column":14},"end":{"line":317,"column":50}},{"start":{"line":318,"column":14},"end":{"line":318,"column":44}},{"start":{"line":319,"column":14},"end":{"line":319,"column":43}},{"start":{"line":320,"column":14},"end":{"line":320,"column":54}},{"start":{"line":321,"column":14},"end":{"line":321,"column":55}},{"start":{"line":322,"column":14},"end":{"line":322,"column":56}},{"start":{"line":323,"column":14},"end":{"line":323,"column":53}},{"start":{"line":324,"column":14},"end":{"line":324,"column":46}},{"start":{"line":325,"column":14},"end":{"line":325,"column":49}},{"start":{"line":326,"column":14},"end":{"line":326,"column":54}}],"line":313},"29":{"loc":{"start":{"line":338,"column":6},"end":{"line":351,"column":7}},"type":"if","locations":[{"start":{"line":338,"column":6},"end":{"line":351,"column":7}},{"start":{},"end":{}}],"line":338},"30":{"loc":{"start":{"line":339,"column":8},"end":{"line":350,"column":9}},"type":"if","locations":[{"start":{"line":339,"column":8},"end":{"line":350,"column":9}},{"start":{"line":344,"column":15},"end":{"line":350,"column":9}}],"line":339},"31":{"loc":{"start":{"line":355,"column":6},"end":{"line":361,"column":7}},"type":"if","locations":[{"start":{"line":355,"column":6},"end":{"line":361,"column":7}},{"start":{"line":357,"column":13},"end":{"line":361,"column":7}}],"line":355},"32":{"loc":{"start":{"line":355,"column":10},"end":{"line":355,"column":46}},"type":"binary-expr","locations":[{"start":{"line":355,"column":10},"end":{"line":355,"column":26}},{"start":{"line":355,"column":30},"end":{"line":355,"column":46}}],"line":355},"33":{"loc":{"start":{"line":357,"column":13},"end":{"line":361,"column":7}},"type":"if","locations":[{"start":{"line":357,"column":13},"end":{"line":361,"column":7}},{"start":{"line":359,"column":13},"end":{"line":361,"column":7}}],"line":357},"34":{"loc":{"start":{"line":367,"column":8},"end":{"line":383,"column":9}},"type":"if","locations":[{"start":{"line":367,"column":8},"end":{"line":383,"column":9}},{"start":{"line":375,"column":15},"end":{"line":383,"column":9}}],"line":367},"35":{"loc":{"start":{"line":368,"column":10},"end":{"line":372,"column":14}},"type":"if","locations":[{"start":{"line":368,"column":10},"end":{"line":372,"column":14}},{"start":{},"end":{}}],"line":368},"36":{"loc":{"start":{"line":376,"column":10},"end":{"line":380,"column":14}},"type":"if","locations":[{"start":{"line":376,"column":10},"end":{"line":380,"column":14}},{"start":{},"end":{}}],"line":376},"37":{"loc":{"start":{"line":424,"column":6},"end":{"line":424,"column":60}},"type":"if","locations":[{"start":{"line":424,"column":6},"end":{"line":424,"column":60}},{"start":{},"end":{}}],"line":424}},"s":{"0":4,"1":4,"2":0,"3":0,"4":0,"5":0,"6":0,"7":0,"8":0,"9":0,"10":0,"11":0,"12":0,"13":0,"14":0,"15":0,"16":0,"17":0,"18":0,"19":0,"20":0,"21":0,"22":0,"23":0,"24":0,"25":0,"26":0,"27":0,"28":0,"29":0,"30":0,"31":0,"32":0,"33":0,"34":0,"35":0,"36":0,"37":0,"38":0,"39":0,"40":0,"41":0,"42":0,"43":0,"44":0,"45":0,"46":0,"47":0,"48":0,"49":0,"50":0,"51":0,"52":0,"53":0,"54":0,"55":0,"56":0,"57":0,"58":0,"59":0,"60":0,"61":0,"62":0,"63":0,"64":0,"65":0,"66":0,"67":0,"68":0,"69":0,"70":0,"71":0,"72":0,"73":0,"74":0,"75":0,"76":0,"77":0,"78":0,"79":0,"80":0,"81":0,"82":0,"83":0,"84":0,"85":0,"86":0,"87":0,"88":0,"89":0,"90":0,"91":0,"92":0,"93":0,"94":0,"95":0,"96":0,"97":0,"98":0,"99":0,"100":0,"101":0,"102":0,"103":0,"104":0,"105":0,"106":0,"107":0,"108":0,"109":0,"110":0,"111":0,"112":0,"113":0,"114":0,"115":0,"116":0,"117":0,"118":0,"119":0,"120":0,"121":0,"122":0,"123":0,"124":0,"125":0,"126":0,"127":0,"128":0,"129":0,"130":0,"131":0,"132":0,"133":0,"134":0,"135":0,"136":0,"137":0,"138":0,"139":0,"140":0,"141":0,"142":0,"143":0,"144":0,"145":0,"146":0,"147":0,"148":0,"149":4},"f":{"0":0,"1":0,"2":0,"3":0,"4":0,"5":0,"6":0},"b":{"0":[0,0],"1":[0,0,0],"2":[0,0],"3":[0,0,0],"4":[0,0],"5":[0,0],"6":[0,0,0],"7":[0,0],"8":[0,0,0],"9":[0,0],"10":[0,0,0],"11":[0,0],"12":[0,0,0],"13":[0,0],"14":[0,0],"15":[0,0,0],"16":[0,0],"17":[0,0,0],"18":[0,0],"19":[0,0],"20":[0,0],"21":[0,0],"22":[0,0],"23":[0,0],"24":[0,0,0],"25":[0,0],"26":[0,0,0,0,0,0,0,0,0,0,0,0,0,0,0],"27":[0,0],"28":[0,0,0,0,0,0,0,0,0,0,0,0,0,0],"29":[0,0],"30":[0,0],"31":[0,0],"32":[0,0],"33":[0,0],"34":[0,0],"35":[0,0],"36":[0,0],"37":[0,0]},"_coverageSchema":"1a1c01bbd47fc00a2c39e90264f33305004495a9","hash":"3023939118d3eb223e3a4014bb8b02f760714b57"}
,"D:\\Hacktiv8\\3. Phase 3\\final-project\\m-cure-server\\services\\app\\controllers\\userController.js": {"path":"D:\\Hacktiv8\\3. Phase 3\\final-project\\m-cure-server\\services\\app\\controllers\\userController.js","statementMap":{"0":{"start":{"line":1,"column":36},"end":{"line":1,"column":56}},"1":{"start":{"line":2,"column":36},"end":{"line":2,"column":64}},"2":{"start":{"line":3,"column":27},"end":{"line":3,"column":52}},"3":{"start":{"line":4,"column":15},"end":{"line":4,"column":35}},"4":{"start":{"line":8,"column":14},"end":{"line":8,"column":43}},"5":{"start":{"line":9,"column":4},"end":{"line":39,"column":5}},"6":{"start":{"line":10,"column":64},"end":{"line":10,"column":72}},"7":{"start":{"line":11,"column":22},"end":{"line":23,"column":7}},"8":{"start":{"line":25,"column":24},"end":{"line":32,"column":7}},"9":{"start":{"line":34,"column":6},"end":{"line":34,"column":23}},"10":{"start":{"line":35,"column":6},"end":{"line":35,"column":36}},"11":{"start":{"line":37,"column":6},"end":{"line":37,"column":25}},"12":{"start":{"line":38,"column":6},"end":{"line":38,"column":18}},"13":{"start":{"line":43,"column":14},"end":{"line":43,"column":43}},"14":{"start":{"line":44,"column":4},"end":{"line":79,"column":5}},"15":{"start":{"line":45,"column":34},"end":{"line":45,"column":42}},"16":{"start":{"line":46,"column":6},"end":{"line":46,"column":54}},"17":{"start":{"line":46,"column":18},"end":{"line":46,"column":54}},"18":{"start":{"line":47,"column":6},"end":{"line":47,"column":60}},"19":{"start":{"line":47,"column":21},"end":{"line":47,"column":60}},"20":{"start":{"line":49,"column":27},"end":{"line":54,"column":8}},"21":{"start":{"line":55,"column":6},"end":{"line":57,"column":7}},"22":{"start":{"line":56,"column":8},"end":{"line":56,"column":41}},"23":{"start":{"line":58,"column":28},"end":{"line":61,"column":7}},"24":{"start":{"line":62,"column":6},"end":{"line":64,"column":7}},"25":{"start":{"line":63,"column":8},"end":{"line":63,"column":41}},"26":{"start":{"line":65,"column":22},"end":{"line":68,"column":7}},"27":{"start":{"line":70,"column":20},"end":{"line":70,"column":43}},"28":{"start":{"line":71,"column":6},"end":{"line":71,"column":23}},"29":{"start":{"line":72,"column":6},"end":{"line":75,"column":9}},"30":{"start":{"line":77,"column":6},"end":{"line":77,"column":25}},"31":{"start":{"line":78,"column":6},"end":{"line":78,"column":18}},"32":{"start":{"line":83,"column":14},"end":{"line":83,"column":43}},"33":{"start":{"line":84,"column":4},"end":{"line":99,"column":5}},"34":{"start":{"line":85,"column":17},"end":{"line":85,"column":29}},"35":{"start":{"line":87,"column":19},"end":{"line":92,"column":8}},"36":{"start":{"line":94,"column":6},"end":{"line":94,"column":23}},"37":{"start":{"line":95,"column":6},"end":{"line":95,"column":33}},"38":{"start":{"line":97,"column":6},"end":{"line":97,"column":25}},"39":{"start":{"line":98,"column":6},"end":{"line":98,"column":18}},"40":{"start":{"line":103,"column":0},"end":{"line":103,"column":32}}},"fnMap":{"0":{"name":"(anonymous_0)","decl":{"start":{"line":7,"column":2},"end":{"line":7,"column":3}},"loc":{"start":{"line":7,"column":44},"end":{"line":40,"column":3}},"line":7},"1":{"name":"(anonymous_1)","decl":{"start":{"line":42,"column":2},"end":{"line":42,"column":3}},"loc":{"start":{"line":42,"column":41},"end":{"line":80,"column":3}},"line":42},"2":{"name":"(anonymous_2)","decl":{"start":{"line":82,"column":2},"end":{"line":82,"column":3}},"loc":{"start":{"line":82,"column":42},"end":{"line":100,"column":3}},"line":82}},"branchMap":{"0":{"loc":{"start":{"line":46,"column":6},"end":{"line":46,"column":54}},"type":"if","locations":[{"start":{"line":46,"column":6},"end":{"line":46,"column":54}},{"start":{},"end":{}}],"line":46},"1":{"loc":{"start":{"line":47,"column":6},"end":{"line":47,"column":60}},"type":"if","locations":[{"start":{"line":47,"column":6},"end":{"line":47,"column":60}},{"start":{},"end":{}}],"line":47},"2":{"loc":{"start":{"line":55,"column":6},"end":{"line":57,"column":7}},"type":"if","locations":[{"start":{"line":55,"column":6},"end":{"line":57,"column":7}},{"start":{},"end":{}}],"line":55},"3":{"loc":{"start":{"line":62,"column":6},"end":{"line":64,"column":7}},"type":"if","locations":[{"start":{"line":62,"column":6},"end":{"line":64,"column":7}},{"start":{},"end":{}}],"line":62}},"s":{"0":4,"1":4,"2":4,"3":4,"4":0,"5":0,"6":0,"7":0,"8":0,"9":0,"10":0,"11":0,"12":0,"13":0,"14":0,"15":0,"16":0,"17":0,"18":0,"19":0,"20":0,"21":0,"22":0,"23":0,"24":0,"25":0,"26":0,"27":0,"28":0,"29":0,"30":0,"31":0,"32":0,"33":0,"34":0,"35":0,"36":0,"37":0,"38":0,"39":0,"40":4},"f":{"0":0,"1":0,"2":0},"b":{"0":[0,0],"1":[0,0],"2":[0,0],"3":[0,0]},"_coverageSchema":"1a1c01bbd47fc00a2c39e90264f33305004495a9","hash":"ff16b667cdae14667d858b7517baaa16875cd0b2"}
,"D:\\Hacktiv8\\3. Phase 3\\final-project\\m-cure-server\\services\\app\\controllers\\walletController.js": {"path":"D:\\Hacktiv8\\3. Phase 3\\final-project\\m-cure-server\\services\\app\\controllers\\walletController.js","statementMap":{"0":{"start":{"line":1,"column":53},"end":{"line":1,"column":73}},"1":{"start":{"line":5,"column":4},"end":{"line":18,"column":5}},"2":{"start":{"line":6,"column":17},"end":{"line":6,"column":29}},"3":{"start":{"line":7,"column":21},"end":{"line":11,"column":8}},"4":{"start":{"line":13,"column":6},"end":{"line":15,"column":9}},"5":{"start":{"line":17,"column":6},"end":{"line":17,"column":16}},"6":{"start":{"line":22,"column":0},"end":{"line":22,"column":28}}},"fnMap":{"0":{"name":"(anonymous_0)","decl":{"start":{"line":4,"column":2},"end":{"line":4,"column":3}},"loc":{"start":{"line":4,"column":43},"end":{"line":19,"column":3}},"line":4}},"branchMap":{},"s":{"0":4,"1":0,"2":0,"3":0,"4":0,"5":0,"6":4},"f":{"0":0},"b":{},"_coverageSchema":"1a1c01bbd47fc00a2c39e90264f33305004495a9","hash":"58239991fb19ea3f329b491038ab34edd85b78a5"}
,"D:\\Hacktiv8\\3. Phase 3\\final-project\\m-cure-server\\services\\app\\helpers\\bcrypt.js": {"path":"D:\\Hacktiv8\\3. Phase 3\\final-project\\m-cure-server\\services\\app\\helpers\\bcrypt.js","statementMap":{"0":{"start":{"line":1,"column":15},"end":{"line":1,"column":32}},"1":{"start":{"line":3,"column":21},"end":{"line":5,"column":1}},"2":{"start":{"line":4,"column":4},"end":{"line":4,"column":40}},"3":{"start":{"line":7,"column":32},"end":{"line":9,"column":1}},"4":{"start":{"line":8,"column":4},"end":{"line":8,"column":45}},"5":{"start":{"line":11,"column":0},"end":{"line":14,"column":1}}},"fnMap":{"0":{"name":"(anonymous_0)","decl":{"start":{"line":3,"column":21},"end":{"line":3,"column":22}},"loc":{"start":{"line":3,"column":35},"end":{"line":5,"column":1}},"line":3},"1":{"name":"(anonymous_1)","decl":{"start":{"line":7,"column":32},"end":{"line":7,"column":33}},"loc":{"start":{"line":7,"column":52},"end":{"line":9,"column":1}},"line":7}},"branchMap":{},"s":{"0":4,"1":4,"2":4,"3":4,"4":0,"5":4},"f":{"0":4,"1":0},"b":{},"_coverageSchema":"1a1c01bbd47fc00a2c39e90264f33305004495a9","hash":"36fc2b851c2b4c6e8001aa18557e24444fe2eaaa"}
,"D:\\Hacktiv8\\3. Phase 3\\final-project\\m-cure-server\\services\\app\\helpers\\jwt.js": {"path":"D:\\Hacktiv8\\3. Phase 3\\final-project\\m-cure-server\\services\\app\\helpers\\jwt.js","statementMap":{"0":{"start":{"line":1,"column":12},"end":{"line":1,"column":35}},"1":{"start":{"line":2,"column":22},"end":{"line":2,"column":44}},"2":{"start":{"line":4,"column":23},"end":{"line":6,"column":1}},"3":{"start":{"line":5,"column":4},"end":{"line":5,"column":62}},"4":{"start":{"line":8,"column":22},"end":{"line":10,"column":1}},"5":{"start":{"line":9,"column":4},"end":{"line":9,"column":43}},"6":{"start":{"line":12,"column":0},"end":{"line":15,"column":1}}},"fnMap":{"0":{"name":"(anonymous_0)","decl":{"start":{"line":4,"column":23},"end":{"line":4,"column":24}},"loc":{"start":{"line":4,"column":36},"end":{"line":6,"column":1}},"line":4},"1":{"name":"(anonymous_1)","decl":{"start":{"line":8,"column":22},"end":{"line":8,"column":23}},"loc":{"start":{"line":8,"column":33},"end":{"line":10,"column":1}},"line":8}},"branchMap":{},"s":{"0":4,"1":4,"2":4,"3":0,"4":4,"5":0,"6":4},"f":{"0":0,"1":0},"b":{},"_coverageSchema":"1a1c01bbd47fc00a2c39e90264f33305004495a9","hash":"e5d08109611d20961510b00c6fa469e4992fcbfb"}
,"D:\\Hacktiv8\\3. Phase 3\\final-project\\m-cure-server\\services\\app\\middlewares\\authentication.js": {"path":"D:\\Hacktiv8\\3. Phase 3\\final-project\\m-cure-server\\services\\app\\middlewares\\authentication.js","statementMap":{"0":{"start":{"line":1,"column":17},"end":{"line":1,"column":37}},"1":{"start":{"line":2,"column":26},"end":{"line":2,"column":54}},"2":{"start":{"line":4,"column":28},"end":{"line":21,"column":1}},"3":{"start":{"line":5,"column":2},"end":{"line":20,"column":3}},"4":{"start":{"line":6,"column":29},"end":{"line":6,"column":40}},"5":{"start":{"line":7,"column":20},"end":{"line":7,"column":47}},"6":{"start":{"line":8,"column":25},"end":{"line":8,"column":56}},"7":{"start":{"line":9,"column":4},"end":{"line":16,"column":5}},"8":{"start":{"line":10,"column":6},"end":{"line":10,"column":54}},"9":{"start":{"line":12,"column":6},"end":{"line":15,"column":8}},"10":{"start":{"line":17,"column":4},"end":{"line":17,"column":11}},"11":{"start":{"line":19,"column":4},"end":{"line":19,"column":16}},"12":{"start":{"line":23,"column":27},"end":{"line":40,"column":1}},"13":{"start":{"line":24,"column":2},"end":{"line":39,"column":3}},"14":{"start":{"line":25,"column":29},"end":{"line":25,"column":40}},"15":{"start":{"line":26,"column":20},"end":{"line":26,"column":47}},"16":{"start":{"line":27,"column":25},"end":{"line":27,"column":56}},"17":{"start":{"line":28,"column":4},"end":{"line":35,"column":5}},"18":{"start":{"line":29,"column":6},"end":{"line":29,"column":54}},"19":{"start":{"line":31,"column":6},"end":{"line":34,"column":8}},"20":{"start":{"line":36,"column":4},"end":{"line":36,"column":11}},"21":{"start":{"line":38,"column":4},"end":{"line":38,"column":16}},"22":{"start":{"line":42,"column":33},"end":{"line":59,"column":1}},"23":{"start":{"line":43,"column":2},"end":{"line":58,"column":3}},"24":{"start":{"line":44,"column":29},"end":{"line":44,"column":40}},"25":{"start":{"line":45,"column":20},"end":{"line":45,"column":47}},"26":{"start":{"line":46,"column":25},"end":{"line":46,"column":56}},"27":{"start":{"line":47,"column":4},"end":{"line":54,"column":5}},"28":{"start":{"line":48,"column":6},"end":{"line":48,"column":54}},"29":{"start":{"line":50,"column":6},"end":{"line":53,"column":8}},"30":{"start":{"line":55,"column":4},"end":{"line":55,"column":11}},"31":{"start":{"line":57,"column":4},"end":{"line":57,"column":16}},"32":{"start":{"line":61,"column":0},"end":{"line":65,"column":2}}},"fnMap":{"0":{"name":"(anonymous_0)","decl":{"start":{"line":4,"column":28},"end":{"line":4,"column":29}},"loc":{"start":{"line":4,"column":54},"end":{"line":21,"column":1}},"line":4},"1":{"name":"(anonymous_1)","decl":{"start":{"line":23,"column":27},"end":{"line":23,"column":28}},"loc":{"start":{"line":23,"column":53},"end":{"line":40,"column":1}},"line":23},"2":{"name":"(anonymous_2)","decl":{"start":{"line":42,"column":33},"end":{"line":42,"column":34}},"loc":{"start":{"line":42,"column":59},"end":{"line":59,"column":1}},"line":42}},"branchMap":{"0":{"loc":{"start":{"line":9,"column":4},"end":{"line":16,"column":5}},"type":"if","locations":[{"start":{"line":9,"column":4},"end":{"line":16,"column":5}},{"start":{"line":11,"column":11},"end":{"line":16,"column":5}}],"line":9},"1":{"loc":{"start":{"line":9,"column":8},"end":{"line":9,"column":54}},"type":"binary-expr","locations":[{"start":{"line":9,"column":8},"end":{"line":9,"column":21}},{"start":{"line":9,"column":25},"end":{"line":9,"column":54}}],"line":9},"2":{"loc":{"start":{"line":28,"column":4},"end":{"line":35,"column":5}},"type":"if","locations":[{"start":{"line":28,"column":4},"end":{"line":35,"column":5}},{"start":{"line":30,"column":11},"end":{"line":35,"column":5}}],"line":28},"3":{"loc":{"start":{"line":28,"column":8},"end":{"line":28,"column":53}},"type":"binary-expr","locations":[{"start":{"line":28,"column":8},"end":{"line":28,"column":21}},{"start":{"line":28,"column":25},"end":{"line":28,"column":53}}],"line":28},"4":{"loc":{"start":{"line":47,"column":4},"end":{"line":54,"column":5}},"type":"if","locations":[{"start":{"line":47,"column":4},"end":{"line":54,"column":5}},{"start":{"line":49,"column":11},"end":{"line":54,"column":5}}],"line":47},"5":{"loc":{"start":{"line":47,"column":8},"end":{"line":47,"column":59}},"type":"binary-expr","locations":[{"start":{"line":47,"column":8},"end":{"line":47,"column":21}},{"start":{"line":47,"column":25},"end":{"line":47,"column":59}}],"line":47}},"s":{"0":4,"1":4,"2":4,"3":0,"4":0,"5":0,"6":0,"7":0,"8":0,"9":0,"10":0,"11":0,"12":4,"13":0,"14":0,"15":0,"16":0,"17":0,"18":0,"19":0,"20":0,"21":0,"22":4,"23":0,"24":0,"25":0,"26":0,"27":0,"28":0,"29":0,"30":0,"31":0,"32":4},"f":{"0":0,"1":0,"2":0},"b":{"0":[0,0],"1":[0,0],"2":[0,0],"3":[0,0],"4":[0,0],"5":[0,0]},"_coverageSchema":"1a1c01bbd47fc00a2c39e90264f33305004495a9","hash":"84815d768261bcd06247bee2eba1cc7a63d3a811"}
,"D:\\Hacktiv8\\3. Phase 3\\final-project\\m-cure-server\\services\\app\\middlewares\\errorHandler.js": {"path":"D:\\Hacktiv8\\3. Phase 3\\final-project\\m-cure-server\\services\\app\\middlewares\\errorHandler.js","statementMap":{"0":{"start":{"line":1,"column":21},"end":{"line":49,"column":1}},"1":{"start":{"line":2,"column":2},"end":{"line":2,"column":19}},"2":{"start":{"line":3,"column":2},"end":{"line":48,"column":3}},"3":{"start":{"line":4,"column":4},"end":{"line":4,"column":45}},"4":{"start":{"line":4,"column":33},"end":{"line":4,"column":43}},"5":{"start":{"line":5,"column":4},"end":{"line":7,"column":7}},"6":{"start":{"line":8,"column":9},"end":{"line":48,"column":3}},"7":{"start":{"line":9,"column":4},"end":{"line":11,"column":7}},"8":{"start":{"line":12,"column":9},"end":{"line":48,"column":3}},"9":{"start":{"line":13,"column":4},"end":{"line":15,"column":7}},"10":{"start":{"line":16,"column":9},"end":{"line":48,"column":3}},"11":{"start":{"line":17,"column":4},"end":{"line":19,"column":7}},"12":{"start":{"line":20,"column":9},"end":{"line":48,"column":3}},"13":{"start":{"line":21,"column":4},"end":{"line":23,"column":7}},"14":{"start":{"line":24,"column":9},"end":{"line":48,"column":3}},"15":{"start":{"line":28,"column":4},"end":{"line":30,"column":7}},"16":{"start":{"line":31,"column":9},"end":{"line":48,"column":3}},"17":{"start":{"line":32,"column":4},"end":{"line":34,"column":7}},"18":{"start":{"line":35,"column":9},"end":{"line":48,"column":3}},"19":{"start":{"line":36,"column":4},"end":{"line":38,"column":7}},"20":{"start":{"line":39,"column":9},"end":{"line":48,"column":3}},"21":{"start":{"line":40,"column":4},"end":{"line":42,"column":7}},"22":{"start":{"line":44,"column":4},"end":{"line":44,"column":21}},"23":{"start":{"line":45,"column":4},"end":{"line":47,"column":7}},"24":{"start":{"line":51,"column":0},"end":{"line":51,"column":30}}},"fnMap":{"0":{"name":"(anonymous_0)","decl":{"start":{"line":1,"column":21},"end":{"line":1,"column":22}},"loc":{"start":{"line":1,"column":46},"end":{"line":49,"column":1}},"line":1},"1":{"name":"(anonymous_1)","decl":{"start":{"line":4,"column":25},"end":{"line":4,"column":26}},"loc":{"start":{"line":4,"column":33},"end":{"line":4,"column":43}},"line":4}},"branchMap":{"0":{"loc":{"start":{"line":3,"column":2},"end":{"line":48,"column":3}},"type":"if","locations":[{"start":{"line":3,"column":2},"end":{"line":48,"column":3}},{"start":{"line":8,"column":9},"end":{"line":48,"column":3}}],"line":3},"1":{"loc":{"start":{"line":8,"column":9},"end":{"line":48,"column":3}},"type":"if","locations":[{"start":{"line":8,"column":9},"end":{"line":48,"column":3}},{"start":{"line":12,"column":9},"end":{"line":48,"column":3}}],"line":8},"2":{"loc":{"start":{"line":12,"column":9},"end":{"line":48,"column":3}},"type":"if","locations":[{"start":{"line":12,"column":9},"end":{"line":48,"column":3}},{"start":{"line":16,"column":9},"end":{"line":48,"column":3}}],"line":12},"3":{"loc":{"start":{"line":16,"column":9},"end":{"line":48,"column":3}},"type":"if","locations":[{"start":{"line":16,"column":9},"end":{"line":48,"column":3}},{"start":{"line":20,"column":9},"end":{"line":48,"column":3}}],"line":16},"4":{"loc":{"start":{"line":20,"column":9},"end":{"line":48,"column":3}},"type":"if","locations":[{"start":{"line":20,"column":9},"end":{"line":48,"column":3}},{"start":{"line":24,"column":9},"end":{"line":48,"column":3}}],"line":20},"5":{"loc":{"start":{"line":24,"column":9},"end":{"line":48,"column":3}},"type":"if","locations":[{"start":{"line":24,"column":9},"end":{"line":48,"column":3}},{"start":{"line":31,"column":9},"end":{"line":48,"column":3}}],"line":24},"6":{"loc":{"start":{"line":25,"column":4},"end":{"line":26,"column":36}},"type":"binary-expr","locations":[{"start":{"line":25,"column":4},"end":{"line":25,"column":36}},{"start":{"line":26,"column":4},"end":{"line":26,"column":36}}],"line":25},"7":{"loc":{"start":{"line":31,"column":9},"end":{"line":48,"column":3}},"type":"if","locations":[{"start":{"line":31,"column":9},"end":{"line":48,"column":3}},{"start":{"line":35,"column":9},"end":{"line":48,"column":3}}],"line":31},"8":{"loc":{"start":{"line":35,"column":9},"end":{"line":48,"column":3}},"type":"if","locations":[{"start":{"line":35,"column":9},"end":{"line":48,"column":3}},{"start":{"line":39,"column":9},"end":{"line":48,"column":3}}],"line":35},"9":{"loc":{"start":{"line":39,"column":9},"end":{"line":48,"column":3}},"type":"if","locations":[{"start":{"line":39,"column":9},"end":{"line":48,"column":3}},{"start":{"line":43,"column":9},"end":{"line":48,"column":3}}],"line":39}},"s":{"0":4,"1":0,"2":0,"3":0,"4":0,"5":0,"6":0,"7":0,"8":0,"9":0,"10":0,"11":0,"12":0,"13":0,"14":0,"15":0,"16":0,"17":0,"18":0,"19":0,"20":0,"21":0,"22":0,"23":0,"24":4},"f":{"0":0,"1":0},"b":{"0":[0,0],"1":[0,0],"2":[0,0],"3":[0,0],"4":[0,0],"5":[0,0],"6":[0,0],"7":[0,0],"8":[0,0],"9":[0,0]},"_coverageSchema":"1a1c01bbd47fc00a2c39e90264f33305004495a9","hash":"cd79f32a00da93fde65edaca648bac40b34700ff"}
,"D:\\Hacktiv8\\3. Phase 3\\final-project\\m-cure-server\\services\\app\\models\\category.js": {"path":"D:\\Hacktiv8\\3. Phase 3\\final-project\\m-cure-server\\services\\app\\models\\category.js","statementMap":{"0":{"start":{"line":4,"column":4},"end":{"line":4,"column":24}},"1":{"start":{"line":5,"column":0},"end":{"line":26,"column":2}},"2":{"start":{"line":14,"column":6},"end":{"line":14,"column":42}},"3":{"start":{"line":17,"column":2},"end":{"line":24,"column":5}},"4":{"start":{"line":25,"column":2},"end":{"line":25,"column":18}}},"fnMap":{"0":{"name":"(anonymous_0)","decl":{"start":{"line":5,"column":17},"end":{"line":5,"column":18}},"loc":{"start":{"line":5,"column":43},"end":{"line":26,"column":1}},"line":5},"1":{"name":"(anonymous_1)","decl":{"start":{"line":12,"column":4},"end":{"line":12,"column":5}},"loc":{"start":{"line":12,"column":29},"end":{"line":15,"column":5}},"line":12}},"branchMap":{},"s":{"0":4,"1":4,"2":4,"3":4,"4":4},"f":{"0":4,"1":4},"b":{},"_coverageSchema":"1a1c01bbd47fc00a2c39e90264f33305004495a9","hash":"1146462be43f10c6219670665560bafbec30edfe"}
,"D:\\Hacktiv8\\3. Phase 3\\final-project\\m-cure-server\\services\\app\\models\\history.js": {"path":"D:\\Hacktiv8\\3. Phase 3\\final-project\\m-cure-server\\services\\app\\models\\history.js","statementMap":{"0":{"start":{"line":4,"column":4},"end":{"line":4,"column":24}},"1":{"start":{"line":5,"column":0},"end":{"line":42,"column":2}},"2":{"start":{"line":14,"column":6},"end":{"line":16,"column":8}},"3":{"start":{"line":17,"column":6},"end":{"line":19,"column":8}},"4":{"start":{"line":22,"column":2},"end":{"line":40,"column":5}},"5":{"start":{"line":41,"column":2},"end":{"line":41,"column":17}}},"fnMap":{"0":{"name":"(anonymous_0)","decl":{"start":{"line":5,"column":17},"end":{"line":5,"column":18}},"loc":{"start":{"line":5,"column":43},"end":{"line":42,"column":1}},"line":5},"1":{"name":"(anonymous_1)","decl":{"start":{"line":12,"column":4},"end":{"line":12,"column":5}},"loc":{"start":{"line":12,"column":29},"end":{"line":20,"column":5}},"line":12}},"branchMap":{},"s":{"0":4,"1":4,"2":4,"3":4,"4":4,"5":4},"f":{"0":4,"1":4},"b":{},"_coverageSchema":"1a1c01bbd47fc00a2c39e90264f33305004495a9","hash":"94a88b876ad0b3f9b8f5bc5a607e1ab10c8df0f1"}
,"D:\\Hacktiv8\\3. Phase 3\\final-project\\m-cure-server\\services\\app\\models\\index.js": {"path":"D:\\Hacktiv8\\3. Phase 3\\final-project\\m-cure-server\\services\\app\\models\\index.js","statementMap":{"0":{"start":{"line":3,"column":11},"end":{"line":3,"column":24}},"1":{"start":{"line":4,"column":13},"end":{"line":4,"column":28}},"2":{"start":{"line":5,"column":18},"end":{"line":5,"column":38}},"3":{"start":{"line":6,"column":17},"end":{"line":6,"column":42}},"4":{"start":{"line":7,"column":12},"end":{"line":7,"column":49}},"5":{"start":{"line":8,"column":15},"end":{"line":8,"column":65}},"6":{"start":{"line":9,"column":11},"end":{"line":9,"column":13}},"7":{"start":{"line":12,"column":0},"end":{"line":16,"column":1}},"8":{"start":{"line":13,"column":2},"end":{"line":13,"column":74}},"9":{"start":{"line":15,"column":2},"end":{"line":15,"column":87}},"10":{"start":{"line":18,"column":0},"end":{"line":26,"column":5}},"11":{"start":{"line":21,"column":4},"end":{"line":21,"column":90}},"12":{"start":{"line":24,"column":18},"end":{"line":24,"column":85}},"13":{"start":{"line":25,"column":4},"end":{"line":25,"column":27}},"14":{"start":{"line":28,"column":0},"end":{"line":32,"column":3}},"15":{"start":{"line":29,"column":2},"end":{"line":31,"column":3}},"16":{"start":{"line":30,"column":4},"end":{"line":30,"column":32}},"17":{"start":{"line":34,"column":0},"end":{"line":34,"column":25}},"18":{"start":{"line":35,"column":0},"end":{"line":35,"column":25}},"19":{"start":{"line":37,"column":0},"end":{"line":37,"column":20}}},"fnMap":{"0":{"name":"(anonymous_0)","decl":{"start":{"line":20,"column":10},"end":{"line":20,"column":11}},"loc":{"start":{"line":20,"column":18},"end":{"line":22,"column":3}},"line":20},"1":{"name":"(anonymous_1)","decl":{"start":{"line":23,"column":11},"end":{"line":23,"column":12}},"loc":{"start":{"line":23,"column":19},"end":{"line":26,"column":3}},"line":23},"2":{"name":"(anonymous_2)","decl":{"start":{"line":28,"column":24},"end":{"line":28,"column":25}},"loc":{"start":{"line":28,"column":37},"end":{"line":32,"column":1}},"line":28}},"branchMap":{"0":{"loc":{"start":{"line":7,"column":12},"end":{"line":7,"column":49}},"type":"binary-expr","locations":[{"start":{"line":7,"column":12},"end":{"line":7,"column":32}},{"start":{"line":7,"column":36},"end":{"line":7,"column":49}}],"line":7},"1":{"loc":{"start":{"line":12,"column":0},"end":{"line":16,"column":1}},"type":"if","locations":[{"start":{"line":12,"column":0},"end":{"line":16,"column":1}},{"start":{"line":14,"column":7},"end":{"line":16,"column":1}}],"line":12},"2":{"loc":{"start":{"line":21,"column":11},"end":{"line":21,"column":89}},"type":"binary-expr","locations":[{"start":{"line":21,"column":12},"end":{"line":21,"column":35}},{"start":{"line":21,"column":41},"end":{"line":21,"column":58}},{"start":{"line":21,"column":64},"end":{"line":21,"column":88}}],"line":21},"3":{"loc":{"start":{"line":29,"column":2},"end":{"line":31,"column":3}},"type":"if","locations":[{"start":{"line":29,"column":2},"end":{"line":31,"column":3}},{"start":{},"end":{}}],"line":29}},"s":{"0":4,"1":4,"2":4,"3":4,"4":4,"5":4,"6":4,"7":4,"8":0,"9":4,"10":4,"11":24,"12":20,"13":20,"14":4,"15":20,"16":20,"17":4,"18":4,"19":4},"f":{"0":24,"1":20,"2":20},"b":{"0":[4,0],"1":[0,4],"2":[24,24,20],"3":[20,0]},"_coverageSchema":"1a1c01bbd47fc00a2c39e90264f33305004495a9","hash":"887b71c992bf257e80ed2ade1f78e8e3fcae3d0a"}
,"D:\\Hacktiv8\\3. Phase 3\\final-project\\m-cure-server\\services\\app\\models\\transaction.js": {"path":"D:\\Hacktiv8\\3. Phase 3\\final-project\\m-cure-server\\services\\app\\models\\transaction.js","statementMap":{"0":{"start":{"line":4,"column":4},"end":{"line":4,"column":24}},"1":{"start":{"line":5,"column":0},"end":{"line":61,"column":2}},"2":{"start":{"line":14,"column":6},"end":{"line":14,"column":42}},"3":{"start":{"line":15,"column":6},"end":{"line":15,"column":44}},"4":{"start":{"line":18,"column":2},"end":{"line":59,"column":5}},"5":{"start":{"line":60,"column":2},"end":{"line":60,"column":21}}},"fnMap":{"0":{"name":"(anonymous_0)","decl":{"start":{"line":5,"column":17},"end":{"line":5,"column":18}},"loc":{"start":{"line":5,"column":43},"end":{"line":61,"column":1}},"line":5},"1":{"name":"(anonymous_1)","decl":{"start":{"line":12,"column":4},"end":{"line":12,"column":5}},"loc":{"start":{"line":12,"column":29},"end":{"line":16,"column":5}},"line":12}},"branchMap":{},"s":{"0":4,"1":4,"2":4,"3":4,"4":4,"5":4},"f":{"0":4,"1":4},"b":{},"_coverageSchema":"1a1c01bbd47fc00a2c39e90264f33305004495a9","hash":"f70bfdd356e5ec41c03509a01ba6d4294d45156a"}
,"D:\\Hacktiv8\\3. Phase 3\\final-project\\m-cure-server\\services\\app\\models\\user.js": {"path":"D:\\Hacktiv8\\3. Phase 3\\final-project\\m-cure-server\\services\\app\\models\\user.js","statementMap":{"0":{"start":{"line":4,"column":4},"end":{"line":4,"column":24}},"1":{"start":{"line":5,"column":25},"end":{"line":5,"column":53}},"2":{"start":{"line":6,"column":0},"end":{"line":108,"column":2}},"3":{"start":{"line":15,"column":6},"end":{"line":15,"column":32}},"4":{"start":{"line":16,"column":6},"end":{"line":18,"column":8}},"5":{"start":{"line":19,"column":6},"end":{"line":21,"column":8}},"6":{"start":{"line":24,"column":2},"end":{"line":106,"column":5}},"7":{"start":{"line":102,"column":8},"end":{"line":102,"column":59}},"8":{"start":{"line":107,"column":2},"end":{"line":107,"column":14}}},"fnMap":{"0":{"name":"(anonymous_0)","decl":{"start":{"line":6,"column":17},"end":{"line":6,"column":18}},"loc":{"start":{"line":6,"column":43},"end":{"line":108,"column":1}},"line":6},"1":{"name":"(anonymous_1)","decl":{"start":{"line":13,"column":4},"end":{"line":13,"column":5}},"loc":{"start":{"line":13,"column":29},"end":{"line":22,"column":5}},"line":13},"2":{"name":"(anonymous_2)","decl":{"start":{"line":101,"column":6},"end":{"line":101,"column":7}},"loc":{"start":{"line":101,"column":29},"end":{"line":103,"column":7}},"line":101}},"branchMap":{},"s":{"0":4,"1":4,"2":4,"3":4,"4":4,"5":4,"6":4,"7":4,"8":4},"f":{"0":4,"1":4,"2":4},"b":{},"_coverageSchema":"1a1c01bbd47fc00a2c39e90264f33305004495a9","hash":"2904f7c7359a2278beac9cf64f40447c5e233865"}
,"D:\\Hacktiv8\\3. Phase 3\\final-project\\m-cure-server\\services\\app\\models\\wallet.js": {"path":"D:\\Hacktiv8\\3. Phase 3\\final-project\\m-cure-server\\services\\app\\models\\wallet.js","statementMap":{"0":{"start":{"line":4,"column":4},"end":{"line":4,"column":24}},"1":{"start":{"line":5,"column":0},"end":{"line":40,"column":2}},"2":{"start":{"line":14,"column":6},"end":{"line":14,"column":35}},"3":{"start":{"line":15,"column":6},"end":{"line":15,"column":40}},"4":{"start":{"line":18,"column":2},"end":{"line":38,"column":5}},"5":{"start":{"line":39,"column":2},"end":{"line":39,"column":16}}},"fnMap":{"0":{"name":"(anonymous_0)","decl":{"start":{"line":5,"column":17},"end":{"line":5,"column":18}},"loc":{"start":{"line":5,"column":43},"end":{"line":40,"column":1}},"line":5},"1":{"name":"(anonymous_1)","decl":{"start":{"line":12,"column":4},"end":{"line":12,"column":5}},"loc":{"start":{"line":12,"column":29},"end":{"line":16,"column":5}},"line":12}},"branchMap":{},"s":{"0":4,"1":4,"2":4,"3":4,"4":4,"5":4},"f":{"0":4,"1":4},"b":{},"_coverageSchema":"1a1c01bbd47fc00a2c39e90264f33305004495a9","hash":"40191783bc3a11af12a6000150f128306ad1b9e2"}
,"D:\\Hacktiv8\\3. Phase 3\\final-project\\m-cure-server\\services\\app\\routes\\categoryRouter.js": {"path":"D:\\Hacktiv8\\3. Phase 3\\final-project\\m-cure-server\\services\\app\\routes\\categoryRouter.js","statementMap":{"0":{"start":{"line":1,"column":16},"end":{"line":1,"column":34}},"1":{"start":{"line":2,"column":15},"end":{"line":2,"column":31}},"2":{"start":{"line":3,"column":27},"end":{"line":3,"column":74}},"3":{"start":{"line":5,"column":0},"end":{"line":5,"column":52}},"4":{"start":{"line":7,"column":0},"end":{"line":7,"column":24}}},"fnMap":{},"branchMap":{},"s":{"0":4,"1":4,"2":4,"3":4,"4":4},"f":{},"b":{},"_coverageSchema":"1a1c01bbd47fc00a2c39e90264f33305004495a9","hash":"aeb8474cf2237661e0cc13bda089b85fd89cfc0a"}
,"D:\\Hacktiv8\\3. Phase 3\\final-project\\m-cure-server\\services\\app\\routes\\consultantRouter.js": {"path":"D:\\Hacktiv8\\3. Phase 3\\final-project\\m-cure-server\\services\\app\\routes\\consultantRouter.js","statementMap":{"0":{"start":{"line":1,"column":16},"end":{"line":1,"column":34}},"1":{"start":{"line":2,"column":15},"end":{"line":2,"column":31}},"2":{"start":{"line":3,"column":29},"end":{"line":3,"column":78}},"3":{"start":{"line":4,"column":37},"end":{"line":4,"column":80}},"4":{"start":{"line":6,"column":0},"end":{"line":6,"column":53}},"5":{"start":{"line":7,"column":0},"end":{"line":7,"column":61}},"6":{"start":{"line":8,"column":0},"end":{"line":8,"column":60}},"7":{"start":{"line":9,"column":0},"end":{"line":9,"column":36}},"8":{"start":{"line":10,"column":0},"end":{"line":10,"column":55}},"9":{"start":{"line":12,"column":0},"end":{"line":12,"column":24}}},"fnMap":{},"branchMap":{},"s":{"0":4,"1":4,"2":4,"3":4,"4":4,"5":4,"6":4,"7":4,"8":4,"9":4},"f":{},"b":{},"_coverageSchema":"1a1c01bbd47fc00a2c39e90264f33305004495a9","hash":"317366b68566695a493c6c958c76d76b5a96f177"}
,"D:\\Hacktiv8\\3. Phase 3\\final-project\\m-cure-server\\services\\app\\routes\\historyRouter.js": {"path":"D:\\Hacktiv8\\3. Phase 3\\final-project\\m-cure-server\\services\\app\\routes\\historyRouter.js","statementMap":{"0":{"start":{"line":1,"column":16},"end":{"line":1,"column":34}},"1":{"start":{"line":2,"column":19},"end":{"line":2,"column":62}},"2":{"start":{"line":3,"column":15},"end":{"line":3,"column":31}},"3":{"start":{"line":5,"column":0},"end":{"line":5,"column":43}},"4":{"start":{"line":6,"column":0},"end":{"line":6,"column":43}},"5":{"start":{"line":7,"column":0},"end":{"line":7,"column":54}},"6":{"start":{"line":10,"column":0},"end":{"line":10,"column":24}}},"fnMap":{},"branchMap":{},"s":{"0":4,"1":4,"2":4,"3":4,"4":4,"5":4,"6":4},"f":{},"b":{},"_coverageSchema":"1a1c01bbd47fc00a2c39e90264f33305004495a9","hash":"c80be168272f1bb1ed8872ba766c1cdc5716c0bc"}
,"D:\\Hacktiv8\\3. Phase 3\\final-project\\m-cure-server\\services\\app\\routes\\index.js": {"path":"D:\\Hacktiv8\\3. Phase 3\\final-project\\m-cure-server\\services\\app\\routes\\index.js","statementMap":{"0":{"start":{"line":1,"column":16},"end":{"line":1,"column":34}},"1":{"start":{"line":2,"column":15},"end":{"line":2,"column":31}},"2":{"start":{"line":3,"column":20},"end":{"line":3,"column":44}},"3":{"start":{"line":4,"column":23},"end":{"line":4,"column":50}},"4":{"start":{"line":5,"column":19},"end":{"line":5,"column":42}},"5":{"start":{"line":6,"column":25},"end":{"line":6,"column":54}},"6":{"start":{"line":7,"column":23},"end":{"line":7,"column":50}},"7":{"start":{"line":8,"column":32},"end":{"line":8,"column":72}},"8":{"start":{"line":10,"column":0},"end":{"line":10,"column":41}},"9":{"start":{"line":11,"column":0},"end":{"line":11,"column":32}},"10":{"start":{"line":12,"column":0},"end":{"line":12,"column":33}},"11":{"start":{"line":13,"column":0},"end":{"line":13,"column":31}},"12":{"start":{"line":14,"column":0},"end":{"line":14,"column":44}},"13":{"start":{"line":15,"column":0},"end":{"line":15,"column":39}},"14":{"start":{"line":17,"column":0},"end":{"line":17,"column":23}}},"fnMap":{},"branchMap":{},"s":{"0":4,"1":4,"2":4,"3":4,"4":4,"5":4,"6":4,"7":4,"8":4,"9":4,"10":4,"11":4,"12":4,"13":4,"14":4},"f":{},"b":{},"_coverageSchema":"1a1c01bbd47fc00a2c39e90264f33305004495a9","hash":"ec69fc7a2179688bf7902d2ad81e29aba2a517dd"}
,"D:\\Hacktiv8\\3. Phase 3\\final-project\\m-cure-server\\services\\app\\routes\\loginRouter.js": {"path":"D:\\Hacktiv8\\3. Phase 3\\final-project\\m-cure-server\\services\\app\\routes\\loginRouter.js","statementMap":{"0":{"start":{"line":1,"column":16},"end":{"line":1,"column":34}},"1":{"start":{"line":2,"column":15},"end":{"line":2,"column":31}},"2":{"start":{"line":3,"column":24},"end":{"line":3,"column":68}},"3":{"start":{"line":5,"column":0},"end":{"line":5,"column":44}},"4":{"start":{"line":7,"column":0},"end":{"line":7,"column":23}}},"fnMap":{},"branchMap":{},"s":{"0":4,"1":4,"2":4,"3":4,"4":4},"f":{},"b":{},"_coverageSchema":"1a1c01bbd47fc00a2c39e90264f33305004495a9","hash":"94a794e0fed48585587130496a91e05fa2776372"}
,"D:\\Hacktiv8\\3. Phase 3\\final-project\\m-cure-server\\services\\app\\routes\\registerRouter.js": {"path":"D:\\Hacktiv8\\3. Phase 3\\final-project\\m-cure-server\\services\\app\\routes\\registerRouter.js","statementMap":{"0":{"start":{"line":1,"column":16},"end":{"line":1,"column":34}},"1":{"start":{"line":2,"column":15},"end":{"line":2,"column":31}},"2":{"start":{"line":3,"column":24},"end":{"line":3,"column":68}},"3":{"start":{"line":5,"column":0},"end":{"line":5,"column":53}},"4":{"start":{"line":6,"column":0},"end":{"line":6,"column":63}},"5":{"start":{"line":8,"column":0},"end":{"line":8,"column":24}}},"fnMap":{},"branchMap":{},"s":{"0":4,"1":4,"2":4,"3":4,"4":4,"5":4},"f":{},"b":{},"_coverageSchema":"1a1c01bbd47fc00a2c39e90264f33305004495a9","hash":"48cf981c7a556c3011a218a2f84c5c39fb6fe779"}
,"D:\\Hacktiv8\\3. Phase 3\\final-project\\m-cure-server\\services\\app\\routes\\transactionRouter.js": {"path":"D:\\Hacktiv8\\3. Phase 3\\final-project\\m-cure-server\\services\\app\\routes\\transactionRouter.js","statementMap":{"0":{"start":{"line":1,"column":16},"end":{"line":1,"column":34}},"1":{"start":{"line":2,"column":19},"end":{"line":2,"column":66}},"2":{"start":{"line":3,"column":15},"end":{"line":3,"column":31}},"3":{"start":{"line":5,"column":0},"end":{"line":5,"column":46}},"4":{"start":{"line":7,"column":0},"end":{"line":7,"column":47}},"5":{"start":{"line":9,"column":0},"end":{"line":9,"column":52}},"6":{"start":{"line":11,"column":0},"end":{"line":11,"column":49}},"7":{"start":{"line":13,"column":0},"end":{"line":13,"column":47}},"8":{"start":{"line":15,"column":0},"end":{"line":15,"column":52}},"9":{"start":{"line":17,"column":0},"end":{"line":17,"column":24}}},"fnMap":{},"branchMap":{},"s":{"0":4,"1":4,"2":4,"3":4,"4":4,"5":4,"6":4,"7":4,"8":4,"9":4},"f":{},"b":{},"_coverageSchema":"1a1c01bbd47fc00a2c39e90264f33305004495a9","hash":"0d897b922fb916f642b8136b14bf267aa1487a87"}
,"D:\\Hacktiv8\\3. Phase 3\\final-project\\m-cure-server\\services\\app\\routes\\userRouter.js": {"path":"D:\\Hacktiv8\\3. Phase 3\\final-project\\m-cure-server\\services\\app\\routes\\userRouter.js","statementMap":{"0":{"start":{"line":1,"column":16},"end":{"line":1,"column":34}},"1":{"start":{"line":2,"column":15},"end":{"line":2,"column":31}},"2":{"start":{"line":3,"column":23},"end":{"line":3,"column":66}},"3":{"start":{"line":4,"column":31},"end":{"line":4,"column":71}},"4":{"start":{"line":5,"column":26},"end":{"line":5,"column":56}},"5":{"start":{"line":6,"column":21},"end":{"line":6,"column":46}},"6":{"start":{"line":7,"column":25},"end":{"line":7,"column":54}},"7":{"start":{"line":8,"column":22},"end":{"line":8,"column":48}},"8":{"start":{"line":9,"column":29},"end":{"line":9,"column":78}},"9":{"start":{"line":11,"column":0},"end":{"line":11,"column":54}},"10":{"start":{"line":12,"column":0},"end":{"line":12,"column":48}},"11":{"start":{"line":13,"column":0},"end":{"line":13,"column":45}},"12":{"start":{"line":14,"column":0},"end":{"line":14,"column":31}},"13":{"start":{"line":15,"column":0},"end":{"line":15,"column":68}},"14":{"start":{"line":16,"column":0},"end":{"line":16,"column":49}},"15":{"start":{"line":17,"column":0},"end":{"line":17,"column":40}},"16":{"start":{"line":18,"column":0},"end":{"line":18,"column":47}},"17":{"start":{"line":19,"column":0},"end":{"line":19,"column":36}},"18":{"start":{"line":21,"column":0},"end":{"line":21,"column":24}}},"fnMap":{},"branchMap":{},"s":{"0":4,"1":4,"2":4,"3":4,"4":4,"5":4,"6":4,"7":4,"8":4,"9":4,"10":4,"11":4,"12":4,"13":4,"14":4,"15":4,"16":4,"17":4,"18":4},"f":{},"b":{},"_coverageSchema":"1a1c01bbd47fc00a2c39e90264f33305004495a9","hash":"4431e4ad76b4935037fc85544c6c676de7f2c456"}
,"D:\\Hacktiv8\\3. Phase 3\\final-project\\m-cure-server\\services\\app\\routes\\walletRouter.js": {"path":"D:\\Hacktiv8\\3. Phase 3\\final-project\\m-cure-server\\services\\app\\routes\\walletRouter.js","statementMap":{"0":{"start":{"line":1,"column":16},"end":{"line":1,"column":34}},"1":{"start":{"line":2,"column":19},"end":{"line":2,"column":61}},"2":{"start":{"line":3,"column":15},"end":{"line":3,"column":31}},"3":{"start":{"line":5,"column":0},"end":{"line":5,"column":40}},"4":{"start":{"line":13,"column":0},"end":{"line":13,"column":24}}},"fnMap":{},"branchMap":{},"s":{"0":4,"1":4,"2":4,"3":4,"4":4},"f":{},"b":{},"_coverageSchema":"1a1c01bbd47fc00a2c39e90264f33305004495a9","hash":"6c79fe34c1642e13064a47f111751a5d9c1e9065"}
}
