{"D:\\Hacktiv8\\3. Phase 3\\final-project\\m-cure-server\\services\\app\\app.js": {"path":"D:\\Hacktiv8\\3. Phase 3\\final-project\\m-cure-server\\services\\app\\app.js","statementMap":{"0":{"start":{"line":1,"column":0},"end":{"line":3,"column":1}},"1":{"start":{"line":2,"column":2},"end":{"line":2,"column":29}},"2":{"start":{"line":4,"column":13},"end":{"line":4,"column":37}},"3":{"start":{"line":5,"column":13},"end":{"line":5,"column":28}},"4":{"start":{"line":6,"column":16},"end":{"line":6,"column":34}},"5":{"start":{"line":7,"column":21},"end":{"line":7,"column":58}},"6":{"start":{"line":8,"column":12},"end":{"line":8,"column":21}},"7":{"start":{"line":9,"column":15},"end":{"line":9,"column":34}},"8":{"start":{"line":11,"column":0},"end":{"line":11,"column":16}},"9":{"start":{"line":12,"column":0},"end":{"line":12,"column":24}},"10":{"start":{"line":13,"column":0},"end":{"line":13,"column":49}},"11":{"start":{"line":15,"column":0},"end":{"line":15,"column":16}},"12":{"start":{"line":16,"column":0},"end":{"line":16,"column":22}},"13":{"start":{"line":18,"column":0},"end":{"line":18,"column":20}}},"fnMap":{},"branchMap":{"0":{"loc":{"start":{"line":1,"column":0},"end":{"line":3,"column":1}},"type":"if","locations":[{"start":{"line":1,"column":0},"end":{"line":3,"column":1}},{"start":{},"end":{}}],"line":1},"1":{"loc":{"start":{"line":4,"column":13},"end":{"line":4,"column":37}},"type":"binary-expr","locations":[{"start":{"line":4,"column":13},"end":{"line":4,"column":29}},{"start":{"line":4,"column":33},"end":{"line":4,"column":37}}],"line":4}},"s":{"0":4,"1":4,"2":4,"3":4,"4":4,"5":4,"6":4,"7":4,"8":4,"9":4,"10":4,"11":4,"12":4,"13":4},"f":{},"b":{"0":[4,0],"1":[4,0]},"_coverageSchema":"1a1c01bbd47fc00a2c39e90264f33305004495a9","hash":"6bd8ed329ca841c22c87088e19008810398f01a5"}
,"D:\\Hacktiv8\\3. Phase 3\\final-project\\m-cure-server\\services\\app\\controllers\\adminController.js": {"path":"D:\\Hacktiv8\\3. Phase 3\\final-project\\m-cure-server\\services\\app\\controllers\\adminController.js","statementMap":{"0":{"start":{"line":1,"column":28},"end":{"line":1,"column":48}},"1":{"start":{"line":2,"column":36},"end":{"line":2,"column":64}},"2":{"start":{"line":3,"column":27},"end":{"line":3,"column":52}},"3":{"start":{"line":4,"column":15},"end":{"line":4,"column":35}},"4":{"start":{"line":8,"column":14},"end":{"line":8,"column":43}},"5":{"start":{"line":9,"column":4},"end":{"line":28,"column":5}},"6":{"start":{"line":10,"column":50},"end":{"line":10,"column":58}},"7":{"start":{"line":11,"column":22},"end":{"line":22,"column":7}},"8":{"start":{"line":23,"column":6},"end":{"line":23,"column":23}},"9":{"start":{"line":24,"column":6},"end":{"line":24,"column":36}},"10":{"start":{"line":26,"column":6},"end":{"line":26,"column":25}},"11":{"start":{"line":27,"column":6},"end":{"line":27,"column":18}},"12":{"start":{"line":32,"column":14},"end":{"line":32,"column":43}},"13":{"start":{"line":33,"column":4},"end":{"line":52,"column":5}},"14":{"start":{"line":34,"column":50},"end":{"line":34,"column":58}},"15":{"start":{"line":35,"column":22},"end":{"line":46,"column":7}},"16":{"start":{"line":47,"column":6},"end":{"line":47,"column":23}},"17":{"start":{"line":48,"column":6},"end":{"line":48,"column":36}},"18":{"start":{"line":50,"column":6},"end":{"line":50,"column":25}},"19":{"start":{"line":51,"column":6},"end":{"line":51,"column":18}},"20":{"start":{"line":56,"column":14},"end":{"line":56,"column":43}},"21":{"start":{"line":57,"column":4},"end":{"line":91,"column":5}},"22":{"start":{"line":58,"column":34},"end":{"line":58,"column":42}},"23":{"start":{"line":59,"column":6},"end":{"line":59,"column":54}},"24":{"start":{"line":59,"column":18},"end":{"line":59,"column":54}},"25":{"start":{"line":60,"column":6},"end":{"line":60,"column":60}},"26":{"start":{"line":60,"column":21},"end":{"line":60,"column":60}},"27":{"start":{"line":62,"column":27},"end":{"line":67,"column":8}},"28":{"start":{"line":68,"column":6},"end":{"line":70,"column":7}},"29":{"start":{"line":69,"column":8},"end":{"line":69,"column":41}},"30":{"start":{"line":71,"column":28},"end":{"line":74,"column":7}},"31":{"start":{"line":75,"column":6},"end":{"line":77,"column":7}},"32":{"start":{"line":76,"column":8},"end":{"line":76,"column":41}},"33":{"start":{"line":78,"column":22},"end":{"line":81,"column":7}},"34":{"start":{"line":82,"column":20},"end":{"line":82,"column":43}},"35":{"start":{"line":83,"column":6},"end":{"line":83,"column":23}},"36":{"start":{"line":84,"column":6},"end":{"line":87,"column":9}},"37":{"start":{"line":89,"column":6},"end":{"line":89,"column":25}},"38":{"start":{"line":90,"column":6},"end":{"line":90,"column":18}},"39":{"start":{"line":95,"column":0},"end":{"line":95,"column":33}}},"fnMap":{"0":{"name":"(anonymous_0)","decl":{"start":{"line":7,"column":2},"end":{"line":7,"column":3}},"loc":{"start":{"line":7,"column":45},"end":{"line":29,"column":3}},"line":7},"1":{"name":"(anonymous_1)","decl":{"start":{"line":31,"column":2},"end":{"line":31,"column":3}},"loc":{"start":{"line":31,"column":50},"end":{"line":53,"column":3}},"line":31},"2":{"name":"(anonymous_2)","decl":{"start":{"line":55,"column":2},"end":{"line":55,"column":3}},"loc":{"start":{"line":55,"column":42},"end":{"line":92,"column":3}},"line":55}},"branchMap":{"0":{"loc":{"start":{"line":59,"column":6},"end":{"line":59,"column":54}},"type":"if","locations":[{"start":{"line":59,"column":6},"end":{"line":59,"column":54}},{"start":{},"end":{}}],"line":59},"1":{"loc":{"start":{"line":60,"column":6},"end":{"line":60,"column":60}},"type":"if","locations":[{"start":{"line":60,"column":6},"end":{"line":60,"column":60}},{"start":{},"end":{}}],"line":60},"2":{"loc":{"start":{"line":68,"column":6},"end":{"line":70,"column":7}},"type":"if","locations":[{"start":{"line":68,"column":6},"end":{"line":70,"column":7}},{"start":{},"end":{}}],"line":68},"3":{"loc":{"start":{"line":75,"column":6},"end":{"line":77,"column":7}},"type":"if","locations":[{"start":{"line":75,"column":6},"end":{"line":77,"column":7}},{"start":{},"end":{}}],"line":75}},"s":{"0":4,"1":4,"2":4,"3":4,"4":5,"5":5,"6":5,"7":5,"8":1,"9":1,"10":4,"11":4,"12":5,"13":5,"14":5,"15":5,"16":1,"17":1,"18":4,"19":4,"20":5,"21":5,"22":5,"23":5,"24":1,"25":4,"26":1,"27":3,"28":3,"29":1,"30":2,"31":2,"32":1,"33":1,"34":1,"35":1,"36":1,"37":4,"38":4,"39":4},"f":{"0":5,"1":5,"2":5},"b":{"0":[1,4],"1":[1,3],"2":[1,2],"3":[1,1]},"_coverageSchema":"1a1c01bbd47fc00a2c39e90264f33305004495a9","hash":"24a510d6394ab63c436b48f03ead5a791e42eee7"}
,"D:\\Hacktiv8\\3. Phase 3\\final-project\\m-cure-server\\services\\app\\controllers\\categoryController.js": {"path":"D:\\Hacktiv8\\3. Phase 3\\final-project\\m-cure-server\\services\\app\\controllers\\categoryController.js","statementMap":{"0":{"start":{"line":1,"column":21},"end":{"line":1,"column":41}},"1":{"start":{"line":5,"column":4},"end":{"line":27,"column":5}},"2":{"start":{"line":6,"column":25},"end":{"line":6,"column":49}},"3":{"start":{"line":8,"column":29},"end":{"line":8,"column":31}},"4":{"start":{"line":9,"column":30},"end":{"line":9,"column":32}},"5":{"start":{"line":11,"column":6},"end":{"line":17,"column":9}},"6":{"start":{"line":12,"column":8},"end":{"line":16,"column":9}},"7":{"start":{"line":13,"column":10},"end":{"line":13,"column":42}},"8":{"start":{"line":14,"column":15},"end":{"line":16,"column":9}},"9":{"start":{"line":15,"column":10},"end":{"line":15,"column":43}},"10":{"start":{"line":19,"column":6},"end":{"line":24,"column":9}},"11":{"start":{"line":26,"column":6},"end":{"line":26,"column":16}},"12":{"start":{"line":31,"column":0},"end":{"line":31,"column":28}}},"fnMap":{"0":{"name":"(anonymous_0)","decl":{"start":{"line":4,"column":2},"end":{"line":4,"column":3}},"loc":{"start":{"line":4,"column":47},"end":{"line":28,"column":3}},"line":4},"1":{"name":"(anonymous_1)","decl":{"start":{"line":11,"column":25},"end":{"line":11,"column":26}},"loc":{"start":{"line":11,"column":39},"end":{"line":17,"column":7}},"line":11}},"branchMap":{"0":{"loc":{"start":{"line":12,"column":8},"end":{"line":16,"column":9}},"type":"if","locations":[{"start":{"line":12,"column":8},"end":{"line":16,"column":9}},{"start":{"line":14,"column":15},"end":{"line":16,"column":9}}],"line":12},"1":{"loc":{"start":{"line":14,"column":15},"end":{"line":16,"column":9}},"type":"if","locations":[{"start":{"line":14,"column":15},"end":{"line":16,"column":9}},{"start":{},"end":{}}],"line":14}},"s":{"0":4,"1":2,"2":2,"3":1,"4":1,"5":1,"6":36,"7":4,"8":32,"9":28,"10":1,"11":1,"12":4},"f":{"0":2,"1":36},"b":{"0":[4,32],"1":[28,4]},"_coverageSchema":"1a1c01bbd47fc00a2c39e90264f33305004495a9","hash":"d98ba8642f3f722c1f618ec0695d167034d11ead"}
,"D:\\Hacktiv8\\3. Phase 3\\final-project\\m-cure-server\\services\\app\\controllers\\consultantController.js": {"path":"D:\\Hacktiv8\\3. Phase 3\\final-project\\m-cure-server\\services\\app\\controllers\\consultantController.js","statementMap":{"0":{"start":{"line":1,"column":28},"end":{"line":1,"column":48}},"1":{"start":{"line":2,"column":15},"end":{"line":2,"column":35}},"2":{"start":{"line":3,"column":36},"end":{"line":3,"column":64}},"3":{"start":{"line":4,"column":27},"end":{"line":4,"column":52}},"4":{"start":{"line":8,"column":14},"end":{"line":8,"column":43}},"5":{"start":{"line":9,"column":4},"end":{"line":21,"column":5}},"6":{"start":{"line":10,"column":26},"end":{"line":15,"column":8}},"7":{"start":{"line":16,"column":6},"end":{"line":16,"column":23}},"8":{"start":{"line":17,"column":6},"end":{"line":17,"column":40}},"9":{"start":{"line":19,"column":6},"end":{"line":19,"column":25}},"10":{"start":{"line":20,"column":6},"end":{"line":20,"column":18}},"11":{"start":{"line":25,"column":14},"end":{"line":25,"column":43}},"12":{"start":{"line":26,"column":4},"end":{"line":49,"column":5}},"13":{"start":{"line":27,"column":17},"end":{"line":27,"column":31}},"14":{"start":{"line":28,"column":25},"end":{"line":33,"column":8}},"15":{"start":{"line":35,"column":6},"end":{"line":35,"column":62}},"16":{"start":{"line":35,"column":23},"end":{"line":35,"column":62}},"17":{"start":{"line":37,"column":6},"end":{"line":42,"column":9}},"18":{"start":{"line":44,"column":6},"end":{"line":44,"column":23}},"19":{"start":{"line":45,"column":6},"end":{"line":45,"column":39}},"20":{"start":{"line":47,"column":6},"end":{"line":47,"column":25}},"21":{"start":{"line":48,"column":6},"end":{"line":48,"column":18}},"22":{"start":{"line":53,"column":14},"end":{"line":53,"column":43}},"23":{"start":{"line":54,"column":4},"end":{"line":89,"column":5}},"24":{"start":{"line":55,"column":34},"end":{"line":55,"column":42}},"25":{"start":{"line":56,"column":6},"end":{"line":56,"column":54}},"26":{"start":{"line":56,"column":18},"end":{"line":56,"column":54}},"27":{"start":{"line":57,"column":6},"end":{"line":57,"column":60}},"28":{"start":{"line":57,"column":21},"end":{"line":57,"column":60}},"29":{"start":{"line":59,"column":27},"end":{"line":64,"column":8}},"30":{"start":{"line":65,"column":6},"end":{"line":67,"column":7}},"31":{"start":{"line":66,"column":8},"end":{"line":66,"column":41}},"32":{"start":{"line":68,"column":28},"end":{"line":71,"column":7}},"33":{"start":{"line":72,"column":6},"end":{"line":74,"column":7}},"34":{"start":{"line":73,"column":8},"end":{"line":73,"column":41}},"35":{"start":{"line":75,"column":22},"end":{"line":78,"column":7}},"36":{"start":{"line":80,"column":20},"end":{"line":80,"column":43}},"37":{"start":{"line":81,"column":6},"end":{"line":81,"column":23}},"38":{"start":{"line":82,"column":6},"end":{"line":85,"column":9}},"39":{"start":{"line":87,"column":6},"end":{"line":87,"column":25}},"40":{"start":{"line":88,"column":6},"end":{"line":88,"column":18}},"41":{"start":{"line":93,"column":14},"end":{"line":93,"column":43}},"42":{"start":{"line":94,"column":4},"end":{"line":118,"column":5}},"43":{"start":{"line":95,"column":17},"end":{"line":95,"column":29}},"44":{"start":{"line":96,"column":28},"end":{"line":96,"column":36}},"45":{"start":{"line":98,"column":30},"end":{"line":109,"column":7}},"46":{"start":{"line":111,"column":6},"end":{"line":111,"column":69}},"47":{"start":{"line":111,"column":30},"end":{"line":111,"column":69}},"48":{"start":{"line":113,"column":6},"end":{"line":113,"column":23}},"49":{"start":{"line":114,"column":6},"end":{"line":114,"column":52}},"50":{"start":{"line":116,"column":6},"end":{"line":116,"column":25}},"51":{"start":{"line":117,"column":6},"end":{"line":117,"column":18}},"52":{"start":{"line":122,"column":0},"end":{"line":122,"column":38}}},"fnMap":{"0":{"name":"(anonymous_0)","decl":{"start":{"line":7,"column":2},"end":{"line":7,"column":3}},"loc":{"start":{"line":7,"column":46},"end":{"line":22,"column":3}},"line":7},"1":{"name":"(anonymous_1)","decl":{"start":{"line":24,"column":2},"end":{"line":24,"column":3}},"loc":{"start":{"line":24,"column":48},"end":{"line":50,"column":3}},"line":24},"2":{"name":"(anonymous_2)","decl":{"start":{"line":52,"column":2},"end":{"line":52,"column":3}},"loc":{"start":{"line":52,"column":47},"end":{"line":90,"column":3}},"line":52},"3":{"name":"(anonymous_3)","decl":{"start":{"line":92,"column":2},"end":{"line":92,"column":3}},"loc":{"start":{"line":92,"column":46},"end":{"line":119,"column":3}},"line":92}},"branchMap":{"0":{"loc":{"start":{"line":35,"column":6},"end":{"line":35,"column":62}},"type":"if","locations":[{"start":{"line":35,"column":6},"end":{"line":35,"column":62}},{"start":{},"end":{}}],"line":35},"1":{"loc":{"start":{"line":56,"column":6},"end":{"line":56,"column":54}},"type":"if","locations":[{"start":{"line":56,"column":6},"end":{"line":56,"column":54}},{"start":{},"end":{}}],"line":56},"2":{"loc":{"start":{"line":57,"column":6},"end":{"line":57,"column":60}},"type":"if","locations":[{"start":{"line":57,"column":6},"end":{"line":57,"column":60}},{"start":{},"end":{}}],"line":57},"3":{"loc":{"start":{"line":65,"column":6},"end":{"line":67,"column":7}},"type":"if","locations":[{"start":{"line":65,"column":6},"end":{"line":67,"column":7}},{"start":{},"end":{}}],"line":65},"4":{"loc":{"start":{"line":72,"column":6},"end":{"line":74,"column":7}},"type":"if","locations":[{"start":{"line":72,"column":6},"end":{"line":74,"column":7}},{"start":{},"end":{}}],"line":72},"5":{"loc":{"start":{"line":111,"column":6},"end":{"line":111,"column":69}},"type":"if","locations":[{"start":{"line":111,"column":6},"end":{"line":111,"column":69}},{"start":{},"end":{}}],"line":111}},"s":{"0":4,"1":4,"2":4,"3":4,"4":1,"5":1,"6":1,"7":1,"8":1,"9":0,"10":0,"11":2,"12":2,"13":2,"14":2,"15":2,"16":1,"17":1,"18":1,"19":1,"20":1,"21":1,"22":5,"23":5,"24":5,"25":5,"26":1,"27":4,"28":1,"29":3,"30":3,"31":1,"32":2,"33":2,"34":1,"35":1,"36":1,"37":1,"38":1,"39":4,"40":4,"41":2,"42":2,"43":2,"44":2,"45":2,"46":1,"47":0,"48":1,"49":1,"50":1,"51":1,"52":4},"f":{"0":1,"1":2,"2":5,"3":2},"b":{"0":[1,1],"1":[1,4],"2":[1,3],"3":[1,2],"4":[1,1],"5":[0,1]},"_coverageSchema":"1a1c01bbd47fc00a2c39e90264f33305004495a9","hash":"1b15267954343b447376df70dced99ef915163b2"}
,"D:\\Hacktiv8\\3. Phase 3\\final-project\\m-cure-server\\services\\app\\controllers\\historyController.js": {"path":"D:\\Hacktiv8\\3. Phase 3\\final-project\\m-cure-server\\services\\app\\controllers\\historyController.js","statementMap":{"0":{"start":{"line":1,"column":45},"end":{"line":1,"column":65}},"1":{"start":{"line":2,"column":15},"end":{"line":2,"column":35}},"2":{"start":{"line":3,"column":14},"end":{"line":3,"column":30}},"3":{"start":{"line":7,"column":14},"end":{"line":7,"column":43}},"4":{"start":{"line":8,"column":4},"end":{"line":23,"column":5}},"5":{"start":{"line":9,"column":17},"end":{"line":9,"column":29}},"6":{"start":{"line":11,"column":24},"end":{"line":16,"column":8}},"7":{"start":{"line":18,"column":6},"end":{"line":18,"column":23}},"8":{"start":{"line":19,"column":6},"end":{"line":19,"column":48}},"9":{"start":{"line":21,"column":6},"end":{"line":21,"column":25}},"10":{"start":{"line":22,"column":6},"end":{"line":22,"column":18}},"11":{"start":{"line":27,"column":14},"end":{"line":27,"column":43}},"12":{"start":{"line":28,"column":4},"end":{"line":45,"column":5}},"13":{"start":{"line":29,"column":17},"end":{"line":29,"column":29}},"14":{"start":{"line":31,"column":24},"end":{"line":36,"column":8}},"15":{"start":{"line":40,"column":6},"end":{"line":40,"column":23}},"16":{"start":{"line":41,"column":6},"end":{"line":41,"column":48}},"17":{"start":{"line":43,"column":6},"end":{"line":43,"column":25}},"18":{"start":{"line":44,"column":6},"end":{"line":44,"column":18}},"19":{"start":{"line":49,"column":14},"end":{"line":49,"column":43}},"20":{"start":{"line":50,"column":4},"end":{"line":66,"column":5}},"21":{"start":{"line":51,"column":17},"end":{"line":51,"column":29}},"22":{"start":{"line":53,"column":24},"end":{"line":59,"column":8}},"23":{"start":{"line":61,"column":6},"end":{"line":61,"column":23}},"24":{"start":{"line":62,"column":6},"end":{"line":62,"column":48}},"25":{"start":{"line":64,"column":6},"end":{"line":64,"column":25}},"26":{"start":{"line":65,"column":6},"end":{"line":65,"column":18}},"27":{"start":{"line":70,"column":14},"end":{"line":70,"column":43}},"28":{"start":{"line":71,"column":4},"end":{"line":85,"column":5}},"29":{"start":{"line":72,"column":17},"end":{"line":72,"column":29}},"30":{"start":{"line":74,"column":31},"end":{"line":74,"column":41}},"31":{"start":{"line":75,"column":22},"end":{"line":78,"column":8}},"32":{"start":{"line":80,"column":6},"end":{"line":80,"column":23}},"33":{"start":{"line":81,"column":6},"end":{"line":81,"column":46}},"34":{"start":{"line":83,"column":6},"end":{"line":83,"column":25}},"35":{"start":{"line":84,"column":6},"end":{"line":84,"column":18}},"36":{"start":{"line":89,"column":14},"end":{"line":89,"column":43}},"37":{"start":{"line":90,"column":4},"end":{"line":115,"column":5}},"38":{"start":{"line":91,"column":17},"end":{"line":91,"column":29}},"39":{"start":{"line":92,"column":49},"end":{"line":92,"column":57}},"40":{"start":{"line":94,"column":23},"end":{"line":94,"column":91}},"41":{"start":{"line":95,"column":32},"end":{"line":95,"column":76}},"42":{"start":{"line":97,"column":25},"end":{"line":108,"column":7}},"43":{"start":{"line":110,"column":6},"end":{"line":110,"column":23}},"44":{"start":{"line":111,"column":6},"end":{"line":111,"column":39}},"45":{"start":{"line":113,"column":6},"end":{"line":113,"column":25}},"46":{"start":{"line":114,"column":6},"end":{"line":114,"column":18}},"47":{"start":{"line":119,"column":14},"end":{"line":119,"column":43}},"48":{"start":{"line":120,"column":4},"end":{"line":141,"column":5}},"49":{"start":{"line":121,"column":17},"end":{"line":121,"column":31}},"50":{"start":{"line":123,"column":28},"end":{"line":134,"column":7}},"51":{"start":{"line":136,"column":6},"end":{"line":136,"column":23}},"52":{"start":{"line":137,"column":6},"end":{"line":137,"column":48}},"53":{"start":{"line":139,"column":6},"end":{"line":139,"column":25}},"54":{"start":{"line":140,"column":6},"end":{"line":140,"column":18}},"55":{"start":{"line":145,"column":0},"end":{"line":145,"column":28}}},"fnMap":{"0":{"name":"(anonymous_0)","decl":{"start":{"line":6,"column":2},"end":{"line":6,"column":3}},"loc":{"start":{"line":6,"column":50},"end":{"line":24,"column":3}},"line":6},"1":{"name":"(anonymous_1)","decl":{"start":{"line":26,"column":2},"end":{"line":26,"column":3}},"loc":{"start":{"line":26,"column":61},"end":{"line":46,"column":3}},"line":26},"2":{"name":"(anonymous_2)","decl":{"start":{"line":48,"column":2},"end":{"line":48,"column":3}},"loc":{"start":{"line":48,"column":60},"end":{"line":67,"column":3}},"line":48},"3":{"name":"(anonymous_3)","decl":{"start":{"line":69,"column":2},"end":{"line":69,"column":3}},"loc":{"start":{"line":69,"column":44},"end":{"line":86,"column":3}},"line":69},"4":{"name":"(anonymous_4)","decl":{"start":{"line":88,"column":2},"end":{"line":88,"column":3}},"loc":{"start":{"line":88,"column":45},"end":{"line":116,"column":3}},"line":88},"5":{"name":"(anonymous_5)","decl":{"start":{"line":118,"column":2},"end":{"line":118,"column":3}},"loc":{"start":{"line":118,"column":44},"end":{"line":142,"column":3}},"line":118}},"branchMap":{},"s":{"0":4,"1":4,"2":4,"3":2,"4":2,"5":2,"6":2,"7":1,"8":1,"9":1,"10":1,"11":0,"12":0,"13":0,"14":0,"15":0,"16":0,"17":0,"18":0,"19":0,"20":0,"21":0,"22":0,"23":0,"24":0,"25":0,"26":0,"27":2,"28":2,"29":2,"30":2,"31":2,"32":1,"33":1,"34":1,"35":1,"36":3,"37":3,"38":3,"39":3,"40":3,"41":3,"42":3,"43":2,"44":2,"45":1,"46":1,"47":0,"48":0,"49":0,"50":0,"51":0,"52":0,"53":0,"54":0,"55":4},"f":{"0":2,"1":0,"2":0,"3":2,"4":3,"5":0},"b":{},"_coverageSchema":"1a1c01bbd47fc00a2c39e90264f33305004495a9","hash":"b4139b301d31243d0870fe6ef77c8de0d76a52ab"}
,"D:\\Hacktiv8\\3. Phase 3\\final-project\\m-cure-server\\services\\app\\controllers\\transactionController.js": {"path":"D:\\Hacktiv8\\3. Phase 3\\final-project\\m-cure-server\\services\\app\\controllers\\transactionController.js","statementMap":{"0":{"start":{"line":1,"column":53},"end":{"line":1,"column":73}},"1":{"start":{"line":2,"column":15},"end":{"line":2,"column":35}},"2":{"start":{"line":6,"column":4},"end":{"line":27,"column":5}},"3":{"start":{"line":7,"column":17},"end":{"line":7,"column":29}},"4":{"start":{"line":9,"column":25},"end":{"line":13,"column":8}},"5":{"start":{"line":14,"column":27},"end":{"line":20,"column":8}},"6":{"start":{"line":22,"column":6},"end":{"line":24,"column":9}},"7":{"start":{"line":26,"column":6},"end":{"line":26,"column":16}},"8":{"start":{"line":31,"column":14},"end":{"line":31,"column":43}},"9":{"start":{"line":32,"column":4},"end":{"line":91,"column":5}},"10":{"start":{"line":34,"column":8},"end":{"line":34,"column":16}},"11":{"start":{"line":35,"column":17},"end":{"line":35,"column":29}},"12":{"start":{"line":37,"column":25},"end":{"line":42,"column":8}},"13":{"start":{"line":44,"column":19},"end":{"line":50,"column":7}},"14":{"start":{"line":52,"column":26},"end":{"line":54,"column":8}},"15":{"start":{"line":56,"column":28},"end":{"line":56,"column":63}},"16":{"start":{"line":58,"column":21},"end":{"line":58,"column":77}},"17":{"start":{"line":60,"column":18},"end":{"line":62,"column":7}},"18":{"start":{"line":64,"column":6},"end":{"line":76,"column":7}},"19":{"start":{"line":69,"column":8},"end":{"line":69,"column":47}},"20":{"start":{"line":70,"column":13},"end":{"line":76,"column":7}},"21":{"start":{"line":75,"column":8},"end":{"line":75,"column":47}},"22":{"start":{"line":78,"column":6},"end":{"line":81,"column":9}},"23":{"start":{"line":83,"column":6},"end":{"line":83,"column":23}},"24":{"start":{"line":85,"column":6},"end":{"line":87,"column":9}},"25":{"start":{"line":89,"column":6},"end":{"line":89,"column":25}},"26":{"start":{"line":90,"column":6},"end":{"line":90,"column":16}},"27":{"start":{"line":95,"column":14},"end":{"line":95,"column":43}},"28":{"start":{"line":96,"column":4},"end":{"line":188,"column":5}},"29":{"start":{"line":97,"column":21},"end":{"line":97,"column":31}},"30":{"start":{"line":98,"column":21},"end":{"line":98,"column":33}},"31":{"start":{"line":99,"column":25},"end":{"line":103,"column":8}},"32":{"start":{"line":105,"column":8},"end":{"line":105,"column":16}},"33":{"start":{"line":107,"column":19},"end":{"line":113,"column":7}},"34":{"start":{"line":115,"column":29},"end":{"line":117,"column":8}},"35":{"start":{"line":119,"column":6},"end":{"line":119,"column":67}},"36":{"start":{"line":119,"column":27},"end":{"line":119,"column":67}},"37":{"start":{"line":121,"column":6},"end":{"line":127,"column":8}},"38":{"start":{"line":129,"column":29},"end":{"line":129,"column":59}},"39":{"start":{"line":131,"column":28},"end":{"line":133,"column":8}},"40":{"start":{"line":135,"column":21},"end":{"line":135,"column":77}},"41":{"start":{"line":137,"column":18},"end":{"line":139,"column":7}},"42":{"start":{"line":141,"column":6},"end":{"line":173,"column":7}},"43":{"start":{"line":146,"column":8},"end":{"line":156,"column":9}},"44":{"start":{"line":151,"column":10},"end":{"line":152,"column":77}},"45":{"start":{"line":154,"column":10},"end":{"line":155,"column":77}},"46":{"start":{"line":157,"column":13},"end":{"line":173,"column":7}},"47":{"start":{"line":162,"column":8},"end":{"line":172,"column":9}},"48":{"start":{"line":167,"column":10},"end":{"line":168,"column":77}},"49":{"start":{"line":170,"column":10},"end":{"line":171,"column":77}},"50":{"start":{"line":175,"column":6},"end":{"line":178,"column":9}},"51":{"start":{"line":180,"column":6},"end":{"line":180,"column":23}},"52":{"start":{"line":182,"column":6},"end":{"line":184,"column":9}},"53":{"start":{"line":186,"column":6},"end":{"line":186,"column":25}},"54":{"start":{"line":187,"column":6},"end":{"line":187,"column":16}},"55":{"start":{"line":192,"column":14},"end":{"line":192,"column":43}},"56":{"start":{"line":193,"column":4},"end":{"line":239,"column":5}},"57":{"start":{"line":194,"column":21},"end":{"line":194,"column":31}},"58":{"start":{"line":196,"column":26},"end":{"line":198,"column":8}},"59":{"start":{"line":200,"column":6},"end":{"line":200,"column":64}},"60":{"start":{"line":200,"column":24},"end":{"line":200,"column":64}},"61":{"start":{"line":202,"column":21},"end":{"line":204,"column":8}},"62":{"start":{"line":206,"column":18},"end":{"line":208,"column":7}},"63":{"start":{"line":210,"column":19},"end":{"line":210,"column":79}},"64":{"start":{"line":212,"column":6},"end":{"line":224,"column":7}},"65":{"start":{"line":217,"column":8},"end":{"line":217,"column":47}},"66":{"start":{"line":218,"column":13},"end":{"line":224,"column":7}},"67":{"start":{"line":223,"column":8},"end":{"line":223,"column":47}},"68":{"start":{"line":226,"column":6},"end":{"line":229,"column":9}},"69":{"start":{"line":231,"column":6},"end":{"line":231,"column":23}},"70":{"start":{"line":233,"column":6},"end":{"line":235,"column":9}},"71":{"start":{"line":237,"column":6},"end":{"line":237,"column":25}},"72":{"start":{"line":238,"column":6},"end":{"line":238,"column":16}},"73":{"start":{"line":243,"column":4},"end":{"line":400,"column":5}},"74":{"start":{"line":244,"column":30},"end":{"line":244,"column":39}},"75":{"start":{"line":246,"column":17},"end":{"line":246,"column":29}},"76":{"start":{"line":247,"column":25},"end":{"line":251,"column":8}},"77":{"start":{"line":252,"column":27},"end":{"line":256,"column":8}},"78":{"start":{"line":258,"column":19},"end":{"line":258,"column":29}},"79":{"start":{"line":259,"column":22},"end":{"line":259,"column":41}},"80":{"start":{"line":260,"column":21},"end":{"line":260,"column":39}},"81":{"start":{"line":262,"column":6},"end":{"line":264,"column":7}},"82":{"start":{"line":263,"column":8},"end":{"line":263,"column":26}},"83":{"start":{"line":265,"column":6},"end":{"line":267,"column":7}},"84":{"start":{"line":266,"column":8},"end":{"line":266,"column":24}},"85":{"start":{"line":269,"column":32},"end":{"line":269,"column":34}},"86":{"start":{"line":270,"column":24},"end":{"line":270,"column":25}},"87":{"start":{"line":271,"column":23},"end":{"line":271,"column":24}},"88":{"start":{"line":272,"column":23},"end":{"line":272,"column":24}},"89":{"start":{"line":273,"column":23},"end":{"line":273,"column":24}},"90":{"start":{"line":274,"column":23},"end":{"line":274,"column":24}},"91":{"start":{"line":275,"column":24},"end":{"line":275,"column":25}},"92":{"start":{"line":276,"column":26},"end":{"line":276,"column":27}},"93":{"start":{"line":278,"column":6},"end":{"line":329,"column":7}},"94":{"start":{"line":279,"column":8},"end":{"line":328,"column":11}},"95":{"start":{"line":280,"column":28},"end":{"line":280,"column":46}},"96":{"start":{"line":282,"column":10},"end":{"line":327,"column":11}},"97":{"start":{"line":286,"column":12},"end":{"line":325,"column":13}},"98":{"start":{"line":291,"column":14},"end":{"line":291,"column":39}},"99":{"start":{"line":292,"column":19},"end":{"line":325,"column":13}},"100":{"start":{"line":309,"column":14},"end":{"line":309,"column":38}},"101":{"start":{"line":310,"column":19},"end":{"line":325,"column":13}},"102":{"start":{"line":324,"column":14},"end":{"line":324,"column":38}},"103":{"start":{"line":326,"column":12},"end":{"line":326,"column":41}},"104":{"start":{"line":331,"column":24},"end":{"line":331,"column":63}},"105":{"start":{"line":332,"column":26},"end":{"line":332,"column":49}},"106":{"start":{"line":334,"column":6},"end":{"line":347,"column":7}},"107":{"start":{"line":335,"column":8},"end":{"line":346,"column":9}},"108":{"start":{"line":336,"column":10},"end":{"line":336,"column":56}},"109":{"start":{"line":337,"column":10},"end":{"line":337,"column":56}},"110":{"start":{"line":338,"column":10},"end":{"line":338,"column":58}},"111":{"start":{"line":339,"column":10},"end":{"line":339,"column":62}},"112":{"start":{"line":341,"column":22},"end":{"line":341,"column":45}},"113":{"start":{"line":342,"column":10},"end":{"line":342,"column":50}},"114":{"start":{"line":343,"column":10},"end":{"line":343,"column":50}},"115":{"start":{"line":344,"column":10},"end":{"line":344,"column":26}},"116":{"start":{"line":345,"column":10},"end":{"line":345,"column":28}},"117":{"start":{"line":349,"column":24},"end":{"line":349,"column":26}},"118":{"start":{"line":351,"column":6},"end":{"line":357,"column":7}},"119":{"start":{"line":352,"column":8},"end":{"line":352,"column":29}},"120":{"start":{"line":353,"column":13},"end":{"line":357,"column":7}},"121":{"start":{"line":354,"column":8},"end":{"line":354,"column":31}},"122":{"start":{"line":356,"column":8},"end":{"line":356,"column":32}},"123":{"start":{"line":359,"column":20},"end":{"line":359,"column":22}},"124":{"start":{"line":360,"column":19},"end":{"line":360,"column":21}},"125":{"start":{"line":362,"column":6},"end":{"line":380,"column":7}},"126":{"start":{"line":362,"column":19},"end":{"line":362,"column":20}},"127":{"start":{"line":363,"column":8},"end":{"line":379,"column":9}},"128":{"start":{"line":364,"column":10},"end":{"line":368,"column":14}},"129":{"start":{"line":365,"column":12},"end":{"line":368,"column":14}},"130":{"start":{"line":369,"column":10},"end":{"line":370,"column":42}},"131":{"start":{"line":372,"column":10},"end":{"line":376,"column":14}},"132":{"start":{"line":373,"column":12},"end":{"line":376,"column":14}},"133":{"start":{"line":377,"column":10},"end":{"line":378,"column":42}},"134":{"start":{"line":382,"column":6},"end":{"line":384,"column":7}},"135":{"start":{"line":383,"column":8},"end":{"line":383,"column":77}},"136":{"start":{"line":386,"column":6},"end":{"line":388,"column":7}},"137":{"start":{"line":387,"column":8},"end":{"line":387,"column":73}},"138":{"start":{"line":390,"column":6},"end":{"line":397,"column":9}},"139":{"start":{"line":399,"column":6},"end":{"line":399,"column":16}},"140":{"start":{"line":404,"column":4},"end":{"line":427,"column":5}},"141":{"start":{"line":405,"column":21},"end":{"line":405,"column":31}},"142":{"start":{"line":406,"column":22},"end":{"line":406,"column":34}},"143":{"start":{"line":407,"column":21},"end":{"line":411,"column":8}},"144":{"start":{"line":413,"column":26},"end":{"line":418,"column":8}},"145":{"start":{"line":420,"column":6},"end":{"line":420,"column":60}},"146":{"start":{"line":420,"column":23},"end":{"line":420,"column":60}},"147":{"start":{"line":422,"column":6},"end":{"line":424,"column":9}},"148":{"start":{"line":426,"column":6},"end":{"line":426,"column":16}},"149":{"start":{"line":431,"column":0},"end":{"line":431,"column":28}}},"fnMap":{"0":{"name":"(anonymous_0)","decl":{"start":{"line":5,"column":2},"end":{"line":5,"column":3}},"loc":{"start":{"line":5,"column":49},"end":{"line":28,"column":3}},"line":5},"1":{"name":"(anonymous_1)","decl":{"start":{"line":30,"column":2},"end":{"line":30,"column":3}},"loc":{"start":{"line":30,"column":49},"end":{"line":92,"column":3}},"line":30},"2":{"name":"(anonymous_2)","decl":{"start":{"line":94,"column":2},"end":{"line":94,"column":3}},"loc":{"start":{"line":94,"column":47},"end":{"line":189,"column":3}},"line":94},"3":{"name":"(anonymous_3)","decl":{"start":{"line":191,"column":2},"end":{"line":191,"column":3}},"loc":{"start":{"line":191,"column":49},"end":{"line":240,"column":3}},"line":191},"4":{"name":"(anonymous_4)","decl":{"start":{"line":242,"column":2},"end":{"line":242,"column":3}},"loc":{"start":{"line":242,"column":49},"end":{"line":401,"column":3}},"line":242},"5":{"name":"(anonymous_5)","decl":{"start":{"line":279,"column":29},"end":{"line":279,"column":30}},"loc":{"start":{"line":279,"column":37},"end":{"line":328,"column":9}},"line":279},"6":{"name":"(anonymous_6)","decl":{"start":{"line":403,"column":2},"end":{"line":403,"column":3}},"loc":{"start":{"line":403,"column":49},"end":{"line":428,"column":3}},"line":403}},"branchMap":{"0":{"loc":{"start":{"line":64,"column":6},"end":{"line":76,"column":7}},"type":"if","locations":[{"start":{"line":64,"column":6},"end":{"line":76,"column":7}},{"start":{"line":70,"column":13},"end":{"line":76,"column":7}}],"line":64},"1":{"loc":{"start":{"line":65,"column":8},"end":{"line":67,"column":37}},"type":"binary-expr","locations":[{"start":{"line":65,"column":8},"end":{"line":65,"column":39}},{"start":{"line":66,"column":8},"end":{"line":66,"column":48}},{"start":{"line":67,"column":8},"end":{"line":67,"column":37}}],"line":65},"2":{"loc":{"start":{"line":70,"column":13},"end":{"line":76,"column":7}},"type":"if","locations":[{"start":{"line":70,"column":13},"end":{"line":76,"column":7}},{"start":{},"end":{}}],"line":70},"3":{"loc":{"start":{"line":71,"column":8},"end":{"line":73,"column":42}},"type":"binary-expr","locations":[{"start":{"line":71,"column":8},"end":{"line":71,"column":40}},{"start":{"line":72,"column":8},"end":{"line":72,"column":37}},{"start":{"line":73,"column":8},"end":{"line":73,"column":42}}],"line":71},"4":{"loc":{"start":{"line":119,"column":6},"end":{"line":119,"column":67}},"type":"if","locations":[{"start":{"line":119,"column":6},"end":{"line":119,"column":67}},{"start":{},"end":{}}],"line":119},"5":{"loc":{"start":{"line":141,"column":6},"end":{"line":173,"column":7}},"type":"if","locations":[{"start":{"line":141,"column":6},"end":{"line":173,"column":7}},{"start":{"line":157,"column":13},"end":{"line":173,"column":7}}],"line":141},"6":{"loc":{"start":{"line":142,"column":8},"end":{"line":144,"column":47}},"type":"binary-expr","locations":[{"start":{"line":142,"column":8},"end":{"line":142,"column":49}},{"start":{"line":143,"column":8},"end":{"line":143,"column":58}},{"start":{"line":144,"column":8},"end":{"line":144,"column":47}}],"line":142},"7":{"loc":{"start":{"line":146,"column":8},"end":{"line":156,"column":9}},"type":"if","locations":[{"start":{"line":146,"column":8},"end":{"line":156,"column":9}},{"start":{"line":153,"column":15},"end":{"line":156,"column":9}}],"line":146},"8":{"loc":{"start":{"line":147,"column":10},"end":{"line":149,"column":39}},"type":"binary-expr","locations":[{"start":{"line":147,"column":10},"end":{"line":147,"column":41}},{"start":{"line":148,"column":10},"end":{"line":148,"column":50}},{"start":{"line":149,"column":10},"end":{"line":149,"column":39}}],"line":147},"9":{"loc":{"start":{"line":157,"column":13},"end":{"line":173,"column":7}},"type":"if","locations":[{"start":{"line":157,"column":13},"end":{"line":173,"column":7}},{"start":{},"end":{}}],"line":157},"10":{"loc":{"start":{"line":158,"column":8},"end":{"line":160,"column":52}},"type":"binary-expr","locations":[{"start":{"line":158,"column":8},"end":{"line":158,"column":50}},{"start":{"line":159,"column":8},"end":{"line":159,"column":47}},{"start":{"line":160,"column":8},"end":{"line":160,"column":52}}],"line":158},"11":{"loc":{"start":{"line":162,"column":8},"end":{"line":172,"column":9}},"type":"if","locations":[{"start":{"line":162,"column":8},"end":{"line":172,"column":9}},{"start":{"line":169,"column":15},"end":{"line":172,"column":9}}],"line":162},"12":{"loc":{"start":{"line":163,"column":10},"end":{"line":165,"column":39}},"type":"binary-expr","locations":[{"start":{"line":163,"column":10},"end":{"line":163,"column":41}},{"start":{"line":164,"column":10},"end":{"line":164,"column":50}},{"start":{"line":165,"column":10},"end":{"line":165,"column":39}}],"line":163},"13":{"loc":{"start":{"line":200,"column":6},"end":{"line":200,"column":64}},"type":"if","locations":[{"start":{"line":200,"column":6},"end":{"line":200,"column":64}},{"start":{},"end":{}}],"line":200},"14":{"loc":{"start":{"line":212,"column":6},"end":{"line":224,"column":7}},"type":"if","locations":[{"start":{"line":212,"column":6},"end":{"line":224,"column":7}},{"start":{"line":218,"column":13},"end":{"line":224,"column":7}}],"line":212},"15":{"loc":{"start":{"line":213,"column":8},"end":{"line":215,"column":44}},"type":"binary-expr","locations":[{"start":{"line":213,"column":8},"end":{"line":213,"column":46}},{"start":{"line":214,"column":8},"end":{"line":214,"column":55}},{"start":{"line":215,"column":8},"end":{"line":215,"column":44}}],"line":213},"16":{"loc":{"start":{"line":218,"column":13},"end":{"line":224,"column":7}},"type":"if","locations":[{"start":{"line":218,"column":13},"end":{"line":224,"column":7}},{"start":{},"end":{}}],"line":218},"17":{"loc":{"start":{"line":219,"column":8},"end":{"line":221,"column":49}},"type":"binary-expr","locations":[{"start":{"line":219,"column":8},"end":{"line":219,"column":47}},{"start":{"line":220,"column":8},"end":{"line":220,"column":44}},{"start":{"line":221,"column":8},"end":{"line":221,"column":49}}],"line":219},"18":{"loc":{"start":{"line":262,"column":6},"end":{"line":264,"column":7}},"type":"if","locations":[{"start":{"line":262,"column":6},"end":{"line":264,"column":7}},{"start":{},"end":{}}],"line":262},"19":{"loc":{"start":{"line":265,"column":6},"end":{"line":267,"column":7}},"type":"if","locations":[{"start":{"line":265,"column":6},"end":{"line":267,"column":7}},{"start":{},"end":{}}],"line":265},"20":{"loc":{"start":{"line":278,"column":6},"end":{"line":329,"column":7}},"type":"if","locations":[{"start":{"line":278,"column":6},"end":{"line":329,"column":7}},{"start":{},"end":{}}],"line":278},"21":{"loc":{"start":{"line":282,"column":10},"end":{"line":327,"column":11}},"type":"if","locations":[{"start":{"line":282,"column":10},"end":{"line":327,"column":11}},{"start":{},"end":{}}],"line":282},"22":{"loc":{"start":{"line":283,"column":12},"end":{"line":284,"column":49}},"type":"binary-expr","locations":[{"start":{"line":283,"column":12},"end":{"line":283,"column":51}},{"start":{"line":284,"column":12},"end":{"line":284,"column":49}}],"line":283},"23":{"loc":{"start":{"line":286,"column":12},"end":{"line":325,"column":13}},"type":"if","locations":[{"start":{"line":286,"column":12},"end":{"line":325,"column":13}},{"start":{"line":292,"column":19},"end":{"line":325,"column":13}}],"line":286},"24":{"loc":{"start":{"line":287,"column":14},"end":{"line":289,"column":41}},"type":"binary-expr","locations":[{"start":{"line":287,"column":14},"end":{"line":287,"column":43}},{"start":{"line":288,"column":14},"end":{"line":288,"column":52}},{"start":{"line":289,"column":14},"end":{"line":289,"column":41}}],"line":287},"25":{"loc":{"start":{"line":292,"column":19},"end":{"line":325,"column":13}},"type":"if","locations":[{"start":{"line":292,"column":19},"end":{"line":325,"column":13}},{"start":{"line":310,"column":19},"end":{"line":325,"column":13}}],"line":292},"26":{"loc":{"start":{"line":293,"column":14},"end":{"line":307,"column":46}},"type":"binary-expr","locations":[{"start":{"line":293,"column":14},"end":{"line":293,"column":52}},{"start":{"line":294,"column":14},"end":{"line":294,"column":51}},{"start":{"line":295,"column":14},"end":{"line":295,"column":44}},{"start":{"line":296,"column":14},"end":{"line":296,"column":47}},{"start":{"line":297,"column":14},"end":{"line":297,"column":47}},{"start":{"line":298,"column":14},"end":{"line":298,"column":53}},{"start":{"line":299,"column":14},"end":{"line":299,"column":45}},{"start":{"line":300,"column":14},"end":{"line":300,"column":52}},{"start":{"line":301,"column":14},"end":{"line":301,"column":50}},{"start":{"line":302,"column":14},"end":{"line":302,"column":56}},{"start":{"line":303,"column":14},"end":{"line":303,"column":53}},{"start":{"line":304,"column":14},"end":{"line":304,"column":56}},{"start":{"line":305,"column":14},"end":{"line":305,"column":53}},{"start":{"line":306,"column":14},"end":{"line":306,"column":47}},{"start":{"line":307,"column":14},"end":{"line":307,"column":46}}],"line":293},"27":{"loc":{"start":{"line":310,"column":19},"end":{"line":325,"column":13}},"type":"if","locations":[{"start":{"line":310,"column":19},"end":{"line":325,"column":13}},{"start":{},"end":{}}],"line":310},"28":{"loc":{"start":{"line":311,"column":14},"end":{"line":322,"column":54}},"type":"binary-expr","locations":[{"start":{"line":311,"column":14},"end":{"line":311,"column":46}},{"start":{"line":312,"column":14},"end":{"line":312,"column":51}},{"start":{"line":313,"column":14},"end":{"line":313,"column":41}},{"start":{"line":314,"column":14},"end":{"line":314,"column":50}},{"start":{"line":315,"column":14},"end":{"line":315,"column":50}},{"start":{"line":316,"column":14},"end":{"line":316,"column":44}},{"start":{"line":317,"column":14},"end":{"line":317,"column":43}},{"start":{"line":318,"column":14},"end":{"line":318,"column":54}},{"start":{"line":319,"column":14},"end":{"line":319,"column":55}},{"start":{"line":320,"column":14},"end":{"line":320,"column":46}},{"start":{"line":321,"column":14},"end":{"line":321,"column":49}},{"start":{"line":322,"column":14},"end":{"line":322,"column":54}}],"line":311},"29":{"loc":{"start":{"line":334,"column":6},"end":{"line":347,"column":7}},"type":"if","locations":[{"start":{"line":334,"column":6},"end":{"line":347,"column":7}},{"start":{},"end":{}}],"line":334},"30":{"loc":{"start":{"line":335,"column":8},"end":{"line":346,"column":9}},"type":"if","locations":[{"start":{"line":335,"column":8},"end":{"line":346,"column":9}},{"start":{"line":340,"column":15},"end":{"line":346,"column":9}}],"line":335},"31":{"loc":{"start":{"line":351,"column":6},"end":{"line":357,"column":7}},"type":"if","locations":[{"start":{"line":351,"column":6},"end":{"line":357,"column":7}},{"start":{"line":353,"column":13},"end":{"line":357,"column":7}}],"line":351},"32":{"loc":{"start":{"line":351,"column":10},"end":{"line":351,"column":46}},"type":"binary-expr","locations":[{"start":{"line":351,"column":10},"end":{"line":351,"column":26}},{"start":{"line":351,"column":30},"end":{"line":351,"column":46}}],"line":351},"33":{"loc":{"start":{"line":353,"column":13},"end":{"line":357,"column":7}},"type":"if","locations":[{"start":{"line":353,"column":13},"end":{"line":357,"column":7}},{"start":{"line":355,"column":13},"end":{"line":357,"column":7}}],"line":353},"34":{"loc":{"start":{"line":363,"column":8},"end":{"line":379,"column":9}},"type":"if","locations":[{"start":{"line":363,"column":8},"end":{"line":379,"column":9}},{"start":{"line":371,"column":15},"end":{"line":379,"column":9}}],"line":363},"35":{"loc":{"start":{"line":364,"column":10},"end":{"line":368,"column":14}},"type":"if","locations":[{"start":{"line":364,"column":10},"end":{"line":368,"column":14}},{"start":{},"end":{}}],"line":364},"36":{"loc":{"start":{"line":372,"column":10},"end":{"line":376,"column":14}},"type":"if","locations":[{"start":{"line":372,"column":10},"end":{"line":376,"column":14}},{"start":{},"end":{}}],"line":372},"37":{"loc":{"start":{"line":420,"column":6},"end":{"line":420,"column":60}},"type":"if","locations":[{"start":{"line":420,"column":6},"end":{"line":420,"column":60}},{"start":{},"end":{}}],"line":420}},"s":{"0":4,"1":4,"2":2,"3":2,"4":2,"5":1,"6":1,"7":1,"8":14,"9":14,"10":14,"11":14,"12":14,"13":14,"14":14,"15":13,"16":13,"17":13,"18":13,"19":5,"20":8,"21":8,"22":13,"23":13,"24":13,"25":1,"26":1,"27":6,"28":6,"29":6,"30":6,"31":6,"32":6,"33":6,"34":6,"35":6,"36":1,"37":5,"38":5,"39":5,"40":5,"41":5,"42":5,"43":2,"44":1,"45":1,"46":3,"47":3,"48":2,"49":1,"50":5,"51":5,"52":5,"53":1,"54":1,"55":3,"56":3,"57":3,"58":3,"59":3,"60":1,"61":2,"62":2,"63":2,"64":2,"65":1,"66":1,"67":1,"68":2,"69":2,"70":2,"71":1,"72":1,"73":5,"74":5,"75":5,"76":5,"77":4,"78":4,"79":4,"80":4,"81":4,"82":1,"83":4,"84":1,"85":4,"86":4,"87":4,"88":4,"89":4,"90":4,"91":4,"92":4,"93":4,"94":4,"95":13,"96":13,"97":13,"98":6,"99":7,"100":4,"101":3,"102":1,"103":13,"104":4,"105":4,"106":4,"107":4,"108":3,"109":3,"110":3,"111":3,"112":1,"113":1,"114":1,"115":1,"116":1,"117":4,"118":4,"119":1,"120":3,"121":1,"122":2,"123":4,"124":4,"125":4,"126":4,"127":13,"128":5,"129":5,"130":5,"131":8,"132":7,"133":8,"134":4,"135":5,"136":4,"137":7,"138":4,"139":1,"140":2,"141":2,"142":2,"143":2,"144":2,"145":2,"146":1,"147":1,"148":1,"149":4},"f":{"0":2,"1":14,"2":6,"3":3,"4":5,"5":13,"6":2},"b":{"0":[5,8],"1":[13,10,9],"2":[8,0],"3":[8,2,1],"4":[1,5],"5":[2,3],"6":[5,3,3],"7":[1,1],"8":[2,1,1],"9":[3,0],"10":[3,0,0],"11":[2,1],"12":[3,1,1],"13":[1,2],"14":[1,1],"15":[2,1,1],"16":[1,0],"17":[1,0,0],"18":[1,3],"19":[1,3],"20":[4,0],"21":[13,0],"22":[13,13],"23":[6,7],"24":[13,9,8],"25":[4,3],"26":[7,6,5,5,5,5,4,4,4,4,4,4,4,4,3],"27":[1,2],"28":[3,3,3,2,2,2,2,2,2,2,2,2],"29":[4,0],"30":[3,1],"31":[1,3],"32":[4,1],"33":[1,2],"34":[5,8],"35":[5,0],"36":[7,1],"37":[1,1]},"_coverageSchema":"1a1c01bbd47fc00a2c39e90264f33305004495a9","hash":"8c24787c62b3cf62d024187ba4eed53e15f02ec2"}
,"D:\\Hacktiv8\\3. Phase 3\\final-project\\m-cure-server\\services\\app\\controllers\\userController.js": {"path":"D:\\Hacktiv8\\3. Phase 3\\final-project\\m-cure-server\\services\\app\\controllers\\userController.js","statementMap":{"0":{"start":{"line":1,"column":36},"end":{"line":1,"column":56}},"1":{"start":{"line":2,"column":36},"end":{"line":2,"column":64}},"2":{"start":{"line":3,"column":27},"end":{"line":3,"column":52}},"3":{"start":{"line":4,"column":15},"end":{"line":4,"column":35}},"4":{"start":{"line":8,"column":14},"end":{"line":8,"column":43}},"5":{"start":{"line":9,"column":4},"end":{"line":39,"column":5}},"6":{"start":{"line":10,"column":64},"end":{"line":10,"column":72}},"7":{"start":{"line":11,"column":22},"end":{"line":23,"column":7}},"8":{"start":{"line":25,"column":24},"end":{"line":32,"column":7}},"9":{"start":{"line":34,"column":6},"end":{"line":34,"column":23}},"10":{"start":{"line":35,"column":6},"end":{"line":35,"column":36}},"11":{"start":{"line":37,"column":6},"end":{"line":37,"column":25}},"12":{"start":{"line":38,"column":6},"end":{"line":38,"column":18}},"13":{"start":{"line":43,"column":14},"end":{"line":43,"column":43}},"14":{"start":{"line":44,"column":4},"end":{"line":79,"column":5}},"15":{"start":{"line":45,"column":34},"end":{"line":45,"column":42}},"16":{"start":{"line":46,"column":6},"end":{"line":46,"column":54}},"17":{"start":{"line":46,"column":18},"end":{"line":46,"column":54}},"18":{"start":{"line":47,"column":6},"end":{"line":47,"column":60}},"19":{"start":{"line":47,"column":21},"end":{"line":47,"column":60}},"20":{"start":{"line":49,"column":27},"end":{"line":54,"column":8}},"21":{"start":{"line":55,"column":6},"end":{"line":57,"column":7}},"22":{"start":{"line":56,"column":8},"end":{"line":56,"column":41}},"23":{"start":{"line":58,"column":28},"end":{"line":61,"column":7}},"24":{"start":{"line":62,"column":6},"end":{"line":64,"column":7}},"25":{"start":{"line":63,"column":8},"end":{"line":63,"column":41}},"26":{"start":{"line":65,"column":22},"end":{"line":68,"column":7}},"27":{"start":{"line":70,"column":20},"end":{"line":70,"column":43}},"28":{"start":{"line":71,"column":6},"end":{"line":71,"column":23}},"29":{"start":{"line":72,"column":6},"end":{"line":75,"column":9}},"30":{"start":{"line":77,"column":6},"end":{"line":77,"column":25}},"31":{"start":{"line":78,"column":6},"end":{"line":78,"column":18}},"32":{"start":{"line":83,"column":14},"end":{"line":83,"column":43}},"33":{"start":{"line":84,"column":4},"end":{"line":99,"column":5}},"34":{"start":{"line":85,"column":17},"end":{"line":85,"column":29}},"35":{"start":{"line":87,"column":19},"end":{"line":92,"column":8}},"36":{"start":{"line":94,"column":6},"end":{"line":94,"column":23}},"37":{"start":{"line":95,"column":6},"end":{"line":95,"column":33}},"38":{"start":{"line":97,"column":6},"end":{"line":97,"column":25}},"39":{"start":{"line":98,"column":6},"end":{"line":98,"column":18}},"40":{"start":{"line":103,"column":0},"end":{"line":103,"column":32}}},"fnMap":{"0":{"name":"(anonymous_0)","decl":{"start":{"line":7,"column":2},"end":{"line":7,"column":3}},"loc":{"start":{"line":7,"column":44},"end":{"line":40,"column":3}},"line":7},"1":{"name":"(anonymous_1)","decl":{"start":{"line":42,"column":2},"end":{"line":42,"column":3}},"loc":{"start":{"line":42,"column":41},"end":{"line":80,"column":3}},"line":42},"2":{"name":"(anonymous_2)","decl":{"start":{"line":82,"column":2},"end":{"line":82,"column":3}},"loc":{"start":{"line":82,"column":42},"end":{"line":100,"column":3}},"line":82}},"branchMap":{"0":{"loc":{"start":{"line":46,"column":6},"end":{"line":46,"column":54}},"type":"if","locations":[{"start":{"line":46,"column":6},"end":{"line":46,"column":54}},{"start":{},"end":{}}],"line":46},"1":{"loc":{"start":{"line":47,"column":6},"end":{"line":47,"column":60}},"type":"if","locations":[{"start":{"line":47,"column":6},"end":{"line":47,"column":60}},{"start":{},"end":{}}],"line":47},"2":{"loc":{"start":{"line":55,"column":6},"end":{"line":57,"column":7}},"type":"if","locations":[{"start":{"line":55,"column":6},"end":{"line":57,"column":7}},{"start":{},"end":{}}],"line":55},"3":{"loc":{"start":{"line":62,"column":6},"end":{"line":64,"column":7}},"type":"if","locations":[{"start":{"line":62,"column":6},"end":{"line":64,"column":7}},{"start":{},"end":{}}],"line":62}},"s":{"0":4,"1":4,"2":4,"3":4,"4":5,"5":5,"6":5,"7":5,"8":1,"9":1,"10":1,"11":4,"12":4,"13":5,"14":5,"15":5,"16":5,"17":1,"18":4,"19":1,"20":3,"21":3,"22":1,"23":2,"24":2,"25":1,"26":1,"27":1,"28":1,"29":1,"30":4,"31":4,"32":1,"33":1,"34":1,"35":1,"36":1,"37":1,"38":0,"39":0,"40":4},"f":{"0":5,"1":5,"2":1},"b":{"0":[1,4],"1":[1,3],"2":[1,2],"3":[1,1]},"_coverageSchema":"1a1c01bbd47fc00a2c39e90264f33305004495a9","hash":"ff16b667cdae14667d858b7517baaa16875cd0b2"}
,"D:\\Hacktiv8\\3. Phase 3\\final-project\\m-cure-server\\services\\app\\controllers\\walletController.js": {"path":"D:\\Hacktiv8\\3. Phase 3\\final-project\\m-cure-server\\services\\app\\controllers\\walletController.js","statementMap":{"0":{"start":{"line":1,"column":53},"end":{"line":1,"column":73}},"1":{"start":{"line":5,"column":4},"end":{"line":18,"column":5}},"2":{"start":{"line":6,"column":17},"end":{"line":6,"column":29}},"3":{"start":{"line":7,"column":21},"end":{"line":11,"column":8}},"4":{"start":{"line":13,"column":6},"end":{"line":15,"column":9}},"5":{"start":{"line":17,"column":6},"end":{"line":17,"column":16}},"6":{"start":{"line":22,"column":0},"end":{"line":22,"column":28}}},"fnMap":{"0":{"name":"(anonymous_0)","decl":{"start":{"line":4,"column":2},"end":{"line":4,"column":3}},"loc":{"start":{"line":4,"column":43},"end":{"line":19,"column":3}},"line":4}},"branchMap":{},"s":{"0":4,"1":2,"2":2,"3":2,"4":1,"5":1,"6":4},"f":{"0":2},"b":{},"_coverageSchema":"1a1c01bbd47fc00a2c39e90264f33305004495a9","hash":"58239991fb19ea3f329b491038ab34edd85b78a5"}
,"D:\\Hacktiv8\\3. Phase 3\\final-project\\m-cure-server\\services\\app\\helpers\\bcrypt.js": {"path":"D:\\Hacktiv8\\3. Phase 3\\final-project\\m-cure-server\\services\\app\\helpers\\bcrypt.js","statementMap":{"0":{"start":{"line":1,"column":15},"end":{"line":1,"column":32}},"1":{"start":{"line":3,"column":21},"end":{"line":5,"column":1}},"2":{"start":{"line":4,"column":4},"end":{"line":4,"column":40}},"3":{"start":{"line":7,"column":32},"end":{"line":9,"column":1}},"4":{"start":{"line":8,"column":4},"end":{"line":8,"column":45}},"5":{"start":{"line":11,"column":0},"end":{"line":14,"column":1}}},"fnMap":{"0":{"name":"(anonymous_0)","decl":{"start":{"line":3,"column":21},"end":{"line":3,"column":22}},"loc":{"start":{"line":3,"column":35},"end":{"line":5,"column":1}},"line":3},"1":{"name":"(anonymous_1)","decl":{"start":{"line":7,"column":32},"end":{"line":7,"column":33}},"loc":{"start":{"line":7,"column":52},"end":{"line":9,"column":1}},"line":7}},"branchMap":{},"s":{"0":4,"1":4,"2":14,"3":4,"4":6,"5":4},"f":{"0":14,"1":6},"b":{},"_coverageSchema":"1a1c01bbd47fc00a2c39e90264f33305004495a9","hash":"36fc2b851c2b4c6e8001aa18557e24444fe2eaaa"}
,"D:\\Hacktiv8\\3. Phase 3\\final-project\\m-cure-server\\services\\app\\helpers\\jwt.js": {"path":"D:\\Hacktiv8\\3. Phase 3\\final-project\\m-cure-server\\services\\app\\helpers\\jwt.js","statementMap":{"0":{"start":{"line":1,"column":12},"end":{"line":1,"column":35}},"1":{"start":{"line":2,"column":22},"end":{"line":2,"column":44}},"2":{"start":{"line":4,"column":23},"end":{"line":6,"column":1}},"3":{"start":{"line":5,"column":4},"end":{"line":5,"column":62}},"4":{"start":{"line":8,"column":22},"end":{"line":10,"column":1}},"5":{"start":{"line":9,"column":4},"end":{"line":9,"column":43}},"6":{"start":{"line":12,"column":0},"end":{"line":15,"column":1}}},"fnMap":{"0":{"name":"(anonymous_0)","decl":{"start":{"line":4,"column":23},"end":{"line":4,"column":24}},"loc":{"start":{"line":4,"column":36},"end":{"line":6,"column":1}},"line":4},"1":{"name":"(anonymous_1)","decl":{"start":{"line":8,"column":22},"end":{"line":8,"column":23}},"loc":{"start":{"line":8,"column":33},"end":{"line":10,"column":1}},"line":8}},"branchMap":{},"s":{"0":4,"1":4,"2":4,"3":19,"4":4,"5":60,"6":4},"f":{"0":19,"1":60},"b":{},"_coverageSchema":"1a1c01bbd47fc00a2c39e90264f33305004495a9","hash":"e5d08109611d20961510b00c6fa469e4992fcbfb"}
,"D:\\Hacktiv8\\3. Phase 3\\final-project\\m-cure-server\\services\\app\\middlewares\\authentication.js": {"path":"D:\\Hacktiv8\\3. Phase 3\\final-project\\m-cure-server\\services\\app\\middlewares\\authentication.js","statementMap":{"0":{"start":{"line":1,"column":17},"end":{"line":1,"column":37}},"1":{"start":{"line":2,"column":26},"end":{"line":2,"column":54}},"2":{"start":{"line":4,"column":28},"end":{"line":21,"column":1}},"3":{"start":{"line":5,"column":2},"end":{"line":20,"column":3}},"4":{"start":{"line":6,"column":29},"end":{"line":6,"column":40}},"5":{"start":{"line":7,"column":20},"end":{"line":7,"column":47}},"6":{"start":{"line":8,"column":25},"end":{"line":8,"column":56}},"7":{"start":{"line":9,"column":4},"end":{"line":16,"column":5}},"8":{"start":{"line":10,"column":6},"end":{"line":10,"column":54}},"9":{"start":{"line":12,"column":6},"end":{"line":15,"column":8}},"10":{"start":{"line":17,"column":4},"end":{"line":17,"column":11}},"11":{"start":{"line":19,"column":4},"end":{"line":19,"column":16}},"12":{"start":{"line":23,"column":27},"end":{"line":40,"column":1}},"13":{"start":{"line":24,"column":2},"end":{"line":39,"column":3}},"14":{"start":{"line":25,"column":29},"end":{"line":25,"column":40}},"15":{"start":{"line":26,"column":20},"end":{"line":26,"column":47}},"16":{"start":{"line":27,"column":25},"end":{"line":27,"column":56}},"17":{"start":{"line":28,"column":4},"end":{"line":35,"column":5}},"18":{"start":{"line":29,"column":6},"end":{"line":29,"column":54}},"19":{"start":{"line":31,"column":6},"end":{"line":34,"column":8}},"20":{"start":{"line":36,"column":4},"end":{"line":36,"column":11}},"21":{"start":{"line":38,"column":4},"end":{"line":38,"column":16}},"22":{"start":{"line":42,"column":33},"end":{"line":59,"column":1}},"23":{"start":{"line":43,"column":2},"end":{"line":58,"column":3}},"24":{"start":{"line":44,"column":29},"end":{"line":44,"column":40}},"25":{"start":{"line":45,"column":20},"end":{"line":45,"column":47}},"26":{"start":{"line":46,"column":25},"end":{"line":46,"column":56}},"27":{"start":{"line":47,"column":4},"end":{"line":54,"column":5}},"28":{"start":{"line":48,"column":6},"end":{"line":48,"column":54}},"29":{"start":{"line":50,"column":6},"end":{"line":53,"column":8}},"30":{"start":{"line":55,"column":4},"end":{"line":55,"column":11}},"31":{"start":{"line":57,"column":4},"end":{"line":57,"column":16}},"32":{"start":{"line":61,"column":0},"end":{"line":65,"column":2}}},"fnMap":{"0":{"name":"(anonymous_0)","decl":{"start":{"line":4,"column":28},"end":{"line":4,"column":29}},"loc":{"start":{"line":4,"column":54},"end":{"line":21,"column":1}},"line":4},"1":{"name":"(anonymous_1)","decl":{"start":{"line":23,"column":27},"end":{"line":23,"column":28}},"loc":{"start":{"line":23,"column":53},"end":{"line":40,"column":1}},"line":23},"2":{"name":"(anonymous_2)","decl":{"start":{"line":42,"column":33},"end":{"line":42,"column":34}},"loc":{"start":{"line":42,"column":59},"end":{"line":59,"column":1}},"line":42}},"branchMap":{"0":{"loc":{"start":{"line":9,"column":4},"end":{"line":16,"column":5}},"type":"if","locations":[{"start":{"line":9,"column":4},"end":{"line":16,"column":5}},{"start":{"line":11,"column":11},"end":{"line":16,"column":5}}],"line":9},"1":{"loc":{"start":{"line":9,"column":8},"end":{"line":9,"column":54}},"type":"binary-expr","locations":[{"start":{"line":9,"column":8},"end":{"line":9,"column":21}},{"start":{"line":9,"column":25},"end":{"line":9,"column":54}}],"line":9},"2":{"loc":{"start":{"line":28,"column":4},"end":{"line":35,"column":5}},"type":"if","locations":[{"start":{"line":28,"column":4},"end":{"line":35,"column":5}},{"start":{"line":30,"column":11},"end":{"line":35,"column":5}}],"line":28},"3":{"loc":{"start":{"line":28,"column":8},"end":{"line":28,"column":53}},"type":"binary-expr","locations":[{"start":{"line":28,"column":8},"end":{"line":28,"column":21}},{"start":{"line":28,"column":25},"end":{"line":28,"column":53}}],"line":28},"4":{"loc":{"start":{"line":47,"column":4},"end":{"line":54,"column":5}},"type":"if","locations":[{"start":{"line":47,"column":4},"end":{"line":54,"column":5}},{"start":{"line":49,"column":11},"end":{"line":54,"column":5}}],"line":47},"5":{"loc":{"start":{"line":47,"column":8},"end":{"line":47,"column":59}},"type":"binary-expr","locations":[{"start":{"line":47,"column":8},"end":{"line":47,"column":21}},{"start":{"line":47,"column":25},"end":{"line":47,"column":59}}],"line":47}},"s":{"0":4,"1":4,"2":4,"3":15,"4":15,"5":15,"6":14,"7":14,"8":1,"9":13,"10":13,"11":2,"12":4,"13":43,"14":43,"15":43,"16":43,"17":43,"18":1,"19":42,"20":42,"21":1,"22":4,"23":2,"24":2,"25":2,"26":2,"27":2,"28":0,"29":2,"30":2,"31":0,"32":4},"f":{"0":15,"1":43,"2":2},"b":{"0":[1,13],"1":[14,14],"2":[1,42],"3":[43,43],"4":[0,2],"5":[2,2]},"_coverageSchema":"1a1c01bbd47fc00a2c39e90264f33305004495a9","hash":"84815d768261bcd06247bee2eba1cc7a63d3a811"}
,"D:\\Hacktiv8\\3. Phase 3\\final-project\\m-cure-server\\services\\app\\middlewares\\errorHandler.js": {"path":"D:\\Hacktiv8\\3. Phase 3\\final-project\\m-cure-server\\services\\app\\middlewares\\errorHandler.js","statementMap":{"0":{"start":{"line":1,"column":21},"end":{"line":49,"column":1}},"1":{"start":{"line":2,"column":2},"end":{"line":2,"column":19}},"2":{"start":{"line":3,"column":2},"end":{"line":48,"column":3}},"3":{"start":{"line":4,"column":4},"end":{"line":4,"column":45}},"4":{"start":{"line":4,"column":33},"end":{"line":4,"column":43}},"5":{"start":{"line":5,"column":4},"end":{"line":7,"column":7}},"6":{"start":{"line":8,"column":9},"end":{"line":48,"column":3}},"7":{"start":{"line":9,"column":4},"end":{"line":11,"column":7}},"8":{"start":{"line":12,"column":9},"end":{"line":48,"column":3}},"9":{"start":{"line":13,"column":4},"end":{"line":15,"column":7}},"10":{"start":{"line":16,"column":9},"end":{"line":48,"column":3}},"11":{"start":{"line":17,"column":4},"end":{"line":19,"column":7}},"12":{"start":{"line":20,"column":9},"end":{"line":48,"column":3}},"13":{"start":{"line":21,"column":4},"end":{"line":23,"column":7}},"14":{"start":{"line":24,"column":9},"end":{"line":48,"column":3}},"15":{"start":{"line":28,"column":4},"end":{"line":30,"column":7}},"16":{"start":{"line":31,"column":9},"end":{"line":48,"column":3}},"17":{"start":{"line":32,"column":4},"end":{"line":34,"column":7}},"18":{"start":{"line":35,"column":9},"end":{"line":48,"column":3}},"19":{"start":{"line":36,"column":4},"end":{"line":38,"column":7}},"20":{"start":{"line":39,"column":9},"end":{"line":48,"column":3}},"21":{"start":{"line":40,"column":4},"end":{"line":42,"column":7}},"22":{"start":{"line":44,"column":4},"end":{"line":44,"column":21}},"23":{"start":{"line":45,"column":4},"end":{"line":47,"column":7}},"24":{"start":{"line":51,"column":0},"end":{"line":51,"column":30}}},"fnMap":{"0":{"name":"(anonymous_0)","decl":{"start":{"line":1,"column":21},"end":{"line":1,"column":22}},"loc":{"start":{"line":1,"column":46},"end":{"line":49,"column":1}},"line":1},"1":{"name":"(anonymous_1)","decl":{"start":{"line":4,"column":25},"end":{"line":4,"column":26}},"loc":{"start":{"line":4,"column":33},"end":{"line":4,"column":43}},"line":4}},"branchMap":{"0":{"loc":{"start":{"line":3,"column":2},"end":{"line":48,"column":3}},"type":"if","locations":[{"start":{"line":3,"column":2},"end":{"line":48,"column":3}},{"start":{"line":8,"column":9},"end":{"line":48,"column":3}}],"line":3},"1":{"loc":{"start":{"line":8,"column":9},"end":{"line":48,"column":3}},"type":"if","locations":[{"start":{"line":8,"column":9},"end":{"line":48,"column":3}},{"start":{"line":12,"column":9},"end":{"line":48,"column":3}}],"line":8},"2":{"loc":{"start":{"line":12,"column":9},"end":{"line":48,"column":3}},"type":"if","locations":[{"start":{"line":12,"column":9},"end":{"line":48,"column":3}},{"start":{"line":16,"column":9},"end":{"line":48,"column":3}}],"line":12},"3":{"loc":{"start":{"line":16,"column":9},"end":{"line":48,"column":3}},"type":"if","locations":[{"start":{"line":16,"column":9},"end":{"line":48,"column":3}},{"start":{"line":20,"column":9},"end":{"line":48,"column":3}}],"line":16},"4":{"loc":{"start":{"line":20,"column":9},"end":{"line":48,"column":3}},"type":"if","locations":[{"start":{"line":20,"column":9},"end":{"line":48,"column":3}},{"start":{"line":24,"column":9},"end":{"line":48,"column":3}}],"line":20},"5":{"loc":{"start":{"line":24,"column":9},"end":{"line":48,"column":3}},"type":"if","locations":[{"start":{"line":24,"column":9},"end":{"line":48,"column":3}},{"start":{"line":31,"column":9},"end":{"line":48,"column":3}}],"line":24},"6":{"loc":{"start":{"line":25,"column":4},"end":{"line":26,"column":36}},"type":"binary-expr","locations":[{"start":{"line":25,"column":4},"end":{"line":25,"column":36}},{"start":{"line":26,"column":4},"end":{"line":26,"column":36}}],"line":25},"7":{"loc":{"start":{"line":31,"column":9},"end":{"line":48,"column":3}},"type":"if","locations":[{"start":{"line":31,"column":9},"end":{"line":48,"column":3}},{"start":{"line":35,"column":9},"end":{"line":48,"column":3}}],"line":31},"8":{"loc":{"start":{"line":35,"column":9},"end":{"line":48,"column":3}},"type":"if","locations":[{"start":{"line":35,"column":9},"end":{"line":48,"column":3}},{"start":{"line":39,"column":9},"end":{"line":48,"column":3}}],"line":35},"9":{"loc":{"start":{"line":39,"column":9},"end":{"line":48,"column":3}},"type":"if","locations":[{"start":{"line":39,"column":9},"end":{"line":48,"column":3}},{"start":{"line":43,"column":9},"end":{"line":48,"column":3}}],"line":39}},"s":{"0":4,"1":40,"2":40,"3":11,"4":14,"5":11,"6":29,"7":3,"8":26,"9":3,"10":23,"11":3,"12":20,"13":6,"14":14,"15":1,"16":13,"17":2,"18":11,"19":1,"20":10,"21":3,"22":7,"23":7,"24":4},"f":{"0":40,"1":14},"b":{"0":[11,29],"1":[3,26],"2":[3,23],"3":[3,20],"4":[6,14],"5":[1,13],"6":[14,13],"7":[2,11],"8":[1,10],"9":[3,7]},"_coverageSchema":"1a1c01bbd47fc00a2c39e90264f33305004495a9","hash":"cd79f32a00da93fde65edaca648bac40b34700ff"}
,"D:\\Hacktiv8\\3. Phase 3\\final-project\\m-cure-server\\services\\app\\models\\category.js": {"path":"D:\\Hacktiv8\\3. Phase 3\\final-project\\m-cure-server\\services\\app\\models\\category.js","statementMap":{"0":{"start":{"line":4,"column":4},"end":{"line":4,"column":24}},"1":{"start":{"line":5,"column":0},"end":{"line":26,"column":2}},"2":{"start":{"line":14,"column":6},"end":{"line":14,"column":42}},"3":{"start":{"line":17,"column":2},"end":{"line":24,"column":5}},"4":{"start":{"line":25,"column":2},"end":{"line":25,"column":18}}},"fnMap":{"0":{"name":"(anonymous_0)","decl":{"start":{"line":5,"column":17},"end":{"line":5,"column":18}},"loc":{"start":{"line":5,"column":43},"end":{"line":26,"column":1}},"line":5},"1":{"name":"(anonymous_1)","decl":{"start":{"line":12,"column":4},"end":{"line":12,"column":5}},"loc":{"start":{"line":12,"column":29},"end":{"line":15,"column":5}},"line":12}},"branchMap":{},"s":{"0":4,"1":4,"2":4,"3":4,"4":4},"f":{"0":4,"1":4},"b":{},"_coverageSchema":"1a1c01bbd47fc00a2c39e90264f33305004495a9","hash":"1146462be43f10c6219670665560bafbec30edfe"}
,"D:\\Hacktiv8\\3. Phase 3\\final-project\\m-cure-server\\services\\app\\models\\history.js": {"path":"D:\\Hacktiv8\\3. Phase 3\\final-project\\m-cure-server\\services\\app\\models\\history.js","statementMap":{"0":{"start":{"line":4,"column":4},"end":{"line":4,"column":24}},"1":{"start":{"line":5,"column":0},"end":{"line":41,"column":2}},"2":{"start":{"line":14,"column":6},"end":{"line":16,"column":8}},"3":{"start":{"line":19,"column":2},"end":{"line":39,"column":5}},"4":{"start":{"line":40,"column":2},"end":{"line":40,"column":17}}},"fnMap":{"0":{"name":"(anonymous_0)","decl":{"start":{"line":5,"column":17},"end":{"line":5,"column":18}},"loc":{"start":{"line":5,"column":43},"end":{"line":41,"column":1}},"line":5},"1":{"name":"(anonymous_1)","decl":{"start":{"line":12,"column":4},"end":{"line":12,"column":5}},"loc":{"start":{"line":12,"column":29},"end":{"line":17,"column":5}},"line":12}},"branchMap":{},"s":{"0":4,"1":4,"2":4,"3":4,"4":4},"f":{"0":4,"1":4},"b":{},"_coverageSchema":"1a1c01bbd47fc00a2c39e90264f33305004495a9","hash":"3ff248b4f37091f1535c8720d68938f7e53f573e"}
,"D:\\Hacktiv8\\3. Phase 3\\final-project\\m-cure-server\\services\\app\\models\\index.js": {"path":"D:\\Hacktiv8\\3. Phase 3\\final-project\\m-cure-server\\services\\app\\models\\index.js","statementMap":{"0":{"start":{"line":3,"column":11},"end":{"line":3,"column":24}},"1":{"start":{"line":4,"column":13},"end":{"line":4,"column":28}},"2":{"start":{"line":5,"column":18},"end":{"line":5,"column":38}},"3":{"start":{"line":6,"column":17},"end":{"line":6,"column":42}},"4":{"start":{"line":7,"column":12},"end":{"line":7,"column":49}},"5":{"start":{"line":8,"column":15},"end":{"line":8,"column":65}},"6":{"start":{"line":9,"column":11},"end":{"line":9,"column":13}},"7":{"start":{"line":12,"column":0},"end":{"line":16,"column":1}},"8":{"start":{"line":13,"column":2},"end":{"line":13,"column":74}},"9":{"start":{"line":15,"column":2},"end":{"line":15,"column":87}},"10":{"start":{"line":18,"column":0},"end":{"line":26,"column":5}},"11":{"start":{"line":21,"column":4},"end":{"line":21,"column":90}},"12":{"start":{"line":24,"column":18},"end":{"line":24,"column":85}},"13":{"start":{"line":25,"column":4},"end":{"line":25,"column":27}},"14":{"start":{"line":28,"column":0},"end":{"line":32,"column":3}},"15":{"start":{"line":29,"column":2},"end":{"line":31,"column":3}},"16":{"start":{"line":30,"column":4},"end":{"line":30,"column":32}},"17":{"start":{"line":34,"column":0},"end":{"line":34,"column":25}},"18":{"start":{"line":35,"column":0},"end":{"line":35,"column":25}},"19":{"start":{"line":37,"column":0},"end":{"line":37,"column":20}}},"fnMap":{"0":{"name":"(anonymous_0)","decl":{"start":{"line":20,"column":10},"end":{"line":20,"column":11}},"loc":{"start":{"line":20,"column":18},"end":{"line":22,"column":3}},"line":20},"1":{"name":"(anonymous_1)","decl":{"start":{"line":23,"column":11},"end":{"line":23,"column":12}},"loc":{"start":{"line":23,"column":19},"end":{"line":26,"column":3}},"line":23},"2":{"name":"(anonymous_2)","decl":{"start":{"line":28,"column":24},"end":{"line":28,"column":25}},"loc":{"start":{"line":28,"column":37},"end":{"line":32,"column":1}},"line":28}},"branchMap":{"0":{"loc":{"start":{"line":7,"column":12},"end":{"line":7,"column":49}},"type":"binary-expr","locations":[{"start":{"line":7,"column":12},"end":{"line":7,"column":32}},{"start":{"line":7,"column":36},"end":{"line":7,"column":49}}],"line":7},"1":{"loc":{"start":{"line":12,"column":0},"end":{"line":16,"column":1}},"type":"if","locations":[{"start":{"line":12,"column":0},"end":{"line":16,"column":1}},{"start":{"line":14,"column":7},"end":{"line":16,"column":1}}],"line":12},"2":{"loc":{"start":{"line":21,"column":11},"end":{"line":21,"column":89}},"type":"binary-expr","locations":[{"start":{"line":21,"column":12},"end":{"line":21,"column":35}},{"start":{"line":21,"column":41},"end":{"line":21,"column":58}},{"start":{"line":21,"column":64},"end":{"line":21,"column":88}}],"line":21},"3":{"loc":{"start":{"line":29,"column":2},"end":{"line":31,"column":3}},"type":"if","locations":[{"start":{"line":29,"column":2},"end":{"line":31,"column":3}},{"start":{},"end":{}}],"line":29}},"s":{"0":4,"1":4,"2":4,"3":4,"4":4,"5":4,"6":4,"7":4,"8":0,"9":4,"10":4,"11":24,"12":20,"13":20,"14":4,"15":20,"16":20,"17":4,"18":4,"19":4},"f":{"0":24,"1":20,"2":20},"b":{"0":[4,0],"1":[0,4],"2":[24,24,20],"3":[20,0]},"_coverageSchema":"1a1c01bbd47fc00a2c39e90264f33305004495a9","hash":"887b71c992bf257e80ed2ade1f78e8e3fcae3d0a"}
,"D:\\Hacktiv8\\3. Phase 3\\final-project\\m-cure-server\\services\\app\\models\\transaction.js": {"path":"D:\\Hacktiv8\\3. Phase 3\\final-project\\m-cure-server\\services\\app\\models\\transaction.js","statementMap":{"0":{"start":{"line":4,"column":4},"end":{"line":4,"column":24}},"1":{"start":{"line":5,"column":0},"end":{"line":61,"column":2}},"2":{"start":{"line":14,"column":6},"end":{"line":14,"column":42}},"3":{"start":{"line":15,"column":6},"end":{"line":15,"column":44}},"4":{"start":{"line":18,"column":2},"end":{"line":59,"column":5}},"5":{"start":{"line":60,"column":2},"end":{"line":60,"column":21}}},"fnMap":{"0":{"name":"(anonymous_0)","decl":{"start":{"line":5,"column":17},"end":{"line":5,"column":18}},"loc":{"start":{"line":5,"column":43},"end":{"line":61,"column":1}},"line":5},"1":{"name":"(anonymous_1)","decl":{"start":{"line":12,"column":4},"end":{"line":12,"column":5}},"loc":{"start":{"line":12,"column":29},"end":{"line":16,"column":5}},"line":12}},"branchMap":{},"s":{"0":4,"1":4,"2":4,"3":4,"4":4,"5":4},"f":{"0":4,"1":4},"b":{},"_coverageSchema":"1a1c01bbd47fc00a2c39e90264f33305004495a9","hash":"f70bfdd356e5ec41c03509a01ba6d4294d45156a"}
,"D:\\Hacktiv8\\3. Phase 3\\final-project\\m-cure-server\\services\\app\\models\\user.js": {"path":"D:\\Hacktiv8\\3. Phase 3\\final-project\\m-cure-server\\services\\app\\models\\user.js","statementMap":{"0":{"start":{"line":4,"column":4},"end":{"line":4,"column":24}},"1":{"start":{"line":5,"column":25},"end":{"line":5,"column":53}},"2":{"start":{"line":6,"column":0},"end":{"line":108,"column":2}},"3":{"start":{"line":15,"column":6},"end":{"line":15,"column":32}},"4":{"start":{"line":16,"column":6},"end":{"line":18,"column":8}},"5":{"start":{"line":19,"column":6},"end":{"line":21,"column":8}},"6":{"start":{"line":24,"column":2},"end":{"line":106,"column":5}},"7":{"start":{"line":102,"column":8},"end":{"line":102,"column":59}},"8":{"start":{"line":107,"column":2},"end":{"line":107,"column":14}}},"fnMap":{"0":{"name":"(anonymous_0)","decl":{"start":{"line":6,"column":17},"end":{"line":6,"column":18}},"loc":{"start":{"line":6,"column":43},"end":{"line":108,"column":1}},"line":6},"1":{"name":"(anonymous_1)","decl":{"start":{"line":13,"column":4},"end":{"line":13,"column":5}},"loc":{"start":{"line":13,"column":29},"end":{"line":22,"column":5}},"line":13},"2":{"name":"(anonymous_2)","decl":{"start":{"line":101,"column":6},"end":{"line":101,"column":7}},"loc":{"start":{"line":101,"column":29},"end":{"line":103,"column":7}},"line":101}},"branchMap":{},"s":{"0":4,"1":4,"2":4,"3":4,"4":4,"5":4,"6":4,"7":14,"8":4},"f":{"0":4,"1":4,"2":14},"b":{},"_coverageSchema":"1a1c01bbd47fc00a2c39e90264f33305004495a9","hash":"2904f7c7359a2278beac9cf64f40447c5e233865"}
,"D:\\Hacktiv8\\3. Phase 3\\final-project\\m-cure-server\\services\\app\\models\\wallet.js": {"path":"D:\\Hacktiv8\\3. Phase 3\\final-project\\m-cure-server\\services\\app\\models\\wallet.js","statementMap":{"0":{"start":{"line":4,"column":4},"end":{"line":4,"column":24}},"1":{"start":{"line":5,"column":0},"end":{"line":40,"column":2}},"2":{"start":{"line":14,"column":6},"end":{"line":14,"column":35}},"3":{"start":{"line":15,"column":6},"end":{"line":15,"column":40}},"4":{"start":{"line":18,"column":2},"end":{"line":38,"column":5}},"5":{"start":{"line":39,"column":2},"end":{"line":39,"column":16}}},"fnMap":{"0":{"name":"(anonymous_0)","decl":{"start":{"line":5,"column":17},"end":{"line":5,"column":18}},"loc":{"start":{"line":5,"column":43},"end":{"line":40,"column":1}},"line":5},"1":{"name":"(anonymous_1)","decl":{"start":{"line":12,"column":4},"end":{"line":12,"column":5}},"loc":{"start":{"line":12,"column":29},"end":{"line":16,"column":5}},"line":12}},"branchMap":{},"s":{"0":4,"1":4,"2":4,"3":4,"4":4,"5":4},"f":{"0":4,"1":4},"b":{},"_coverageSchema":"1a1c01bbd47fc00a2c39e90264f33305004495a9","hash":"40191783bc3a11af12a6000150f128306ad1b9e2"}
,"D:\\Hacktiv8\\3. Phase 3\\final-project\\m-cure-server\\services\\app\\routes\\categoryRouter.js": {"path":"D:\\Hacktiv8\\3. Phase 3\\final-project\\m-cure-server\\services\\app\\routes\\categoryRouter.js","statementMap":{"0":{"start":{"line":1,"column":16},"end":{"line":1,"column":34}},"1":{"start":{"line":2,"column":15},"end":{"line":2,"column":31}},"2":{"start":{"line":3,"column":27},"end":{"line":3,"column":74}},"3":{"start":{"line":5,"column":0},"end":{"line":5,"column":52}},"4":{"start":{"line":7,"column":0},"end":{"line":7,"column":24}}},"fnMap":{},"branchMap":{},"s":{"0":4,"1":4,"2":4,"3":4,"4":4},"f":{},"b":{},"_coverageSchema":"1a1c01bbd47fc00a2c39e90264f33305004495a9","hash":"aeb8474cf2237661e0cc13bda089b85fd89cfc0a"}
,"D:\\Hacktiv8\\3. Phase 3\\final-project\\m-cure-server\\services\\app\\routes\\consultantRouter.js": {"path":"D:\\Hacktiv8\\3. Phase 3\\final-project\\m-cure-server\\services\\app\\routes\\consultantRouter.js","statementMap":{"0":{"start":{"line":1,"column":16},"end":{"line":1,"column":34}},"1":{"start":{"line":2,"column":15},"end":{"line":2,"column":31}},"2":{"start":{"line":3,"column":29},"end":{"line":3,"column":78}},"3":{"start":{"line":4,"column":26},"end":{"line":4,"column":69}},"4":{"start":{"line":5,"column":37},"end":{"line":5,"column":80}},"5":{"start":{"line":7,"column":0},"end":{"line":7,"column":53}},"6":{"start":{"line":8,"column":0},"end":{"line":8,"column":61}},"7":{"start":{"line":9,"column":0},"end":{"line":9,"column":60}},"8":{"start":{"line":10,"column":0},"end":{"line":10,"column":36}},"9":{"start":{"line":11,"column":0},"end":{"line":11,"column":55}},"10":{"start":{"line":12,"column":0},"end":{"line":12,"column":80}},"11":{"start":{"line":13,"column":0},"end":{"line":13,"column":78}},"12":{"start":{"line":15,"column":0},"end":{"line":15,"column":24}}},"fnMap":{},"branchMap":{},"s":{"0":4,"1":4,"2":4,"3":4,"4":4,"5":4,"6":4,"7":4,"8":4,"9":4,"10":4,"11":4,"12":4},"f":{},"b":{},"_coverageSchema":"1a1c01bbd47fc00a2c39e90264f33305004495a9","hash":"86e69061502f575d513db26f20ef0bed56a84156"}
,"D:\\Hacktiv8\\3. Phase 3\\final-project\\m-cure-server\\services\\app\\routes\\historyRouter.js": {"path":"D:\\Hacktiv8\\3. Phase 3\\final-project\\m-cure-server\\services\\app\\routes\\historyRouter.js","statementMap":{"0":{"start":{"line":1,"column":16},"end":{"line":1,"column":34}},"1":{"start":{"line":2,"column":19},"end":{"line":2,"column":62}},"2":{"start":{"line":3,"column":15},"end":{"line":3,"column":31}},"3":{"start":{"line":5,"column":0},"end":{"line":5,"column":47}},"4":{"start":{"line":6,"column":0},"end":{"line":6,"column":43}},"5":{"start":{"line":7,"column":0},"end":{"line":7,"column":54}},"6":{"start":{"line":8,"column":0},"end":{"line":8,"column":46}},"7":{"start":{"line":10,"column":0},"end":{"line":10,"column":24}}},"fnMap":{},"branchMap":{},"s":{"0":4,"1":4,"2":4,"3":4,"4":4,"5":4,"6":4,"7":4},"f":{},"b":{},"_coverageSchema":"1a1c01bbd47fc00a2c39e90264f33305004495a9","hash":"2808a55977b4c2839fcbaa55e66abe736b5d200d"}
,"D:\\Hacktiv8\\3. Phase 3\\final-project\\m-cure-server\\services\\app\\routes\\index.js": {"path":"D:\\Hacktiv8\\3. Phase 3\\final-project\\m-cure-server\\services\\app\\routes\\index.js","statementMap":{"0":{"start":{"line":1,"column":16},"end":{"line":1,"column":34}},"1":{"start":{"line":2,"column":15},"end":{"line":2,"column":31}},"2":{"start":{"line":3,"column":20},"end":{"line":3,"column":44}},"3":{"start":{"line":4,"column":23},"end":{"line":4,"column":50}},"4":{"start":{"line":5,"column":19},"end":{"line":5,"column":42}},"5":{"start":{"line":6,"column":25},"end":{"line":6,"column":54}},"6":{"start":{"line":7,"column":23},"end":{"line":7,"column":50}},"7":{"start":{"line":8,"column":32},"end":{"line":8,"column":72}},"8":{"start":{"line":10,"column":0},"end":{"line":10,"column":42}},"9":{"start":{"line":11,"column":0},"end":{"line":11,"column":33}},"10":{"start":{"line":12,"column":0},"end":{"line":12,"column":34}},"11":{"start":{"line":13,"column":0},"end":{"line":13,"column":32}},"12":{"start":{"line":14,"column":0},"end":{"line":14,"column":45}},"13":{"start":{"line":15,"column":0},"end":{"line":15,"column":40}},"14":{"start":{"line":17,"column":0},"end":{"line":17,"column":24}}},"fnMap":{},"branchMap":{},"s":{"0":4,"1":4,"2":4,"3":4,"4":4,"5":4,"6":4,"7":4,"8":4,"9":4,"10":4,"11":4,"12":4,"13":4,"14":4},"f":{},"b":{},"_coverageSchema":"1a1c01bbd47fc00a2c39e90264f33305004495a9","hash":"339a8955389abe056326830f265f6daa27520953"}
,"D:\\Hacktiv8\\3. Phase 3\\final-project\\m-cure-server\\services\\app\\routes\\loginRouter.js": {"path":"D:\\Hacktiv8\\3. Phase 3\\final-project\\m-cure-server\\services\\app\\routes\\loginRouter.js","statementMap":{"0":{"start":{"line":1,"column":16},"end":{"line":1,"column":34}},"1":{"start":{"line":2,"column":15},"end":{"line":2,"column":31}},"2":{"start":{"line":3,"column":24},"end":{"line":3,"column":68}},"3":{"start":{"line":5,"column":0},"end":{"line":5,"column":44}},"4":{"start":{"line":7,"column":0},"end":{"line":7,"column":23}}},"fnMap":{},"branchMap":{},"s":{"0":4,"1":4,"2":4,"3":4,"4":4},"f":{},"b":{},"_coverageSchema":"1a1c01bbd47fc00a2c39e90264f33305004495a9","hash":"94a794e0fed48585587130496a91e05fa2776372"}
,"D:\\Hacktiv8\\3. Phase 3\\final-project\\m-cure-server\\services\\app\\routes\\registerRouter.js": {"path":"D:\\Hacktiv8\\3. Phase 3\\final-project\\m-cure-server\\services\\app\\routes\\registerRouter.js","statementMap":{"0":{"start":{"line":1,"column":16},"end":{"line":1,"column":34}},"1":{"start":{"line":2,"column":15},"end":{"line":2,"column":31}},"2":{"start":{"line":3,"column":24},"end":{"line":3,"column":68}},"3":{"start":{"line":5,"column":0},"end":{"line":5,"column":53}},"4":{"start":{"line":6,"column":0},"end":{"line":6,"column":63}},"5":{"start":{"line":8,"column":0},"end":{"line":8,"column":24}}},"fnMap":{},"branchMap":{},"s":{"0":4,"1":4,"2":4,"3":4,"4":4,"5":4},"f":{},"b":{},"_coverageSchema":"1a1c01bbd47fc00a2c39e90264f33305004495a9","hash":"48cf981c7a556c3011a218a2f84c5c39fb6fe779"}
,"D:\\Hacktiv8\\3. Phase 3\\final-project\\m-cure-server\\services\\app\\routes\\transactionRouter.js": {"path":"D:\\Hacktiv8\\3. Phase 3\\final-project\\m-cure-server\\services\\app\\routes\\transactionRouter.js","statementMap":{"0":{"start":{"line":1,"column":16},"end":{"line":1,"column":34}},"1":{"start":{"line":2,"column":19},"end":{"line":2,"column":66}},"2":{"start":{"line":3,"column":15},"end":{"line":3,"column":31}},"3":{"start":{"line":5,"column":0},"end":{"line":5,"column":46}},"4":{"start":{"line":7,"column":0},"end":{"line":7,"column":47}},"5":{"start":{"line":9,"column":0},"end":{"line":9,"column":52}},"6":{"start":{"line":11,"column":0},"end":{"line":11,"column":49}},"7":{"start":{"line":13,"column":0},"end":{"line":13,"column":47}},"8":{"start":{"line":15,"column":0},"end":{"line":15,"column":52}},"9":{"start":{"line":17,"column":0},"end":{"line":17,"column":24}}},"fnMap":{},"branchMap":{},"s":{"0":4,"1":4,"2":4,"3":4,"4":4,"5":4,"6":4,"7":4,"8":4,"9":4},"f":{},"b":{},"_coverageSchema":"1a1c01bbd47fc00a2c39e90264f33305004495a9","hash":"0d897b922fb916f642b8136b14bf267aa1487a87"}
,"D:\\Hacktiv8\\3. Phase 3\\final-project\\m-cure-server\\services\\app\\routes\\userRouter.js": {"path":"D:\\Hacktiv8\\3. Phase 3\\final-project\\m-cure-server\\services\\app\\routes\\userRouter.js","statementMap":{"0":{"start":{"line":1,"column":16},"end":{"line":1,"column":34}},"1":{"start":{"line":2,"column":15},"end":{"line":2,"column":31}},"2":{"start":{"line":3,"column":23},"end":{"line":3,"column":66}},"3":{"start":{"line":4,"column":31},"end":{"line":4,"column":71}},"4":{"start":{"line":5,"column":26},"end":{"line":5,"column":56}},"5":{"start":{"line":6,"column":21},"end":{"line":6,"column":46}},"6":{"start":{"line":7,"column":25},"end":{"line":7,"column":54}},"7":{"start":{"line":8,"column":22},"end":{"line":8,"column":48}},"8":{"start":{"line":9,"column":29},"end":{"line":9,"column":78}},"9":{"start":{"line":11,"column":0},"end":{"line":11,"column":54}},"10":{"start":{"line":12,"column":0},"end":{"line":12,"column":48}},"11":{"start":{"line":13,"column":0},"end":{"line":13,"column":45}},"12":{"start":{"line":14,"column":0},"end":{"line":14,"column":31}},"13":{"start":{"line":15,"column":0},"end":{"line":15,"column":68}},"14":{"start":{"line":16,"column":0},"end":{"line":16,"column":49}},"15":{"start":{"line":17,"column":0},"end":{"line":17,"column":40}},"16":{"start":{"line":18,"column":0},"end":{"line":18,"column":47}},"17":{"start":{"line":19,"column":0},"end":{"line":19,"column":36}},"18":{"start":{"line":21,"column":0},"end":{"line":21,"column":24}}},"fnMap":{},"branchMap":{},"s":{"0":4,"1":4,"2":4,"3":4,"4":4,"5":4,"6":4,"7":4,"8":4,"9":4,"10":4,"11":4,"12":4,"13":4,"14":4,"15":4,"16":4,"17":4,"18":4},"f":{},"b":{},"_coverageSchema":"1a1c01bbd47fc00a2c39e90264f33305004495a9","hash":"4431e4ad76b4935037fc85544c6c676de7f2c456"}
,"D:\\Hacktiv8\\3. Phase 3\\final-project\\m-cure-server\\services\\app\\routes\\walletRouter.js": {"path":"D:\\Hacktiv8\\3. Phase 3\\final-project\\m-cure-server\\services\\app\\routes\\walletRouter.js","statementMap":{"0":{"start":{"line":1,"column":16},"end":{"line":1,"column":34}},"1":{"start":{"line":2,"column":19},"end":{"line":2,"column":61}},"2":{"start":{"line":3,"column":15},"end":{"line":3,"column":31}},"3":{"start":{"line":5,"column":0},"end":{"line":5,"column":40}},"4":{"start":{"line":13,"column":0},"end":{"line":13,"column":24}}},"fnMap":{},"branchMap":{},"s":{"0":4,"1":4,"2":4,"3":4,"4":4},"f":{},"b":{},"_coverageSchema":"1a1c01bbd47fc00a2c39e90264f33305004495a9","hash":"6c79fe34c1642e13064a47f111751a5d9c1e9065"}
}
