TN:
SF:app.js
FNF:0
FNH:0
DA:1,1
DA:2,1
DA:4,1
DA:5,1
DA:6,1
DA:7,1
DA:8,1
DA:9,1
DA:11,1
DA:12,1
DA:13,1
DA:15,1
DA:16,1
DA:18,1
LF:14
LH:14
BRDA:1,0,0,1
BRDA:1,0,1,0
BRDA:4,1,0,1
BRDA:4,1,1,0
BRF:4
BRH:2
end_of_record
TN:
SF:controllers\adminController.js
FN:7,(anonymous_0)
FN:32,(anonymous_1)
FN:57,(anonymous_2)
FNF:3
FNH:0
FNDA:0,(anonymous_0)
FNDA:0,(anonymous_1)
FNDA:0,(anonymous_2)
DA:1,1
DA:2,1
DA:3,1
DA:4,1
DA:8,0
DA:9,0
DA:10,0
DA:11,0
DA:24,0
DA:25,0
DA:27,0
DA:28,0
DA:33,0
DA:34,0
DA:35,0
DA:36,0
DA:49,0
DA:50,0
DA:52,0
DA:53,0
DA:58,0
DA:59,0
DA:60,0
DA:61,0
DA:62,0
DA:64,0
DA:70,0
DA:71,0
DA:73,0
DA:77,0
DA:78,0
DA:80,0
DA:84,0
DA:85,0
DA:86,0
DA:91,0
DA:92,0
DA:97,1
LF:38
LH:5
BRDA:61,0,0,0
BRDA:61,0,1,0
BRDA:62,1,0,0
BRDA:62,1,1,0
BRDA:70,2,0,0
BRDA:70,2,1,0
BRDA:77,3,0,0
BRDA:77,3,1,0
BRF:8
BRH:0
end_of_record
TN:
SF:controllers\categoryController.js
FN:4,(anonymous_0)
FN:11,(anonymous_1)
FNF:2
FNH:0
FNDA:0,(anonymous_0)
FNDA:0,(anonymous_1)
DA:1,1
DA:5,0
DA:6,0
DA:8,0
DA:9,0
DA:11,0
DA:12,0
DA:13,0
DA:14,0
DA:15,0
DA:19,0
DA:26,0
DA:31,1
LF:13
LH:2
BRDA:12,0,0,0
BRDA:12,0,1,0
BRDA:14,1,0,0
BRDA:14,1,1,0
BRF:4
BRH:0
end_of_record
TN:
SF:controllers\consultantController.js
FN:7,(anonymous_0)
FN:24,(anonymous_1)
FN:58,(anonymous_2)
FN:86,(anonymous_3)
FN:126,(anonymous_4)
FNF:5
FNH:0
FNDA:0,(anonymous_0)
FNDA:0,(anonymous_1)
FNDA:0,(anonymous_2)
FNDA:0,(anonymous_3)
FNDA:0,(anonymous_4)
DA:1,1
DA:2,1
DA:3,1
DA:4,1
DA:8,0
DA:9,0
DA:10,0
DA:16,0
DA:17,0
DA:19,0
DA:20,0
DA:25,0
DA:26,0
DA:27,0
DA:28,0
DA:35,0
DA:37,0
DA:50,0
DA:51,0
DA:53,0
DA:54,0
DA:59,0
DA:60,0
DA:61,0
DA:62,0
DA:69,0
DA:71,0
DA:78,0
DA:79,0
DA:81,0
DA:82,0
DA:87,0
DA:88,0
DA:89,0
DA:90,0
DA:91,0
DA:93,0
DA:99,0
DA:100,0
DA:102,0
DA:106,0
DA:107,0
DA:109,0
DA:114,0
DA:115,0
DA:116,0
DA:121,0
DA:122,0
DA:127,0
DA:128,0
DA:129,0
DA:130,0
DA:132,0
DA:145,0
DA:147,0
DA:148,0
DA:150,0
DA:151,0
DA:156,1
LF:59
LH:5
BRDA:35,0,0,0
BRDA:35,0,1,0
BRDA:69,1,0,0
BRDA:69,1,1,0
BRDA:90,2,0,0
BRDA:90,2,1,0
BRDA:91,3,0,0
BRDA:91,3,1,0
BRDA:99,4,0,0
BRDA:99,4,1,0
BRDA:106,5,0,0
BRDA:106,5,1,0
BRDA:145,6,0,0
BRDA:145,6,1,0
BRF:14
BRH:0
end_of_record
TN:
SF:controllers\historyController.js
FN:6,(anonymous_0)
FN:37,(anonymous_1)
FN:57,(anonymous_2)
FN:78,(anonymous_3)
FN:97,(anonymous_4)
FN:127,(anonymous_5)
FNF:6
FNH:5
FNDA:1,(anonymous_0)
FNDA:2,(anonymous_1)
FNDA:2,(anonymous_2)
FNDA:1,(anonymous_3)
FNDA:3,(anonymous_4)
FNDA:0,(anonymous_5)
DA:1,1
DA:2,1
DA:3,1
DA:7,1
DA:8,1
DA:9,1
DA:11,1
DA:18,1
DA:19,1
DA:20,0
DA:26,0
DA:29,1
DA:30,1
DA:32,1
DA:33,0
DA:38,2
DA:39,2
DA:40,2
DA:42,2
DA:49,2
DA:50,2
DA:52,0
DA:53,0
DA:58,2
DA:59,2
DA:60,2
DA:62,2
DA:70,2
DA:71,2
DA:73,0
DA:74,0
DA:79,1
DA:80,1
DA:81,1
DA:83,1
DA:84,1
DA:89,1
DA:90,1
DA:92,0
DA:93,0
DA:98,3
DA:99,3
DA:100,3
DA:101,3
DA:103,3
DA:104,3
DA:106,3
DA:119,2
DA:120,2
DA:122,1
DA:123,1
DA:128,0
DA:129,0
DA:131,0
DA:132,0
DA:134,0
DA:137,0
DA:150,0
DA:151,0
DA:153,0
DA:154,0
DA:159,1
LF:62
LH:43
BRDA:131,0,0,0
BRDA:131,0,1,0
BRF:2
BRH:0
end_of_record
TN:
SF:controllers\transactionController.js
FN:5,(anonymous_0)
FN:30,(anonymous_1)
FN:94,(anonymous_2)
FN:191,(anonymous_3)
FN:242,(anonymous_4)
FN:279,(anonymous_5)
FN:404,(anonymous_6)
FNF:7
FNH:0
FNDA:0,(anonymous_0)
FNDA:0,(anonymous_1)
FNDA:0,(anonymous_2)
FNDA:0,(anonymous_3)
FNDA:0,(anonymous_4)
FNDA:0,(anonymous_5)
FNDA:0,(anonymous_6)
DA:1,1
DA:2,1
DA:6,0
DA:7,0
DA:9,0
DA:14,0
DA:22,0
DA:26,0
DA:31,0
DA:32,0
DA:34,0
DA:35,0
DA:37,0
DA:44,0
DA:52,0
DA:56,0
DA:58,0
DA:60,0
DA:64,0
DA:69,0
DA:70,0
DA:75,0
DA:78,0
DA:83,0
DA:85,0
DA:89,0
DA:90,0
DA:95,0
DA:96,0
DA:97,0
DA:98,0
DA:99,0
DA:105,0
DA:107,0
DA:115,0
DA:119,0
DA:121,0
DA:129,0
DA:131,0
DA:135,0
DA:137,0
DA:141,0
DA:146,0
DA:151,0
DA:154,0
DA:157,0
DA:162,0
DA:167,0
DA:170,0
DA:175,0
DA:180,0
DA:182,0
DA:186,0
DA:187,0
DA:192,0
DA:193,0
DA:194,0
DA:196,0
DA:200,0
DA:202,0
DA:206,0
DA:210,0
DA:212,0
DA:217,0
DA:218,0
DA:223,0
DA:226,0
DA:231,0
DA:233,0
DA:237,0
DA:238,0
DA:243,0
DA:244,0
DA:246,0
DA:247,0
DA:252,0
DA:258,0
DA:259,0
DA:260,0
DA:262,0
DA:263,0
DA:265,0
DA:266,0
DA:269,0
DA:270,0
DA:271,0
DA:272,0
DA:273,0
DA:274,0
DA:275,0
DA:276,0
DA:278,0
DA:279,0
DA:280,0
DA:282,0
DA:286,0
DA:291,0
DA:292,0
DA:309,0
DA:310,0
DA:325,0
DA:327,0
DA:332,0
DA:333,0
DA:335,0
DA:336,0
DA:337,0
DA:338,0
DA:339,0
DA:340,0
DA:342,0
DA:343,0
DA:344,0
DA:345,0
DA:346,0
DA:350,0
DA:352,0
DA:353,0
DA:354,0
DA:355,0
DA:357,0
DA:360,0
DA:361,0
DA:363,0
DA:364,0
DA:365,0
DA:366,0
DA:370,0
DA:373,0
DA:374,0
DA:378,0
DA:383,0
DA:384,0
DA:387,0
DA:388,0
DA:391,0
DA:400,0
DA:405,0
DA:406,0
DA:407,0
DA:408,0
DA:414,0
DA:421,0
DA:423,0
DA:427,0
DA:432,1
LF:146
LH:3
BRDA:64,0,0,0
BRDA:64,0,1,0
BRDA:65,1,0,0
BRDA:65,1,1,0
BRDA:65,1,2,0
BRDA:70,2,0,0
BRDA:70,2,1,0
BRDA:71,3,0,0
BRDA:71,3,1,0
BRDA:71,3,2,0
BRDA:119,4,0,0
BRDA:119,4,1,0
BRDA:141,5,0,0
BRDA:141,5,1,0
BRDA:142,6,0,0
BRDA:142,6,1,0
BRDA:142,6,2,0
BRDA:146,7,0,0
BRDA:146,7,1,0
BRDA:147,8,0,0
BRDA:147,8,1,0
BRDA:147,8,2,0
BRDA:157,9,0,0
BRDA:157,9,1,0
BRDA:158,10,0,0
BRDA:158,10,1,0
BRDA:158,10,2,0
BRDA:162,11,0,0
BRDA:162,11,1,0
BRDA:163,12,0,0
BRDA:163,12,1,0
BRDA:163,12,2,0
BRDA:200,13,0,0
BRDA:200,13,1,0
BRDA:212,14,0,0
BRDA:212,14,1,0
BRDA:213,15,0,0
BRDA:213,15,1,0
BRDA:213,15,2,0
BRDA:218,16,0,0
BRDA:218,16,1,0
BRDA:219,17,0,0
BRDA:219,17,1,0
BRDA:219,17,2,0
BRDA:262,18,0,0
BRDA:262,18,1,0
BRDA:265,19,0,0
BRDA:265,19,1,0
BRDA:278,20,0,0
BRDA:278,20,1,0
BRDA:282,21,0,0
BRDA:282,21,1,0
BRDA:283,22,0,0
BRDA:283,22,1,0
BRDA:286,23,0,0
BRDA:286,23,1,0
BRDA:287,24,0,0
BRDA:287,24,1,0
BRDA:287,24,2,0
BRDA:292,25,0,0
BRDA:292,25,1,0
BRDA:293,26,0,0
BRDA:293,26,1,0
BRDA:293,26,2,0
BRDA:293,26,3,0
BRDA:293,26,4,0
BRDA:293,26,5,0
BRDA:293,26,6,0
BRDA:293,26,7,0
BRDA:293,26,8,0
BRDA:293,26,9,0
BRDA:293,26,10,0
BRDA:293,26,11,0
BRDA:293,26,12,0
BRDA:293,26,13,0
BRDA:293,26,14,0
BRDA:310,27,0,0
BRDA:310,27,1,0
BRDA:311,28,0,0
BRDA:311,28,1,0
BRDA:311,28,2,0
BRDA:311,28,3,0
BRDA:311,28,4,0
BRDA:311,28,5,0
BRDA:311,28,6,0
BRDA:311,28,7,0
BRDA:311,28,8,0
BRDA:311,28,9,0
BRDA:311,28,10,0
BRDA:311,28,11,0
BRDA:311,28,12,0
BRDA:335,29,0,0
BRDA:335,29,1,0
BRDA:336,30,0,0
BRDA:336,30,1,0
BRDA:352,31,0,0
BRDA:352,31,1,0
BRDA:352,32,0,0
BRDA:352,32,1,0
BRDA:354,33,0,0
BRDA:354,33,1,0
BRDA:364,34,0,0
BRDA:364,34,1,0
BRDA:365,35,0,0
BRDA:365,35,1,0
BRDA:373,36,0,0
BRDA:373,36,1,0
BRDA:421,37,0,0
BRDA:421,37,1,0
BRF:109
BRH:0
end_of_record
TN:
SF:controllers\userController.js
FN:7,(anonymous_0)
FN:42,(anonymous_1)
FN:82,(anonymous_2)
FN:103,(anonymous_3)
FNF:4
FNH:0
FNDA:0,(anonymous_0)
FNDA:0,(anonymous_1)
FNDA:0,(anonymous_2)
FNDA:0,(anonymous_3)
DA:1,1
DA:2,1
DA:3,1
DA:4,1
DA:8,0
DA:9,0
DA:10,0
DA:11,0
DA:25,0
DA:34,0
DA:35,0
DA:37,0
DA:38,0
DA:43,0
DA:44,0
DA:45,0
DA:46,0
DA:47,0
DA:49,0
DA:55,0
DA:56,0
DA:58,0
DA:62,0
DA:63,0
DA:65,0
DA:70,0
DA:71,0
DA:72,0
DA:77,0
DA:78,0
DA:83,0
DA:84,0
DA:85,0
DA:87,0
DA:95,0
DA:96,0
DA:98,0
DA:99,0
DA:104,0
DA:105,0
DA:106,0
DA:107,0
DA:109,0
DA:116,0
DA:118,0
DA:119,0
DA:131,0
DA:144,0
DA:151,0
DA:152,0
DA:154,0
DA:155,0
DA:160,1
LF:53
LH:5
BRDA:46,0,0,0
BRDA:46,0,1,0
BRDA:47,1,0,0
BRDA:47,1,1,0
BRDA:55,2,0,0
BRDA:55,2,1,0
BRDA:62,3,0,0
BRDA:62,3,1,0
BRDA:116,4,0,0
BRDA:116,4,1,0
BRDA:118,5,0,0
BRDA:118,5,1,0
BRF:12
BRH:0
end_of_record
TN:
SF:controllers\walletController.js
FN:11,(anonymous_0)
FN:28,(anonymous_1)
FNF:2
FNH:0
FNDA:0,(anonymous_0)
FNDA:0,(anonymous_1)
DA:1,1
DA:3,1
DA:4,1
DA:12,0
DA:13,0
DA:14,0
DA:20,0
DA:24,0
DA:29,0
DA:31,0
DA:82,0
DA:84,0
DA:86,0
DA:88,0
DA:93,0
DA:98,1
LF:16
LH:4
BRF:0
BRH:0
end_of_record
TN:
SF:helpers\bcrypt.js
FN:3,(anonymous_0)
FN:7,(anonymous_1)
FNF:2
FNH:1
FNDA:1,(anonymous_0)
FNDA:0,(anonymous_1)
DA:1,1
DA:3,1
DA:4,1
DA:7,1
DA:8,0
DA:11,1
LF:6
LH:5
BRF:0
BRH:0
end_of_record
TN:
SF:helpers\jwt.js
FN:4,(anonymous_0)
FN:8,(anonymous_1)
FNF:2
FNH:2
FNDA:3,(anonymous_0)
FNDA:9,(anonymous_1)
DA:1,1
DA:2,1
DA:4,1
DA:5,3
DA:8,1
DA:9,9
DA:12,1
LF:7
LH:7
BRF:0
BRH:0
end_of_record
TN:
SF:middlewares\authentication.js
FN:4,(anonymous_0)
FN:23,(anonymous_1)
FN:42,(anonymous_2)
FNF:3
FNH:2
FNDA:0,(anonymous_0)
FNDA:5,(anonymous_1)
FNDA:4,(anonymous_2)
DA:1,1
DA:2,1
DA:4,1
DA:5,0
DA:6,0
DA:7,0
DA:8,0
DA:9,0
DA:10,0
DA:12,0
DA:17,0
DA:19,0
DA:23,1
DA:24,5
DA:25,5
DA:26,5
DA:27,5
DA:28,5
DA:29,0
DA:31,5
DA:36,5
DA:38,0
DA:42,1
DA:43,4
DA:44,4
DA:45,4
DA:46,4
DA:47,4
DA:48,0
DA:50,4
DA:55,4
DA:57,0
DA:61,1
LF:33
LH:20
BRDA:9,0,0,0
BRDA:9,0,1,0
BRDA:9,1,0,0
BRDA:9,1,1,0
BRDA:28,2,0,0
BRDA:28,2,1,5
BRDA:28,3,0,5
BRDA:28,3,1,5
BRDA:47,4,0,0
BRDA:47,4,1,4
BRDA:47,5,0,4
BRDA:47,5,1,4
BRF:12
BRH:6
end_of_record
TN:
SF:middlewares\errorHandler.js
FN:1,(anonymous_0)
FN:4,(anonymous_1)
FNF:2
FNH:2
FNDA:1,(anonymous_0)
FNDA:1,(anonymous_1)
DA:1,1
DA:2,1
DA:3,1
DA:4,1
DA:5,1
DA:8,0
DA:9,0
DA:12,0
DA:13,0
DA:16,0
DA:17,0
DA:20,0
DA:21,0
DA:24,0
DA:28,0
DA:31,0
DA:32,0
DA:35,0
DA:36,0
DA:39,0
DA:40,0
DA:44,0
DA:45,0
DA:51,1
LF:24
LH:6
BRDA:3,0,0,1
BRDA:3,0,1,0
BRDA:8,1,0,0
BRDA:8,1,1,0
BRDA:12,2,0,0
BRDA:12,2,1,0
BRDA:16,3,0,0
BRDA:16,3,1,0
BRDA:20,4,0,0
BRDA:20,4,1,0
BRDA:24,5,0,0
BRDA:24,5,1,0
BRDA:25,6,0,0
BRDA:25,6,1,0
BRDA:31,7,0,0
BRDA:31,7,1,0
BRDA:35,8,0,0
BRDA:35,8,1,0
BRDA:39,9,0,0
BRDA:39,9,1,0
BRF:20
BRH:1
end_of_record
TN:
SF:models\category.js
FN:5,(anonymous_0)
FN:12,(anonymous_1)
FNF:2
FNH:2
FNDA:1,(anonymous_0)
FNDA:1,(anonymous_1)
DA:4,1
DA:5,1
DA:14,1
DA:17,1
DA:25,1
LF:5
LH:5
BRF:0
BRH:0
end_of_record
TN:
SF:models\history.js
FN:5,(anonymous_0)
FN:12,(anonymous_1)
FNF:2
FNH:2
FNDA:1,(anonymous_0)
FNDA:1,(anonymous_1)
DA:4,1
DA:5,1
DA:14,1
DA:19,1
DA:40,1
LF:5
LH:5
BRF:0
BRH:0
end_of_record
TN:
SF:models\index.js
FN:20,(anonymous_0)
FN:23,(anonymous_1)
FN:28,(anonymous_2)
FNF:3
FNH:3
FNDA:6,(anonymous_0)
FNDA:5,(anonymous_1)
FNDA:5,(anonymous_2)
DA:3,1
DA:4,1
DA:5,1
DA:6,1
DA:7,1
DA:8,1
DA:9,1
DA:12,1
DA:13,0
DA:15,1
DA:18,1
DA:21,6
DA:24,5
DA:25,5
DA:28,1
DA:29,5
DA:30,5
DA:34,1
DA:35,1
DA:37,1
LF:20
LH:19
BRDA:7,0,0,1
BRDA:7,0,1,0
BRDA:12,1,0,0
BRDA:12,1,1,1
BRDA:21,2,0,6
BRDA:21,2,1,6
BRDA:21,2,2,5
BRDA:29,3,0,5
BRDA:29,3,1,0
BRF:9
BRH:6
end_of_record
TN:
SF:models\transaction.js
FN:5,(anonymous_0)
FN:12,(anonymous_1)
FNF:2
FNH:2
FNDA:1,(anonymous_0)
FNDA:1,(anonymous_1)
DA:4,1
DA:5,1
DA:14,1
DA:15,1
DA:18,1
DA:60,1
LF:6
LH:6
BRF:0
BRH:0
end_of_record
TN:
SF:models\user.js
FN:6,(anonymous_0)
FN:13,(anonymous_1)
FN:101,(anonymous_2)
FNF:3
FNH:3
FNDA:1,(anonymous_0)
FNDA:1,(anonymous_1)
FNDA:1,(anonymous_2)
DA:4,1
DA:5,1
DA:6,1
DA:15,1
DA:16,1
DA:19,1
DA:24,1
DA:102,1
DA:107,1
LF:9
LH:9
BRF:0
BRH:0
end_of_record
TN:
SF:models\wallet.js
FN:5,(anonymous_0)
FN:12,(anonymous_1)
FNF:2
FNH:2
FNDA:1,(anonymous_0)
FNDA:1,(anonymous_1)
DA:4,1
DA:5,1
DA:14,1
DA:15,1
DA:18,1
DA:39,1
LF:6
LH:6
BRF:0
BRH:0
end_of_record
TN:
SF:routes\categoryRouter.js
FNF:0
FNH:0
DA:1,1
DA:2,1
DA:3,1
DA:5,1
DA:7,1
LF:5
LH:5
BRF:0
BRH:0
end_of_record
TN:
SF:routes\consultantRouter.js
FNF:0
FNH:0
DA:1,1
DA:2,1
DA:3,1
DA:4,1
DA:5,1
DA:7,1
DA:8,1
DA:9,1
DA:10,1
DA:11,1
DA:12,1
DA:13,1
DA:15,1
LF:13
LH:13
BRF:0
BRH:0
end_of_record
TN:
SF:routes\historyRouter.js
FNF:0
FNH:0
DA:1,1
DA:2,1
DA:3,1
DA:5,1
DA:6,1
DA:7,1
DA:8,1
DA:11,1
LF:8
LH:8
BRF:0
BRH:0
end_of_record
TN:
SF:routes\index.js
FNF:0
FNH:0
DA:1,1
DA:2,1
DA:3,1
DA:4,1
DA:5,1
DA:6,1
DA:7,1
DA:8,1
DA:9,1
DA:10,1
DA:11,1
DA:13,1
DA:14,1
DA:15,1
DA:16,1
DA:17,1
DA:18,1
DA:19,1
DA:20,1
DA:21,1
DA:23,1
LF:21
LH:21
BRF:0
BRH:0
end_of_record
TN:
SF:routes\loginRouter.js
FNF:0
FNH:0
DA:1,1
DA:2,1
DA:3,1
DA:5,1
DA:7,1
LF:5
LH:5
BRF:0
BRH:0
end_of_record
TN:
SF:routes\registerRouter.js
FNF:0
FNH:0
DA:1,1
DA:2,1
DA:3,1
DA:5,1
DA:6,1
DA:8,1
LF:6
LH:6
BRF:0
BRH:0
end_of_record
TN:
SF:routes\transactionRouter.js
FNF:0
FNH:0
DA:1,1
DA:2,1
DA:3,1
DA:5,1
DA:7,1
DA:9,1
DA:11,1
DA:13,1
DA:15,1
DA:17,1
LF:10
LH:10
BRF:0
BRH:0
end_of_record
TN:
SF:routes\userRouter.js
FNF:0
FNH:0
DA:1,1
DA:2,1
DA:3,1
DA:4,1
DA:5,1
DA:6,1
DA:7,1
DA:8,1
DA:9,1
DA:10,1
DA:12,1
DA:13,1
DA:14,1
DA:15,1
DA:16,1
DA:17,1
DA:18,1
DA:19,1
DA:20,1
DA:21,1
DA:22,1
DA:24,1
LF:22
LH:22
BRF:0
BRH:0
end_of_record
TN:
SF:routes\walletRouter.js
FNF:0
FNH:0
DA:1,1
DA:2,1
DA:3,1
DA:5,1
DA:13,1
LF:5
LH:5
BRF:0
BRH:0
end_of_record
