TN:
SF:app.js
FNF:0
FNH:0
DA:1,4
DA:2,4
DA:4,4
DA:5,4
DA:6,4
DA:7,4
DA:8,4
DA:9,4
DA:11,4
DA:12,4
DA:13,4
DA:15,4
DA:16,4
DA:18,4
LF:14
LH:14
BRDA:1,0,0,4
BRDA:1,0,1,0
BRDA:4,1,0,4
BRDA:4,1,1,0
BRF:4
BRH:2
end_of_record
TN:
SF:socketConfig.js
FN:15,(anonymous_0)
FN:18,(anonymous_1)
FNF:2
FNH:1
FNDA:1,(anonymous_0)
FNDA:0,(anonymous_1)
DA:1,1
DA:2,1
DA:3,1
DA:4,1
DA:5,1
DA:7,1
DA:15,1
DA:16,1
DA:18,1
DA:19,0
DA:24,1
LF:11
LH:10
BRF:0
BRH:0
end_of_record
TN:
SF:controllers\adminController.js
FN:7,(anonymous_0)
FN:31,(anonymous_1)
FN:55,(anonymous_2)
FNF:3
FNH:3
FNDA:5,(anonymous_0)
FNDA:5,(anonymous_1)
FNDA:5,(anonymous_2)
DA:1,4
DA:2,4
DA:3,4
DA:4,4
DA:8,5
DA:9,5
DA:10,5
DA:11,5
DA:23,1
DA:24,1
DA:26,4
DA:27,4
DA:32,5
DA:33,5
DA:34,5
DA:35,5
DA:47,1
DA:48,1
DA:50,4
DA:51,4
DA:56,5
DA:57,5
DA:58,5
DA:59,5
DA:60,4
DA:62,3
DA:68,3
DA:69,1
DA:71,2
DA:75,2
DA:76,1
DA:78,1
DA:82,1
DA:83,1
DA:84,1
DA:89,4
DA:90,4
DA:95,4
LF:38
LH:38
BRDA:59,0,0,1
BRDA:59,0,1,4
BRDA:60,1,0,1
BRDA:60,1,1,3
BRDA:68,2,0,1
BRDA:68,2,1,2
BRDA:75,3,0,1
BRDA:75,3,1,1
BRF:8
BRH:8
end_of_record
TN:
SF:controllers\categoryController.js
FN:4,(anonymous_0)
FN:11,(anonymous_1)
FNF:2
FNH:2
FNDA:2,(anonymous_0)
FNDA:36,(anonymous_1)
DA:1,4
DA:5,2
DA:6,2
DA:8,1
DA:9,1
DA:11,1
DA:12,36
DA:13,4
DA:14,32
DA:15,28
DA:19,1
DA:26,1
DA:31,4
LF:13
LH:13
BRDA:12,0,0,4
BRDA:12,0,1,32
BRDA:14,1,0,28
BRDA:14,1,1,4
BRF:4
BRH:4
end_of_record
TN:
SF:controllers\consultantController.js
FN:5,(anonymous_0)
FN:22,(anonymous_1)
FNF:2
FNH:2
FNDA:1,(anonymous_0)
FNDA:2,(anonymous_1)
DA:1,4
DA:2,4
DA:6,1
DA:7,1
DA:8,1
DA:14,1
DA:15,1
DA:17,0
DA:18,0
DA:23,2
DA:24,2
DA:25,2
DA:26,2
DA:33,2
DA:35,1
DA:42,1
DA:43,1
DA:45,1
DA:46,1
DA:51,4
LF:20
LH:18
BRDA:33,0,0,1
BRDA:33,0,1,1
BRF:2
BRH:2
end_of_record
TN:
SF:controllers\historyController.js
FN:5,(anonymous_0)
FN:23,(anonymous_1)
FN:42,(anonymous_2)
FNF:3
FNH:3
FNDA:2,(anonymous_0)
FNDA:2,(anonymous_1)
FNDA:2,(anonymous_2)
DA:1,4
DA:2,4
DA:6,2
DA:7,2
DA:8,2
DA:10,2
DA:15,1
DA:16,1
DA:18,1
DA:19,1
DA:24,2
DA:25,2
DA:26,2
DA:28,2
DA:29,2
DA:34,1
DA:35,1
DA:37,1
DA:38,1
DA:43,2
DA:44,2
DA:45,2
DA:47,2
DA:49,2
DA:50,2
DA:61,1
DA:62,1
DA:64,1
DA:65,1
DA:70,4
LF:30
LH:30
BRF:0
BRH:0
end_of_record
TN:
SF:controllers\transactionController.js
FN:5,(anonymous_0)
FN:29,(anonymous_1)
FN:95,(anonymous_2)
FN:192,(anonymous_3)
FN:243,(anonymous_4)
FN:279,(anonymous_5)
FN:405,(anonymous_6)
FNF:7
FNH:7
FNDA:2,(anonymous_0)
FNDA:8,(anonymous_1)
FNDA:5,(anonymous_2)
FNDA:3,(anonymous_3)
FNDA:4,(anonymous_4)
FNDA:7,(anonymous_5)
FNDA:2,(anonymous_6)
DA:1,4
DA:2,4
DA:6,2
DA:7,2
DA:9,2
DA:14,1
DA:21,1
DA:25,1
DA:30,8
DA:31,8
DA:33,8
DA:34,8
DA:36,8
DA:43,8
DA:51,8
DA:55,7
DA:59,7
DA:61,7
DA:65,7
DA:70,2
DA:71,5
DA:76,5
DA:79,7
DA:84,7
DA:86,7
DA:90,1
DA:91,1
DA:96,5
DA:97,5
DA:98,5
DA:99,5
DA:100,5
DA:106,5
DA:108,5
DA:116,5
DA:120,5
DA:122,4
DA:130,4
DA:132,4
DA:136,4
DA:138,4
DA:142,4
DA:147,2
DA:152,1
DA:155,1
DA:158,2
DA:163,2
DA:168,1
DA:171,1
DA:176,4
DA:181,4
DA:183,4
DA:187,1
DA:188,1
DA:193,3
DA:194,3
DA:195,3
DA:197,3
DA:201,3
DA:203,2
DA:207,2
DA:211,2
DA:213,2
DA:218,1
DA:219,1
DA:224,1
DA:227,2
DA:232,2
DA:234,2
DA:238,1
DA:239,1
DA:244,4
DA:245,4
DA:247,4
DA:248,4
DA:253,3
DA:258,3
DA:259,3
DA:260,3
DA:262,3
DA:263,1
DA:265,3
DA:266,1
DA:269,3
DA:270,3
DA:271,3
DA:272,3
DA:273,3
DA:274,3
DA:275,3
DA:276,3
DA:278,3
DA:279,3
DA:280,7
DA:282,7
DA:286,7
DA:291,2
DA:292,5
DA:309,3
DA:310,2
DA:326,1
DA:328,7
DA:333,3
DA:334,3
DA:336,3
DA:337,3
DA:338,2
DA:339,2
DA:340,2
DA:341,2
DA:343,1
DA:344,1
DA:345,1
DA:346,1
DA:347,1
DA:351,3
DA:353,3
DA:354,1
DA:355,2
DA:356,1
DA:358,1
DA:361,3
DA:362,3
DA:364,3
DA:365,7
DA:366,5
DA:367,5
DA:371,5
DA:374,2
DA:375,2
DA:379,2
DA:384,3
DA:385,5
DA:388,3
DA:389,2
DA:392,3
DA:401,1
DA:406,2
DA:407,2
DA:408,2
DA:409,2
DA:415,2
DA:422,2
DA:424,1
DA:428,1
DA:433,4
LF:146
LH:146
BRDA:65,0,0,2
BRDA:65,0,1,5
BRDA:66,1,0,7
BRDA:66,1,1,5
BRDA:66,1,2,5
BRDA:71,2,0,5
BRDA:71,2,1,0
BRDA:72,3,0,5
BRDA:72,3,1,0
BRDA:72,3,2,0
BRDA:120,4,0,1
BRDA:120,4,1,4
BRDA:142,5,0,2
BRDA:142,5,1,2
BRDA:143,6,0,4
BRDA:143,6,1,2
BRDA:143,6,2,2
BRDA:147,7,0,1
BRDA:147,7,1,1
BRDA:148,8,0,2
BRDA:148,8,1,1
BRDA:148,8,2,1
BRDA:158,9,0,2
BRDA:158,9,1,0
BRDA:159,10,0,2
BRDA:159,10,1,0
BRDA:159,10,2,0
BRDA:163,11,0,1
BRDA:163,11,1,1
BRDA:164,12,0,2
BRDA:164,12,1,1
BRDA:164,12,2,1
BRDA:201,13,0,1
BRDA:201,13,1,2
BRDA:213,14,0,1
BRDA:213,14,1,1
BRDA:214,15,0,2
BRDA:214,15,1,1
BRDA:214,15,2,1
BRDA:219,16,0,1
BRDA:219,16,1,0
BRDA:220,17,0,1
BRDA:220,17,1,0
BRDA:220,17,2,0
BRDA:262,18,0,1
BRDA:262,18,1,2
BRDA:265,19,0,1
BRDA:265,19,1,2
BRDA:278,20,0,3
BRDA:278,20,1,0
BRDA:282,21,0,7
BRDA:282,21,1,0
BRDA:283,22,0,7
BRDA:283,22,1,7
BRDA:286,23,0,2
BRDA:286,23,1,5
BRDA:287,24,0,7
BRDA:287,24,1,5
BRDA:287,24,2,5
BRDA:292,25,0,3
BRDA:292,25,1,2
BRDA:293,26,0,5
BRDA:293,26,1,5
BRDA:293,26,2,4
BRDA:293,26,3,4
BRDA:293,26,4,4
BRDA:293,26,5,4
BRDA:293,26,6,3
BRDA:293,26,7,3
BRDA:293,26,8,3
BRDA:293,26,9,3
BRDA:293,26,10,3
BRDA:293,26,11,3
BRDA:293,26,12,3
BRDA:293,26,13,3
BRDA:293,26,14,2
BRDA:310,27,0,1
BRDA:310,27,1,1
BRDA:311,28,0,2
BRDA:311,28,1,2
BRDA:311,28,2,2
BRDA:311,28,3,1
BRDA:311,28,4,1
BRDA:311,28,5,1
BRDA:311,28,6,1
BRDA:311,28,7,1
BRDA:311,28,8,1
BRDA:311,28,9,1
BRDA:311,28,10,1
BRDA:311,28,11,1
BRDA:311,28,12,1
BRDA:311,28,13,1
BRDA:336,29,0,3
BRDA:336,29,1,0
BRDA:337,30,0,2
BRDA:337,30,1,1
BRDA:353,31,0,1
BRDA:353,31,1,2
BRDA:353,32,0,3
BRDA:353,32,1,1
BRDA:355,33,0,1
BRDA:355,33,1,1
BRDA:365,34,0,5
BRDA:365,34,1,2
BRDA:366,35,0,5
BRDA:366,35,1,0
BRDA:374,36,0,2
BRDA:374,36,1,0
BRDA:422,37,0,1
BRDA:422,37,1,1
BRF:110
BRH:96
end_of_record
TN:
SF:controllers\userController.js
FN:7,(anonymous_0)
FN:41,(anonymous_1)
FN:81,(anonymous_2)
FNF:3
FNH:3
FNDA:5,(anonymous_0)
FNDA:5,(anonymous_1)
FNDA:1,(anonymous_2)
DA:1,4
DA:2,4
DA:3,4
DA:4,4
DA:8,5
DA:9,5
DA:10,5
DA:11,5
DA:24,1
DA:33,1
DA:34,1
DA:36,4
DA:37,4
DA:42,5
DA:43,5
DA:44,5
DA:45,5
DA:46,4
DA:48,3
DA:54,3
DA:55,1
DA:57,2
DA:61,2
DA:62,1
DA:64,1
DA:69,1
DA:70,1
DA:71,1
DA:76,4
DA:77,4
DA:82,1
DA:83,1
DA:84,1
DA:86,1
DA:93,1
DA:94,1
DA:96,0
DA:97,0
DA:102,4
LF:39
LH:37
BRDA:45,0,0,1
BRDA:45,0,1,4
BRDA:46,1,0,1
BRDA:46,1,1,3
BRDA:54,2,0,1
BRDA:54,2,1,2
BRDA:61,3,0,1
BRDA:61,3,1,1
BRF:8
BRH:8
end_of_record
TN:
SF:controllers\walletController.js
FN:4,(anonymous_0)
FNF:1
FNH:1
FNDA:2,(anonymous_0)
DA:1,4
DA:5,2
DA:6,2
DA:7,2
DA:13,1
DA:17,1
DA:22,4
LF:7
LH:7
BRF:0
BRH:0
end_of_record
TN:
SF:helpers\bcrypt.js
FN:3,(anonymous_0)
FN:7,(anonymous_1)
FNF:2
FNH:2
FNDA:10,(anonymous_0)
FNDA:4,(anonymous_1)
DA:1,4
DA:3,4
DA:4,10
DA:7,4
DA:8,4
DA:11,4
LF:6
LH:6
BRF:0
BRH:0
end_of_record
TN:
SF:helpers\jwt.js
FN:4,(anonymous_0)
FN:8,(anonymous_1)
FNF:2
FNH:2
FNDA:13,(anonymous_0)
FNDA:49,(anonymous_1)
DA:1,4
DA:2,4
DA:4,4
DA:5,13
DA:8,4
DA:9,49
DA:12,4
LF:7
LH:7
BRF:0
BRH:0
end_of_record
TN:
SF:middlewares\authentication.js
FN:4,(anonymous_0)
FN:23,(anonymous_1)
FNF:2
FNH:2
FNDA:15,(anonymous_0)
FNDA:34,(anonymous_1)
DA:1,4
DA:2,4
DA:4,4
DA:5,15
DA:6,15
DA:7,15
DA:8,14
DA:9,14
DA:10,1
DA:12,13
DA:17,13
DA:19,2
DA:23,4
DA:24,34
DA:25,34
DA:26,34
DA:27,34
DA:28,34
DA:29,1
DA:31,33
DA:36,33
DA:38,1
DA:42,4
LF:23
LH:23
BRDA:9,0,0,1
BRDA:9,0,1,13
BRDA:9,1,0,14
BRDA:9,1,1,14
BRDA:28,2,0,1
BRDA:28,2,1,33
BRDA:28,3,0,34
BRDA:28,3,1,34
BRF:8
BRH:8
end_of_record
TN:
SF:middlewares\errorHandler.js
FN:1,(anonymous_0)
FN:4,(anonymous_1)
FNF:2
FNH:2
FNDA:35,(anonymous_0)
FNDA:14,(anonymous_1)
DA:1,4
DA:2,35
DA:3,35
DA:4,14
DA:5,11
DA:8,24
DA:9,3
DA:12,21
DA:13,2
DA:16,19
DA:17,2
DA:20,17
DA:21,4
DA:24,13
DA:28,1
DA:31,12
DA:32,2
DA:35,10
DA:36,1
DA:39,9
DA:40,3
DA:44,6
DA:45,6
DA:51,4
LF:24
LH:24
BRDA:3,0,0,11
BRDA:3,0,1,24
BRDA:8,1,0,3
BRDA:8,1,1,21
BRDA:12,2,0,2
BRDA:12,2,1,19
BRDA:16,3,0,2
BRDA:16,3,1,17
BRDA:20,4,0,4
BRDA:20,4,1,13
BRDA:24,5,0,1
BRDA:24,5,1,12
BRDA:25,6,0,13
BRDA:25,6,1,12
BRDA:31,7,0,2
BRDA:31,7,1,10
BRDA:35,8,0,1
BRDA:35,8,1,9
BRDA:39,9,0,3
BRDA:39,9,1,6
BRF:20
BRH:20
end_of_record
TN:
SF:models\category.js
FN:5,(anonymous_0)
FN:12,(anonymous_1)
FNF:2
FNH:2
FNDA:4,(anonymous_0)
FNDA:4,(anonymous_1)
DA:4,4
DA:5,4
DA:14,4
DA:17,4
DA:25,4
LF:5
LH:5
BRF:0
BRH:0
end_of_record
TN:
SF:models\history.js
FN:5,(anonymous_0)
FN:12,(anonymous_1)
FNF:2
FNH:2
FNDA:4,(anonymous_0)
FNDA:4,(anonymous_1)
DA:4,4
DA:5,4
DA:14,4
DA:17,4
DA:22,4
DA:41,4
LF:6
LH:6
BRF:0
BRH:0
end_of_record
TN:
SF:models\index.js
FN:20,(anonymous_0)
FN:23,(anonymous_1)
FN:28,(anonymous_2)
FNF:3
FNH:3
FNDA:24,(anonymous_0)
FNDA:20,(anonymous_1)
FNDA:20,(anonymous_2)
DA:3,4
DA:4,4
DA:5,4
DA:6,4
DA:7,4
DA:8,4
DA:9,4
DA:12,4
DA:13,0
DA:15,4
DA:18,4
DA:21,24
DA:24,20
DA:25,20
DA:28,4
DA:29,20
DA:30,20
DA:34,4
DA:35,4
DA:37,4
LF:20
LH:19
BRDA:7,0,0,4
BRDA:7,0,1,0
BRDA:12,1,0,0
BRDA:12,1,1,4
BRDA:21,2,0,24
BRDA:21,2,1,24
BRDA:21,2,2,20
BRDA:29,3,0,20
BRDA:29,3,1,0
BRF:9
BRH:6
end_of_record
TN:
SF:models\transaction.js
FN:5,(anonymous_0)
FN:12,(anonymous_1)
FNF:2
FNH:2
FNDA:4,(anonymous_0)
FNDA:4,(anonymous_1)
DA:4,4
DA:5,4
DA:14,4
DA:15,4
DA:18,4
DA:60,4
LF:6
LH:6
BRF:0
BRH:0
end_of_record
TN:
SF:models\user.js
FN:6,(anonymous_0)
FN:13,(anonymous_1)
FN:95,(anonymous_2)
FNF:3
FNH:3
FNDA:4,(anonymous_0)
FNDA:4,(anonymous_1)
FNDA:10,(anonymous_2)
DA:4,4
DA:5,4
DA:6,4
DA:15,4
DA:16,4
DA:19,4
DA:24,4
DA:96,10
DA:101,4
LF:9
LH:9
BRF:0
BRH:0
end_of_record
TN:
SF:models\wallet.js
FN:5,(anonymous_0)
FN:12,(anonymous_1)
FNF:2
FNH:2
FNDA:4,(anonymous_0)
FNDA:4,(anonymous_1)
DA:4,4
DA:5,4
DA:14,4
DA:15,4
DA:18,4
DA:39,4
LF:6
LH:6
BRF:0
BRH:0
end_of_record
TN:
SF:routes\categoryRouter.js
FNF:0
FNH:0
DA:1,4
DA:2,4
DA:3,4
DA:5,4
DA:7,4
LF:5
LH:5
BRF:0
BRH:0
end_of_record
TN:
SF:routes\consultantRouter.js
FNF:0
FNH:0
DA:1,4
DA:2,4
DA:3,4
DA:5,4
DA:6,4
DA:8,4
LF:6
LH:6
BRF:0
BRH:0
end_of_record
TN:
SF:routes\historyRouter.js
FNF:0
FNH:0
DA:1,4
DA:2,4
DA:3,4
DA:5,4
DA:6,4
DA:7,4
DA:10,4
LF:7
LH:7
BRF:0
BRH:0
end_of_record
TN:
SF:routes\index.js
FNF:0
FNH:0
DA:1,4
DA:2,4
DA:3,4
DA:4,4
DA:5,4
DA:6,4
DA:7,4
DA:8,4
DA:10,4
DA:11,4
DA:12,4
DA:13,4
DA:14,4
DA:15,4
DA:17,4
LF:15
LH:15
BRF:0
BRH:0
end_of_record
TN:
SF:routes\loginRouter.js
FNF:0
FNH:0
DA:1,4
DA:2,4
DA:3,4
DA:5,4
DA:7,4
LF:5
LH:5
BRF:0
BRH:0
end_of_record
TN:
SF:routes\registerRouter.js
FNF:0
FNH:0
DA:1,4
DA:2,4
DA:3,4
DA:5,4
DA:6,4
DA:8,4
LF:6
LH:6
BRF:0
BRH:0
end_of_record
TN:
SF:routes\transactionRouter.js
FNF:0
FNH:0
DA:1,4
DA:2,4
DA:3,4
DA:5,4
DA:7,4
DA:9,4
DA:11,4
DA:13,4
DA:15,4
DA:17,4
LF:10
LH:10
BRF:0
BRH:0
end_of_record
TN:
SF:routes\userRouter.js
FNF:0
FNH:0
DA:1,4
DA:2,4
DA:3,4
DA:4,4
DA:5,4
DA:6,4
DA:7,4
DA:8,4
DA:10,4
DA:11,4
DA:12,4
DA:13,4
DA:14,4
DA:15,4
DA:16,4
DA:17,4
DA:19,4
LF:17
LH:17
BRF:0
BRH:0
end_of_record
TN:
SF:routes\walletRouter.js
FNF:0
FNH:0
DA:1,4
DA:2,4
DA:3,4
DA:5,4
DA:13,4
LF:5
LH:5
BRF:0
BRH:0
end_of_record
