{"D:\\Hacktiv8\\3. Phase 3\\final-project\\m-cure-server\\app.js": {"path":"D:\\Hacktiv8\\3. Phase 3\\final-project\\m-cure-server\\app.js","statementMap":{"0":{"start":{"line":1,"column":0},"end":{"line":3,"column":1}},"1":{"start":{"line":2,"column":2},"end":{"line":2,"column":29}},"2":{"start":{"line":4,"column":13},"end":{"line":4,"column":37}},"3":{"start":{"line":5,"column":13},"end":{"line":5,"column":28}},"4":{"start":{"line":6,"column":16},"end":{"line":6,"column":34}},"5":{"start":{"line":7,"column":21},"end":{"line":7,"column":58}},"6":{"start":{"line":8,"column":12},"end":{"line":8,"column":21}},"7":{"start":{"line":9,"column":15},"end":{"line":9,"column":34}},"8":{"start":{"line":11,"column":0},"end":{"line":11,"column":16}},"9":{"start":{"line":12,"column":0},"end":{"line":12,"column":24}},"10":{"start":{"line":13,"column":0},"end":{"line":13,"column":49}},"11":{"start":{"line":15,"column":0},"end":{"line":15,"column":16}},"12":{"start":{"line":16,"column":0},"end":{"line":16,"column":22}},"13":{"start":{"line":18,"column":0},"end":{"line":18,"column":20}}},"fnMap":{},"branchMap":{"0":{"loc":{"start":{"line":1,"column":0},"end":{"line":3,"column":1}},"type":"if","locations":[{"start":{"line":1,"column":0},"end":{"line":3,"column":1}},{"start":{},"end":{}}],"line":1},"1":{"loc":{"start":{"line":4,"column":13},"end":{"line":4,"column":37}},"type":"binary-expr","locations":[{"start":{"line":4,"column":13},"end":{"line":4,"column":29}},{"start":{"line":4,"column":33},"end":{"line":4,"column":37}}],"line":4}},"s":{"0":4,"1":4,"2":4,"3":4,"4":4,"5":4,"6":4,"7":4,"8":4,"9":4,"10":4,"11":4,"12":4,"13":4},"f":{},"b":{"0":[4,0],"1":[4,0]},"_coverageSchema":"1a1c01bbd47fc00a2c39e90264f33305004495a9","hash":"9b9695fe27c759d92c05358c2c4dbb702433f62c"}
,"D:\\Hacktiv8\\3. Phase 3\\final-project\\m-cure-server\\socketConfig.js": {"path":"D:\\Hacktiv8\\3. Phase 3\\final-project\\m-cure-server\\socketConfig.js","statementMap":{"0":{"start":{"line":1,"column":19},"end":{"line":1,"column":39}},"1":{"start":{"line":2,"column":16},"end":{"line":2,"column":34}},"2":{"start":{"line":3,"column":12},"end":{"line":3,"column":21}},"3":{"start":{"line":4,"column":13},"end":{"line":4,"column":28}},"4":{"start":{"line":5,"column":15},"end":{"line":5,"column":37}},"5":{"start":{"line":7,"column":11},"end":{"line":13,"column":2}},"6":{"start":{"line":15,"column":0},"end":{"line":22,"column":3}},"7":{"start":{"line":16,"column":2},"end":{"line":16,"column":45}},"8":{"start":{"line":18,"column":2},"end":{"line":20,"column":5}},"9":{"start":{"line":19,"column":4},"end":{"line":19,"column":51}},"10":{"start":{"line":24,"column":0},"end":{"line":24,"column":20}}},"fnMap":{"0":{"name":"(anonymous_0)","decl":{"start":{"line":15,"column":20},"end":{"line":15,"column":21}},"loc":{"start":{"line":15,"column":30},"end":{"line":22,"column":1}},"line":15},"1":{"name":"(anonymous_1)","decl":{"start":{"line":18,"column":28},"end":{"line":18,"column":29}},"loc":{"start":{"line":18,"column":38},"end":{"line":20,"column":3}},"line":18}},"branchMap":{},"s":{"0":1,"1":1,"2":1,"3":1,"4":1,"5":1,"6":1,"7":1,"8":1,"9":0,"10":1},"f":{"0":1,"1":0},"b":{},"_coverageSchema":"1a1c01bbd47fc00a2c39e90264f33305004495a9","hash":"d8ce247af15258b099a552772f7e0693e3ccfde2"}
,"D:\\Hacktiv8\\3. Phase 3\\final-project\\m-cure-server\\controllers\\adminController.js": {"path":"D:\\Hacktiv8\\3. Phase 3\\final-project\\m-cure-server\\controllers\\adminController.js","statementMap":{"0":{"start":{"line":1,"column":28},"end":{"line":1,"column":48}},"1":{"start":{"line":2,"column":36},"end":{"line":2,"column":64}},"2":{"start":{"line":3,"column":27},"end":{"line":3,"column":52}},"3":{"start":{"line":4,"column":15},"end":{"line":4,"column":35}},"4":{"start":{"line":8,"column":14},"end":{"line":8,"column":43}},"5":{"start":{"line":9,"column":4},"end":{"line":28,"column":5}},"6":{"start":{"line":10,"column":50},"end":{"line":10,"column":58}},"7":{"start":{"line":11,"column":22},"end":{"line":22,"column":7}},"8":{"start":{"line":23,"column":6},"end":{"line":23,"column":23}},"9":{"start":{"line":24,"column":6},"end":{"line":24,"column":36}},"10":{"start":{"line":26,"column":6},"end":{"line":26,"column":25}},"11":{"start":{"line":27,"column":6},"end":{"line":27,"column":18}},"12":{"start":{"line":32,"column":14},"end":{"line":32,"column":43}},"13":{"start":{"line":33,"column":4},"end":{"line":52,"column":5}},"14":{"start":{"line":34,"column":50},"end":{"line":34,"column":58}},"15":{"start":{"line":35,"column":22},"end":{"line":46,"column":7}},"16":{"start":{"line":47,"column":6},"end":{"line":47,"column":23}},"17":{"start":{"line":48,"column":6},"end":{"line":48,"column":36}},"18":{"start":{"line":50,"column":6},"end":{"line":50,"column":25}},"19":{"start":{"line":51,"column":6},"end":{"line":51,"column":18}},"20":{"start":{"line":56,"column":14},"end":{"line":56,"column":43}},"21":{"start":{"line":57,"column":4},"end":{"line":91,"column":5}},"22":{"start":{"line":58,"column":34},"end":{"line":58,"column":42}},"23":{"start":{"line":59,"column":6},"end":{"line":59,"column":54}},"24":{"start":{"line":59,"column":18},"end":{"line":59,"column":54}},"25":{"start":{"line":60,"column":6},"end":{"line":60,"column":60}},"26":{"start":{"line":60,"column":21},"end":{"line":60,"column":60}},"27":{"start":{"line":62,"column":27},"end":{"line":67,"column":8}},"28":{"start":{"line":68,"column":6},"end":{"line":70,"column":7}},"29":{"start":{"line":69,"column":8},"end":{"line":69,"column":41}},"30":{"start":{"line":71,"column":28},"end":{"line":74,"column":7}},"31":{"start":{"line":75,"column":6},"end":{"line":77,"column":7}},"32":{"start":{"line":76,"column":8},"end":{"line":76,"column":41}},"33":{"start":{"line":78,"column":22},"end":{"line":81,"column":7}},"34":{"start":{"line":82,"column":20},"end":{"line":82,"column":43}},"35":{"start":{"line":83,"column":6},"end":{"line":83,"column":23}},"36":{"start":{"line":84,"column":6},"end":{"line":87,"column":9}},"37":{"start":{"line":89,"column":6},"end":{"line":89,"column":25}},"38":{"start":{"line":90,"column":6},"end":{"line":90,"column":18}},"39":{"start":{"line":95,"column":0},"end":{"line":95,"column":33}}},"fnMap":{"0":{"name":"(anonymous_0)","decl":{"start":{"line":7,"column":2},"end":{"line":7,"column":3}},"loc":{"start":{"line":7,"column":45},"end":{"line":29,"column":3}},"line":7},"1":{"name":"(anonymous_1)","decl":{"start":{"line":31,"column":2},"end":{"line":31,"column":3}},"loc":{"start":{"line":31,"column":50},"end":{"line":53,"column":3}},"line":31},"2":{"name":"(anonymous_2)","decl":{"start":{"line":55,"column":2},"end":{"line":55,"column":3}},"loc":{"start":{"line":55,"column":42},"end":{"line":92,"column":3}},"line":55}},"branchMap":{"0":{"loc":{"start":{"line":59,"column":6},"end":{"line":59,"column":54}},"type":"if","locations":[{"start":{"line":59,"column":6},"end":{"line":59,"column":54}},{"start":{},"end":{}}],"line":59},"1":{"loc":{"start":{"line":60,"column":6},"end":{"line":60,"column":60}},"type":"if","locations":[{"start":{"line":60,"column":6},"end":{"line":60,"column":60}},{"start":{},"end":{}}],"line":60},"2":{"loc":{"start":{"line":68,"column":6},"end":{"line":70,"column":7}},"type":"if","locations":[{"start":{"line":68,"column":6},"end":{"line":70,"column":7}},{"start":{},"end":{}}],"line":68},"3":{"loc":{"start":{"line":75,"column":6},"end":{"line":77,"column":7}},"type":"if","locations":[{"start":{"line":75,"column":6},"end":{"line":77,"column":7}},{"start":{},"end":{}}],"line":75}},"s":{"0":4,"1":4,"2":4,"3":4,"4":5,"5":5,"6":5,"7":5,"8":1,"9":1,"10":4,"11":4,"12":5,"13":5,"14":5,"15":5,"16":1,"17":1,"18":4,"19":4,"20":5,"21":5,"22":5,"23":5,"24":1,"25":4,"26":1,"27":3,"28":3,"29":1,"30":2,"31":2,"32":1,"33":1,"34":1,"35":1,"36":1,"37":4,"38":4,"39":4},"f":{"0":5,"1":5,"2":5},"b":{"0":[1,4],"1":[1,3],"2":[1,2],"3":[1,1]},"_coverageSchema":"1a1c01bbd47fc00a2c39e90264f33305004495a9","hash":"9bc133102dcf962105ab162e44dc1c815cb385a0"}
,"D:\\Hacktiv8\\3. Phase 3\\final-project\\m-cure-server\\controllers\\categoryController.js": {"path":"D:\\Hacktiv8\\3. Phase 3\\final-project\\m-cure-server\\controllers\\categoryController.js","statementMap":{"0":{"start":{"line":1,"column":21},"end":{"line":1,"column":41}},"1":{"start":{"line":5,"column":4},"end":{"line":27,"column":5}},"2":{"start":{"line":6,"column":25},"end":{"line":6,"column":49}},"3":{"start":{"line":8,"column":29},"end":{"line":8,"column":31}},"4":{"start":{"line":9,"column":30},"end":{"line":9,"column":32}},"5":{"start":{"line":11,"column":6},"end":{"line":17,"column":9}},"6":{"start":{"line":12,"column":8},"end":{"line":16,"column":9}},"7":{"start":{"line":13,"column":10},"end":{"line":13,"column":42}},"8":{"start":{"line":14,"column":15},"end":{"line":16,"column":9}},"9":{"start":{"line":15,"column":10},"end":{"line":15,"column":43}},"10":{"start":{"line":19,"column":6},"end":{"line":24,"column":9}},"11":{"start":{"line":26,"column":6},"end":{"line":26,"column":16}},"12":{"start":{"line":31,"column":0},"end":{"line":31,"column":28}}},"fnMap":{"0":{"name":"(anonymous_0)","decl":{"start":{"line":4,"column":2},"end":{"line":4,"column":3}},"loc":{"start":{"line":4,"column":47},"end":{"line":28,"column":3}},"line":4},"1":{"name":"(anonymous_1)","decl":{"start":{"line":11,"column":25},"end":{"line":11,"column":26}},"loc":{"start":{"line":11,"column":39},"end":{"line":17,"column":7}},"line":11}},"branchMap":{"0":{"loc":{"start":{"line":12,"column":8},"end":{"line":16,"column":9}},"type":"if","locations":[{"start":{"line":12,"column":8},"end":{"line":16,"column":9}},{"start":{"line":14,"column":15},"end":{"line":16,"column":9}}],"line":12},"1":{"loc":{"start":{"line":14,"column":15},"end":{"line":16,"column":9}},"type":"if","locations":[{"start":{"line":14,"column":15},"end":{"line":16,"column":9}},{"start":{},"end":{}}],"line":14}},"s":{"0":4,"1":2,"2":2,"3":1,"4":1,"5":1,"6":36,"7":4,"8":32,"9":28,"10":1,"11":1,"12":4},"f":{"0":2,"1":36},"b":{"0":[4,32],"1":[28,4]},"_coverageSchema":"1a1c01bbd47fc00a2c39e90264f33305004495a9","hash":"16b441b690d7e266a29af0fa8fa50bbc332d48dc"}
,"D:\\Hacktiv8\\3. Phase 3\\final-project\\m-cure-server\\controllers\\consultantController.js": {"path":"D:\\Hacktiv8\\3. Phase 3\\final-project\\m-cure-server\\controllers\\consultantController.js","statementMap":{"0":{"start":{"line":1,"column":28},"end":{"line":1,"column":48}},"1":{"start":{"line":2,"column":15},"end":{"line":2,"column":35}},"2":{"start":{"line":6,"column":14},"end":{"line":6,"column":43}},"3":{"start":{"line":7,"column":4},"end":{"line":19,"column":5}},"4":{"start":{"line":8,"column":26},"end":{"line":13,"column":8}},"5":{"start":{"line":14,"column":6},"end":{"line":14,"column":23}},"6":{"start":{"line":15,"column":6},"end":{"line":15,"column":40}},"7":{"start":{"line":17,"column":6},"end":{"line":17,"column":25}},"8":{"start":{"line":18,"column":6},"end":{"line":18,"column":18}},"9":{"start":{"line":23,"column":14},"end":{"line":23,"column":43}},"10":{"start":{"line":24,"column":4},"end":{"line":47,"column":5}},"11":{"start":{"line":25,"column":17},"end":{"line":25,"column":31}},"12":{"start":{"line":26,"column":25},"end":{"line":31,"column":8}},"13":{"start":{"line":33,"column":6},"end":{"line":33,"column":62}},"14":{"start":{"line":33,"column":23},"end":{"line":33,"column":62}},"15":{"start":{"line":35,"column":6},"end":{"line":40,"column":9}},"16":{"start":{"line":42,"column":6},"end":{"line":42,"column":23}},"17":{"start":{"line":43,"column":6},"end":{"line":43,"column":39}},"18":{"start":{"line":45,"column":6},"end":{"line":45,"column":25}},"19":{"start":{"line":46,"column":6},"end":{"line":46,"column":18}},"20":{"start":{"line":51,"column":0},"end":{"line":51,"column":38}}},"fnMap":{"0":{"name":"(anonymous_0)","decl":{"start":{"line":5,"column":2},"end":{"line":5,"column":3}},"loc":{"start":{"line":5,"column":46},"end":{"line":20,"column":3}},"line":5},"1":{"name":"(anonymous_1)","decl":{"start":{"line":22,"column":2},"end":{"line":22,"column":3}},"loc":{"start":{"line":22,"column":48},"end":{"line":48,"column":3}},"line":22}},"branchMap":{"0":{"loc":{"start":{"line":33,"column":6},"end":{"line":33,"column":62}},"type":"if","locations":[{"start":{"line":33,"column":6},"end":{"line":33,"column":62}},{"start":{},"end":{}}],"line":33}},"s":{"0":4,"1":4,"2":1,"3":1,"4":1,"5":1,"6":1,"7":0,"8":0,"9":2,"10":2,"11":2,"12":2,"13":2,"14":1,"15":1,"16":1,"17":1,"18":1,"19":1,"20":4},"f":{"0":1,"1":2},"b":{"0":[1,1]},"_coverageSchema":"1a1c01bbd47fc00a2c39e90264f33305004495a9","hash":"9a0c6ece4cba3fbc919ae7cc8e89be48d05016c9"}
,"D:\\Hacktiv8\\3. Phase 3\\final-project\\m-cure-server\\controllers\\historyController.js": {"path":"D:\\Hacktiv8\\3. Phase 3\\final-project\\m-cure-server\\controllers\\historyController.js","statementMap":{"0":{"start":{"line":1,"column":45},"end":{"line":1,"column":65}},"1":{"start":{"line":2,"column":15},"end":{"line":2,"column":35}},"2":{"start":{"line":6,"column":14},"end":{"line":6,"column":43}},"3":{"start":{"line":7,"column":4},"end":{"line":20,"column":5}},"4":{"start":{"line":8,"column":17},"end":{"line":8,"column":29}},"5":{"start":{"line":10,"column":24},"end":{"line":13,"column":8}},"6":{"start":{"line":15,"column":6},"end":{"line":15,"column":23}},"7":{"start":{"line":16,"column":6},"end":{"line":16,"column":48}},"8":{"start":{"line":18,"column":6},"end":{"line":18,"column":25}},"9":{"start":{"line":19,"column":6},"end":{"line":19,"column":18}},"10":{"start":{"line":24,"column":14},"end":{"line":24,"column":43}},"11":{"start":{"line":25,"column":4},"end":{"line":39,"column":5}},"12":{"start":{"line":26,"column":17},"end":{"line":26,"column":29}},"13":{"start":{"line":28,"column":31},"end":{"line":28,"column":41}},"14":{"start":{"line":29,"column":22},"end":{"line":32,"column":8}},"15":{"start":{"line":34,"column":6},"end":{"line":34,"column":23}},"16":{"start":{"line":35,"column":6},"end":{"line":35,"column":46}},"17":{"start":{"line":37,"column":6},"end":{"line":37,"column":25}},"18":{"start":{"line":38,"column":6},"end":{"line":38,"column":18}},"19":{"start":{"line":43,"column":14},"end":{"line":43,"column":43}},"20":{"start":{"line":44,"column":4},"end":{"line":66,"column":5}},"21":{"start":{"line":45,"column":17},"end":{"line":45,"column":29}},"22":{"start":{"line":47,"column":32},"end":{"line":47,"column":60}},"23":{"start":{"line":49,"column":31},"end":{"line":49,"column":39}},"24":{"start":{"line":50,"column":25},"end":{"line":59,"column":7}},"25":{"start":{"line":61,"column":6},"end":{"line":61,"column":23}},"26":{"start":{"line":62,"column":6},"end":{"line":62,"column":39}},"27":{"start":{"line":64,"column":6},"end":{"line":64,"column":25}},"28":{"start":{"line":65,"column":6},"end":{"line":65,"column":18}},"29":{"start":{"line":70,"column":0},"end":{"line":70,"column":28}}},"fnMap":{"0":{"name":"(anonymous_0)","decl":{"start":{"line":5,"column":2},"end":{"line":5,"column":3}},"loc":{"start":{"line":5,"column":46},"end":{"line":21,"column":3}},"line":5},"1":{"name":"(anonymous_1)","decl":{"start":{"line":23,"column":2},"end":{"line":23,"column":3}},"loc":{"start":{"line":23,"column":44},"end":{"line":40,"column":3}},"line":23},"2":{"name":"(anonymous_2)","decl":{"start":{"line":42,"column":2},"end":{"line":42,"column":3}},"loc":{"start":{"line":42,"column":45},"end":{"line":67,"column":3}},"line":42}},"branchMap":{},"s":{"0":4,"1":4,"2":2,"3":2,"4":2,"5":2,"6":1,"7":1,"8":1,"9":1,"10":2,"11":2,"12":2,"13":2,"14":2,"15":1,"16":1,"17":1,"18":1,"19":2,"20":2,"21":2,"22":2,"23":2,"24":2,"25":1,"26":1,"27":1,"28":1,"29":4},"f":{"0":2,"1":2,"2":2},"b":{},"_coverageSchema":"1a1c01bbd47fc00a2c39e90264f33305004495a9","hash":"77b5c3c4ee445086e41142895073d11eaecc3a37"}
,"D:\\Hacktiv8\\3. Phase 3\\final-project\\m-cure-server\\controllers\\transactionController.js": {"path":"D:\\Hacktiv8\\3. Phase 3\\final-project\\m-cure-server\\controllers\\transactionController.js","statementMap":{"0":{"start":{"line":1,"column":53},"end":{"line":1,"column":73}},"1":{"start":{"line":2,"column":15},"end":{"line":2,"column":35}},"2":{"start":{"line":6,"column":4},"end":{"line":26,"column":5}},"3":{"start":{"line":7,"column":17},"end":{"line":7,"column":29}},"4":{"start":{"line":9,"column":25},"end":{"line":13,"column":8}},"5":{"start":{"line":14,"column":27},"end":{"line":19,"column":8}},"6":{"start":{"line":21,"column":6},"end":{"line":23,"column":9}},"7":{"start":{"line":25,"column":6},"end":{"line":25,"column":16}},"8":{"start":{"line":30,"column":14},"end":{"line":30,"column":43}},"9":{"start":{"line":31,"column":4},"end":{"line":92,"column":5}},"10":{"start":{"line":33,"column":8},"end":{"line":33,"column":16}},"11":{"start":{"line":34,"column":17},"end":{"line":34,"column":29}},"12":{"start":{"line":36,"column":25},"end":{"line":41,"column":8}},"13":{"start":{"line":43,"column":19},"end":{"line":49,"column":7}},"14":{"start":{"line":51,"column":26},"end":{"line":53,"column":8}},"15":{"start":{"line":55,"column":28},"end":{"line":57,"column":8}},"16":{"start":{"line":59,"column":21},"end":{"line":59,"column":77}},"17":{"start":{"line":61,"column":18},"end":{"line":63,"column":7}},"18":{"start":{"line":65,"column":6},"end":{"line":77,"column":7}},"19":{"start":{"line":70,"column":8},"end":{"line":70,"column":47}},"20":{"start":{"line":71,"column":13},"end":{"line":77,"column":7}},"21":{"start":{"line":76,"column":8},"end":{"line":76,"column":47}},"22":{"start":{"line":79,"column":6},"end":{"line":82,"column":9}},"23":{"start":{"line":84,"column":6},"end":{"line":84,"column":23}},"24":{"start":{"line":86,"column":6},"end":{"line":88,"column":9}},"25":{"start":{"line":90,"column":6},"end":{"line":90,"column":25}},"26":{"start":{"line":91,"column":6},"end":{"line":91,"column":16}},"27":{"start":{"line":96,"column":14},"end":{"line":96,"column":43}},"28":{"start":{"line":97,"column":4},"end":{"line":189,"column":5}},"29":{"start":{"line":98,"column":21},"end":{"line":98,"column":31}},"30":{"start":{"line":99,"column":21},"end":{"line":99,"column":33}},"31":{"start":{"line":100,"column":25},"end":{"line":104,"column":8}},"32":{"start":{"line":106,"column":8},"end":{"line":106,"column":16}},"33":{"start":{"line":108,"column":19},"end":{"line":114,"column":7}},"34":{"start":{"line":116,"column":29},"end":{"line":118,"column":8}},"35":{"start":{"line":120,"column":6},"end":{"line":120,"column":67}},"36":{"start":{"line":120,"column":27},"end":{"line":120,"column":67}},"37":{"start":{"line":122,"column":6},"end":{"line":128,"column":8}},"38":{"start":{"line":130,"column":29},"end":{"line":130,"column":59}},"39":{"start":{"line":132,"column":28},"end":{"line":134,"column":8}},"40":{"start":{"line":136,"column":21},"end":{"line":136,"column":77}},"41":{"start":{"line":138,"column":18},"end":{"line":140,"column":7}},"42":{"start":{"line":142,"column":6},"end":{"line":174,"column":7}},"43":{"start":{"line":147,"column":8},"end":{"line":157,"column":9}},"44":{"start":{"line":152,"column":10},"end":{"line":153,"column":77}},"45":{"start":{"line":155,"column":10},"end":{"line":156,"column":77}},"46":{"start":{"line":158,"column":13},"end":{"line":174,"column":7}},"47":{"start":{"line":163,"column":8},"end":{"line":173,"column":9}},"48":{"start":{"line":168,"column":10},"end":{"line":169,"column":77}},"49":{"start":{"line":171,"column":10},"end":{"line":172,"column":77}},"50":{"start":{"line":176,"column":6},"end":{"line":179,"column":9}},"51":{"start":{"line":181,"column":6},"end":{"line":181,"column":23}},"52":{"start":{"line":183,"column":6},"end":{"line":185,"column":9}},"53":{"start":{"line":187,"column":6},"end":{"line":187,"column":25}},"54":{"start":{"line":188,"column":6},"end":{"line":188,"column":16}},"55":{"start":{"line":193,"column":14},"end":{"line":193,"column":43}},"56":{"start":{"line":194,"column":4},"end":{"line":240,"column":5}},"57":{"start":{"line":195,"column":21},"end":{"line":195,"column":31}},"58":{"start":{"line":197,"column":26},"end":{"line":199,"column":8}},"59":{"start":{"line":201,"column":6},"end":{"line":201,"column":64}},"60":{"start":{"line":201,"column":24},"end":{"line":201,"column":64}},"61":{"start":{"line":203,"column":21},"end":{"line":205,"column":8}},"62":{"start":{"line":207,"column":18},"end":{"line":209,"column":7}},"63":{"start":{"line":211,"column":19},"end":{"line":211,"column":79}},"64":{"start":{"line":213,"column":6},"end":{"line":225,"column":7}},"65":{"start":{"line":218,"column":8},"end":{"line":218,"column":47}},"66":{"start":{"line":219,"column":13},"end":{"line":225,"column":7}},"67":{"start":{"line":224,"column":8},"end":{"line":224,"column":47}},"68":{"start":{"line":227,"column":6},"end":{"line":230,"column":9}},"69":{"start":{"line":232,"column":6},"end":{"line":232,"column":23}},"70":{"start":{"line":234,"column":6},"end":{"line":236,"column":9}},"71":{"start":{"line":238,"column":6},"end":{"line":238,"column":25}},"72":{"start":{"line":239,"column":6},"end":{"line":239,"column":16}},"73":{"start":{"line":244,"column":4},"end":{"line":402,"column":5}},"74":{"start":{"line":245,"column":30},"end":{"line":245,"column":39}},"75":{"start":{"line":247,"column":17},"end":{"line":247,"column":29}},"76":{"start":{"line":248,"column":25},"end":{"line":252,"column":8}},"77":{"start":{"line":253,"column":27},"end":{"line":256,"column":8}},"78":{"start":{"line":258,"column":19},"end":{"line":258,"column":29}},"79":{"start":{"line":259,"column":22},"end":{"line":259,"column":41}},"80":{"start":{"line":260,"column":21},"end":{"line":260,"column":39}},"81":{"start":{"line":262,"column":6},"end":{"line":264,"column":7}},"82":{"start":{"line":263,"column":8},"end":{"line":263,"column":26}},"83":{"start":{"line":265,"column":6},"end":{"line":267,"column":7}},"84":{"start":{"line":266,"column":8},"end":{"line":266,"column":24}},"85":{"start":{"line":269,"column":32},"end":{"line":269,"column":34}},"86":{"start":{"line":270,"column":24},"end":{"line":270,"column":25}},"87":{"start":{"line":271,"column":23},"end":{"line":271,"column":24}},"88":{"start":{"line":272,"column":23},"end":{"line":272,"column":24}},"89":{"start":{"line":273,"column":23},"end":{"line":273,"column":24}},"90":{"start":{"line":274,"column":23},"end":{"line":274,"column":24}},"91":{"start":{"line":275,"column":24},"end":{"line":275,"column":25}},"92":{"start":{"line":276,"column":26},"end":{"line":276,"column":27}},"93":{"start":{"line":278,"column":6},"end":{"line":331,"column":7}},"94":{"start":{"line":279,"column":8},"end":{"line":330,"column":11}},"95":{"start":{"line":280,"column":28},"end":{"line":280,"column":46}},"96":{"start":{"line":282,"column":10},"end":{"line":329,"column":11}},"97":{"start":{"line":286,"column":12},"end":{"line":327,"column":13}},"98":{"start":{"line":291,"column":14},"end":{"line":291,"column":39}},"99":{"start":{"line":292,"column":19},"end":{"line":327,"column":13}},"100":{"start":{"line":309,"column":14},"end":{"line":309,"column":38}},"101":{"start":{"line":310,"column":19},"end":{"line":327,"column":13}},"102":{"start":{"line":326,"column":14},"end":{"line":326,"column":38}},"103":{"start":{"line":328,"column":12},"end":{"line":328,"column":41}},"104":{"start":{"line":333,"column":24},"end":{"line":333,"column":63}},"105":{"start":{"line":334,"column":26},"end":{"line":334,"column":49}},"106":{"start":{"line":336,"column":6},"end":{"line":349,"column":7}},"107":{"start":{"line":337,"column":8},"end":{"line":348,"column":9}},"108":{"start":{"line":338,"column":10},"end":{"line":338,"column":56}},"109":{"start":{"line":339,"column":10},"end":{"line":339,"column":56}},"110":{"start":{"line":340,"column":10},"end":{"line":340,"column":58}},"111":{"start":{"line":341,"column":10},"end":{"line":341,"column":62}},"112":{"start":{"line":343,"column":22},"end":{"line":343,"column":45}},"113":{"start":{"line":344,"column":10},"end":{"line":344,"column":50}},"114":{"start":{"line":345,"column":10},"end":{"line":345,"column":50}},"115":{"start":{"line":346,"column":10},"end":{"line":346,"column":26}},"116":{"start":{"line":347,"column":10},"end":{"line":347,"column":28}},"117":{"start":{"line":351,"column":24},"end":{"line":351,"column":26}},"118":{"start":{"line":353,"column":6},"end":{"line":359,"column":7}},"119":{"start":{"line":354,"column":8},"end":{"line":354,"column":29}},"120":{"start":{"line":355,"column":13},"end":{"line":359,"column":7}},"121":{"start":{"line":356,"column":8},"end":{"line":356,"column":31}},"122":{"start":{"line":358,"column":8},"end":{"line":358,"column":32}},"123":{"start":{"line":361,"column":20},"end":{"line":361,"column":22}},"124":{"start":{"line":362,"column":19},"end":{"line":362,"column":21}},"125":{"start":{"line":364,"column":6},"end":{"line":382,"column":7}},"126":{"start":{"line":364,"column":19},"end":{"line":364,"column":20}},"127":{"start":{"line":365,"column":8},"end":{"line":381,"column":9}},"128":{"start":{"line":366,"column":10},"end":{"line":370,"column":14}},"129":{"start":{"line":367,"column":12},"end":{"line":370,"column":14}},"130":{"start":{"line":371,"column":10},"end":{"line":372,"column":42}},"131":{"start":{"line":374,"column":10},"end":{"line":378,"column":14}},"132":{"start":{"line":375,"column":12},"end":{"line":378,"column":14}},"133":{"start":{"line":379,"column":10},"end":{"line":380,"column":42}},"134":{"start":{"line":384,"column":6},"end":{"line":386,"column":7}},"135":{"start":{"line":385,"column":8},"end":{"line":385,"column":77}},"136":{"start":{"line":388,"column":6},"end":{"line":390,"column":7}},"137":{"start":{"line":389,"column":8},"end":{"line":389,"column":73}},"138":{"start":{"line":392,"column":6},"end":{"line":399,"column":9}},"139":{"start":{"line":401,"column":6},"end":{"line":401,"column":16}},"140":{"start":{"line":406,"column":4},"end":{"line":429,"column":5}},"141":{"start":{"line":407,"column":21},"end":{"line":407,"column":31}},"142":{"start":{"line":408,"column":22},"end":{"line":408,"column":34}},"143":{"start":{"line":409,"column":21},"end":{"line":413,"column":8}},"144":{"start":{"line":415,"column":26},"end":{"line":420,"column":8}},"145":{"start":{"line":422,"column":6},"end":{"line":422,"column":60}},"146":{"start":{"line":422,"column":23},"end":{"line":422,"column":60}},"147":{"start":{"line":424,"column":6},"end":{"line":426,"column":9}},"148":{"start":{"line":428,"column":6},"end":{"line":428,"column":16}},"149":{"start":{"line":433,"column":0},"end":{"line":433,"column":28}}},"fnMap":{"0":{"name":"(anonymous_0)","decl":{"start":{"line":5,"column":2},"end":{"line":5,"column":3}},"loc":{"start":{"line":5,"column":49},"end":{"line":27,"column":3}},"line":5},"1":{"name":"(anonymous_1)","decl":{"start":{"line":29,"column":2},"end":{"line":29,"column":3}},"loc":{"start":{"line":29,"column":49},"end":{"line":93,"column":3}},"line":29},"2":{"name":"(anonymous_2)","decl":{"start":{"line":95,"column":2},"end":{"line":95,"column":3}},"loc":{"start":{"line":95,"column":47},"end":{"line":190,"column":3}},"line":95},"3":{"name":"(anonymous_3)","decl":{"start":{"line":192,"column":2},"end":{"line":192,"column":3}},"loc":{"start":{"line":192,"column":49},"end":{"line":241,"column":3}},"line":192},"4":{"name":"(anonymous_4)","decl":{"start":{"line":243,"column":2},"end":{"line":243,"column":3}},"loc":{"start":{"line":243,"column":49},"end":{"line":403,"column":3}},"line":243},"5":{"name":"(anonymous_5)","decl":{"start":{"line":279,"column":29},"end":{"line":279,"column":30}},"loc":{"start":{"line":279,"column":37},"end":{"line":330,"column":9}},"line":279},"6":{"name":"(anonymous_6)","decl":{"start":{"line":405,"column":2},"end":{"line":405,"column":3}},"loc":{"start":{"line":405,"column":49},"end":{"line":430,"column":3}},"line":405}},"branchMap":{"0":{"loc":{"start":{"line":65,"column":6},"end":{"line":77,"column":7}},"type":"if","locations":[{"start":{"line":65,"column":6},"end":{"line":77,"column":7}},{"start":{"line":71,"column":13},"end":{"line":77,"column":7}}],"line":65},"1":{"loc":{"start":{"line":66,"column":8},"end":{"line":68,"column":37}},"type":"binary-expr","locations":[{"start":{"line":66,"column":8},"end":{"line":66,"column":39}},{"start":{"line":67,"column":8},"end":{"line":67,"column":48}},{"start":{"line":68,"column":8},"end":{"line":68,"column":37}}],"line":66},"2":{"loc":{"start":{"line":71,"column":13},"end":{"line":77,"column":7}},"type":"if","locations":[{"start":{"line":71,"column":13},"end":{"line":77,"column":7}},{"start":{},"end":{}}],"line":71},"3":{"loc":{"start":{"line":72,"column":8},"end":{"line":74,"column":42}},"type":"binary-expr","locations":[{"start":{"line":72,"column":8},"end":{"line":72,"column":40}},{"start":{"line":73,"column":8},"end":{"line":73,"column":37}},{"start":{"line":74,"column":8},"end":{"line":74,"column":42}}],"line":72},"4":{"loc":{"start":{"line":120,"column":6},"end":{"line":120,"column":67}},"type":"if","locations":[{"start":{"line":120,"column":6},"end":{"line":120,"column":67}},{"start":{},"end":{}}],"line":120},"5":{"loc":{"start":{"line":142,"column":6},"end":{"line":174,"column":7}},"type":"if","locations":[{"start":{"line":142,"column":6},"end":{"line":174,"column":7}},{"start":{"line":158,"column":13},"end":{"line":174,"column":7}}],"line":142},"6":{"loc":{"start":{"line":143,"column":8},"end":{"line":145,"column":47}},"type":"binary-expr","locations":[{"start":{"line":143,"column":8},"end":{"line":143,"column":49}},{"start":{"line":144,"column":8},"end":{"line":144,"column":58}},{"start":{"line":145,"column":8},"end":{"line":145,"column":47}}],"line":143},"7":{"loc":{"start":{"line":147,"column":8},"end":{"line":157,"column":9}},"type":"if","locations":[{"start":{"line":147,"column":8},"end":{"line":157,"column":9}},{"start":{"line":154,"column":15},"end":{"line":157,"column":9}}],"line":147},"8":{"loc":{"start":{"line":148,"column":10},"end":{"line":150,"column":39}},"type":"binary-expr","locations":[{"start":{"line":148,"column":10},"end":{"line":148,"column":41}},{"start":{"line":149,"column":10},"end":{"line":149,"column":50}},{"start":{"line":150,"column":10},"end":{"line":150,"column":39}}],"line":148},"9":{"loc":{"start":{"line":158,"column":13},"end":{"line":174,"column":7}},"type":"if","locations":[{"start":{"line":158,"column":13},"end":{"line":174,"column":7}},{"start":{},"end":{}}],"line":158},"10":{"loc":{"start":{"line":159,"column":8},"end":{"line":161,"column":52}},"type":"binary-expr","locations":[{"start":{"line":159,"column":8},"end":{"line":159,"column":50}},{"start":{"line":160,"column":8},"end":{"line":160,"column":47}},{"start":{"line":161,"column":8},"end":{"line":161,"column":52}}],"line":159},"11":{"loc":{"start":{"line":163,"column":8},"end":{"line":173,"column":9}},"type":"if","locations":[{"start":{"line":163,"column":8},"end":{"line":173,"column":9}},{"start":{"line":170,"column":15},"end":{"line":173,"column":9}}],"line":163},"12":{"loc":{"start":{"line":164,"column":10},"end":{"line":166,"column":39}},"type":"binary-expr","locations":[{"start":{"line":164,"column":10},"end":{"line":164,"column":41}},{"start":{"line":165,"column":10},"end":{"line":165,"column":50}},{"start":{"line":166,"column":10},"end":{"line":166,"column":39}}],"line":164},"13":{"loc":{"start":{"line":201,"column":6},"end":{"line":201,"column":64}},"type":"if","locations":[{"start":{"line":201,"column":6},"end":{"line":201,"column":64}},{"start":{},"end":{}}],"line":201},"14":{"loc":{"start":{"line":213,"column":6},"end":{"line":225,"column":7}},"type":"if","locations":[{"start":{"line":213,"column":6},"end":{"line":225,"column":7}},{"start":{"line":219,"column":13},"end":{"line":225,"column":7}}],"line":213},"15":{"loc":{"start":{"line":214,"column":8},"end":{"line":216,"column":44}},"type":"binary-expr","locations":[{"start":{"line":214,"column":8},"end":{"line":214,"column":46}},{"start":{"line":215,"column":8},"end":{"line":215,"column":55}},{"start":{"line":216,"column":8},"end":{"line":216,"column":44}}],"line":214},"16":{"loc":{"start":{"line":219,"column":13},"end":{"line":225,"column":7}},"type":"if","locations":[{"start":{"line":219,"column":13},"end":{"line":225,"column":7}},{"start":{},"end":{}}],"line":219},"17":{"loc":{"start":{"line":220,"column":8},"end":{"line":222,"column":49}},"type":"binary-expr","locations":[{"start":{"line":220,"column":8},"end":{"line":220,"column":47}},{"start":{"line":221,"column":8},"end":{"line":221,"column":44}},{"start":{"line":222,"column":8},"end":{"line":222,"column":49}}],"line":220},"18":{"loc":{"start":{"line":262,"column":6},"end":{"line":264,"column":7}},"type":"if","locations":[{"start":{"line":262,"column":6},"end":{"line":264,"column":7}},{"start":{},"end":{}}],"line":262},"19":{"loc":{"start":{"line":265,"column":6},"end":{"line":267,"column":7}},"type":"if","locations":[{"start":{"line":265,"column":6},"end":{"line":267,"column":7}},{"start":{},"end":{}}],"line":265},"20":{"loc":{"start":{"line":278,"column":6},"end":{"line":331,"column":7}},"type":"if","locations":[{"start":{"line":278,"column":6},"end":{"line":331,"column":7}},{"start":{},"end":{}}],"line":278},"21":{"loc":{"start":{"line":282,"column":10},"end":{"line":329,"column":11}},"type":"if","locations":[{"start":{"line":282,"column":10},"end":{"line":329,"column":11}},{"start":{},"end":{}}],"line":282},"22":{"loc":{"start":{"line":283,"column":12},"end":{"line":284,"column":49}},"type":"binary-expr","locations":[{"start":{"line":283,"column":12},"end":{"line":283,"column":51}},{"start":{"line":284,"column":12},"end":{"line":284,"column":49}}],"line":283},"23":{"loc":{"start":{"line":286,"column":12},"end":{"line":327,"column":13}},"type":"if","locations":[{"start":{"line":286,"column":12},"end":{"line":327,"column":13}},{"start":{"line":292,"column":19},"end":{"line":327,"column":13}}],"line":286},"24":{"loc":{"start":{"line":287,"column":14},"end":{"line":289,"column":41}},"type":"binary-expr","locations":[{"start":{"line":287,"column":14},"end":{"line":287,"column":43}},{"start":{"line":288,"column":14},"end":{"line":288,"column":52}},{"start":{"line":289,"column":14},"end":{"line":289,"column":41}}],"line":287},"25":{"loc":{"start":{"line":292,"column":19},"end":{"line":327,"column":13}},"type":"if","locations":[{"start":{"line":292,"column":19},"end":{"line":327,"column":13}},{"start":{"line":310,"column":19},"end":{"line":327,"column":13}}],"line":292},"26":{"loc":{"start":{"line":293,"column":14},"end":{"line":307,"column":46}},"type":"binary-expr","locations":[{"start":{"line":293,"column":14},"end":{"line":293,"column":52}},{"start":{"line":294,"column":14},"end":{"line":294,"column":51}},{"start":{"line":295,"column":14},"end":{"line":295,"column":44}},{"start":{"line":296,"column":14},"end":{"line":296,"column":47}},{"start":{"line":297,"column":14},"end":{"line":297,"column":47}},{"start":{"line":298,"column":14},"end":{"line":298,"column":53}},{"start":{"line":299,"column":14},"end":{"line":299,"column":45}},{"start":{"line":300,"column":14},"end":{"line":300,"column":52}},{"start":{"line":301,"column":14},"end":{"line":301,"column":50}},{"start":{"line":302,"column":14},"end":{"line":302,"column":56}},{"start":{"line":303,"column":14},"end":{"line":303,"column":53}},{"start":{"line":304,"column":14},"end":{"line":304,"column":56}},{"start":{"line":305,"column":14},"end":{"line":305,"column":53}},{"start":{"line":306,"column":14},"end":{"line":306,"column":47}},{"start":{"line":307,"column":14},"end":{"line":307,"column":46}}],"line":293},"27":{"loc":{"start":{"line":310,"column":19},"end":{"line":327,"column":13}},"type":"if","locations":[{"start":{"line":310,"column":19},"end":{"line":327,"column":13}},{"start":{},"end":{}}],"line":310},"28":{"loc":{"start":{"line":311,"column":14},"end":{"line":324,"column":54}},"type":"binary-expr","locations":[{"start":{"line":311,"column":14},"end":{"line":311,"column":46}},{"start":{"line":312,"column":14},"end":{"line":312,"column":51}},{"start":{"line":313,"column":14},"end":{"line":313,"column":41}},{"start":{"line":314,"column":14},"end":{"line":314,"column":50}},{"start":{"line":315,"column":14},"end":{"line":315,"column":50}},{"start":{"line":316,"column":14},"end":{"line":316,"column":44}},{"start":{"line":317,"column":14},"end":{"line":317,"column":43}},{"start":{"line":318,"column":14},"end":{"line":318,"column":54}},{"start":{"line":319,"column":14},"end":{"line":319,"column":55}},{"start":{"line":320,"column":14},"end":{"line":320,"column":56}},{"start":{"line":321,"column":14},"end":{"line":321,"column":53}},{"start":{"line":322,"column":14},"end":{"line":322,"column":46}},{"start":{"line":323,"column":14},"end":{"line":323,"column":49}},{"start":{"line":324,"column":14},"end":{"line":324,"column":54}}],"line":311},"29":{"loc":{"start":{"line":336,"column":6},"end":{"line":349,"column":7}},"type":"if","locations":[{"start":{"line":336,"column":6},"end":{"line":349,"column":7}},{"start":{},"end":{}}],"line":336},"30":{"loc":{"start":{"line":337,"column":8},"end":{"line":348,"column":9}},"type":"if","locations":[{"start":{"line":337,"column":8},"end":{"line":348,"column":9}},{"start":{"line":342,"column":15},"end":{"line":348,"column":9}}],"line":337},"31":{"loc":{"start":{"line":353,"column":6},"end":{"line":359,"column":7}},"type":"if","locations":[{"start":{"line":353,"column":6},"end":{"line":359,"column":7}},{"start":{"line":355,"column":13},"end":{"line":359,"column":7}}],"line":353},"32":{"loc":{"start":{"line":353,"column":10},"end":{"line":353,"column":46}},"type":"binary-expr","locations":[{"start":{"line":353,"column":10},"end":{"line":353,"column":26}},{"start":{"line":353,"column":30},"end":{"line":353,"column":46}}],"line":353},"33":{"loc":{"start":{"line":355,"column":13},"end":{"line":359,"column":7}},"type":"if","locations":[{"start":{"line":355,"column":13},"end":{"line":359,"column":7}},{"start":{"line":357,"column":13},"end":{"line":359,"column":7}}],"line":355},"34":{"loc":{"start":{"line":365,"column":8},"end":{"line":381,"column":9}},"type":"if","locations":[{"start":{"line":365,"column":8},"end":{"line":381,"column":9}},{"start":{"line":373,"column":15},"end":{"line":381,"column":9}}],"line":365},"35":{"loc":{"start":{"line":366,"column":10},"end":{"line":370,"column":14}},"type":"if","locations":[{"start":{"line":366,"column":10},"end":{"line":370,"column":14}},{"start":{},"end":{}}],"line":366},"36":{"loc":{"start":{"line":374,"column":10},"end":{"line":378,"column":14}},"type":"if","locations":[{"start":{"line":374,"column":10},"end":{"line":378,"column":14}},{"start":{},"end":{}}],"line":374},"37":{"loc":{"start":{"line":422,"column":6},"end":{"line":422,"column":60}},"type":"if","locations":[{"start":{"line":422,"column":6},"end":{"line":422,"column":60}},{"start":{},"end":{}}],"line":422}},"s":{"0":4,"1":4,"2":2,"3":2,"4":2,"5":1,"6":1,"7":1,"8":8,"9":8,"10":8,"11":8,"12":8,"13":8,"14":8,"15":7,"16":7,"17":7,"18":7,"19":2,"20":5,"21":5,"22":7,"23":7,"24":7,"25":1,"26":1,"27":5,"28":5,"29":5,"30":5,"31":5,"32":5,"33":5,"34":5,"35":5,"36":1,"37":4,"38":4,"39":4,"40":4,"41":4,"42":4,"43":2,"44":1,"45":1,"46":2,"47":2,"48":1,"49":1,"50":4,"51":4,"52":4,"53":1,"54":1,"55":3,"56":3,"57":3,"58":3,"59":3,"60":1,"61":2,"62":2,"63":2,"64":2,"65":1,"66":1,"67":1,"68":2,"69":2,"70":2,"71":1,"72":1,"73":4,"74":4,"75":4,"76":4,"77":3,"78":3,"79":3,"80":3,"81":3,"82":1,"83":3,"84":1,"85":3,"86":3,"87":3,"88":3,"89":3,"90":3,"91":3,"92":3,"93":3,"94":3,"95":7,"96":7,"97":7,"98":2,"99":5,"100":3,"101":2,"102":1,"103":7,"104":3,"105":3,"106":3,"107":3,"108":2,"109":2,"110":2,"111":2,"112":1,"113":1,"114":1,"115":1,"116":1,"117":3,"118":3,"119":1,"120":2,"121":1,"122":1,"123":3,"124":3,"125":3,"126":3,"127":7,"128":5,"129":5,"130":5,"131":2,"132":2,"133":2,"134":3,"135":5,"136":3,"137":2,"138":3,"139":1,"140":2,"141":2,"142":2,"143":2,"144":2,"145":2,"146":1,"147":1,"148":1,"149":4},"f":{"0":2,"1":8,"2":5,"3":3,"4":4,"5":7,"6":2},"b":{"0":[2,5],"1":[7,5,5],"2":[5,0],"3":[5,0,0],"4":[1,4],"5":[2,2],"6":[4,2,2],"7":[1,1],"8":[2,1,1],"9":[2,0],"10":[2,0,0],"11":[1,1],"12":[2,1,1],"13":[1,2],"14":[1,1],"15":[2,1,1],"16":[1,0],"17":[1,0,0],"18":[1,2],"19":[1,2],"20":[3,0],"21":[7,0],"22":[7,7],"23":[2,5],"24":[7,5,5],"25":[3,2],"26":[5,5,4,4,4,4,3,3,3,3,3,3,3,3,2],"27":[1,1],"28":[2,2,2,1,1,1,1,1,1,1,1,1,1,1],"29":[3,0],"30":[2,1],"31":[1,2],"32":[3,1],"33":[1,1],"34":[5,2],"35":[5,0],"36":[2,0],"37":[1,1]},"_coverageSchema":"1a1c01bbd47fc00a2c39e90264f33305004495a9","hash":"5a4644495578115f5e5b6dae65110e7540705e5f"}
,"D:\\Hacktiv8\\3. Phase 3\\final-project\\m-cure-server\\controllers\\userController.js": {"path":"D:\\Hacktiv8\\3. Phase 3\\final-project\\m-cure-server\\controllers\\userController.js","statementMap":{"0":{"start":{"line":1,"column":36},"end":{"line":1,"column":56}},"1":{"start":{"line":2,"column":36},"end":{"line":2,"column":64}},"2":{"start":{"line":3,"column":27},"end":{"line":3,"column":52}},"3":{"start":{"line":4,"column":15},"end":{"line":4,"column":35}},"4":{"start":{"line":8,"column":14},"end":{"line":8,"column":43}},"5":{"start":{"line":9,"column":4},"end":{"line":38,"column":5}},"6":{"start":{"line":10,"column":50},"end":{"line":10,"column":58}},"7":{"start":{"line":11,"column":22},"end":{"line":22,"column":7}},"8":{"start":{"line":24,"column":24},"end":{"line":31,"column":7}},"9":{"start":{"line":33,"column":6},"end":{"line":33,"column":23}},"10":{"start":{"line":34,"column":6},"end":{"line":34,"column":36}},"11":{"start":{"line":36,"column":6},"end":{"line":36,"column":25}},"12":{"start":{"line":37,"column":6},"end":{"line":37,"column":18}},"13":{"start":{"line":42,"column":14},"end":{"line":42,"column":43}},"14":{"start":{"line":43,"column":4},"end":{"line":78,"column":5}},"15":{"start":{"line":44,"column":34},"end":{"line":44,"column":42}},"16":{"start":{"line":45,"column":6},"end":{"line":45,"column":54}},"17":{"start":{"line":45,"column":18},"end":{"line":45,"column":54}},"18":{"start":{"line":46,"column":6},"end":{"line":46,"column":60}},"19":{"start":{"line":46,"column":21},"end":{"line":46,"column":60}},"20":{"start":{"line":48,"column":27},"end":{"line":53,"column":8}},"21":{"start":{"line":54,"column":6},"end":{"line":56,"column":7}},"22":{"start":{"line":55,"column":8},"end":{"line":55,"column":41}},"23":{"start":{"line":57,"column":28},"end":{"line":60,"column":7}},"24":{"start":{"line":61,"column":6},"end":{"line":63,"column":7}},"25":{"start":{"line":62,"column":8},"end":{"line":62,"column":41}},"26":{"start":{"line":64,"column":22},"end":{"line":67,"column":7}},"27":{"start":{"line":69,"column":20},"end":{"line":69,"column":43}},"28":{"start":{"line":70,"column":6},"end":{"line":70,"column":23}},"29":{"start":{"line":71,"column":6},"end":{"line":74,"column":9}},"30":{"start":{"line":76,"column":6},"end":{"line":76,"column":25}},"31":{"start":{"line":77,"column":6},"end":{"line":77,"column":18}},"32":{"start":{"line":82,"column":14},"end":{"line":82,"column":43}},"33":{"start":{"line":83,"column":4},"end":{"line":98,"column":5}},"34":{"start":{"line":84,"column":17},"end":{"line":84,"column":29}},"35":{"start":{"line":86,"column":19},"end":{"line":91,"column":8}},"36":{"start":{"line":93,"column":6},"end":{"line":93,"column":23}},"37":{"start":{"line":94,"column":6},"end":{"line":94,"column":33}},"38":{"start":{"line":96,"column":6},"end":{"line":96,"column":25}},"39":{"start":{"line":97,"column":6},"end":{"line":97,"column":18}},"40":{"start":{"line":102,"column":0},"end":{"line":102,"column":32}}},"fnMap":{"0":{"name":"(anonymous_0)","decl":{"start":{"line":7,"column":2},"end":{"line":7,"column":3}},"loc":{"start":{"line":7,"column":44},"end":{"line":39,"column":3}},"line":7},"1":{"name":"(anonymous_1)","decl":{"start":{"line":41,"column":2},"end":{"line":41,"column":3}},"loc":{"start":{"line":41,"column":41},"end":{"line":79,"column":3}},"line":41},"2":{"name":"(anonymous_2)","decl":{"start":{"line":81,"column":2},"end":{"line":81,"column":3}},"loc":{"start":{"line":81,"column":42},"end":{"line":99,"column":3}},"line":81}},"branchMap":{"0":{"loc":{"start":{"line":45,"column":6},"end":{"line":45,"column":54}},"type":"if","locations":[{"start":{"line":45,"column":6},"end":{"line":45,"column":54}},{"start":{},"end":{}}],"line":45},"1":{"loc":{"start":{"line":46,"column":6},"end":{"line":46,"column":60}},"type":"if","locations":[{"start":{"line":46,"column":6},"end":{"line":46,"column":60}},{"start":{},"end":{}}],"line":46},"2":{"loc":{"start":{"line":54,"column":6},"end":{"line":56,"column":7}},"type":"if","locations":[{"start":{"line":54,"column":6},"end":{"line":56,"column":7}},{"start":{},"end":{}}],"line":54},"3":{"loc":{"start":{"line":61,"column":6},"end":{"line":63,"column":7}},"type":"if","locations":[{"start":{"line":61,"column":6},"end":{"line":63,"column":7}},{"start":{},"end":{}}],"line":61}},"s":{"0":4,"1":4,"2":4,"3":4,"4":5,"5":5,"6":5,"7":5,"8":1,"9":1,"10":1,"11":4,"12":4,"13":5,"14":5,"15":5,"16":5,"17":1,"18":4,"19":1,"20":3,"21":3,"22":1,"23":2,"24":2,"25":1,"26":1,"27":1,"28":1,"29":1,"30":4,"31":4,"32":1,"33":1,"34":1,"35":1,"36":1,"37":1,"38":0,"39":0,"40":4},"f":{"0":5,"1":5,"2":1},"b":{"0":[1,4],"1":[1,3],"2":[1,2],"3":[1,1]},"_coverageSchema":"1a1c01bbd47fc00a2c39e90264f33305004495a9","hash":"b7046eeb8567006360cd4d6922ed7dcc833dab3c"}
,"D:\\Hacktiv8\\3. Phase 3\\final-project\\m-cure-server\\controllers\\walletController.js": {"path":"D:\\Hacktiv8\\3. Phase 3\\final-project\\m-cure-server\\controllers\\walletController.js","statementMap":{"0":{"start":{"line":1,"column":53},"end":{"line":1,"column":73}},"1":{"start":{"line":5,"column":4},"end":{"line":18,"column":5}},"2":{"start":{"line":6,"column":17},"end":{"line":6,"column":29}},"3":{"start":{"line":7,"column":21},"end":{"line":11,"column":8}},"4":{"start":{"line":13,"column":6},"end":{"line":15,"column":9}},"5":{"start":{"line":17,"column":6},"end":{"line":17,"column":16}},"6":{"start":{"line":22,"column":0},"end":{"line":22,"column":28}}},"fnMap":{"0":{"name":"(anonymous_0)","decl":{"start":{"line":4,"column":2},"end":{"line":4,"column":3}},"loc":{"start":{"line":4,"column":43},"end":{"line":19,"column":3}},"line":4}},"branchMap":{},"s":{"0":4,"1":2,"2":2,"3":2,"4":1,"5":1,"6":4},"f":{"0":2},"b":{},"_coverageSchema":"1a1c01bbd47fc00a2c39e90264f33305004495a9","hash":"891037625a8db9b7f5c44f33dc9cf43b2a74923e"}
,"D:\\Hacktiv8\\3. Phase 3\\final-project\\m-cure-server\\helpers\\bcrypt.js": {"path":"D:\\Hacktiv8\\3. Phase 3\\final-project\\m-cure-server\\helpers\\bcrypt.js","statementMap":{"0":{"start":{"line":1,"column":15},"end":{"line":1,"column":32}},"1":{"start":{"line":3,"column":21},"end":{"line":5,"column":1}},"2":{"start":{"line":4,"column":4},"end":{"line":4,"column":40}},"3":{"start":{"line":7,"column":32},"end":{"line":9,"column":1}},"4":{"start":{"line":8,"column":4},"end":{"line":8,"column":45}},"5":{"start":{"line":11,"column":0},"end":{"line":14,"column":1}}},"fnMap":{"0":{"name":"(anonymous_0)","decl":{"start":{"line":3,"column":21},"end":{"line":3,"column":22}},"loc":{"start":{"line":3,"column":35},"end":{"line":5,"column":1}},"line":3},"1":{"name":"(anonymous_1)","decl":{"start":{"line":7,"column":32},"end":{"line":7,"column":33}},"loc":{"start":{"line":7,"column":52},"end":{"line":9,"column":1}},"line":7}},"branchMap":{},"s":{"0":4,"1":4,"2":10,"3":4,"4":4,"5":4},"f":{"0":10,"1":4},"b":{},"_coverageSchema":"1a1c01bbd47fc00a2c39e90264f33305004495a9","hash":"145de7b0ec15dafa797f234610d1f56a216cb190"}
,"D:\\Hacktiv8\\3. Phase 3\\final-project\\m-cure-server\\helpers\\jwt.js": {"path":"D:\\Hacktiv8\\3. Phase 3\\final-project\\m-cure-server\\helpers\\jwt.js","statementMap":{"0":{"start":{"line":1,"column":12},"end":{"line":1,"column":35}},"1":{"start":{"line":2,"column":22},"end":{"line":2,"column":44}},"2":{"start":{"line":4,"column":23},"end":{"line":6,"column":1}},"3":{"start":{"line":5,"column":4},"end":{"line":5,"column":62}},"4":{"start":{"line":8,"column":22},"end":{"line":10,"column":1}},"5":{"start":{"line":9,"column":4},"end":{"line":9,"column":43}},"6":{"start":{"line":12,"column":0},"end":{"line":15,"column":1}}},"fnMap":{"0":{"name":"(anonymous_0)","decl":{"start":{"line":4,"column":23},"end":{"line":4,"column":24}},"loc":{"start":{"line":4,"column":36},"end":{"line":6,"column":1}},"line":4},"1":{"name":"(anonymous_1)","decl":{"start":{"line":8,"column":22},"end":{"line":8,"column":23}},"loc":{"start":{"line":8,"column":33},"end":{"line":10,"column":1}},"line":8}},"branchMap":{},"s":{"0":4,"1":4,"2":4,"3":13,"4":4,"5":49,"6":4},"f":{"0":13,"1":49},"b":{},"_coverageSchema":"1a1c01bbd47fc00a2c39e90264f33305004495a9","hash":"3ccc48227cd2cf6da10f1221d6ce362ac8bd5f23"}
,"D:\\Hacktiv8\\3. Phase 3\\final-project\\m-cure-server\\middlewares\\authentication.js": {"path":"D:\\Hacktiv8\\3. Phase 3\\final-project\\m-cure-server\\middlewares\\authentication.js","statementMap":{"0":{"start":{"line":1,"column":17},"end":{"line":1,"column":37}},"1":{"start":{"line":2,"column":26},"end":{"line":2,"column":54}},"2":{"start":{"line":4,"column":28},"end":{"line":21,"column":1}},"3":{"start":{"line":5,"column":2},"end":{"line":20,"column":3}},"4":{"start":{"line":6,"column":29},"end":{"line":6,"column":40}},"5":{"start":{"line":7,"column":20},"end":{"line":7,"column":47}},"6":{"start":{"line":8,"column":25},"end":{"line":8,"column":56}},"7":{"start":{"line":9,"column":4},"end":{"line":16,"column":5}},"8":{"start":{"line":10,"column":6},"end":{"line":10,"column":54}},"9":{"start":{"line":12,"column":6},"end":{"line":15,"column":8}},"10":{"start":{"line":17,"column":4},"end":{"line":17,"column":11}},"11":{"start":{"line":19,"column":4},"end":{"line":19,"column":16}},"12":{"start":{"line":23,"column":27},"end":{"line":40,"column":1}},"13":{"start":{"line":24,"column":2},"end":{"line":39,"column":3}},"14":{"start":{"line":25,"column":29},"end":{"line":25,"column":40}},"15":{"start":{"line":26,"column":20},"end":{"line":26,"column":47}},"16":{"start":{"line":27,"column":25},"end":{"line":27,"column":56}},"17":{"start":{"line":28,"column":4},"end":{"line":35,"column":5}},"18":{"start":{"line":29,"column":6},"end":{"line":29,"column":54}},"19":{"start":{"line":31,"column":6},"end":{"line":34,"column":8}},"20":{"start":{"line":36,"column":4},"end":{"line":36,"column":11}},"21":{"start":{"line":38,"column":4},"end":{"line":38,"column":16}},"22":{"start":{"line":42,"column":0},"end":{"line":45,"column":2}}},"fnMap":{"0":{"name":"(anonymous_0)","decl":{"start":{"line":4,"column":28},"end":{"line":4,"column":29}},"loc":{"start":{"line":4,"column":54},"end":{"line":21,"column":1}},"line":4},"1":{"name":"(anonymous_1)","decl":{"start":{"line":23,"column":27},"end":{"line":23,"column":28}},"loc":{"start":{"line":23,"column":53},"end":{"line":40,"column":1}},"line":23}},"branchMap":{"0":{"loc":{"start":{"line":9,"column":4},"end":{"line":16,"column":5}},"type":"if","locations":[{"start":{"line":9,"column":4},"end":{"line":16,"column":5}},{"start":{"line":11,"column":11},"end":{"line":16,"column":5}}],"line":9},"1":{"loc":{"start":{"line":9,"column":8},"end":{"line":9,"column":54}},"type":"binary-expr","locations":[{"start":{"line":9,"column":8},"end":{"line":9,"column":21}},{"start":{"line":9,"column":25},"end":{"line":9,"column":54}}],"line":9},"2":{"loc":{"start":{"line":28,"column":4},"end":{"line":35,"column":5}},"type":"if","locations":[{"start":{"line":28,"column":4},"end":{"line":35,"column":5}},{"start":{"line":30,"column":11},"end":{"line":35,"column":5}}],"line":28},"3":{"loc":{"start":{"line":28,"column":8},"end":{"line":28,"column":54}},"type":"binary-expr","locations":[{"start":{"line":28,"column":8},"end":{"line":28,"column":21}},{"start":{"line":28,"column":25},"end":{"line":28,"column":54}}],"line":28}},"s":{"0":4,"1":4,"2":4,"3":15,"4":15,"5":15,"6":14,"7":14,"8":1,"9":13,"10":13,"11":2,"12":4,"13":34,"14":34,"15":34,"16":34,"17":34,"18":1,"19":33,"20":33,"21":1,"22":4},"f":{"0":15,"1":34},"b":{"0":[1,13],"1":[14,14],"2":[1,33],"3":[34,34]},"_coverageSchema":"1a1c01bbd47fc00a2c39e90264f33305004495a9","hash":"318ffea2a0d2f374ecddb7de7c512400655381d5"}
,"D:\\Hacktiv8\\3. Phase 3\\final-project\\m-cure-server\\middlewares\\errorHandler.js": {"path":"D:\\Hacktiv8\\3. Phase 3\\final-project\\m-cure-server\\middlewares\\errorHandler.js","statementMap":{"0":{"start":{"line":1,"column":21},"end":{"line":49,"column":1}},"1":{"start":{"line":2,"column":2},"end":{"line":2,"column":19}},"2":{"start":{"line":3,"column":2},"end":{"line":48,"column":3}},"3":{"start":{"line":4,"column":4},"end":{"line":4,"column":45}},"4":{"start":{"line":4,"column":33},"end":{"line":4,"column":43}},"5":{"start":{"line":5,"column":4},"end":{"line":7,"column":7}},"6":{"start":{"line":8,"column":9},"end":{"line":48,"column":3}},"7":{"start":{"line":9,"column":4},"end":{"line":11,"column":7}},"8":{"start":{"line":12,"column":9},"end":{"line":48,"column":3}},"9":{"start":{"line":13,"column":4},"end":{"line":15,"column":7}},"10":{"start":{"line":16,"column":9},"end":{"line":48,"column":3}},"11":{"start":{"line":17,"column":4},"end":{"line":19,"column":7}},"12":{"start":{"line":20,"column":9},"end":{"line":48,"column":3}},"13":{"start":{"line":21,"column":4},"end":{"line":23,"column":7}},"14":{"start":{"line":24,"column":9},"end":{"line":48,"column":3}},"15":{"start":{"line":28,"column":4},"end":{"line":30,"column":7}},"16":{"start":{"line":31,"column":9},"end":{"line":48,"column":3}},"17":{"start":{"line":32,"column":4},"end":{"line":34,"column":7}},"18":{"start":{"line":35,"column":9},"end":{"line":48,"column":3}},"19":{"start":{"line":36,"column":4},"end":{"line":38,"column":7}},"20":{"start":{"line":39,"column":9},"end":{"line":48,"column":3}},"21":{"start":{"line":40,"column":4},"end":{"line":42,"column":7}},"22":{"start":{"line":44,"column":4},"end":{"line":44,"column":21}},"23":{"start":{"line":45,"column":4},"end":{"line":47,"column":7}},"24":{"start":{"line":51,"column":0},"end":{"line":51,"column":30}}},"fnMap":{"0":{"name":"(anonymous_0)","decl":{"start":{"line":1,"column":21},"end":{"line":1,"column":22}},"loc":{"start":{"line":1,"column":46},"end":{"line":49,"column":1}},"line":1},"1":{"name":"(anonymous_1)","decl":{"start":{"line":4,"column":25},"end":{"line":4,"column":26}},"loc":{"start":{"line":4,"column":33},"end":{"line":4,"column":43}},"line":4}},"branchMap":{"0":{"loc":{"start":{"line":3,"column":2},"end":{"line":48,"column":3}},"type":"if","locations":[{"start":{"line":3,"column":2},"end":{"line":48,"column":3}},{"start":{"line":8,"column":9},"end":{"line":48,"column":3}}],"line":3},"1":{"loc":{"start":{"line":8,"column":9},"end":{"line":48,"column":3}},"type":"if","locations":[{"start":{"line":8,"column":9},"end":{"line":48,"column":3}},{"start":{"line":12,"column":9},"end":{"line":48,"column":3}}],"line":8},"2":{"loc":{"start":{"line":12,"column":9},"end":{"line":48,"column":3}},"type":"if","locations":[{"start":{"line":12,"column":9},"end":{"line":48,"column":3}},{"start":{"line":16,"column":9},"end":{"line":48,"column":3}}],"line":12},"3":{"loc":{"start":{"line":16,"column":9},"end":{"line":48,"column":3}},"type":"if","locations":[{"start":{"line":16,"column":9},"end":{"line":48,"column":3}},{"start":{"line":20,"column":9},"end":{"line":48,"column":3}}],"line":16},"4":{"loc":{"start":{"line":20,"column":9},"end":{"line":48,"column":3}},"type":"if","locations":[{"start":{"line":20,"column":9},"end":{"line":48,"column":3}},{"start":{"line":24,"column":9},"end":{"line":48,"column":3}}],"line":20},"5":{"loc":{"start":{"line":24,"column":9},"end":{"line":48,"column":3}},"type":"if","locations":[{"start":{"line":24,"column":9},"end":{"line":48,"column":3}},{"start":{"line":31,"column":9},"end":{"line":48,"column":3}}],"line":24},"6":{"loc":{"start":{"line":25,"column":4},"end":{"line":26,"column":36}},"type":"binary-expr","locations":[{"start":{"line":25,"column":4},"end":{"line":25,"column":36}},{"start":{"line":26,"column":4},"end":{"line":26,"column":36}}],"line":25},"7":{"loc":{"start":{"line":31,"column":9},"end":{"line":48,"column":3}},"type":"if","locations":[{"start":{"line":31,"column":9},"end":{"line":48,"column":3}},{"start":{"line":35,"column":9},"end":{"line":48,"column":3}}],"line":31},"8":{"loc":{"start":{"line":35,"column":9},"end":{"line":48,"column":3}},"type":"if","locations":[{"start":{"line":35,"column":9},"end":{"line":48,"column":3}},{"start":{"line":39,"column":9},"end":{"line":48,"column":3}}],"line":35},"9":{"loc":{"start":{"line":39,"column":9},"end":{"line":48,"column":3}},"type":"if","locations":[{"start":{"line":39,"column":9},"end":{"line":48,"column":3}},{"start":{"line":43,"column":9},"end":{"line":48,"column":3}}],"line":39}},"s":{"0":4,"1":35,"2":35,"3":11,"4":14,"5":11,"6":24,"7":3,"8":21,"9":2,"10":19,"11":2,"12":17,"13":4,"14":13,"15":1,"16":12,"17":2,"18":10,"19":1,"20":9,"21":3,"22":6,"23":6,"24":4},"f":{"0":35,"1":14},"b":{"0":[11,24],"1":[3,21],"2":[2,19],"3":[2,17],"4":[4,13],"5":[1,12],"6":[13,12],"7":[2,10],"8":[1,9],"9":[3,6]},"_coverageSchema":"1a1c01bbd47fc00a2c39e90264f33305004495a9","hash":"2585be1dd0bbad17b81a07e33f0348a584212c18"}
,"D:\\Hacktiv8\\3. Phase 3\\final-project\\m-cure-server\\models\\category.js": {"path":"D:\\Hacktiv8\\3. Phase 3\\final-project\\m-cure-server\\models\\category.js","statementMap":{"0":{"start":{"line":4,"column":4},"end":{"line":4,"column":24}},"1":{"start":{"line":5,"column":0},"end":{"line":26,"column":2}},"2":{"start":{"line":14,"column":6},"end":{"line":14,"column":42}},"3":{"start":{"line":17,"column":2},"end":{"line":24,"column":5}},"4":{"start":{"line":25,"column":2},"end":{"line":25,"column":18}}},"fnMap":{"0":{"name":"(anonymous_0)","decl":{"start":{"line":5,"column":17},"end":{"line":5,"column":18}},"loc":{"start":{"line":5,"column":43},"end":{"line":26,"column":1}},"line":5},"1":{"name":"(anonymous_1)","decl":{"start":{"line":12,"column":4},"end":{"line":12,"column":5}},"loc":{"start":{"line":12,"column":29},"end":{"line":15,"column":5}},"line":12}},"branchMap":{},"s":{"0":4,"1":4,"2":4,"3":4,"4":4},"f":{"0":4,"1":4},"b":{},"_coverageSchema":"1a1c01bbd47fc00a2c39e90264f33305004495a9","hash":"4c3aac5306838158c175d19f40f7687a99c9ecf4"}
,"D:\\Hacktiv8\\3. Phase 3\\final-project\\m-cure-server\\models\\history.js": {"path":"D:\\Hacktiv8\\3. Phase 3\\final-project\\m-cure-server\\models\\history.js","statementMap":{"0":{"start":{"line":4,"column":4},"end":{"line":4,"column":24}},"1":{"start":{"line":5,"column":0},"end":{"line":42,"column":2}},"2":{"start":{"line":14,"column":6},"end":{"line":16,"column":8}},"3":{"start":{"line":17,"column":6},"end":{"line":19,"column":8}},"4":{"start":{"line":22,"column":2},"end":{"line":40,"column":5}},"5":{"start":{"line":41,"column":2},"end":{"line":41,"column":17}}},"fnMap":{"0":{"name":"(anonymous_0)","decl":{"start":{"line":5,"column":17},"end":{"line":5,"column":18}},"loc":{"start":{"line":5,"column":43},"end":{"line":42,"column":1}},"line":5},"1":{"name":"(anonymous_1)","decl":{"start":{"line":12,"column":4},"end":{"line":12,"column":5}},"loc":{"start":{"line":12,"column":29},"end":{"line":20,"column":5}},"line":12}},"branchMap":{},"s":{"0":4,"1":4,"2":4,"3":4,"4":4,"5":4},"f":{"0":4,"1":4},"b":{},"_coverageSchema":"1a1c01bbd47fc00a2c39e90264f33305004495a9","hash":"024039eff28030223a2df922ebb418405effb173"}
,"D:\\Hacktiv8\\3. Phase 3\\final-project\\m-cure-server\\models\\index.js": {"path":"D:\\Hacktiv8\\3. Phase 3\\final-project\\m-cure-server\\models\\index.js","statementMap":{"0":{"start":{"line":3,"column":11},"end":{"line":3,"column":24}},"1":{"start":{"line":4,"column":13},"end":{"line":4,"column":28}},"2":{"start":{"line":5,"column":18},"end":{"line":5,"column":38}},"3":{"start":{"line":6,"column":17},"end":{"line":6,"column":42}},"4":{"start":{"line":7,"column":12},"end":{"line":7,"column":49}},"5":{"start":{"line":8,"column":15},"end":{"line":8,"column":65}},"6":{"start":{"line":9,"column":11},"end":{"line":9,"column":13}},"7":{"start":{"line":12,"column":0},"end":{"line":16,"column":1}},"8":{"start":{"line":13,"column":2},"end":{"line":13,"column":74}},"9":{"start":{"line":15,"column":2},"end":{"line":15,"column":87}},"10":{"start":{"line":18,"column":0},"end":{"line":26,"column":5}},"11":{"start":{"line":21,"column":4},"end":{"line":21,"column":90}},"12":{"start":{"line":24,"column":18},"end":{"line":24,"column":85}},"13":{"start":{"line":25,"column":4},"end":{"line":25,"column":27}},"14":{"start":{"line":28,"column":0},"end":{"line":32,"column":3}},"15":{"start":{"line":29,"column":2},"end":{"line":31,"column":3}},"16":{"start":{"line":30,"column":4},"end":{"line":30,"column":32}},"17":{"start":{"line":34,"column":0},"end":{"line":34,"column":25}},"18":{"start":{"line":35,"column":0},"end":{"line":35,"column":25}},"19":{"start":{"line":37,"column":0},"end":{"line":37,"column":20}}},"fnMap":{"0":{"name":"(anonymous_0)","decl":{"start":{"line":20,"column":10},"end":{"line":20,"column":11}},"loc":{"start":{"line":20,"column":18},"end":{"line":22,"column":3}},"line":20},"1":{"name":"(anonymous_1)","decl":{"start":{"line":23,"column":11},"end":{"line":23,"column":12}},"loc":{"start":{"line":23,"column":19},"end":{"line":26,"column":3}},"line":23},"2":{"name":"(anonymous_2)","decl":{"start":{"line":28,"column":24},"end":{"line":28,"column":25}},"loc":{"start":{"line":28,"column":37},"end":{"line":32,"column":1}},"line":28}},"branchMap":{"0":{"loc":{"start":{"line":7,"column":12},"end":{"line":7,"column":49}},"type":"binary-expr","locations":[{"start":{"line":7,"column":12},"end":{"line":7,"column":32}},{"start":{"line":7,"column":36},"end":{"line":7,"column":49}}],"line":7},"1":{"loc":{"start":{"line":12,"column":0},"end":{"line":16,"column":1}},"type":"if","locations":[{"start":{"line":12,"column":0},"end":{"line":16,"column":1}},{"start":{"line":14,"column":7},"end":{"line":16,"column":1}}],"line":12},"2":{"loc":{"start":{"line":21,"column":11},"end":{"line":21,"column":89}},"type":"binary-expr","locations":[{"start":{"line":21,"column":12},"end":{"line":21,"column":35}},{"start":{"line":21,"column":41},"end":{"line":21,"column":58}},{"start":{"line":21,"column":64},"end":{"line":21,"column":88}}],"line":21},"3":{"loc":{"start":{"line":29,"column":2},"end":{"line":31,"column":3}},"type":"if","locations":[{"start":{"line":29,"column":2},"end":{"line":31,"column":3}},{"start":{},"end":{}}],"line":29}},"s":{"0":4,"1":4,"2":4,"3":4,"4":4,"5":4,"6":4,"7":4,"8":0,"9":4,"10":4,"11":24,"12":20,"13":20,"14":4,"15":20,"16":20,"17":4,"18":4,"19":4},"f":{"0":24,"1":20,"2":20},"b":{"0":[4,0],"1":[0,4],"2":[24,24,20],"3":[20,0]},"_coverageSchema":"1a1c01bbd47fc00a2c39e90264f33305004495a9","hash":"57bb9c8fa52d23ca78d80b7ba469a1ae8e770559"}
,"D:\\Hacktiv8\\3. Phase 3\\final-project\\m-cure-server\\models\\transaction.js": {"path":"D:\\Hacktiv8\\3. Phase 3\\final-project\\m-cure-server\\models\\transaction.js","statementMap":{"0":{"start":{"line":4,"column":4},"end":{"line":4,"column":24}},"1":{"start":{"line":5,"column":0},"end":{"line":61,"column":2}},"2":{"start":{"line":14,"column":6},"end":{"line":14,"column":42}},"3":{"start":{"line":15,"column":6},"end":{"line":15,"column":44}},"4":{"start":{"line":18,"column":2},"end":{"line":59,"column":5}},"5":{"start":{"line":60,"column":2},"end":{"line":60,"column":21}}},"fnMap":{"0":{"name":"(anonymous_0)","decl":{"start":{"line":5,"column":17},"end":{"line":5,"column":18}},"loc":{"start":{"line":5,"column":43},"end":{"line":61,"column":1}},"line":5},"1":{"name":"(anonymous_1)","decl":{"start":{"line":12,"column":4},"end":{"line":12,"column":5}},"loc":{"start":{"line":12,"column":29},"end":{"line":16,"column":5}},"line":12}},"branchMap":{},"s":{"0":4,"1":4,"2":4,"3":4,"4":4,"5":4},"f":{"0":4,"1":4},"b":{},"_coverageSchema":"1a1c01bbd47fc00a2c39e90264f33305004495a9","hash":"7d34f4fca012dce5611f36fa9b4dbe543f548469"}
,"D:\\Hacktiv8\\3. Phase 3\\final-project\\m-cure-server\\models\\user.js": {"path":"D:\\Hacktiv8\\3. Phase 3\\final-project\\m-cure-server\\models\\user.js","statementMap":{"0":{"start":{"line":4,"column":4},"end":{"line":4,"column":24}},"1":{"start":{"line":5,"column":25},"end":{"line":5,"column":53}},"2":{"start":{"line":6,"column":0},"end":{"line":102,"column":2}},"3":{"start":{"line":15,"column":6},"end":{"line":15,"column":32}},"4":{"start":{"line":16,"column":6},"end":{"line":18,"column":8}},"5":{"start":{"line":19,"column":6},"end":{"line":21,"column":8}},"6":{"start":{"line":24,"column":2},"end":{"line":100,"column":5}},"7":{"start":{"line":96,"column":8},"end":{"line":96,"column":59}},"8":{"start":{"line":101,"column":2},"end":{"line":101,"column":14}}},"fnMap":{"0":{"name":"(anonymous_0)","decl":{"start":{"line":6,"column":17},"end":{"line":6,"column":18}},"loc":{"start":{"line":6,"column":43},"end":{"line":102,"column":1}},"line":6},"1":{"name":"(anonymous_1)","decl":{"start":{"line":13,"column":4},"end":{"line":13,"column":5}},"loc":{"start":{"line":13,"column":29},"end":{"line":22,"column":5}},"line":13},"2":{"name":"(anonymous_2)","decl":{"start":{"line":95,"column":6},"end":{"line":95,"column":7}},"loc":{"start":{"line":95,"column":29},"end":{"line":97,"column":7}},"line":95}},"branchMap":{},"s":{"0":4,"1":4,"2":4,"3":4,"4":4,"5":4,"6":4,"7":10,"8":4},"f":{"0":4,"1":4,"2":10},"b":{},"_coverageSchema":"1a1c01bbd47fc00a2c39e90264f33305004495a9","hash":"55b36ee6bdbf19c7c4159c12b296b63033412801"}
,"D:\\Hacktiv8\\3. Phase 3\\final-project\\m-cure-server\\models\\wallet.js": {"path":"D:\\Hacktiv8\\3. Phase 3\\final-project\\m-cure-server\\models\\wallet.js","statementMap":{"0":{"start":{"line":4,"column":4},"end":{"line":4,"column":24}},"1":{"start":{"line":5,"column":0},"end":{"line":40,"column":2}},"2":{"start":{"line":14,"column":6},"end":{"line":14,"column":35}},"3":{"start":{"line":15,"column":6},"end":{"line":15,"column":40}},"4":{"start":{"line":18,"column":2},"end":{"line":38,"column":5}},"5":{"start":{"line":39,"column":2},"end":{"line":39,"column":16}}},"fnMap":{"0":{"name":"(anonymous_0)","decl":{"start":{"line":5,"column":17},"end":{"line":5,"column":18}},"loc":{"start":{"line":5,"column":43},"end":{"line":40,"column":1}},"line":5},"1":{"name":"(anonymous_1)","decl":{"start":{"line":12,"column":4},"end":{"line":12,"column":5}},"loc":{"start":{"line":12,"column":29},"end":{"line":16,"column":5}},"line":12}},"branchMap":{},"s":{"0":4,"1":4,"2":4,"3":4,"4":4,"5":4},"f":{"0":4,"1":4},"b":{},"_coverageSchema":"1a1c01bbd47fc00a2c39e90264f33305004495a9","hash":"a140c95540ab26c570a58ed342d989bee85c70e5"}
,"D:\\Hacktiv8\\3. Phase 3\\final-project\\m-cure-server\\routes\\categoryRouter.js": {"path":"D:\\Hacktiv8\\3. Phase 3\\final-project\\m-cure-server\\routes\\categoryRouter.js","statementMap":{"0":{"start":{"line":1,"column":16},"end":{"line":1,"column":34}},"1":{"start":{"line":2,"column":15},"end":{"line":2,"column":31}},"2":{"start":{"line":3,"column":27},"end":{"line":3,"column":74}},"3":{"start":{"line":5,"column":0},"end":{"line":5,"column":52}},"4":{"start":{"line":7,"column":0},"end":{"line":7,"column":24}}},"fnMap":{},"branchMap":{},"s":{"0":4,"1":4,"2":4,"3":4,"4":4},"f":{},"b":{},"_coverageSchema":"1a1c01bbd47fc00a2c39e90264f33305004495a9","hash":"4a8de8ce47ad1d95c8509b33ad092260e00de4ee"}
,"D:\\Hacktiv8\\3. Phase 3\\final-project\\m-cure-server\\routes\\consultantRouter.js": {"path":"D:\\Hacktiv8\\3. Phase 3\\final-project\\m-cure-server\\routes\\consultantRouter.js","statementMap":{"0":{"start":{"line":1,"column":16},"end":{"line":1,"column":34}},"1":{"start":{"line":2,"column":15},"end":{"line":2,"column":31}},"2":{"start":{"line":3,"column":29},"end":{"line":3,"column":78}},"3":{"start":{"line":5,"column":0},"end":{"line":5,"column":53}},"4":{"start":{"line":6,"column":0},"end":{"line":6,"column":61}},"5":{"start":{"line":8,"column":0},"end":{"line":8,"column":24}}},"fnMap":{},"branchMap":{},"s":{"0":4,"1":4,"2":4,"3":4,"4":4,"5":4},"f":{},"b":{},"_coverageSchema":"1a1c01bbd47fc00a2c39e90264f33305004495a9","hash":"386279a839792b4ae9441e9639d87cb7619d331c"}
,"D:\\Hacktiv8\\3. Phase 3\\final-project\\m-cure-server\\routes\\historyRouter.js": {"path":"D:\\Hacktiv8\\3. Phase 3\\final-project\\m-cure-server\\routes\\historyRouter.js","statementMap":{"0":{"start":{"line":1,"column":16},"end":{"line":1,"column":34}},"1":{"start":{"line":2,"column":19},"end":{"line":2,"column":62}},"2":{"start":{"line":3,"column":15},"end":{"line":3,"column":31}},"3":{"start":{"line":5,"column":0},"end":{"line":5,"column":43}},"4":{"start":{"line":6,"column":0},"end":{"line":6,"column":43}},"5":{"start":{"line":7,"column":0},"end":{"line":7,"column":54}},"6":{"start":{"line":10,"column":0},"end":{"line":10,"column":24}}},"fnMap":{},"branchMap":{},"s":{"0":4,"1":4,"2":4,"3":4,"4":4,"5":4,"6":4},"f":{},"b":{},"_coverageSchema":"1a1c01bbd47fc00a2c39e90264f33305004495a9","hash":"957813741b7f7202d24129f06e15e7b78ee1baa1"}
,"D:\\Hacktiv8\\3. Phase 3\\final-project\\m-cure-server\\routes\\index.js": {"path":"D:\\Hacktiv8\\3. Phase 3\\final-project\\m-cure-server\\routes\\index.js","statementMap":{"0":{"start":{"line":1,"column":16},"end":{"line":1,"column":34}},"1":{"start":{"line":2,"column":15},"end":{"line":2,"column":31}},"2":{"start":{"line":3,"column":20},"end":{"line":3,"column":44}},"3":{"start":{"line":4,"column":23},"end":{"line":4,"column":50}},"4":{"start":{"line":5,"column":19},"end":{"line":5,"column":42}},"5":{"start":{"line":6,"column":25},"end":{"line":6,"column":54}},"6":{"start":{"line":7,"column":23},"end":{"line":7,"column":50}},"7":{"start":{"line":8,"column":32},"end":{"line":8,"column":72}},"8":{"start":{"line":10,"column":0},"end":{"line":10,"column":41}},"9":{"start":{"line":11,"column":0},"end":{"line":11,"column":32}},"10":{"start":{"line":12,"column":0},"end":{"line":12,"column":33}},"11":{"start":{"line":13,"column":0},"end":{"line":13,"column":31}},"12":{"start":{"line":14,"column":0},"end":{"line":14,"column":44}},"13":{"start":{"line":15,"column":0},"end":{"line":15,"column":39}},"14":{"start":{"line":17,"column":0},"end":{"line":17,"column":23}}},"fnMap":{},"branchMap":{},"s":{"0":4,"1":4,"2":4,"3":4,"4":4,"5":4,"6":4,"7":4,"8":4,"9":4,"10":4,"11":4,"12":4,"13":4,"14":4},"f":{},"b":{},"_coverageSchema":"1a1c01bbd47fc00a2c39e90264f33305004495a9","hash":"003484b612fa284ad870a7b0db1893ef9a3fb09c"}
,"D:\\Hacktiv8\\3. Phase 3\\final-project\\m-cure-server\\routes\\loginRouter.js": {"path":"D:\\Hacktiv8\\3. Phase 3\\final-project\\m-cure-server\\routes\\loginRouter.js","statementMap":{"0":{"start":{"line":1,"column":16},"end":{"line":1,"column":34}},"1":{"start":{"line":2,"column":15},"end":{"line":2,"column":31}},"2":{"start":{"line":3,"column":24},"end":{"line":3,"column":68}},"3":{"start":{"line":5,"column":0},"end":{"line":5,"column":44}},"4":{"start":{"line":7,"column":0},"end":{"line":7,"column":23}}},"fnMap":{},"branchMap":{},"s":{"0":4,"1":4,"2":4,"3":4,"4":4},"f":{},"b":{},"_coverageSchema":"1a1c01bbd47fc00a2c39e90264f33305004495a9","hash":"629ebe6a5f1fe1f838ab183759493f064afb3f23"}
,"D:\\Hacktiv8\\3. Phase 3\\final-project\\m-cure-server\\routes\\registerRouter.js": {"path":"D:\\Hacktiv8\\3. Phase 3\\final-project\\m-cure-server\\routes\\registerRouter.js","statementMap":{"0":{"start":{"line":1,"column":16},"end":{"line":1,"column":34}},"1":{"start":{"line":2,"column":15},"end":{"line":2,"column":31}},"2":{"start":{"line":3,"column":24},"end":{"line":3,"column":68}},"3":{"start":{"line":5,"column":0},"end":{"line":5,"column":53}},"4":{"start":{"line":6,"column":0},"end":{"line":6,"column":63}},"5":{"start":{"line":8,"column":0},"end":{"line":8,"column":24}}},"fnMap":{},"branchMap":{},"s":{"0":4,"1":4,"2":4,"3":4,"4":4,"5":4},"f":{},"b":{},"_coverageSchema":"1a1c01bbd47fc00a2c39e90264f33305004495a9","hash":"7c2bce071331b477735eaeb3c221d839e1afd351"}
,"D:\\Hacktiv8\\3. Phase 3\\final-project\\m-cure-server\\routes\\transactionRouter.js": {"path":"D:\\Hacktiv8\\3. Phase 3\\final-project\\m-cure-server\\routes\\transactionRouter.js","statementMap":{"0":{"start":{"line":1,"column":16},"end":{"line":1,"column":34}},"1":{"start":{"line":2,"column":19},"end":{"line":2,"column":66}},"2":{"start":{"line":3,"column":15},"end":{"line":3,"column":31}},"3":{"start":{"line":5,"column":0},"end":{"line":5,"column":46}},"4":{"start":{"line":7,"column":0},"end":{"line":7,"column":47}},"5":{"start":{"line":9,"column":0},"end":{"line":9,"column":52}},"6":{"start":{"line":11,"column":0},"end":{"line":11,"column":49}},"7":{"start":{"line":13,"column":0},"end":{"line":13,"column":47}},"8":{"start":{"line":15,"column":0},"end":{"line":15,"column":52}},"9":{"start":{"line":17,"column":0},"end":{"line":17,"column":24}}},"fnMap":{},"branchMap":{},"s":{"0":4,"1":4,"2":4,"3":4,"4":4,"5":4,"6":4,"7":4,"8":4,"9":4},"f":{},"b":{},"_coverageSchema":"1a1c01bbd47fc00a2c39e90264f33305004495a9","hash":"214b09fa8eceb6b8ff8e613d98463fed3445f3e7"}
,"D:\\Hacktiv8\\3. Phase 3\\final-project\\m-cure-server\\routes\\userRouter.js": {"path":"D:\\Hacktiv8\\3. Phase 3\\final-project\\m-cure-server\\routes\\userRouter.js","statementMap":{"0":{"start":{"line":1,"column":16},"end":{"line":1,"column":34}},"1":{"start":{"line":2,"column":15},"end":{"line":2,"column":31}},"2":{"start":{"line":3,"column":23},"end":{"line":3,"column":66}},"3":{"start":{"line":4,"column":31},"end":{"line":4,"column":71}},"4":{"start":{"line":5,"column":26},"end":{"line":5,"column":56}},"5":{"start":{"line":6,"column":21},"end":{"line":6,"column":46}},"6":{"start":{"line":7,"column":22},"end":{"line":7,"column":48}},"7":{"start":{"line":8,"column":29},"end":{"line":8,"column":78}},"8":{"start":{"line":10,"column":0},"end":{"line":10,"column":54}},"9":{"start":{"line":11,"column":0},"end":{"line":11,"column":48}},"10":{"start":{"line":12,"column":0},"end":{"line":12,"column":31}},"11":{"start":{"line":13,"column":0},"end":{"line":13,"column":49}},"12":{"start":{"line":14,"column":0},"end":{"line":14,"column":64}},"13":{"start":{"line":15,"column":0},"end":{"line":15,"column":40}},"14":{"start":{"line":16,"column":0},"end":{"line":16,"column":47}},"15":{"start":{"line":17,"column":0},"end":{"line":17,"column":36}},"16":{"start":{"line":19,"column":0},"end":{"line":19,"column":24}}},"fnMap":{},"branchMap":{},"s":{"0":4,"1":4,"2":4,"3":4,"4":4,"5":4,"6":4,"7":4,"8":4,"9":4,"10":4,"11":4,"12":4,"13":4,"14":4,"15":4,"16":4},"f":{},"b":{},"_coverageSchema":"1a1c01bbd47fc00a2c39e90264f33305004495a9","hash":"223e94e59d74e663ba5b6dca15d632a89edbea49"}
,"D:\\Hacktiv8\\3. Phase 3\\final-project\\m-cure-server\\routes\\walletRouter.js": {"path":"D:\\Hacktiv8\\3. Phase 3\\final-project\\m-cure-server\\routes\\walletRouter.js","statementMap":{"0":{"start":{"line":1,"column":16},"end":{"line":1,"column":34}},"1":{"start":{"line":2,"column":19},"end":{"line":2,"column":61}},"2":{"start":{"line":3,"column":15},"end":{"line":3,"column":31}},"3":{"start":{"line":5,"column":0},"end":{"line":5,"column":40}},"4":{"start":{"line":13,"column":0},"end":{"line":13,"column":24}}},"fnMap":{},"branchMap":{},"s":{"0":4,"1":4,"2":4,"3":4,"4":4},"f":{},"b":{},"_coverageSchema":"1a1c01bbd47fc00a2c39e90264f33305004495a9","hash":"0e986ee0cc8603bd9cf0ff328484d8d2e2aae228"}
}
