<?xml version="1.0" encoding="UTF-8"?>
<coverage generated="1653144905098" clover="3.2.0">
  <project timestamp="1653144905098" name="All files">
    <metrics statements="514" coveredstatements="506" conditionals="173" coveredconditionals="154" methods="47" coveredmethods="45" elements="734" coveredelements="705" complexity="0" loc="514" ncloc="514" packages="6" files="28" classes="28"/>
    <package name="m-cure-server">
      <metrics statements="33" coveredstatements="30" conditionals="4" coveredconditionals="2" methods="4" coveredmethods="2"/>
      <file name="app.js" path="D:\Hacktiv8\3. Phase 3\final-project\m-cure-server\app.js">
        <metrics statements="22" coveredstatements="19" conditionals="4" coveredconditionals="2" methods="2" coveredmethods="0"/>
        <line num="1" count="4" type="cond" truecount="1" falsecount="1"/>
        <line num="2" count="4" type="stmt"/>
        <line num="4" count="4" type="cond" truecount="1" falsecount="1"/>
        <line num="5" count="4" type="stmt"/>
        <line num="6" count="4" type="stmt"/>
        <line num="7" count="4" type="stmt"/>
        <line num="8" count="4" type="stmt"/>
        <line num="9" count="4" type="stmt"/>
        <line num="10" count="4" type="stmt"/>
        <line num="11" count="4" type="stmt"/>
        <line num="13" count="4" type="stmt"/>
        <line num="14" count="4" type="stmt"/>
        <line num="15" count="4" type="stmt"/>
        <line num="17" count="4" type="stmt"/>
        <line num="19" count="4" type="stmt"/>
        <line num="20" count="4" type="stmt"/>
        <line num="28" count="4" type="stmt"/>
        <line num="29" count="0" type="stmt"/>
        <line num="31" count="0" type="stmt"/>
        <line num="32" count="0" type="stmt"/>
        <line num="36" count="4" type="stmt"/>
        <line num="42" count="4" type="stmt"/>
      </file>
      <file name="socketConfig.js" path="D:\Hacktiv8\3. Phase 3\final-project\m-cure-server\socketConfig.js">
        <metrics statements="11" coveredstatements="11" conditionals="0" coveredconditionals="0" methods="2" coveredmethods="2"/>
        <line num="1" count="1" type="stmt"/>
        <line num="2" count="1" type="stmt"/>
        <line num="3" count="1" type="stmt"/>
        <line num="4" count="1" type="stmt"/>
        <line num="5" count="1" type="stmt"/>
        <line num="7" count="1" type="stmt"/>
        <line num="15" count="1" type="stmt"/>
        <line num="16" count="1" type="stmt"/>
        <line num="18" count="1" type="stmt"/>
        <line num="19" count="1" type="stmt"/>
        <line num="23" count="1" type="stmt"/>
      </file>
    </package>
    <package name="m-cure-server.controllers">
      <metrics statements="293" coveredstatements="289" conditionals="132" coveredconditionals="118" methods="21" coveredmethods="21"/>
      <file name="adminController.js" path="D:\Hacktiv8\3. Phase 3\final-project\m-cure-server\controllers\adminController.js">
        <metrics statements="38" coveredstatements="38" conditionals="8" coveredconditionals="8" methods="3" coveredmethods="3"/>
        <line num="1" count="4" type="stmt"/>
        <line num="2" count="4" type="stmt"/>
        <line num="3" count="4" type="stmt"/>
        <line num="4" count="4" type="stmt"/>
        <line num="8" count="5" type="stmt"/>
        <line num="9" count="5" type="stmt"/>
        <line num="10" count="5" type="stmt"/>
        <line num="11" count="5" type="stmt"/>
        <line num="23" count="1" type="stmt"/>
        <line num="24" count="1" type="stmt"/>
        <line num="26" count="4" type="stmt"/>
        <line num="27" count="4" type="stmt"/>
        <line num="32" count="5" type="stmt"/>
        <line num="33" count="5" type="stmt"/>
        <line num="34" count="5" type="stmt"/>
        <line num="35" count="5" type="stmt"/>
        <line num="47" count="1" type="stmt"/>
        <line num="48" count="1" type="stmt"/>
        <line num="50" count="4" type="stmt"/>
        <line num="51" count="4" type="stmt"/>
        <line num="56" count="5" type="stmt"/>
        <line num="57" count="5" type="stmt"/>
        <line num="58" count="5" type="stmt"/>
        <line num="59" count="5" type="cond" truecount="2" falsecount="0"/>
        <line num="60" count="4" type="cond" truecount="2" falsecount="0"/>
        <line num="62" count="3" type="stmt"/>
        <line num="68" count="3" type="cond" truecount="2" falsecount="0"/>
        <line num="69" count="1" type="stmt"/>
        <line num="71" count="2" type="stmt"/>
        <line num="75" count="2" type="cond" truecount="2" falsecount="0"/>
        <line num="76" count="1" type="stmt"/>
        <line num="78" count="1" type="stmt"/>
        <line num="82" count="1" type="stmt"/>
        <line num="83" count="1" type="stmt"/>
        <line num="84" count="1" type="stmt"/>
        <line num="89" count="4" type="stmt"/>
        <line num="90" count="4" type="stmt"/>
        <line num="95" count="4" type="stmt"/>
      </file>
      <file name="categoryController.js" path="D:\Hacktiv8\3. Phase 3\final-project\m-cure-server\controllers\categoryController.js">
        <metrics statements="13" coveredstatements="13" conditionals="4" coveredconditionals="4" methods="2" coveredmethods="2"/>
        <line num="1" count="4" type="stmt"/>
        <line num="5" count="2" type="stmt"/>
        <line num="6" count="2" type="stmt"/>
        <line num="8" count="1" type="stmt"/>
        <line num="9" count="1" type="stmt"/>
        <line num="11" count="1" type="stmt"/>
        <line num="12" count="36" type="cond" truecount="2" falsecount="0"/>
        <line num="13" count="4" type="stmt"/>
        <line num="14" count="32" type="cond" truecount="2" falsecount="0"/>
        <line num="15" count="28" type="stmt"/>
        <line num="19" count="1" type="stmt"/>
        <line num="26" count="1" type="stmt"/>
        <line num="31" count="4" type="stmt"/>
      </file>
      <file name="consultantController.js" path="D:\Hacktiv8\3. Phase 3\final-project\m-cure-server\controllers\consultantController.js">
        <metrics statements="20" coveredstatements="18" conditionals="2" coveredconditionals="2" methods="2" coveredmethods="2"/>
        <line num="1" count="4" type="stmt"/>
        <line num="2" count="4" type="stmt"/>
        <line num="6" count="1" type="stmt"/>
        <line num="7" count="1" type="stmt"/>
        <line num="8" count="1" type="stmt"/>
        <line num="14" count="1" type="stmt"/>
        <line num="15" count="1" type="stmt"/>
        <line num="17" count="0" type="stmt"/>
        <line num="18" count="0" type="stmt"/>
        <line num="23" count="2" type="stmt"/>
        <line num="24" count="2" type="stmt"/>
        <line num="25" count="2" type="stmt"/>
        <line num="26" count="2" type="stmt"/>
        <line num="33" count="2" type="cond" truecount="2" falsecount="0"/>
        <line num="35" count="1" type="stmt"/>
        <line num="42" count="1" type="stmt"/>
        <line num="43" count="1" type="stmt"/>
        <line num="45" count="1" type="stmt"/>
        <line num="46" count="1" type="stmt"/>
        <line num="51" count="4" type="stmt"/>
      </file>
      <file name="historyController.js" path="D:\Hacktiv8\3. Phase 3\final-project\m-cure-server\controllers\historyController.js">
        <metrics statements="30" coveredstatements="30" conditionals="0" coveredconditionals="0" methods="3" coveredmethods="3"/>
        <line num="1" count="4" type="stmt"/>
        <line num="2" count="4" type="stmt"/>
        <line num="6" count="2" type="stmt"/>
        <line num="7" count="2" type="stmt"/>
        <line num="8" count="2" type="stmt"/>
        <line num="10" count="2" type="stmt"/>
        <line num="15" count="1" type="stmt"/>
        <line num="16" count="1" type="stmt"/>
        <line num="18" count="1" type="stmt"/>
        <line num="19" count="1" type="stmt"/>
        <line num="24" count="2" type="stmt"/>
        <line num="25" count="2" type="stmt"/>
        <line num="26" count="2" type="stmt"/>
        <line num="28" count="2" type="stmt"/>
        <line num="29" count="2" type="stmt"/>
        <line num="34" count="1" type="stmt"/>
        <line num="35" count="1" type="stmt"/>
        <line num="37" count="1" type="stmt"/>
        <line num="38" count="1" type="stmt"/>
        <line num="43" count="2" type="stmt"/>
        <line num="44" count="2" type="stmt"/>
        <line num="45" count="2" type="stmt"/>
        <line num="47" count="2" type="stmt"/>
        <line num="49" count="2" type="stmt"/>
        <line num="50" count="2" type="stmt"/>
        <line num="61" count="1" type="stmt"/>
        <line num="62" count="1" type="stmt"/>
        <line num="64" count="1" type="stmt"/>
        <line num="65" count="1" type="stmt"/>
        <line num="70" count="4" type="stmt"/>
      </file>
      <file name="transactionController.js" path="D:\Hacktiv8\3. Phase 3\final-project\m-cure-server\controllers\transactionController.js">
        <metrics statements="146" coveredstatements="146" conditionals="110" coveredconditionals="96" methods="7" coveredmethods="7"/>
        <line num="1" count="4" type="stmt"/>
        <line num="2" count="4" type="stmt"/>
        <line num="6" count="2" type="stmt"/>
        <line num="7" count="2" type="stmt"/>
        <line num="9" count="2" type="stmt"/>
        <line num="14" count="1" type="stmt"/>
        <line num="21" count="1" type="stmt"/>
        <line num="25" count="1" type="stmt"/>
        <line num="30" count="8" type="stmt"/>
        <line num="31" count="8" type="stmt"/>
        <line num="33" count="8" type="stmt"/>
        <line num="34" count="8" type="stmt"/>
        <line num="36" count="8" type="stmt"/>
        <line num="43" count="8" type="stmt"/>
        <line num="51" count="8" type="stmt"/>
        <line num="55" count="7" type="stmt"/>
        <line num="59" count="7" type="stmt"/>
        <line num="61" count="7" type="stmt"/>
        <line num="65" count="7" type="cond" truecount="2" falsecount="0"/>
        <line num="70" count="2" type="stmt"/>
        <line num="71" count="5" type="cond" truecount="1" falsecount="1"/>
        <line num="76" count="5" type="stmt"/>
        <line num="79" count="7" type="stmt"/>
        <line num="84" count="7" type="stmt"/>
        <line num="86" count="7" type="stmt"/>
        <line num="90" count="1" type="stmt"/>
        <line num="91" count="1" type="stmt"/>
        <line num="96" count="5" type="stmt"/>
        <line num="97" count="5" type="stmt"/>
        <line num="98" count="5" type="stmt"/>
        <line num="99" count="5" type="stmt"/>
        <line num="100" count="5" type="stmt"/>
        <line num="106" count="5" type="stmt"/>
        <line num="108" count="5" type="stmt"/>
        <line num="116" count="5" type="stmt"/>
        <line num="120" count="5" type="cond" truecount="2" falsecount="0"/>
        <line num="122" count="4" type="stmt"/>
        <line num="130" count="4" type="stmt"/>
        <line num="132" count="4" type="stmt"/>
        <line num="136" count="4" type="stmt"/>
        <line num="138" count="4" type="stmt"/>
        <line num="142" count="4" type="cond" truecount="2" falsecount="0"/>
        <line num="147" count="2" type="cond" truecount="2" falsecount="0"/>
        <line num="152" count="1" type="stmt"/>
        <line num="155" count="1" type="stmt"/>
        <line num="158" count="2" type="cond" truecount="1" falsecount="1"/>
        <line num="163" count="2" type="cond" truecount="2" falsecount="0"/>
        <line num="168" count="1" type="stmt"/>
        <line num="171" count="1" type="stmt"/>
        <line num="176" count="4" type="stmt"/>
        <line num="181" count="4" type="stmt"/>
        <line num="183" count="4" type="stmt"/>
        <line num="187" count="1" type="stmt"/>
        <line num="188" count="1" type="stmt"/>
        <line num="193" count="3" type="stmt"/>
        <line num="194" count="3" type="stmt"/>
        <line num="195" count="3" type="stmt"/>
        <line num="197" count="3" type="stmt"/>
        <line num="201" count="3" type="cond" truecount="2" falsecount="0"/>
        <line num="203" count="2" type="stmt"/>
        <line num="207" count="2" type="stmt"/>
        <line num="211" count="2" type="stmt"/>
        <line num="213" count="2" type="cond" truecount="2" falsecount="0"/>
        <line num="218" count="1" type="stmt"/>
        <line num="219" count="1" type="cond" truecount="1" falsecount="1"/>
        <line num="224" count="1" type="stmt"/>
        <line num="227" count="2" type="stmt"/>
        <line num="232" count="2" type="stmt"/>
        <line num="234" count="2" type="stmt"/>
        <line num="238" count="1" type="stmt"/>
        <line num="239" count="1" type="stmt"/>
        <line num="244" count="4" type="stmt"/>
        <line num="245" count="4" type="stmt"/>
        <line num="247" count="4" type="stmt"/>
        <line num="248" count="4" type="stmt"/>
        <line num="253" count="3" type="stmt"/>
        <line num="258" count="3" type="stmt"/>
        <line num="259" count="3" type="stmt"/>
        <line num="260" count="3" type="stmt"/>
        <line num="262" count="3" type="cond" truecount="2" falsecount="0"/>
        <line num="263" count="1" type="stmt"/>
        <line num="265" count="3" type="cond" truecount="2" falsecount="0"/>
        <line num="266" count="1" type="stmt"/>
        <line num="269" count="3" type="stmt"/>
        <line num="270" count="3" type="stmt"/>
        <line num="271" count="3" type="stmt"/>
        <line num="272" count="3" type="stmt"/>
        <line num="273" count="3" type="stmt"/>
        <line num="274" count="3" type="stmt"/>
        <line num="275" count="3" type="stmt"/>
        <line num="276" count="3" type="stmt"/>
        <line num="278" count="3" type="cond" truecount="1" falsecount="1"/>
        <line num="279" count="3" type="stmt"/>
        <line num="280" count="7" type="stmt"/>
        <line num="282" count="7" type="cond" truecount="1" falsecount="1"/>
        <line num="286" count="7" type="cond" truecount="2" falsecount="0"/>
        <line num="291" count="2" type="stmt"/>
        <line num="292" count="5" type="cond" truecount="2" falsecount="0"/>
        <line num="309" count="3" type="stmt"/>
        <line num="310" count="2" type="cond" truecount="2" falsecount="0"/>
        <line num="326" count="1" type="stmt"/>
        <line num="328" count="7" type="stmt"/>
        <line num="333" count="3" type="stmt"/>
        <line num="334" count="3" type="stmt"/>
        <line num="336" count="3" type="cond" truecount="1" falsecount="1"/>
        <line num="337" count="3" type="cond" truecount="2" falsecount="0"/>
        <line num="338" count="2" type="stmt"/>
        <line num="339" count="2" type="stmt"/>
        <line num="340" count="2" type="stmt"/>
        <line num="341" count="2" type="stmt"/>
        <line num="343" count="1" type="stmt"/>
        <line num="344" count="1" type="stmt"/>
        <line num="345" count="1" type="stmt"/>
        <line num="346" count="1" type="stmt"/>
        <line num="347" count="1" type="stmt"/>
        <line num="351" count="3" type="stmt"/>
        <line num="353" count="3" type="cond" truecount="4" falsecount="0"/>
        <line num="354" count="1" type="stmt"/>
        <line num="355" count="2" type="cond" truecount="2" falsecount="0"/>
        <line num="356" count="1" type="stmt"/>
        <line num="358" count="1" type="stmt"/>
        <line num="361" count="3" type="stmt"/>
        <line num="362" count="3" type="stmt"/>
        <line num="364" count="3" type="stmt"/>
        <line num="365" count="7" type="cond" truecount="2" falsecount="0"/>
        <line num="366" count="5" type="cond" truecount="1" falsecount="1"/>
        <line num="367" count="5" type="stmt"/>
        <line num="371" count="5" type="stmt"/>
        <line num="374" count="2" type="cond" truecount="1" falsecount="1"/>
        <line num="375" count="2" type="stmt"/>
        <line num="379" count="2" type="stmt"/>
        <line num="384" count="3" type="stmt"/>
        <line num="385" count="5" type="stmt"/>
        <line num="388" count="3" type="stmt"/>
        <line num="389" count="2" type="stmt"/>
        <line num="392" count="3" type="stmt"/>
        <line num="401" count="1" type="stmt"/>
        <line num="406" count="2" type="stmt"/>
        <line num="407" count="2" type="stmt"/>
        <line num="408" count="2" type="stmt"/>
        <line num="409" count="2" type="stmt"/>
        <line num="415" count="2" type="stmt"/>
        <line num="422" count="2" type="cond" truecount="2" falsecount="0"/>
        <line num="424" count="1" type="stmt"/>
        <line num="428" count="1" type="stmt"/>
        <line num="433" count="4" type="stmt"/>
      </file>
      <file name="userController.js" path="D:\Hacktiv8\3. Phase 3\final-project\m-cure-server\controllers\userController.js">
        <metrics statements="39" coveredstatements="37" conditionals="8" coveredconditionals="8" methods="3" coveredmethods="3"/>
        <line num="1" count="4" type="stmt"/>
        <line num="2" count="4" type="stmt"/>
        <line num="3" count="4" type="stmt"/>
        <line num="4" count="4" type="stmt"/>
        <line num="8" count="5" type="stmt"/>
        <line num="9" count="5" type="stmt"/>
        <line num="10" count="5" type="stmt"/>
        <line num="11" count="5" type="stmt"/>
        <line num="24" count="1" type="stmt"/>
        <line num="33" count="1" type="stmt"/>
        <line num="34" count="1" type="stmt"/>
        <line num="36" count="4" type="stmt"/>
        <line num="37" count="4" type="stmt"/>
        <line num="42" count="5" type="stmt"/>
        <line num="43" count="5" type="stmt"/>
        <line num="44" count="5" type="stmt"/>
        <line num="45" count="5" type="cond" truecount="2" falsecount="0"/>
        <line num="46" count="4" type="cond" truecount="2" falsecount="0"/>
        <line num="48" count="3" type="stmt"/>
        <line num="54" count="3" type="cond" truecount="2" falsecount="0"/>
        <line num="55" count="1" type="stmt"/>
        <line num="57" count="2" type="stmt"/>
        <line num="61" count="2" type="cond" truecount="2" falsecount="0"/>
        <line num="62" count="1" type="stmt"/>
        <line num="64" count="1" type="stmt"/>
        <line num="69" count="1" type="stmt"/>
        <line num="70" count="1" type="stmt"/>
        <line num="71" count="1" type="stmt"/>
        <line num="76" count="4" type="stmt"/>
        <line num="77" count="4" type="stmt"/>
        <line num="82" count="1" type="stmt"/>
        <line num="83" count="1" type="stmt"/>
        <line num="84" count="1" type="stmt"/>
        <line num="86" count="1" type="stmt"/>
        <line num="93" count="1" type="stmt"/>
        <line num="94" count="1" type="stmt"/>
        <line num="96" count="0" type="stmt"/>
        <line num="97" count="0" type="stmt"/>
        <line num="102" count="4" type="stmt"/>
      </file>
      <file name="walletController.js" path="D:\Hacktiv8\3. Phase 3\final-project\m-cure-server\controllers\walletController.js">
        <metrics statements="7" coveredstatements="7" conditionals="0" coveredconditionals="0" methods="1" coveredmethods="1"/>
        <line num="1" count="4" type="stmt"/>
        <line num="5" count="2" type="stmt"/>
        <line num="6" count="2" type="stmt"/>
        <line num="7" count="2" type="stmt"/>
        <line num="13" count="1" type="stmt"/>
        <line num="17" count="1" type="stmt"/>
        <line num="22" count="4" type="stmt"/>
      </file>
    </package>
    <package name="m-cure-server.helpers">
      <metrics statements="13" coveredstatements="13" conditionals="0" coveredconditionals="0" methods="4" coveredmethods="4"/>
      <file name="bcrypt.js" path="D:\Hacktiv8\3. Phase 3\final-project\m-cure-server\helpers\bcrypt.js">
        <metrics statements="6" coveredstatements="6" conditionals="0" coveredconditionals="0" methods="2" coveredmethods="2"/>
        <line num="1" count="4" type="stmt"/>
        <line num="3" count="4" type="stmt"/>
        <line num="4" count="10" type="stmt"/>
        <line num="7" count="4" type="stmt"/>
        <line num="8" count="4" type="stmt"/>
        <line num="11" count="4" type="stmt"/>
      </file>
      <file name="jwt.js" path="D:\Hacktiv8\3. Phase 3\final-project\m-cure-server\helpers\jwt.js">
        <metrics statements="7" coveredstatements="7" conditionals="0" coveredconditionals="0" methods="2" coveredmethods="2"/>
        <line num="1" count="4" type="stmt"/>
        <line num="2" count="4" type="stmt"/>
        <line num="4" count="4" type="stmt"/>
        <line num="5" count="13" type="stmt"/>
        <line num="8" count="4" type="stmt"/>
        <line num="9" count="49" type="stmt"/>
        <line num="12" count="4" type="stmt"/>
      </file>
    </package>
    <package name="m-cure-server.middlewares">
      <metrics statements="47" coveredstatements="47" conditionals="28" coveredconditionals="28" methods="4" coveredmethods="4"/>
      <file name="authentication.js" path="D:\Hacktiv8\3. Phase 3\final-project\m-cure-server\middlewares\authentication.js">
        <metrics statements="23" coveredstatements="23" conditionals="8" coveredconditionals="8" methods="2" coveredmethods="2"/>
        <line num="1" count="4" type="stmt"/>
        <line num="2" count="4" type="stmt"/>
        <line num="4" count="4" type="stmt"/>
        <line num="5" count="15" type="stmt"/>
        <line num="6" count="15" type="stmt"/>
        <line num="7" count="15" type="stmt"/>
        <line num="8" count="14" type="stmt"/>
        <line num="9" count="14" type="cond" truecount="4" falsecount="0"/>
        <line num="10" count="1" type="stmt"/>
        <line num="12" count="13" type="stmt"/>
        <line num="17" count="13" type="stmt"/>
        <line num="19" count="2" type="stmt"/>
        <line num="23" count="4" type="stmt"/>
        <line num="24" count="34" type="stmt"/>
        <line num="25" count="34" type="stmt"/>
        <line num="26" count="34" type="stmt"/>
        <line num="27" count="34" type="stmt"/>
        <line num="28" count="34" type="cond" truecount="4" falsecount="0"/>
        <line num="29" count="1" type="stmt"/>
        <line num="31" count="33" type="stmt"/>
        <line num="36" count="33" type="stmt"/>
        <line num="38" count="1" type="stmt"/>
        <line num="42" count="4" type="stmt"/>
      </file>
      <file name="errorHandler.js" path="D:\Hacktiv8\3. Phase 3\final-project\m-cure-server\middlewares\errorHandler.js">
        <metrics statements="24" coveredstatements="24" conditionals="20" coveredconditionals="20" methods="2" coveredmethods="2"/>
        <line num="1" count="4" type="stmt"/>
        <line num="2" count="35" type="stmt"/>
        <line num="3" count="35" type="cond" truecount="2" falsecount="0"/>
        <line num="4" count="14" type="stmt"/>
        <line num="5" count="11" type="stmt"/>
        <line num="8" count="24" type="cond" truecount="2" falsecount="0"/>
        <line num="9" count="3" type="stmt"/>
        <line num="12" count="21" type="cond" truecount="2" falsecount="0"/>
        <line num="13" count="2" type="stmt"/>
        <line num="16" count="19" type="cond" truecount="2" falsecount="0"/>
        <line num="17" count="2" type="stmt"/>
        <line num="20" count="17" type="cond" truecount="2" falsecount="0"/>
        <line num="21" count="4" type="stmt"/>
        <line num="24" count="13" type="cond" truecount="2" falsecount="0"/>
        <line num="28" count="1" type="stmt"/>
        <line num="31" count="12" type="cond" truecount="2" falsecount="0"/>
        <line num="32" count="2" type="stmt"/>
        <line num="35" count="10" type="cond" truecount="2" falsecount="0"/>
        <line num="36" count="1" type="stmt"/>
        <line num="39" count="9" type="cond" truecount="2" falsecount="0"/>
        <line num="40" count="3" type="stmt"/>
        <line num="44" count="6" type="stmt"/>
        <line num="45" count="6" type="stmt"/>
        <line num="51" count="4" type="stmt"/>
      </file>
    </package>
    <package name="m-cure-server.models">
      <metrics statements="52" coveredstatements="51" conditionals="9" coveredconditionals="6" methods="14" coveredmethods="14"/>
      <file name="category.js" path="D:\Hacktiv8\3. Phase 3\final-project\m-cure-server\models\category.js">
        <metrics statements="5" coveredstatements="5" conditionals="0" coveredconditionals="0" methods="2" coveredmethods="2"/>
        <line num="4" count="4" type="stmt"/>
        <line num="5" count="4" type="stmt"/>
        <line num="14" count="4" type="stmt"/>
        <line num="17" count="4" type="stmt"/>
        <line num="25" count="4" type="stmt"/>
      </file>
      <file name="history.js" path="D:\Hacktiv8\3. Phase 3\final-project\m-cure-server\models\history.js">
        <metrics statements="6" coveredstatements="6" conditionals="0" coveredconditionals="0" methods="2" coveredmethods="2"/>
        <line num="4" count="4" type="stmt"/>
        <line num="5" count="4" type="stmt"/>
        <line num="14" count="4" type="stmt"/>
        <line num="17" count="4" type="stmt"/>
        <line num="22" count="4" type="stmt"/>
        <line num="41" count="4" type="stmt"/>
      </file>
      <file name="index.js" path="D:\Hacktiv8\3. Phase 3\final-project\m-cure-server\models\index.js">
        <metrics statements="20" coveredstatements="19" conditionals="9" coveredconditionals="6" methods="3" coveredmethods="3"/>
        <line num="3" count="4" type="stmt"/>
        <line num="4" count="4" type="stmt"/>
        <line num="5" count="4" type="stmt"/>
        <line num="6" count="4" type="stmt"/>
        <line num="7" count="4" type="cond" truecount="1" falsecount="1"/>
        <line num="8" count="4" type="stmt"/>
        <line num="9" count="4" type="stmt"/>
        <line num="12" count="4" type="cond" truecount="1" falsecount="1"/>
        <line num="13" count="0" type="stmt"/>
        <line num="15" count="4" type="stmt"/>
        <line num="18" count="4" type="stmt"/>
        <line num="21" count="24" type="cond" truecount="3" falsecount="0"/>
        <line num="24" count="20" type="stmt"/>
        <line num="25" count="20" type="stmt"/>
        <line num="28" count="4" type="stmt"/>
        <line num="29" count="20" type="cond" truecount="1" falsecount="1"/>
        <line num="30" count="20" type="stmt"/>
        <line num="34" count="4" type="stmt"/>
        <line num="35" count="4" type="stmt"/>
        <line num="37" count="4" type="stmt"/>
      </file>
      <file name="transaction.js" path="D:\Hacktiv8\3. Phase 3\final-project\m-cure-server\models\transaction.js">
        <metrics statements="6" coveredstatements="6" conditionals="0" coveredconditionals="0" methods="2" coveredmethods="2"/>
        <line num="4" count="4" type="stmt"/>
        <line num="5" count="4" type="stmt"/>
        <line num="14" count="4" type="stmt"/>
        <line num="15" count="4" type="stmt"/>
        <line num="18" count="4" type="stmt"/>
        <line num="60" count="4" type="stmt"/>
      </file>
      <file name="user.js" path="D:\Hacktiv8\3. Phase 3\final-project\m-cure-server\models\user.js">
        <metrics statements="9" coveredstatements="9" conditionals="0" coveredconditionals="0" methods="3" coveredmethods="3"/>
        <line num="4" count="4" type="stmt"/>
        <line num="5" count="4" type="stmt"/>
        <line num="6" count="4" type="stmt"/>
        <line num="15" count="4" type="stmt"/>
        <line num="16" count="4" type="stmt"/>
        <line num="19" count="4" type="stmt"/>
        <line num="24" count="4" type="stmt"/>
        <line num="96" count="10" type="stmt"/>
        <line num="101" count="4" type="stmt"/>
      </file>
      <file name="wallet.js" path="D:\Hacktiv8\3. Phase 3\final-project\m-cure-server\models\wallet.js">
        <metrics statements="6" coveredstatements="6" conditionals="0" coveredconditionals="0" methods="2" coveredmethods="2"/>
        <line num="4" count="4" type="stmt"/>
        <line num="5" count="4" type="stmt"/>
        <line num="14" count="4" type="stmt"/>
        <line num="15" count="4" type="stmt"/>
        <line num="18" count="4" type="stmt"/>
        <line num="39" count="4" type="stmt"/>
      </file>
    </package>
    <package name="m-cure-server.routes">
      <metrics statements="76" coveredstatements="76" conditionals="0" coveredconditionals="0" methods="0" coveredmethods="0"/>
      <file name="categoryRouter.js" path="D:\Hacktiv8\3. Phase 3\final-project\m-cure-server\routes\categoryRouter.js">
        <metrics statements="5" coveredstatements="5" conditionals="0" coveredconditionals="0" methods="0" coveredmethods="0"/>
        <line num="1" count="4" type="stmt"/>
        <line num="2" count="4" type="stmt"/>
        <line num="3" count="4" type="stmt"/>
        <line num="5" count="4" type="stmt"/>
        <line num="7" count="4" type="stmt"/>
      </file>
      <file name="consultantRouter.js" path="D:\Hacktiv8\3. Phase 3\final-project\m-cure-server\routes\consultantRouter.js">
        <metrics statements="6" coveredstatements="6" conditionals="0" coveredconditionals="0" methods="0" coveredmethods="0"/>
        <line num="1" count="4" type="stmt"/>
        <line num="2" count="4" type="stmt"/>
        <line num="3" count="4" type="stmt"/>
        <line num="5" count="4" type="stmt"/>
        <line num="6" count="4" type="stmt"/>
        <line num="8" count="4" type="stmt"/>
      </file>
      <file name="historyRouter.js" path="D:\Hacktiv8\3. Phase 3\final-project\m-cure-server\routes\historyRouter.js">
        <metrics statements="7" coveredstatements="7" conditionals="0" coveredconditionals="0" methods="0" coveredmethods="0"/>
        <line num="1" count="4" type="stmt"/>
        <line num="2" count="4" type="stmt"/>
        <line num="3" count="4" type="stmt"/>
        <line num="5" count="4" type="stmt"/>
        <line num="6" count="4" type="stmt"/>
        <line num="7" count="4" type="stmt"/>
        <line num="10" count="4" type="stmt"/>
      </file>
      <file name="index.js" path="D:\Hacktiv8\3. Phase 3\final-project\m-cure-server\routes\index.js">
        <metrics statements="15" coveredstatements="15" conditionals="0" coveredconditionals="0" methods="0" coveredmethods="0"/>
        <line num="1" count="4" type="stmt"/>
        <line num="2" count="4" type="stmt"/>
        <line num="3" count="4" type="stmt"/>
        <line num="4" count="4" type="stmt"/>
        <line num="5" count="4" type="stmt"/>
        <line num="6" count="4" type="stmt"/>
        <line num="7" count="4" type="stmt"/>
        <line num="8" count="4" type="stmt"/>
        <line num="10" count="4" type="stmt"/>
        <line num="11" count="4" type="stmt"/>
        <line num="12" count="4" type="stmt"/>
        <line num="13" count="4" type="stmt"/>
        <line num="14" count="4" type="stmt"/>
        <line num="15" count="4" type="stmt"/>
        <line num="17" count="4" type="stmt"/>
      </file>
      <file name="loginRouter.js" path="D:\Hacktiv8\3. Phase 3\final-project\m-cure-server\routes\loginRouter.js">
        <metrics statements="5" coveredstatements="5" conditionals="0" coveredconditionals="0" methods="0" coveredmethods="0"/>
        <line num="1" count="4" type="stmt"/>
        <line num="2" count="4" type="stmt"/>
        <line num="3" count="4" type="stmt"/>
        <line num="5" count="4" type="stmt"/>
        <line num="7" count="4" type="stmt"/>
      </file>
      <file name="registerRouter.js" path="D:\Hacktiv8\3. Phase 3\final-project\m-cure-server\routes\registerRouter.js">
        <metrics statements="6" coveredstatements="6" conditionals="0" coveredconditionals="0" methods="0" coveredmethods="0"/>
        <line num="1" count="4" type="stmt"/>
        <line num="2" count="4" type="stmt"/>
        <line num="3" count="4" type="stmt"/>
        <line num="5" count="4" type="stmt"/>
        <line num="6" count="4" type="stmt"/>
        <line num="8" count="4" type="stmt"/>
      </file>
      <file name="transactionRouter.js" path="D:\Hacktiv8\3. Phase 3\final-project\m-cure-server\routes\transactionRouter.js">
        <metrics statements="10" coveredstatements="10" conditionals="0" coveredconditionals="0" methods="0" coveredmethods="0"/>
        <line num="1" count="4" type="stmt"/>
        <line num="2" count="4" type="stmt"/>
        <line num="3" count="4" type="stmt"/>
        <line num="5" count="4" type="stmt"/>
        <line num="7" count="4" type="stmt"/>
        <line num="9" count="4" type="stmt"/>
        <line num="11" count="4" type="stmt"/>
        <line num="13" count="4" type="stmt"/>
        <line num="15" count="4" type="stmt"/>
        <line num="17" count="4" type="stmt"/>
      </file>
      <file name="userRouter.js" path="D:\Hacktiv8\3. Phase 3\final-project\m-cure-server\routes\userRouter.js">
        <metrics statements="17" coveredstatements="17" conditionals="0" coveredconditionals="0" methods="0" coveredmethods="0"/>
        <line num="1" count="4" type="stmt"/>
        <line num="2" count="4" type="stmt"/>
        <line num="3" count="4" type="stmt"/>
        <line num="4" count="4" type="stmt"/>
        <line num="5" count="4" type="stmt"/>
        <line num="6" count="4" type="stmt"/>
        <line num="7" count="4" type="stmt"/>
        <line num="8" count="4" type="stmt"/>
        <line num="10" count="4" type="stmt"/>
        <line num="11" count="4" type="stmt"/>
        <line num="12" count="4" type="stmt"/>
        <line num="13" count="4" type="stmt"/>
        <line num="14" count="4" type="stmt"/>
        <line num="15" count="4" type="stmt"/>
        <line num="16" count="4" type="stmt"/>
        <line num="17" count="4" type="stmt"/>
        <line num="19" count="4" type="stmt"/>
      </file>
      <file name="walletRouter.js" path="D:\Hacktiv8\3. Phase 3\final-project\m-cure-server\routes\walletRouter.js">
        <metrics statements="5" coveredstatements="5" conditionals="0" coveredconditionals="0" methods="0" coveredmethods="0"/>
        <line num="1" count="4" type="stmt"/>
        <line num="2" count="4" type="stmt"/>
        <line num="3" count="4" type="stmt"/>
        <line num="5" count="4" type="stmt"/>
        <line num="13" count="4" type="stmt"/>
      </file>
    </package>
  </project>
</coverage>
