{"D:\\Hacktiv8\\3. Phase 3\\final-project\\m-cure-server\\app.js": {"path":"D:\\Hacktiv8\\3. Phase 3\\final-project\\m-cure-server\\app.js","statementMap":{"0":{"start":{"line":1,"column":0},"end":{"line":3,"column":1}},"1":{"start":{"line":2,"column":2},"end":{"line":2,"column":29}},"2":{"start":{"line":4,"column":13},"end":{"line":4,"column":28}},"3":{"start":{"line":5,"column":16},"end":{"line":5,"column":34}},"4":{"start":{"line":6,"column":21},"end":{"line":6,"column":58}},"5":{"start":{"line":7,"column":12},"end":{"line":7,"column":21}},"6":{"start":{"line":8,"column":13},"end":{"line":8,"column":37}},"7":{"start":{"line":9,"column":15},"end":{"line":9,"column":34}},"8":{"start":{"line":11,"column":0},"end":{"line":11,"column":16}},"9":{"start":{"line":12,"column":0},"end":{"line":12,"column":24}},"10":{"start":{"line":13,"column":0},"end":{"line":13,"column":49}},"11":{"start":{"line":15,"column":0},"end":{"line":15,"column":16}},"12":{"start":{"line":16,"column":0},"end":{"line":16,"column":22}},"13":{"start":{"line":18,"column":0},"end":{"line":18,"column":21}}},"fnMap":{},"branchMap":{"0":{"loc":{"start":{"line":1,"column":0},"end":{"line":3,"column":1}},"type":"if","locations":[{"start":{"line":1,"column":0},"end":{"line":3,"column":1}},{"start":{},"end":{}}],"line":1},"1":{"loc":{"start":{"line":8,"column":13},"end":{"line":8,"column":37}},"type":"binary-expr","locations":[{"start":{"line":8,"column":13},"end":{"line":8,"column":29}},{"start":{"line":8,"column":33},"end":{"line":8,"column":37}}],"line":8}},"s":{"0":1,"1":1,"2":1,"3":1,"4":1,"5":1,"6":1,"7":1,"8":1,"9":1,"10":1,"11":1,"12":1,"13":1},"f":{},"b":{"0":[1,0],"1":[1,0]},"_coverageSchema":"1a1c01bbd47fc00a2c39e90264f33305004495a9","hash":"a7b6de2f88386f1290c7bf49e862bdc28d84e77e"}
,"D:\\Hacktiv8\\3. Phase 3\\final-project\\m-cure-server\\controllers\\adminController.js": {"path":"D:\\Hacktiv8\\3. Phase 3\\final-project\\m-cure-server\\controllers\\adminController.js","statementMap":{"0":{"start":{"line":1,"column":28},"end":{"line":1,"column":48}},"1":{"start":{"line":2,"column":36},"end":{"line":2,"column":64}},"2":{"start":{"line":3,"column":27},"end":{"line":3,"column":52}},"3":{"start":{"line":4,"column":15},"end":{"line":4,"column":35}},"4":{"start":{"line":8,"column":14},"end":{"line":8,"column":43}},"5":{"start":{"line":9,"column":4},"end":{"line":28,"column":5}},"6":{"start":{"line":10,"column":50},"end":{"line":10,"column":58}},"7":{"start":{"line":11,"column":22},"end":{"line":22,"column":7}},"8":{"start":{"line":23,"column":6},"end":{"line":23,"column":23}},"9":{"start":{"line":24,"column":6},"end":{"line":24,"column":36}},"10":{"start":{"line":26,"column":6},"end":{"line":26,"column":25}},"11":{"start":{"line":27,"column":6},"end":{"line":27,"column":18}},"12":{"start":{"line":32,"column":14},"end":{"line":32,"column":43}},"13":{"start":{"line":33,"column":4},"end":{"line":52,"column":5}},"14":{"start":{"line":34,"column":50},"end":{"line":34,"column":58}},"15":{"start":{"line":35,"column":22},"end":{"line":46,"column":7}},"16":{"start":{"line":47,"column":6},"end":{"line":47,"column":23}},"17":{"start":{"line":48,"column":6},"end":{"line":48,"column":36}},"18":{"start":{"line":50,"column":6},"end":{"line":50,"column":25}},"19":{"start":{"line":51,"column":6},"end":{"line":51,"column":18}},"20":{"start":{"line":56,"column":14},"end":{"line":56,"column":43}},"21":{"start":{"line":57,"column":4},"end":{"line":94,"column":5}},"22":{"start":{"line":58,"column":34},"end":{"line":58,"column":42}},"23":{"start":{"line":59,"column":6},"end":{"line":59,"column":54}},"24":{"start":{"line":59,"column":18},"end":{"line":59,"column":54}},"25":{"start":{"line":60,"column":6},"end":{"line":60,"column":60}},"26":{"start":{"line":60,"column":21},"end":{"line":60,"column":60}},"27":{"start":{"line":62,"column":27},"end":{"line":70,"column":8}},"28":{"start":{"line":71,"column":6},"end":{"line":73,"column":7}},"29":{"start":{"line":72,"column":8},"end":{"line":72,"column":41}},"30":{"start":{"line":74,"column":28},"end":{"line":77,"column":7}},"31":{"start":{"line":78,"column":6},"end":{"line":80,"column":7}},"32":{"start":{"line":79,"column":8},"end":{"line":79,"column":41}},"33":{"start":{"line":81,"column":22},"end":{"line":84,"column":7}},"34":{"start":{"line":85,"column":20},"end":{"line":85,"column":43}},"35":{"start":{"line":86,"column":6},"end":{"line":86,"column":23}},"36":{"start":{"line":87,"column":6},"end":{"line":90,"column":9}},"37":{"start":{"line":92,"column":6},"end":{"line":92,"column":25}},"38":{"start":{"line":93,"column":6},"end":{"line":93,"column":18}},"39":{"start":{"line":98,"column":0},"end":{"line":98,"column":33}}},"fnMap":{"0":{"name":"(anonymous_0)","decl":{"start":{"line":7,"column":2},"end":{"line":7,"column":3}},"loc":{"start":{"line":7,"column":45},"end":{"line":29,"column":3}},"line":7},"1":{"name":"(anonymous_1)","decl":{"start":{"line":31,"column":2},"end":{"line":31,"column":3}},"loc":{"start":{"line":31,"column":50},"end":{"line":53,"column":3}},"line":31},"2":{"name":"(anonymous_2)","decl":{"start":{"line":55,"column":2},"end":{"line":55,"column":3}},"loc":{"start":{"line":55,"column":42},"end":{"line":95,"column":3}},"line":55}},"branchMap":{"0":{"loc":{"start":{"line":59,"column":6},"end":{"line":59,"column":54}},"type":"if","locations":[{"start":{"line":59,"column":6},"end":{"line":59,"column":54}},{"start":{},"end":{}}],"line":59},"1":{"loc":{"start":{"line":60,"column":6},"end":{"line":60,"column":60}},"type":"if","locations":[{"start":{"line":60,"column":6},"end":{"line":60,"column":60}},{"start":{},"end":{}}],"line":60},"2":{"loc":{"start":{"line":71,"column":6},"end":{"line":73,"column":7}},"type":"if","locations":[{"start":{"line":71,"column":6},"end":{"line":73,"column":7}},{"start":{},"end":{}}],"line":71},"3":{"loc":{"start":{"line":78,"column":6},"end":{"line":80,"column":7}},"type":"if","locations":[{"start":{"line":78,"column":6},"end":{"line":80,"column":7}},{"start":{},"end":{}}],"line":78}},"s":{"0":1,"1":1,"2":1,"3":1,"4":1,"5":1,"6":1,"7":1,"8":1,"9":1,"10":0,"11":0,"12":1,"13":1,"14":1,"15":1,"16":1,"17":1,"18":0,"19":0,"20":1,"21":1,"22":1,"23":1,"24":0,"25":1,"26":0,"27":1,"28":1,"29":0,"30":1,"31":1,"32":0,"33":1,"34":1,"35":1,"36":1,"37":0,"38":0,"39":1},"f":{"0":1,"1":1,"2":1},"b":{"0":[0,1],"1":[0,1],"2":[0,1],"3":[0,1]},"_coverageSchema":"1a1c01bbd47fc00a2c39e90264f33305004495a9","hash":"fca66b00e7022900c19ca7e61c4ad317ca52977a"}
,"D:\\Hacktiv8\\3. Phase 3\\final-project\\m-cure-server\\controllers\\consultantController.js": {"path":"D:\\Hacktiv8\\3. Phase 3\\final-project\\m-cure-server\\controllers\\consultantController.js","statementMap":{"0":{"start":{"line":1,"column":28},"end":{"line":1,"column":48}},"1":{"start":{"line":2,"column":15},"end":{"line":2,"column":35}},"2":{"start":{"line":6,"column":14},"end":{"line":6,"column":43}},"3":{"start":{"line":7,"column":4},"end":{"line":19,"column":5}},"4":{"start":{"line":8,"column":26},"end":{"line":13,"column":8}},"5":{"start":{"line":14,"column":6},"end":{"line":14,"column":23}},"6":{"start":{"line":15,"column":6},"end":{"line":15,"column":40}},"7":{"start":{"line":17,"column":6},"end":{"line":17,"column":25}},"8":{"start":{"line":18,"column":6},"end":{"line":18,"column":18}},"9":{"start":{"line":23,"column":14},"end":{"line":23,"column":43}},"10":{"start":{"line":24,"column":4},"end":{"line":40,"column":5}},"11":{"start":{"line":25,"column":17},"end":{"line":25,"column":31}},"12":{"start":{"line":26,"column":25},"end":{"line":31,"column":8}},"13":{"start":{"line":33,"column":6},"end":{"line":33,"column":62}},"14":{"start":{"line":33,"column":23},"end":{"line":33,"column":62}},"15":{"start":{"line":35,"column":6},"end":{"line":35,"column":23}},"16":{"start":{"line":36,"column":6},"end":{"line":36,"column":39}},"17":{"start":{"line":38,"column":6},"end":{"line":38,"column":25}},"18":{"start":{"line":39,"column":6},"end":{"line":39,"column":18}},"19":{"start":{"line":44,"column":0},"end":{"line":44,"column":38}}},"fnMap":{"0":{"name":"(anonymous_0)","decl":{"start":{"line":5,"column":2},"end":{"line":5,"column":3}},"loc":{"start":{"line":5,"column":46},"end":{"line":20,"column":3}},"line":5},"1":{"name":"(anonymous_1)","decl":{"start":{"line":22,"column":2},"end":{"line":22,"column":3}},"loc":{"start":{"line":22,"column":48},"end":{"line":41,"column":3}},"line":22}},"branchMap":{"0":{"loc":{"start":{"line":33,"column":6},"end":{"line":33,"column":62}},"type":"if","locations":[{"start":{"line":33,"column":6},"end":{"line":33,"column":62}},{"start":{},"end":{}}],"line":33}},"s":{"0":1,"1":1,"2":1,"3":1,"4":1,"5":1,"6":1,"7":0,"8":0,"9":1,"10":1,"11":1,"12":1,"13":1,"14":0,"15":1,"16":1,"17":0,"18":0,"19":1},"f":{"0":1,"1":1},"b":{"0":[0,1]},"_coverageSchema":"1a1c01bbd47fc00a2c39e90264f33305004495a9","hash":"0d6bc35e9a5d906f95f82a593cf7a77a7df4e1b4"}
,"D:\\Hacktiv8\\3. Phase 3\\final-project\\m-cure-server\\controllers\\transactionController.js": {"path":"D:\\Hacktiv8\\3. Phase 3\\final-project\\m-cure-server\\controllers\\transactionController.js","statementMap":{"0":{"start":{"line":1,"column":53},"end":{"line":1,"column":73}},"1":{"start":{"line":5,"column":4},"end":{"line":25,"column":5}},"2":{"start":{"line":6,"column":17},"end":{"line":6,"column":29}},"3":{"start":{"line":8,"column":25},"end":{"line":12,"column":8}},"4":{"start":{"line":13,"column":27},"end":{"line":18,"column":8}},"5":{"start":{"line":20,"column":6},"end":{"line":22,"column":9}},"6":{"start":{"line":24,"column":6},"end":{"line":24,"column":15}},"7":{"start":{"line":29,"column":14},"end":{"line":29,"column":43}},"8":{"start":{"line":30,"column":4},"end":{"line":91,"column":5}},"9":{"start":{"line":32,"column":8},"end":{"line":32,"column":16}},"10":{"start":{"line":33,"column":17},"end":{"line":33,"column":29}},"11":{"start":{"line":35,"column":25},"end":{"line":40,"column":8}},"12":{"start":{"line":42,"column":19},"end":{"line":48,"column":7}},"13":{"start":{"line":50,"column":26},"end":{"line":52,"column":8}},"14":{"start":{"line":54,"column":28},"end":{"line":56,"column":8}},"15":{"start":{"line":58,"column":21},"end":{"line":58,"column":77}},"16":{"start":{"line":60,"column":18},"end":{"line":62,"column":7}},"17":{"start":{"line":64,"column":6},"end":{"line":76,"column":7}},"18":{"start":{"line":69,"column":8},"end":{"line":69,"column":47}},"19":{"start":{"line":70,"column":13},"end":{"line":76,"column":7}},"20":{"start":{"line":75,"column":8},"end":{"line":75,"column":47}},"21":{"start":{"line":78,"column":6},"end":{"line":81,"column":9}},"22":{"start":{"line":83,"column":6},"end":{"line":83,"column":23}},"23":{"start":{"line":85,"column":6},"end":{"line":87,"column":9}},"24":{"start":{"line":89,"column":6},"end":{"line":89,"column":25}},"25":{"start":{"line":90,"column":6},"end":{"line":90,"column":15}},"26":{"start":{"line":95,"column":14},"end":{"line":95,"column":43}},"27":{"start":{"line":96,"column":4},"end":{"line":186,"column":5}},"28":{"start":{"line":97,"column":21},"end":{"line":97,"column":31}},"29":{"start":{"line":98,"column":21},"end":{"line":98,"column":33}},"30":{"start":{"line":99,"column":25},"end":{"line":103,"column":8}},"31":{"start":{"line":105,"column":8},"end":{"line":105,"column":16}},"32":{"start":{"line":107,"column":19},"end":{"line":113,"column":7}},"33":{"start":{"line":115,"column":29},"end":{"line":117,"column":8}},"34":{"start":{"line":119,"column":6},"end":{"line":125,"column":8}},"35":{"start":{"line":127,"column":29},"end":{"line":127,"column":59}},"36":{"start":{"line":129,"column":28},"end":{"line":131,"column":8}},"37":{"start":{"line":133,"column":21},"end":{"line":133,"column":77}},"38":{"start":{"line":135,"column":18},"end":{"line":137,"column":7}},"39":{"start":{"line":139,"column":6},"end":{"line":171,"column":7}},"40":{"start":{"line":144,"column":8},"end":{"line":154,"column":9}},"41":{"start":{"line":149,"column":10},"end":{"line":150,"column":77}},"42":{"start":{"line":152,"column":10},"end":{"line":153,"column":77}},"43":{"start":{"line":155,"column":13},"end":{"line":171,"column":7}},"44":{"start":{"line":160,"column":8},"end":{"line":170,"column":9}},"45":{"start":{"line":165,"column":10},"end":{"line":166,"column":77}},"46":{"start":{"line":168,"column":10},"end":{"line":169,"column":77}},"47":{"start":{"line":173,"column":6},"end":{"line":176,"column":9}},"48":{"start":{"line":178,"column":6},"end":{"line":178,"column":23}},"49":{"start":{"line":180,"column":6},"end":{"line":182,"column":9}},"50":{"start":{"line":184,"column":6},"end":{"line":184,"column":25}},"51":{"start":{"line":185,"column":6},"end":{"line":185,"column":15}},"52":{"start":{"line":190,"column":14},"end":{"line":190,"column":43}},"53":{"start":{"line":191,"column":4},"end":{"line":235,"column":5}},"54":{"start":{"line":192,"column":21},"end":{"line":192,"column":31}},"55":{"start":{"line":194,"column":26},"end":{"line":196,"column":8}},"56":{"start":{"line":198,"column":21},"end":{"line":200,"column":8}},"57":{"start":{"line":202,"column":18},"end":{"line":204,"column":7}},"58":{"start":{"line":206,"column":19},"end":{"line":206,"column":79}},"59":{"start":{"line":208,"column":6},"end":{"line":220,"column":7}},"60":{"start":{"line":213,"column":8},"end":{"line":213,"column":47}},"61":{"start":{"line":214,"column":13},"end":{"line":220,"column":7}},"62":{"start":{"line":219,"column":8},"end":{"line":219,"column":47}},"63":{"start":{"line":222,"column":6},"end":{"line":225,"column":9}},"64":{"start":{"line":227,"column":6},"end":{"line":227,"column":23}},"65":{"start":{"line":229,"column":6},"end":{"line":231,"column":9}},"66":{"start":{"line":233,"column":6},"end":{"line":233,"column":25}},"67":{"start":{"line":234,"column":6},"end":{"line":234,"column":15}},"68":{"start":{"line":239,"column":4},"end":{"line":338,"column":5}},"69":{"start":{"line":240,"column":17},"end":{"line":240,"column":29}},"70":{"start":{"line":241,"column":25},"end":{"line":245,"column":8}},"71":{"start":{"line":246,"column":27},"end":{"line":249,"column":8}},"72":{"start":{"line":251,"column":19},"end":{"line":251,"column":29}},"73":{"start":{"line":252,"column":24},"end":{"line":252,"column":43}},"74":{"start":{"line":253,"column":23},"end":{"line":253,"column":41}},"75":{"start":{"line":255,"column":32},"end":{"line":255,"column":34}},"76":{"start":{"line":256,"column":24},"end":{"line":256,"column":25}},"77":{"start":{"line":257,"column":23},"end":{"line":257,"column":24}},"78":{"start":{"line":258,"column":23},"end":{"line":258,"column":24}},"79":{"start":{"line":260,"column":6},"end":{"line":312,"column":9}},"80":{"start":{"line":261,"column":21},"end":{"line":261,"column":39}},"81":{"start":{"line":263,"column":8},"end":{"line":304,"column":9}},"82":{"start":{"line":268,"column":10},"end":{"line":268,"column":35}},"83":{"start":{"line":269,"column":15},"end":{"line":304,"column":9}},"84":{"start":{"line":286,"column":10},"end":{"line":286,"column":34}},"85":{"start":{"line":287,"column":15},"end":{"line":304,"column":9}},"86":{"start":{"line":303,"column":10},"end":{"line":303,"column":34}},"87":{"start":{"line":306,"column":8},"end":{"line":311,"column":9}},"88":{"start":{"line":310,"column":10},"end":{"line":310,"column":39}},"89":{"start":{"line":314,"column":24},"end":{"line":314,"column":63}},"90":{"start":{"line":315,"column":26},"end":{"line":315,"column":49}},"91":{"start":{"line":317,"column":6},"end":{"line":317,"column":52}},"92":{"start":{"line":318,"column":6},"end":{"line":318,"column":52}},"93":{"start":{"line":319,"column":6},"end":{"line":319,"column":54}},"94":{"start":{"line":320,"column":6},"end":{"line":320,"column":58}},"95":{"start":{"line":322,"column":24},"end":{"line":322,"column":26}},"96":{"start":{"line":324,"column":6},"end":{"line":330,"column":7}},"97":{"start":{"line":325,"column":8},"end":{"line":325,"column":29}},"98":{"start":{"line":326,"column":13},"end":{"line":330,"column":7}},"99":{"start":{"line":327,"column":8},"end":{"line":327,"column":31}},"100":{"start":{"line":329,"column":8},"end":{"line":329,"column":32}},"101":{"start":{"line":332,"column":6},"end":{"line":335,"column":9}},"102":{"start":{"line":337,"column":6},"end":{"line":337,"column":15}},"103":{"start":{"line":342,"column":0},"end":{"line":342,"column":28}}},"fnMap":{"0":{"name":"(anonymous_0)","decl":{"start":{"line":4,"column":2},"end":{"line":4,"column":3}},"loc":{"start":{"line":4,"column":49},"end":{"line":26,"column":3}},"line":4},"1":{"name":"(anonymous_1)","decl":{"start":{"line":28,"column":2},"end":{"line":28,"column":3}},"loc":{"start":{"line":28,"column":49},"end":{"line":92,"column":3}},"line":28},"2":{"name":"(anonymous_2)","decl":{"start":{"line":94,"column":2},"end":{"line":94,"column":3}},"loc":{"start":{"line":94,"column":47},"end":{"line":187,"column":3}},"line":94},"3":{"name":"(anonymous_3)","decl":{"start":{"line":189,"column":2},"end":{"line":189,"column":3}},"loc":{"start":{"line":189,"column":49},"end":{"line":236,"column":3}},"line":189},"4":{"name":"(anonymous_4)","decl":{"start":{"line":238,"column":2},"end":{"line":238,"column":3}},"loc":{"start":{"line":238,"column":49},"end":{"line":339,"column":3}},"line":238},"5":{"name":"(anonymous_5)","decl":{"start":{"line":260,"column":27},"end":{"line":260,"column":28}},"loc":{"start":{"line":260,"column":35},"end":{"line":312,"column":7}},"line":260}},"branchMap":{"0":{"loc":{"start":{"line":64,"column":6},"end":{"line":76,"column":7}},"type":"if","locations":[{"start":{"line":64,"column":6},"end":{"line":76,"column":7}},{"start":{"line":70,"column":13},"end":{"line":76,"column":7}}],"line":64},"1":{"loc":{"start":{"line":65,"column":8},"end":{"line":67,"column":37}},"type":"binary-expr","locations":[{"start":{"line":65,"column":8},"end":{"line":65,"column":39}},{"start":{"line":66,"column":8},"end":{"line":66,"column":48}},{"start":{"line":67,"column":8},"end":{"line":67,"column":37}}],"line":65},"2":{"loc":{"start":{"line":70,"column":13},"end":{"line":76,"column":7}},"type":"if","locations":[{"start":{"line":70,"column":13},"end":{"line":76,"column":7}},{"start":{},"end":{}}],"line":70},"3":{"loc":{"start":{"line":71,"column":8},"end":{"line":73,"column":42}},"type":"binary-expr","locations":[{"start":{"line":71,"column":8},"end":{"line":71,"column":40}},{"start":{"line":72,"column":8},"end":{"line":72,"column":37}},{"start":{"line":73,"column":8},"end":{"line":73,"column":42}}],"line":71},"4":{"loc":{"start":{"line":139,"column":6},"end":{"line":171,"column":7}},"type":"if","locations":[{"start":{"line":139,"column":6},"end":{"line":171,"column":7}},{"start":{"line":155,"column":13},"end":{"line":171,"column":7}}],"line":139},"5":{"loc":{"start":{"line":140,"column":8},"end":{"line":142,"column":47}},"type":"binary-expr","locations":[{"start":{"line":140,"column":8},"end":{"line":140,"column":49}},{"start":{"line":141,"column":8},"end":{"line":141,"column":58}},{"start":{"line":142,"column":8},"end":{"line":142,"column":47}}],"line":140},"6":{"loc":{"start":{"line":144,"column":8},"end":{"line":154,"column":9}},"type":"if","locations":[{"start":{"line":144,"column":8},"end":{"line":154,"column":9}},{"start":{"line":151,"column":15},"end":{"line":154,"column":9}}],"line":144},"7":{"loc":{"start":{"line":145,"column":10},"end":{"line":147,"column":39}},"type":"binary-expr","locations":[{"start":{"line":145,"column":10},"end":{"line":145,"column":41}},{"start":{"line":146,"column":10},"end":{"line":146,"column":50}},{"start":{"line":147,"column":10},"end":{"line":147,"column":39}}],"line":145},"8":{"loc":{"start":{"line":155,"column":13},"end":{"line":171,"column":7}},"type":"if","locations":[{"start":{"line":155,"column":13},"end":{"line":171,"column":7}},{"start":{},"end":{}}],"line":155},"9":{"loc":{"start":{"line":156,"column":8},"end":{"line":158,"column":52}},"type":"binary-expr","locations":[{"start":{"line":156,"column":8},"end":{"line":156,"column":50}},{"start":{"line":157,"column":8},"end":{"line":157,"column":47}},{"start":{"line":158,"column":8},"end":{"line":158,"column":52}}],"line":156},"10":{"loc":{"start":{"line":160,"column":8},"end":{"line":170,"column":9}},"type":"if","locations":[{"start":{"line":160,"column":8},"end":{"line":170,"column":9}},{"start":{"line":167,"column":15},"end":{"line":170,"column":9}}],"line":160},"11":{"loc":{"start":{"line":161,"column":10},"end":{"line":163,"column":39}},"type":"binary-expr","locations":[{"start":{"line":161,"column":10},"end":{"line":161,"column":41}},{"start":{"line":162,"column":10},"end":{"line":162,"column":50}},{"start":{"line":163,"column":10},"end":{"line":163,"column":39}}],"line":161},"12":{"loc":{"start":{"line":208,"column":6},"end":{"line":220,"column":7}},"type":"if","locations":[{"start":{"line":208,"column":6},"end":{"line":220,"column":7}},{"start":{"line":214,"column":13},"end":{"line":220,"column":7}}],"line":208},"13":{"loc":{"start":{"line":209,"column":8},"end":{"line":211,"column":44}},"type":"binary-expr","locations":[{"start":{"line":209,"column":8},"end":{"line":209,"column":46}},{"start":{"line":210,"column":8},"end":{"line":210,"column":55}},{"start":{"line":211,"column":8},"end":{"line":211,"column":44}}],"line":209},"14":{"loc":{"start":{"line":214,"column":13},"end":{"line":220,"column":7}},"type":"if","locations":[{"start":{"line":214,"column":13},"end":{"line":220,"column":7}},{"start":{},"end":{}}],"line":214},"15":{"loc":{"start":{"line":215,"column":8},"end":{"line":217,"column":49}},"type":"binary-expr","locations":[{"start":{"line":215,"column":8},"end":{"line":215,"column":47}},{"start":{"line":216,"column":8},"end":{"line":216,"column":44}},{"start":{"line":217,"column":8},"end":{"line":217,"column":49}}],"line":215},"16":{"loc":{"start":{"line":263,"column":8},"end":{"line":304,"column":9}},"type":"if","locations":[{"start":{"line":263,"column":8},"end":{"line":304,"column":9}},{"start":{"line":269,"column":15},"end":{"line":304,"column":9}}],"line":263},"17":{"loc":{"start":{"line":264,"column":10},"end":{"line":266,"column":37}},"type":"binary-expr","locations":[{"start":{"line":264,"column":10},"end":{"line":264,"column":39}},{"start":{"line":265,"column":10},"end":{"line":265,"column":48}},{"start":{"line":266,"column":10},"end":{"line":266,"column":37}}],"line":264},"18":{"loc":{"start":{"line":269,"column":15},"end":{"line":304,"column":9}},"type":"if","locations":[{"start":{"line":269,"column":15},"end":{"line":304,"column":9}},{"start":{"line":287,"column":15},"end":{"line":304,"column":9}}],"line":269},"19":{"loc":{"start":{"line":270,"column":10},"end":{"line":284,"column":42}},"type":"binary-expr","locations":[{"start":{"line":270,"column":10},"end":{"line":270,"column":48}},{"start":{"line":271,"column":10},"end":{"line":271,"column":47}},{"start":{"line":272,"column":10},"end":{"line":272,"column":40}},{"start":{"line":273,"column":10},"end":{"line":273,"column":43}},{"start":{"line":274,"column":10},"end":{"line":274,"column":43}},{"start":{"line":275,"column":10},"end":{"line":275,"column":49}},{"start":{"line":276,"column":10},"end":{"line":276,"column":41}},{"start":{"line":277,"column":10},"end":{"line":277,"column":48}},{"start":{"line":278,"column":10},"end":{"line":278,"column":46}},{"start":{"line":279,"column":10},"end":{"line":279,"column":52}},{"start":{"line":280,"column":10},"end":{"line":280,"column":49}},{"start":{"line":281,"column":10},"end":{"line":281,"column":52}},{"start":{"line":282,"column":10},"end":{"line":282,"column":49}},{"start":{"line":283,"column":10},"end":{"line":283,"column":43}},{"start":{"line":284,"column":10},"end":{"line":284,"column":42}}],"line":270},"20":{"loc":{"start":{"line":287,"column":15},"end":{"line":304,"column":9}},"type":"if","locations":[{"start":{"line":287,"column":15},"end":{"line":304,"column":9}},{"start":{},"end":{}}],"line":287},"21":{"loc":{"start":{"line":288,"column":10},"end":{"line":301,"column":50}},"type":"binary-expr","locations":[{"start":{"line":288,"column":10},"end":{"line":288,"column":42}},{"start":{"line":289,"column":10},"end":{"line":289,"column":47}},{"start":{"line":290,"column":10},"end":{"line":290,"column":37}},{"start":{"line":291,"column":10},"end":{"line":291,"column":46}},{"start":{"line":292,"column":10},"end":{"line":292,"column":46}},{"start":{"line":293,"column":10},"end":{"line":293,"column":40}},{"start":{"line":294,"column":10},"end":{"line":294,"column":39}},{"start":{"line":295,"column":10},"end":{"line":295,"column":50}},{"start":{"line":296,"column":10},"end":{"line":296,"column":51}},{"start":{"line":297,"column":10},"end":{"line":297,"column":52}},{"start":{"line":298,"column":10},"end":{"line":298,"column":49}},{"start":{"line":299,"column":10},"end":{"line":299,"column":42}},{"start":{"line":300,"column":10},"end":{"line":300,"column":45}},{"start":{"line":301,"column":10},"end":{"line":301,"column":50}}],"line":288},"22":{"loc":{"start":{"line":306,"column":8},"end":{"line":311,"column":9}},"type":"if","locations":[{"start":{"line":306,"column":8},"end":{"line":311,"column":9}},{"start":{},"end":{}}],"line":306},"23":{"loc":{"start":{"line":307,"column":10},"end":{"line":308,"column":41}},"type":"binary-expr","locations":[{"start":{"line":307,"column":10},"end":{"line":307,"column":43}},{"start":{"line":308,"column":10},"end":{"line":308,"column":41}}],"line":307},"24":{"loc":{"start":{"line":324,"column":6},"end":{"line":330,"column":7}},"type":"if","locations":[{"start":{"line":324,"column":6},"end":{"line":330,"column":7}},{"start":{"line":326,"column":13},"end":{"line":330,"column":7}}],"line":324},"25":{"loc":{"start":{"line":324,"column":10},"end":{"line":324,"column":46}},"type":"binary-expr","locations":[{"start":{"line":324,"column":10},"end":{"line":324,"column":26}},{"start":{"line":324,"column":30},"end":{"line":324,"column":46}}],"line":324},"26":{"loc":{"start":{"line":326,"column":13},"end":{"line":330,"column":7}},"type":"if","locations":[{"start":{"line":326,"column":13},"end":{"line":330,"column":7}},{"start":{"line":328,"column":13},"end":{"line":330,"column":7}}],"line":326}},"s":{"0":1,"1":0,"2":0,"3":0,"4":0,"5":0,"6":0,"7":0,"8":0,"9":0,"10":0,"11":0,"12":0,"13":0,"14":0,"15":0,"16":0,"17":0,"18":0,"19":0,"20":0,"21":0,"22":0,"23":0,"24":0,"25":0,"26":0,"27":0,"28":0,"29":0,"30":0,"31":0,"32":0,"33":0,"34":0,"35":0,"36":0,"37":0,"38":0,"39":0,"40":0,"41":0,"42":0,"43":0,"44":0,"45":0,"46":0,"47":0,"48":0,"49":0,"50":0,"51":0,"52":0,"53":0,"54":0,"55":0,"56":0,"57":0,"58":0,"59":0,"60":0,"61":0,"62":0,"63":0,"64":0,"65":0,"66":0,"67":0,"68":0,"69":0,"70":0,"71":0,"72":0,"73":0,"74":0,"75":0,"76":0,"77":0,"78":0,"79":0,"80":0,"81":0,"82":0,"83":0,"84":0,"85":0,"86":0,"87":0,"88":0,"89":0,"90":0,"91":0,"92":0,"93":0,"94":0,"95":0,"96":0,"97":0,"98":0,"99":0,"100":0,"101":0,"102":0,"103":1},"f":{"0":0,"1":0,"2":0,"3":0,"4":0,"5":0},"b":{"0":[0,0],"1":[0,0,0],"2":[0,0],"3":[0,0,0],"4":[0,0],"5":[0,0,0],"6":[0,0],"7":[0,0,0],"8":[0,0],"9":[0,0,0],"10":[0,0],"11":[0,0,0],"12":[0,0],"13":[0,0,0],"14":[0,0],"15":[0,0,0],"16":[0,0],"17":[0,0,0],"18":[0,0],"19":[0,0,0,0,0,0,0,0,0,0,0,0,0,0,0],"20":[0,0],"21":[0,0,0,0,0,0,0,0,0,0,0,0,0,0],"22":[0,0],"23":[0,0],"24":[0,0],"25":[0,0],"26":[0,0]},"_coverageSchema":"1a1c01bbd47fc00a2c39e90264f33305004495a9","hash":"4254948953e53309a8a6ca51724c814d4375f7ea"}
,"D:\\Hacktiv8\\3. Phase 3\\final-project\\m-cure-server\\controllers\\userController.js": {"path":"D:\\Hacktiv8\\3. Phase 3\\final-project\\m-cure-server\\controllers\\userController.js","statementMap":{"0":{"start":{"line":1,"column":36},"end":{"line":1,"column":56}},"1":{"start":{"line":2,"column":36},"end":{"line":2,"column":64}},"2":{"start":{"line":3,"column":27},"end":{"line":3,"column":52}},"3":{"start":{"line":4,"column":15},"end":{"line":4,"column":35}},"4":{"start":{"line":8,"column":14},"end":{"line":8,"column":43}},"5":{"start":{"line":9,"column":4},"end":{"line":38,"column":5}},"6":{"start":{"line":10,"column":50},"end":{"line":10,"column":58}},"7":{"start":{"line":11,"column":22},"end":{"line":22,"column":7}},"8":{"start":{"line":24,"column":24},"end":{"line":31,"column":7}},"9":{"start":{"line":33,"column":6},"end":{"line":33,"column":23}},"10":{"start":{"line":34,"column":6},"end":{"line":34,"column":36}},"11":{"start":{"line":36,"column":6},"end":{"line":36,"column":25}},"12":{"start":{"line":37,"column":6},"end":{"line":37,"column":18}},"13":{"start":{"line":42,"column":14},"end":{"line":42,"column":43}},"14":{"start":{"line":43,"column":4},"end":{"line":78,"column":5}},"15":{"start":{"line":44,"column":34},"end":{"line":44,"column":42}},"16":{"start":{"line":45,"column":6},"end":{"line":45,"column":54}},"17":{"start":{"line":45,"column":18},"end":{"line":45,"column":54}},"18":{"start":{"line":46,"column":6},"end":{"line":46,"column":60}},"19":{"start":{"line":46,"column":21},"end":{"line":46,"column":60}},"20":{"start":{"line":48,"column":27},"end":{"line":53,"column":8}},"21":{"start":{"line":54,"column":6},"end":{"line":56,"column":7}},"22":{"start":{"line":55,"column":8},"end":{"line":55,"column":41}},"23":{"start":{"line":57,"column":28},"end":{"line":60,"column":7}},"24":{"start":{"line":61,"column":6},"end":{"line":63,"column":7}},"25":{"start":{"line":62,"column":8},"end":{"line":62,"column":41}},"26":{"start":{"line":64,"column":22},"end":{"line":67,"column":7}},"27":{"start":{"line":69,"column":20},"end":{"line":69,"column":43}},"28":{"start":{"line":70,"column":6},"end":{"line":70,"column":23}},"29":{"start":{"line":71,"column":6},"end":{"line":74,"column":9}},"30":{"start":{"line":76,"column":6},"end":{"line":76,"column":25}},"31":{"start":{"line":77,"column":6},"end":{"line":77,"column":18}},"32":{"start":{"line":82,"column":0},"end":{"line":82,"column":32}}},"fnMap":{"0":{"name":"(anonymous_0)","decl":{"start":{"line":7,"column":2},"end":{"line":7,"column":3}},"loc":{"start":{"line":7,"column":44},"end":{"line":39,"column":3}},"line":7},"1":{"name":"(anonymous_1)","decl":{"start":{"line":41,"column":2},"end":{"line":41,"column":3}},"loc":{"start":{"line":41,"column":41},"end":{"line":79,"column":3}},"line":41}},"branchMap":{"0":{"loc":{"start":{"line":45,"column":6},"end":{"line":45,"column":54}},"type":"if","locations":[{"start":{"line":45,"column":6},"end":{"line":45,"column":54}},{"start":{},"end":{}}],"line":45},"1":{"loc":{"start":{"line":46,"column":6},"end":{"line":46,"column":60}},"type":"if","locations":[{"start":{"line":46,"column":6},"end":{"line":46,"column":60}},{"start":{},"end":{}}],"line":46},"2":{"loc":{"start":{"line":54,"column":6},"end":{"line":56,"column":7}},"type":"if","locations":[{"start":{"line":54,"column":6},"end":{"line":56,"column":7}},{"start":{},"end":{}}],"line":54},"3":{"loc":{"start":{"line":61,"column":6},"end":{"line":63,"column":7}},"type":"if","locations":[{"start":{"line":61,"column":6},"end":{"line":63,"column":7}},{"start":{},"end":{}}],"line":61}},"s":{"0":1,"1":1,"2":1,"3":1,"4":5,"5":5,"6":5,"7":5,"8":1,"9":1,"10":1,"11":4,"12":4,"13":1,"14":1,"15":1,"16":1,"17":0,"18":1,"19":0,"20":1,"21":1,"22":0,"23":1,"24":1,"25":0,"26":1,"27":1,"28":1,"29":1,"30":0,"31":0,"32":1},"f":{"0":5,"1":1},"b":{"0":[0,1],"1":[0,1],"2":[0,1],"3":[0,1]},"_coverageSchema":"1a1c01bbd47fc00a2c39e90264f33305004495a9","hash":"5b84de2bd74acb31059b926ce515e249fed37448"}
,"D:\\Hacktiv8\\3. Phase 3\\final-project\\m-cure-server\\controllers\\walletController.js": {"path":"D:\\Hacktiv8\\3. Phase 3\\final-project\\m-cure-server\\controllers\\walletController.js","statementMap":{"0":{"start":{"line":1,"column":53},"end":{"line":1,"column":73}},"1":{"start":{"line":5,"column":4},"end":{"line":18,"column":5}},"2":{"start":{"line":6,"column":17},"end":{"line":6,"column":29}},"3":{"start":{"line":7,"column":21},"end":{"line":11,"column":8}},"4":{"start":{"line":13,"column":6},"end":{"line":15,"column":9}},"5":{"start":{"line":17,"column":6},"end":{"line":17,"column":15}},"6":{"start":{"line":22,"column":0},"end":{"line":22,"column":28}}},"fnMap":{"0":{"name":"(anonymous_0)","decl":{"start":{"line":4,"column":2},"end":{"line":4,"column":3}},"loc":{"start":{"line":4,"column":43},"end":{"line":19,"column":3}},"line":4}},"branchMap":{},"s":{"0":1,"1":0,"2":0,"3":0,"4":0,"5":0,"6":1},"f":{"0":0},"b":{},"_coverageSchema":"1a1c01bbd47fc00a2c39e90264f33305004495a9","hash":"c91f6a615546bd7c5b666a96b2eb0255338acc46"}
,"D:\\Hacktiv8\\3. Phase 3\\final-project\\m-cure-server\\helpers\\bcrypt.js": {"path":"D:\\Hacktiv8\\3. Phase 3\\final-project\\m-cure-server\\helpers\\bcrypt.js","statementMap":{"0":{"start":{"line":1,"column":15},"end":{"line":1,"column":32}},"1":{"start":{"line":3,"column":21},"end":{"line":5,"column":1}},"2":{"start":{"line":4,"column":4},"end":{"line":4,"column":40}},"3":{"start":{"line":7,"column":32},"end":{"line":9,"column":1}},"4":{"start":{"line":8,"column":4},"end":{"line":8,"column":45}},"5":{"start":{"line":11,"column":0},"end":{"line":14,"column":1}}},"fnMap":{"0":{"name":"(anonymous_0)","decl":{"start":{"line":3,"column":21},"end":{"line":3,"column":22}},"loc":{"start":{"line":3,"column":35},"end":{"line":5,"column":1}},"line":3},"1":{"name":"(anonymous_1)","decl":{"start":{"line":7,"column":32},"end":{"line":7,"column":33}},"loc":{"start":{"line":7,"column":52},"end":{"line":9,"column":1}},"line":7}},"branchMap":{},"s":{"0":1,"1":1,"2":5,"3":1,"4":2,"5":1},"f":{"0":5,"1":2},"b":{},"_coverageSchema":"1a1c01bbd47fc00a2c39e90264f33305004495a9","hash":"145de7b0ec15dafa797f234610d1f56a216cb190"}
,"D:\\Hacktiv8\\3. Phase 3\\final-project\\m-cure-server\\helpers\\jwt.js": {"path":"D:\\Hacktiv8\\3. Phase 3\\final-project\\m-cure-server\\helpers\\jwt.js","statementMap":{"0":{"start":{"line":1,"column":12},"end":{"line":1,"column":35}},"1":{"start":{"line":2,"column":22},"end":{"line":2,"column":44}},"2":{"start":{"line":4,"column":23},"end":{"line":6,"column":1}},"3":{"start":{"line":5,"column":4},"end":{"line":5,"column":62}},"4":{"start":{"line":8,"column":22},"end":{"line":10,"column":1}},"5":{"start":{"line":9,"column":4},"end":{"line":9,"column":43}},"6":{"start":{"line":12,"column":0},"end":{"line":15,"column":1}}},"fnMap":{"0":{"name":"(anonymous_0)","decl":{"start":{"line":4,"column":23},"end":{"line":4,"column":24}},"loc":{"start":{"line":4,"column":36},"end":{"line":6,"column":1}},"line":4},"1":{"name":"(anonymous_1)","decl":{"start":{"line":8,"column":22},"end":{"line":8,"column":23}},"loc":{"start":{"line":8,"column":33},"end":{"line":10,"column":1}},"line":8}},"branchMap":{},"s":{"0":1,"1":1,"2":1,"3":3,"4":1,"5":4,"6":1},"f":{"0":3,"1":4},"b":{},"_coverageSchema":"1a1c01bbd47fc00a2c39e90264f33305004495a9","hash":"3ccc48227cd2cf6da10f1221d6ce362ac8bd5f23"}
,"D:\\Hacktiv8\\3. Phase 3\\final-project\\m-cure-server\\middlewares\\authentication.js": {"path":"D:\\Hacktiv8\\3. Phase 3\\final-project\\m-cure-server\\middlewares\\authentication.js","statementMap":{"0":{"start":{"line":1,"column":17},"end":{"line":1,"column":37}},"1":{"start":{"line":2,"column":26},"end":{"line":2,"column":54}},"2":{"start":{"line":4,"column":28},"end":{"line":21,"column":1}},"3":{"start":{"line":5,"column":2},"end":{"line":20,"column":3}},"4":{"start":{"line":6,"column":29},"end":{"line":6,"column":40}},"5":{"start":{"line":7,"column":20},"end":{"line":7,"column":47}},"6":{"start":{"line":8,"column":25},"end":{"line":8,"column":56}},"7":{"start":{"line":9,"column":4},"end":{"line":16,"column":5}},"8":{"start":{"line":10,"column":6},"end":{"line":10,"column":54}},"9":{"start":{"line":12,"column":6},"end":{"line":15,"column":8}},"10":{"start":{"line":17,"column":4},"end":{"line":17,"column":11}},"11":{"start":{"line":19,"column":4},"end":{"line":19,"column":16}},"12":{"start":{"line":23,"column":27},"end":{"line":40,"column":1}},"13":{"start":{"line":24,"column":2},"end":{"line":39,"column":3}},"14":{"start":{"line":25,"column":29},"end":{"line":25,"column":40}},"15":{"start":{"line":26,"column":20},"end":{"line":26,"column":47}},"16":{"start":{"line":27,"column":25},"end":{"line":27,"column":56}},"17":{"start":{"line":28,"column":4},"end":{"line":35,"column":5}},"18":{"start":{"line":29,"column":6},"end":{"line":29,"column":54}},"19":{"start":{"line":31,"column":6},"end":{"line":34,"column":8}},"20":{"start":{"line":36,"column":4},"end":{"line":36,"column":11}},"21":{"start":{"line":38,"column":4},"end":{"line":38,"column":16}},"22":{"start":{"line":42,"column":0},"end":{"line":45,"column":2}}},"fnMap":{"0":{"name":"(anonymous_0)","decl":{"start":{"line":4,"column":28},"end":{"line":4,"column":29}},"loc":{"start":{"line":4,"column":54},"end":{"line":21,"column":1}},"line":4},"1":{"name":"(anonymous_1)","decl":{"start":{"line":23,"column":27},"end":{"line":23,"column":28}},"loc":{"start":{"line":23,"column":53},"end":{"line":40,"column":1}},"line":23}},"branchMap":{"0":{"loc":{"start":{"line":9,"column":4},"end":{"line":16,"column":5}},"type":"if","locations":[{"start":{"line":9,"column":4},"end":{"line":16,"column":5}},{"start":{"line":11,"column":11},"end":{"line":16,"column":5}}],"line":9},"1":{"loc":{"start":{"line":9,"column":8},"end":{"line":9,"column":54}},"type":"binary-expr","locations":[{"start":{"line":9,"column":8},"end":{"line":9,"column":21}},{"start":{"line":9,"column":25},"end":{"line":9,"column":54}}],"line":9},"2":{"loc":{"start":{"line":28,"column":4},"end":{"line":35,"column":5}},"type":"if","locations":[{"start":{"line":28,"column":4},"end":{"line":35,"column":5}},{"start":{"line":30,"column":11},"end":{"line":35,"column":5}}],"line":28},"3":{"loc":{"start":{"line":28,"column":8},"end":{"line":28,"column":53}},"type":"binary-expr","locations":[{"start":{"line":28,"column":8},"end":{"line":28,"column":21}},{"start":{"line":28,"column":25},"end":{"line":28,"column":53}}],"line":28}},"s":{"0":1,"1":1,"2":1,"3":4,"4":4,"5":4,"6":4,"7":4,"8":0,"9":4,"10":4,"11":0,"12":1,"13":0,"14":0,"15":0,"16":0,"17":0,"18":0,"19":0,"20":0,"21":0,"22":1},"f":{"0":4,"1":0},"b":{"0":[0,4],"1":[4,4],"2":[0,0],"3":[0,0]},"_coverageSchema":"1a1c01bbd47fc00a2c39e90264f33305004495a9","hash":"9c3f1a51719853d5fe755622c4434700d722710a"}
,"D:\\Hacktiv8\\3. Phase 3\\final-project\\m-cure-server\\middlewares\\errorHandler.js": {"path":"D:\\Hacktiv8\\3. Phase 3\\final-project\\m-cure-server\\middlewares\\errorHandler.js","statementMap":{"0":{"start":{"line":1,"column":21},"end":{"line":61,"column":1}},"1":{"start":{"line":2,"column":2},"end":{"line":2,"column":19}},"2":{"start":{"line":3,"column":2},"end":{"line":60,"column":3}},"3":{"start":{"line":4,"column":4},"end":{"line":4,"column":45}},"4":{"start":{"line":4,"column":33},"end":{"line":4,"column":43}},"5":{"start":{"line":5,"column":4},"end":{"line":7,"column":7}},"6":{"start":{"line":8,"column":9},"end":{"line":60,"column":3}},"7":{"start":{"line":9,"column":4},"end":{"line":11,"column":7}},"8":{"start":{"line":12,"column":9},"end":{"line":60,"column":3}},"9":{"start":{"line":13,"column":4},"end":{"line":15,"column":7}},"10":{"start":{"line":16,"column":9},"end":{"line":60,"column":3}},"11":{"start":{"line":17,"column":4},"end":{"line":19,"column":7}},"12":{"start":{"line":20,"column":9},"end":{"line":60,"column":3}},"13":{"start":{"line":21,"column":4},"end":{"line":23,"column":7}},"14":{"start":{"line":24,"column":9},"end":{"line":60,"column":3}},"15":{"start":{"line":25,"column":4},"end":{"line":27,"column":7}},"16":{"start":{"line":28,"column":9},"end":{"line":60,"column":3}},"17":{"start":{"line":32,"column":4},"end":{"line":34,"column":7}},"18":{"start":{"line":35,"column":9},"end":{"line":60,"column":3}},"19":{"start":{"line":36,"column":4},"end":{"line":38,"column":7}},"20":{"start":{"line":39,"column":9},"end":{"line":60,"column":3}},"21":{"start":{"line":40,"column":4},"end":{"line":42,"column":7}},"22":{"start":{"line":43,"column":9},"end":{"line":60,"column":3}},"23":{"start":{"line":44,"column":4},"end":{"line":46,"column":7}},"24":{"start":{"line":47,"column":9},"end":{"line":60,"column":3}},"25":{"start":{"line":48,"column":4},"end":{"line":50,"column":7}},"26":{"start":{"line":51,"column":9},"end":{"line":60,"column":3}},"27":{"start":{"line":52,"column":4},"end":{"line":54,"column":7}},"28":{"start":{"line":56,"column":4},"end":{"line":56,"column":21}},"29":{"start":{"line":57,"column":4},"end":{"line":59,"column":7}},"30":{"start":{"line":63,"column":0},"end":{"line":63,"column":30}}},"fnMap":{"0":{"name":"(anonymous_0)","decl":{"start":{"line":1,"column":21},"end":{"line":1,"column":22}},"loc":{"start":{"line":1,"column":46},"end":{"line":61,"column":1}},"line":1},"1":{"name":"(anonymous_1)","decl":{"start":{"line":4,"column":25},"end":{"line":4,"column":26}},"loc":{"start":{"line":4,"column":33},"end":{"line":4,"column":43}},"line":4}},"branchMap":{"0":{"loc":{"start":{"line":3,"column":2},"end":{"line":60,"column":3}},"type":"if","locations":[{"start":{"line":3,"column":2},"end":{"line":60,"column":3}},{"start":{"line":8,"column":9},"end":{"line":60,"column":3}}],"line":3},"1":{"loc":{"start":{"line":8,"column":9},"end":{"line":60,"column":3}},"type":"if","locations":[{"start":{"line":8,"column":9},"end":{"line":60,"column":3}},{"start":{"line":12,"column":9},"end":{"line":60,"column":3}}],"line":8},"2":{"loc":{"start":{"line":12,"column":9},"end":{"line":60,"column":3}},"type":"if","locations":[{"start":{"line":12,"column":9},"end":{"line":60,"column":3}},{"start":{"line":16,"column":9},"end":{"line":60,"column":3}}],"line":12},"3":{"loc":{"start":{"line":16,"column":9},"end":{"line":60,"column":3}},"type":"if","locations":[{"start":{"line":16,"column":9},"end":{"line":60,"column":3}},{"start":{"line":20,"column":9},"end":{"line":60,"column":3}}],"line":16},"4":{"loc":{"start":{"line":20,"column":9},"end":{"line":60,"column":3}},"type":"if","locations":[{"start":{"line":20,"column":9},"end":{"line":60,"column":3}},{"start":{"line":24,"column":9},"end":{"line":60,"column":3}}],"line":20},"5":{"loc":{"start":{"line":24,"column":9},"end":{"line":60,"column":3}},"type":"if","locations":[{"start":{"line":24,"column":9},"end":{"line":60,"column":3}},{"start":{"line":28,"column":9},"end":{"line":60,"column":3}}],"line":24},"6":{"loc":{"start":{"line":28,"column":9},"end":{"line":60,"column":3}},"type":"if","locations":[{"start":{"line":28,"column":9},"end":{"line":60,"column":3}},{"start":{"line":35,"column":9},"end":{"line":60,"column":3}}],"line":28},"7":{"loc":{"start":{"line":29,"column":4},"end":{"line":30,"column":36}},"type":"binary-expr","locations":[{"start":{"line":29,"column":4},"end":{"line":29,"column":36}},{"start":{"line":30,"column":4},"end":{"line":30,"column":36}}],"line":29},"8":{"loc":{"start":{"line":35,"column":9},"end":{"line":60,"column":3}},"type":"if","locations":[{"start":{"line":35,"column":9},"end":{"line":60,"column":3}},{"start":{"line":39,"column":9},"end":{"line":60,"column":3}}],"line":35},"9":{"loc":{"start":{"line":39,"column":9},"end":{"line":60,"column":3}},"type":"if","locations":[{"start":{"line":39,"column":9},"end":{"line":60,"column":3}},{"start":{"line":43,"column":9},"end":{"line":60,"column":3}}],"line":39},"10":{"loc":{"start":{"line":43,"column":9},"end":{"line":60,"column":3}},"type":"if","locations":[{"start":{"line":43,"column":9},"end":{"line":60,"column":3}},{"start":{"line":47,"column":9},"end":{"line":60,"column":3}}],"line":43},"11":{"loc":{"start":{"line":47,"column":9},"end":{"line":60,"column":3}},"type":"if","locations":[{"start":{"line":47,"column":9},"end":{"line":60,"column":3}},{"start":{"line":51,"column":9},"end":{"line":60,"column":3}}],"line":47},"12":{"loc":{"start":{"line":51,"column":9},"end":{"line":60,"column":3}},"type":"if","locations":[{"start":{"line":51,"column":9},"end":{"line":60,"column":3}},{"start":{"line":55,"column":9},"end":{"line":60,"column":3}}],"line":51}},"s":{"0":1,"1":4,"2":4,"3":3,"4":4,"5":3,"6":1,"7":1,"8":0,"9":0,"10":0,"11":0,"12":0,"13":0,"14":0,"15":0,"16":0,"17":0,"18":0,"19":0,"20":0,"21":0,"22":0,"23":0,"24":0,"25":0,"26":0,"27":0,"28":0,"29":0,"30":1},"f":{"0":4,"1":4},"b":{"0":[3,1],"1":[1,0],"2":[0,0],"3":[0,0],"4":[0,0],"5":[0,0],"6":[0,0],"7":[0,0],"8":[0,0],"9":[0,0],"10":[0,0],"11":[0,0],"12":[0,0]},"_coverageSchema":"1a1c01bbd47fc00a2c39e90264f33305004495a9","hash":"8fb7964df987867f0f29bbda2950d7ad0adc7a58"}
,"D:\\Hacktiv8\\3. Phase 3\\final-project\\m-cure-server\\models\\category.js": {"path":"D:\\Hacktiv8\\3. Phase 3\\final-project\\m-cure-server\\models\\category.js","statementMap":{"0":{"start":{"line":4,"column":4},"end":{"line":4,"column":24}},"1":{"start":{"line":5,"column":0},"end":{"line":26,"column":2}},"2":{"start":{"line":14,"column":6},"end":{"line":14,"column":42}},"3":{"start":{"line":17,"column":2},"end":{"line":24,"column":5}},"4":{"start":{"line":25,"column":2},"end":{"line":25,"column":18}}},"fnMap":{"0":{"name":"(anonymous_0)","decl":{"start":{"line":5,"column":17},"end":{"line":5,"column":18}},"loc":{"start":{"line":5,"column":43},"end":{"line":26,"column":1}},"line":5},"1":{"name":"(anonymous_1)","decl":{"start":{"line":12,"column":4},"end":{"line":12,"column":5}},"loc":{"start":{"line":12,"column":29},"end":{"line":15,"column":5}},"line":12}},"branchMap":{},"s":{"0":1,"1":1,"2":1,"3":1,"4":1},"f":{"0":1,"1":1},"b":{},"_coverageSchema":"1a1c01bbd47fc00a2c39e90264f33305004495a9","hash":"4c3aac5306838158c175d19f40f7687a99c9ecf4"}
,"D:\\Hacktiv8\\3. Phase 3\\final-project\\m-cure-server\\models\\index.js": {"path":"D:\\Hacktiv8\\3. Phase 3\\final-project\\m-cure-server\\models\\index.js","statementMap":{"0":{"start":{"line":3,"column":11},"end":{"line":3,"column":24}},"1":{"start":{"line":4,"column":13},"end":{"line":4,"column":28}},"2":{"start":{"line":5,"column":18},"end":{"line":5,"column":38}},"3":{"start":{"line":6,"column":17},"end":{"line":6,"column":42}},"4":{"start":{"line":7,"column":12},"end":{"line":7,"column":49}},"5":{"start":{"line":8,"column":15},"end":{"line":8,"column":65}},"6":{"start":{"line":9,"column":11},"end":{"line":9,"column":13}},"7":{"start":{"line":12,"column":0},"end":{"line":16,"column":1}},"8":{"start":{"line":13,"column":2},"end":{"line":13,"column":74}},"9":{"start":{"line":15,"column":2},"end":{"line":15,"column":87}},"10":{"start":{"line":18,"column":0},"end":{"line":26,"column":5}},"11":{"start":{"line":21,"column":4},"end":{"line":21,"column":90}},"12":{"start":{"line":24,"column":18},"end":{"line":24,"column":85}},"13":{"start":{"line":25,"column":4},"end":{"line":25,"column":27}},"14":{"start":{"line":28,"column":0},"end":{"line":32,"column":3}},"15":{"start":{"line":29,"column":2},"end":{"line":31,"column":3}},"16":{"start":{"line":30,"column":4},"end":{"line":30,"column":32}},"17":{"start":{"line":34,"column":0},"end":{"line":34,"column":25}},"18":{"start":{"line":35,"column":0},"end":{"line":35,"column":25}},"19":{"start":{"line":37,"column":0},"end":{"line":37,"column":20}}},"fnMap":{"0":{"name":"(anonymous_0)","decl":{"start":{"line":20,"column":10},"end":{"line":20,"column":11}},"loc":{"start":{"line":20,"column":18},"end":{"line":22,"column":3}},"line":20},"1":{"name":"(anonymous_1)","decl":{"start":{"line":23,"column":11},"end":{"line":23,"column":12}},"loc":{"start":{"line":23,"column":19},"end":{"line":26,"column":3}},"line":23},"2":{"name":"(anonymous_2)","decl":{"start":{"line":28,"column":24},"end":{"line":28,"column":25}},"loc":{"start":{"line":28,"column":37},"end":{"line":32,"column":1}},"line":28}},"branchMap":{"0":{"loc":{"start":{"line":7,"column":12},"end":{"line":7,"column":49}},"type":"binary-expr","locations":[{"start":{"line":7,"column":12},"end":{"line":7,"column":32}},{"start":{"line":7,"column":36},"end":{"line":7,"column":49}}],"line":7},"1":{"loc":{"start":{"line":12,"column":0},"end":{"line":16,"column":1}},"type":"if","locations":[{"start":{"line":12,"column":0},"end":{"line":16,"column":1}},{"start":{"line":14,"column":7},"end":{"line":16,"column":1}}],"line":12},"2":{"loc":{"start":{"line":21,"column":11},"end":{"line":21,"column":89}},"type":"binary-expr","locations":[{"start":{"line":21,"column":12},"end":{"line":21,"column":35}},{"start":{"line":21,"column":41},"end":{"line":21,"column":58}},{"start":{"line":21,"column":64},"end":{"line":21,"column":88}}],"line":21},"3":{"loc":{"start":{"line":29,"column":2},"end":{"line":31,"column":3}},"type":"if","locations":[{"start":{"line":29,"column":2},"end":{"line":31,"column":3}},{"start":{},"end":{}}],"line":29}},"s":{"0":1,"1":1,"2":1,"3":1,"4":1,"5":1,"6":1,"7":1,"8":0,"9":1,"10":1,"11":5,"12":4,"13":4,"14":1,"15":4,"16":4,"17":1,"18":1,"19":1},"f":{"0":5,"1":4,"2":4},"b":{"0":[1,0],"1":[0,1],"2":[5,5,4],"3":[4,0]},"_coverageSchema":"1a1c01bbd47fc00a2c39e90264f33305004495a9","hash":"57bb9c8fa52d23ca78d80b7ba469a1ae8e770559"}
,"D:\\Hacktiv8\\3. Phase 3\\final-project\\m-cure-server\\models\\transaction.js": {"path":"D:\\Hacktiv8\\3. Phase 3\\final-project\\m-cure-server\\models\\transaction.js","statementMap":{"0":{"start":{"line":4,"column":4},"end":{"line":4,"column":24}},"1":{"start":{"line":5,"column":0},"end":{"line":61,"column":2}},"2":{"start":{"line":14,"column":6},"end":{"line":14,"column":42}},"3":{"start":{"line":15,"column":6},"end":{"line":15,"column":44}},"4":{"start":{"line":18,"column":2},"end":{"line":59,"column":5}},"5":{"start":{"line":60,"column":2},"end":{"line":60,"column":21}}},"fnMap":{"0":{"name":"(anonymous_0)","decl":{"start":{"line":5,"column":17},"end":{"line":5,"column":18}},"loc":{"start":{"line":5,"column":43},"end":{"line":61,"column":1}},"line":5},"1":{"name":"(anonymous_1)","decl":{"start":{"line":12,"column":4},"end":{"line":12,"column":5}},"loc":{"start":{"line":12,"column":29},"end":{"line":16,"column":5}},"line":12}},"branchMap":{},"s":{"0":1,"1":1,"2":1,"3":1,"4":1,"5":1},"f":{"0":1,"1":1},"b":{},"_coverageSchema":"1a1c01bbd47fc00a2c39e90264f33305004495a9","hash":"7d34f4fca012dce5611f36fa9b4dbe543f548469"}
,"D:\\Hacktiv8\\3. Phase 3\\final-project\\m-cure-server\\models\\user.js": {"path":"D:\\Hacktiv8\\3. Phase 3\\final-project\\m-cure-server\\models\\user.js","statementMap":{"0":{"start":{"line":4,"column":4},"end":{"line":4,"column":24}},"1":{"start":{"line":5,"column":25},"end":{"line":5,"column":53}},"2":{"start":{"line":6,"column":0},"end":{"line":96,"column":2}},"3":{"start":{"line":15,"column":6},"end":{"line":15,"column":32}},"4":{"start":{"line":18,"column":2},"end":{"line":94,"column":5}},"5":{"start":{"line":90,"column":8},"end":{"line":90,"column":59}},"6":{"start":{"line":95,"column":2},"end":{"line":95,"column":14}}},"fnMap":{"0":{"name":"(anonymous_0)","decl":{"start":{"line":6,"column":17},"end":{"line":6,"column":18}},"loc":{"start":{"line":6,"column":43},"end":{"line":96,"column":1}},"line":6},"1":{"name":"(anonymous_1)","decl":{"start":{"line":13,"column":4},"end":{"line":13,"column":5}},"loc":{"start":{"line":13,"column":29},"end":{"line":16,"column":5}},"line":13},"2":{"name":"(anonymous_2)","decl":{"start":{"line":89,"column":6},"end":{"line":89,"column":7}},"loc":{"start":{"line":89,"column":29},"end":{"line":91,"column":7}},"line":89}},"branchMap":{},"s":{"0":1,"1":1,"2":1,"3":1,"4":1,"5":5,"6":1},"f":{"0":1,"1":1,"2":5},"b":{},"_coverageSchema":"1a1c01bbd47fc00a2c39e90264f33305004495a9","hash":"f5b4b2fb341161a19b74e814ad03d706436c2c7e"}
,"D:\\Hacktiv8\\3. Phase 3\\final-project\\m-cure-server\\models\\wallet.js": {"path":"D:\\Hacktiv8\\3. Phase 3\\final-project\\m-cure-server\\models\\wallet.js","statementMap":{"0":{"start":{"line":4,"column":4},"end":{"line":4,"column":24}},"1":{"start":{"line":5,"column":0},"end":{"line":40,"column":2}},"2":{"start":{"line":14,"column":6},"end":{"line":14,"column":35}},"3":{"start":{"line":15,"column":6},"end":{"line":15,"column":40}},"4":{"start":{"line":18,"column":2},"end":{"line":38,"column":5}},"5":{"start":{"line":39,"column":2},"end":{"line":39,"column":16}}},"fnMap":{"0":{"name":"(anonymous_0)","decl":{"start":{"line":5,"column":17},"end":{"line":5,"column":18}},"loc":{"start":{"line":5,"column":43},"end":{"line":40,"column":1}},"line":5},"1":{"name":"(anonymous_1)","decl":{"start":{"line":12,"column":4},"end":{"line":12,"column":5}},"loc":{"start":{"line":12,"column":29},"end":{"line":16,"column":5}},"line":12}},"branchMap":{},"s":{"0":1,"1":1,"2":1,"3":1,"4":1,"5":1},"f":{"0":1,"1":1},"b":{},"_coverageSchema":"1a1c01bbd47fc00a2c39e90264f33305004495a9","hash":"a140c95540ab26c570a58ed342d989bee85c70e5"}
,"D:\\Hacktiv8\\3. Phase 3\\final-project\\m-cure-server\\routes\\consultantRouter.js": {"path":"D:\\Hacktiv8\\3. Phase 3\\final-project\\m-cure-server\\routes\\consultantRouter.js","statementMap":{"0":{"start":{"line":1,"column":16},"end":{"line":1,"column":34}},"1":{"start":{"line":2,"column":15},"end":{"line":2,"column":31}},"2":{"start":{"line":3,"column":29},"end":{"line":3,"column":78}},"3":{"start":{"line":5,"column":0},"end":{"line":5,"column":52}},"4":{"start":{"line":6,"column":0},"end":{"line":6,"column":60}},"5":{"start":{"line":8,"column":0},"end":{"line":8,"column":23}}},"fnMap":{},"branchMap":{},"s":{"0":1,"1":1,"2":1,"3":1,"4":1,"5":1},"f":{},"b":{},"_coverageSchema":"1a1c01bbd47fc00a2c39e90264f33305004495a9","hash":"751f73be0ec1ea0ba1376617dcef74b770b02bb8"}
,"D:\\Hacktiv8\\3. Phase 3\\final-project\\m-cure-server\\routes\\index.js": {"path":"D:\\Hacktiv8\\3. Phase 3\\final-project\\m-cure-server\\routes\\index.js","statementMap":{"0":{"start":{"line":1,"column":16},"end":{"line":1,"column":34}},"1":{"start":{"line":2,"column":15},"end":{"line":2,"column":31}},"2":{"start":{"line":3,"column":20},"end":{"line":3,"column":44}},"3":{"start":{"line":4,"column":23},"end":{"line":4,"column":50}},"4":{"start":{"line":5,"column":19},"end":{"line":5,"column":42}},"5":{"start":{"line":6,"column":25},"end":{"line":6,"column":54}},"6":{"start":{"line":7,"column":32},"end":{"line":7,"column":72}},"7":{"start":{"line":9,"column":0},"end":{"line":9,"column":32}},"8":{"start":{"line":10,"column":0},"end":{"line":10,"column":33}},"9":{"start":{"line":11,"column":0},"end":{"line":11,"column":31}},"10":{"start":{"line":12,"column":0},"end":{"line":12,"column":44}},"11":{"start":{"line":13,"column":0},"end":{"line":13,"column":39}},"12":{"start":{"line":16,"column":0},"end":{"line":16,"column":23}}},"fnMap":{},"branchMap":{},"s":{"0":1,"1":1,"2":1,"3":1,"4":1,"5":1,"6":1,"7":1,"8":1,"9":1,"10":1,"11":1,"12":1},"f":{},"b":{},"_coverageSchema":"1a1c01bbd47fc00a2c39e90264f33305004495a9","hash":"aa1a8e8d2d96f0d7a9cbd2ce983c6b1180b0443a"}
,"D:\\Hacktiv8\\3. Phase 3\\final-project\\m-cure-server\\routes\\loginRouter.js": {"path":"D:\\Hacktiv8\\3. Phase 3\\final-project\\m-cure-server\\routes\\loginRouter.js","statementMap":{"0":{"start":{"line":1,"column":16},"end":{"line":1,"column":34}},"1":{"start":{"line":2,"column":15},"end":{"line":2,"column":31}},"2":{"start":{"line":3,"column":24},"end":{"line":3,"column":68}},"3":{"start":{"line":5,"column":0},"end":{"line":5,"column":44}},"4":{"start":{"line":7,"column":0},"end":{"line":7,"column":23}}},"fnMap":{},"branchMap":{},"s":{"0":1,"1":1,"2":1,"3":1,"4":1},"f":{},"b":{},"_coverageSchema":"1a1c01bbd47fc00a2c39e90264f33305004495a9","hash":"629ebe6a5f1fe1f838ab183759493f064afb3f23"}
,"D:\\Hacktiv8\\3. Phase 3\\final-project\\m-cure-server\\routes\\registerRouter.js": {"path":"D:\\Hacktiv8\\3. Phase 3\\final-project\\m-cure-server\\routes\\registerRouter.js","statementMap":{"0":{"start":{"line":1,"column":16},"end":{"line":1,"column":34}},"1":{"start":{"line":2,"column":15},"end":{"line":2,"column":31}},"2":{"start":{"line":3,"column":24},"end":{"line":3,"column":68}},"3":{"start":{"line":5,"column":0},"end":{"line":5,"column":52}},"4":{"start":{"line":6,"column":0},"end":{"line":6,"column":62}},"5":{"start":{"line":8,"column":0},"end":{"line":8,"column":23}}},"fnMap":{},"branchMap":{},"s":{"0":1,"1":1,"2":1,"3":1,"4":1,"5":1},"f":{},"b":{},"_coverageSchema":"1a1c01bbd47fc00a2c39e90264f33305004495a9","hash":"5b594eb4495f5296b0cd275bd9ba1190c4a139c1"}
,"D:\\Hacktiv8\\3. Phase 3\\final-project\\m-cure-server\\routes\\transactionRouter.js": {"path":"D:\\Hacktiv8\\3. Phase 3\\final-project\\m-cure-server\\routes\\transactionRouter.js","statementMap":{"0":{"start":{"line":1,"column":16},"end":{"line":1,"column":34}},"1":{"start":{"line":2,"column":19},"end":{"line":2,"column":66}},"2":{"start":{"line":3,"column":15},"end":{"line":3,"column":31}},"3":{"start":{"line":5,"column":0},"end":{"line":5,"column":46}},"4":{"start":{"line":7,"column":0},"end":{"line":7,"column":47}},"5":{"start":{"line":9,"column":0},"end":{"line":9,"column":52}},"6":{"start":{"line":11,"column":0},"end":{"line":11,"column":47}},"7":{"start":{"line":13,"column":0},"end":{"line":13,"column":52}},"8":{"start":{"line":15,"column":0},"end":{"line":15,"column":24}}},"fnMap":{},"branchMap":{},"s":{"0":1,"1":1,"2":1,"3":1,"4":1,"5":1,"6":1,"7":1,"8":1},"f":{},"b":{},"_coverageSchema":"1a1c01bbd47fc00a2c39e90264f33305004495a9","hash":"7991640ba01afe8c74e62eb9e6e152cf3ace87a4"}
,"D:\\Hacktiv8\\3. Phase 3\\final-project\\m-cure-server\\routes\\userRouter.js": {"path":"D:\\Hacktiv8\\3. Phase 3\\final-project\\m-cure-server\\routes\\userRouter.js","statementMap":{"0":{"start":{"line":1,"column":16},"end":{"line":1,"column":34}},"1":{"start":{"line":2,"column":15},"end":{"line":2,"column":31}},"2":{"start":{"line":3,"column":23},"end":{"line":3,"column":66}},"3":{"start":{"line":4,"column":31},"end":{"line":4,"column":71}},"4":{"start":{"line":5,"column":26},"end":{"line":5,"column":56}},"5":{"start":{"line":6,"column":21},"end":{"line":6,"column":46}},"6":{"start":{"line":8,"column":0},"end":{"line":8,"column":53}},"7":{"start":{"line":9,"column":0},"end":{"line":9,"column":47}},"8":{"start":{"line":10,"column":0},"end":{"line":10,"column":30}},"9":{"start":{"line":11,"column":0},"end":{"line":11,"column":47}},"10":{"start":{"line":12,"column":0},"end":{"line":12,"column":36}},"11":{"start":{"line":14,"column":0},"end":{"line":14,"column":23}}},"fnMap":{},"branchMap":{},"s":{"0":1,"1":1,"2":1,"3":1,"4":1,"5":1,"6":1,"7":1,"8":1,"9":1,"10":1,"11":1},"f":{},"b":{},"_coverageSchema":"1a1c01bbd47fc00a2c39e90264f33305004495a9","hash":"32e8f10dace62a177bc05d9703208b3de3b28f0b"}
,"D:\\Hacktiv8\\3. Phase 3\\final-project\\m-cure-server\\routes\\walletRouter.js": {"path":"D:\\Hacktiv8\\3. Phase 3\\final-project\\m-cure-server\\routes\\walletRouter.js","statementMap":{"0":{"start":{"line":1,"column":16},"end":{"line":1,"column":34}},"1":{"start":{"line":2,"column":19},"end":{"line":2,"column":61}},"2":{"start":{"line":3,"column":15},"end":{"line":3,"column":31}},"3":{"start":{"line":5,"column":0},"end":{"line":5,"column":40}},"4":{"start":{"line":13,"column":0},"end":{"line":13,"column":24}}},"fnMap":{},"branchMap":{},"s":{"0":1,"1":1,"2":1,"3":1,"4":1},"f":{},"b":{},"_coverageSchema":"1a1c01bbd47fc00a2c39e90264f33305004495a9","hash":"0e986ee0cc8603bd9cf0ff328484d8d2e2aae228"}
}
