TN:
SF:app.js
FNF:0
FNH:0
DA:1,4
DA:2,4
DA:4,4
DA:5,4
DA:6,4
DA:7,4
DA:8,4
DA:9,4
DA:11,4
DA:12,4
DA:13,4
DA:15,4
DA:16,4
DA:22,4
LF:14
LH:14
BRDA:1,0,0,4
BRDA:1,0,1,0
BRDA:4,1,0,4
BRDA:4,1,1,0
BRF:4
BRH:2
end_of_record
TN:
SF:controllers\adminController.js
FN:7,(anonymous_0)
FN:31,(anonymous_1)
FN:55,(anonymous_2)
FNF:3
FNH:3
FNDA:5,(anonymous_0)
FNDA:5,(anonymous_1)
FNDA:5,(anonymous_2)
DA:1,4
DA:2,4
DA:3,4
DA:4,4
DA:8,5
DA:9,5
DA:10,5
DA:11,5
DA:23,1
DA:24,1
DA:26,4
DA:27,4
DA:32,5
DA:33,5
DA:34,5
DA:35,5
DA:47,1
DA:48,1
DA:50,4
DA:51,4
DA:56,5
DA:57,5
DA:58,5
DA:59,5
DA:60,4
DA:62,3
DA:68,3
DA:69,1
DA:71,2
DA:75,2
DA:76,1
DA:78,1
DA:82,1
DA:83,1
DA:84,1
DA:89,4
DA:90,4
DA:95,4
LF:38
LH:38
BRDA:59,0,0,1
BRDA:59,0,1,4
BRDA:60,1,0,1
BRDA:60,1,1,3
BRDA:68,2,0,1
BRDA:68,2,1,2
BRDA:75,3,0,1
BRDA:75,3,1,1
BRF:8
BRH:8
end_of_record
TN:
SF:controllers\categoryController.js
FN:4,(anonymous_0)
FN:11,(anonymous_1)
FNF:2
FNH:2
FNDA:2,(anonymous_0)
FNDA:36,(anonymous_1)
DA:1,4
DA:5,2
DA:6,2
DA:8,1
DA:9,1
DA:11,1
DA:12,36
DA:13,4
DA:14,32
DA:15,28
DA:19,1
DA:26,1
DA:31,4
LF:13
LH:13
BRDA:12,0,0,4
BRDA:12,0,1,32
BRDA:14,1,0,28
BRDA:14,1,1,4
BRF:4
BRH:4
end_of_record
TN:
SF:controllers\consultantController.js
FN:5,(anonymous_0)
FN:22,(anonymous_1)
FNF:2
FNH:2
FNDA:1,(anonymous_0)
FNDA:2,(anonymous_1)
DA:1,4
DA:2,4
DA:6,1
DA:7,1
DA:8,1
DA:14,1
DA:15,1
DA:17,0
DA:18,0
DA:23,2
DA:24,2
DA:25,2
DA:26,2
DA:33,2
DA:35,1
DA:42,1
DA:43,1
DA:45,1
DA:46,1
DA:51,4
LF:20
LH:18
BRDA:33,0,0,1
BRDA:33,0,1,1
BRF:2
BRH:2
end_of_record
TN:
SF:controllers\historyController.js
FN:5,(anonymous_0)
FN:23,(anonymous_1)
FN:42,(anonymous_2)
FNF:3
FNH:3
FNDA:2,(anonymous_0)
FNDA:2,(anonymous_1)
FNDA:2,(anonymous_2)
DA:1,4
DA:2,4
DA:6,2
DA:7,2
DA:8,2
DA:10,2
DA:15,1
DA:16,1
DA:18,1
DA:19,1
DA:24,2
DA:25,2
DA:26,2
DA:28,2
DA:29,2
DA:34,1
DA:35,1
DA:37,1
DA:38,1
DA:43,2
DA:44,2
DA:45,2
DA:47,2
DA:49,2
DA:50,2
DA:61,1
DA:62,1
DA:64,1
DA:65,1
DA:70,4
LF:30
LH:30
BRF:0
BRH:0
end_of_record
TN:
SF:controllers\transactionController.js
FN:4,(anonymous_0)
FN:28,(anonymous_1)
FN:94,(anonymous_2)
FN:191,(anonymous_3)
FN:242,(anonymous_4)
FN:278,(anonymous_5)
FNF:6
FNH:6
FNDA:2,(anonymous_0)
FNDA:8,(anonymous_1)
FNDA:5,(anonymous_2)
FNDA:3,(anonymous_3)
FNDA:4,(anonymous_4)
FNDA:7,(anonymous_5)
DA:1,4
DA:5,2
DA:6,2
DA:8,2
DA:13,1
DA:20,1
DA:24,1
DA:29,8
DA:30,8
DA:32,8
DA:33,8
DA:35,8
DA:42,8
DA:50,8
DA:54,7
DA:58,7
DA:60,7
DA:64,7
DA:69,2
DA:70,5
DA:75,5
DA:78,7
DA:83,7
DA:85,7
DA:89,1
DA:90,1
DA:95,5
DA:96,5
DA:97,5
DA:98,5
DA:99,5
DA:105,5
DA:107,5
DA:115,5
DA:119,5
DA:121,4
DA:129,4
DA:131,4
DA:135,4
DA:137,4
DA:141,4
DA:146,2
DA:151,1
DA:154,1
DA:157,2
DA:162,2
DA:167,1
DA:170,1
DA:175,4
DA:180,4
DA:182,4
DA:186,1
DA:187,1
DA:192,3
DA:193,3
DA:194,3
DA:196,3
DA:200,3
DA:202,2
DA:206,2
DA:210,2
DA:212,2
DA:217,1
DA:218,1
DA:223,1
DA:226,2
DA:231,2
DA:233,2
DA:237,1
DA:238,1
DA:243,4
DA:244,4
DA:246,4
DA:247,4
DA:252,3
DA:257,3
DA:258,3
DA:259,3
DA:261,3
DA:262,1
DA:264,3
DA:265,1
DA:268,3
DA:269,3
DA:270,3
DA:271,3
DA:272,3
DA:273,3
DA:274,3
DA:275,3
DA:277,3
DA:278,3
DA:279,7
DA:281,7
DA:285,7
DA:290,2
DA:291,5
DA:308,3
DA:309,2
DA:325,1
DA:327,7
DA:332,3
DA:333,3
DA:335,3
DA:336,3
DA:337,2
DA:338,2
DA:339,2
DA:340,2
DA:342,1
DA:343,1
DA:344,1
DA:345,1
DA:346,1
DA:350,3
DA:352,3
DA:353,1
DA:354,2
DA:355,1
DA:357,1
DA:360,3
DA:361,3
DA:363,3
DA:364,7
DA:365,5
DA:366,5
DA:370,5
DA:373,2
DA:374,2
DA:378,2
DA:383,3
DA:384,5
DA:387,3
DA:388,2
DA:391,3
DA:400,1
DA:405,4
LF:137
LH:137
BRDA:64,0,0,2
BRDA:64,0,1,5
BRDA:65,1,0,7
BRDA:65,1,1,5
BRDA:65,1,2,5
BRDA:70,2,0,5
BRDA:70,2,1,0
BRDA:71,3,0,5
BRDA:71,3,1,0
BRDA:71,3,2,0
BRDA:119,4,0,1
BRDA:119,4,1,4
BRDA:141,5,0,2
BRDA:141,5,1,2
BRDA:142,6,0,4
BRDA:142,6,1,2
BRDA:142,6,2,2
BRDA:146,7,0,1
BRDA:146,7,1,1
BRDA:147,8,0,2
BRDA:147,8,1,1
BRDA:147,8,2,1
BRDA:157,9,0,2
BRDA:157,9,1,0
BRDA:158,10,0,2
BRDA:158,10,1,0
BRDA:158,10,2,0
BRDA:162,11,0,1
BRDA:162,11,1,1
BRDA:163,12,0,2
BRDA:163,12,1,1
BRDA:163,12,2,1
BRDA:200,13,0,1
BRDA:200,13,1,2
BRDA:212,14,0,1
BRDA:212,14,1,1
BRDA:213,15,0,2
BRDA:213,15,1,1
BRDA:213,15,2,1
BRDA:218,16,0,1
BRDA:218,16,1,0
BRDA:219,17,0,1
BRDA:219,17,1,0
BRDA:219,17,2,0
BRDA:261,18,0,1
BRDA:261,18,1,2
BRDA:264,19,0,1
BRDA:264,19,1,2
BRDA:277,20,0,3
BRDA:277,20,1,0
BRDA:281,21,0,7
BRDA:281,21,1,0
BRDA:282,22,0,7
BRDA:282,22,1,7
BRDA:285,23,0,2
BRDA:285,23,1,5
BRDA:286,24,0,7
BRDA:286,24,1,5
BRDA:286,24,2,5
BRDA:291,25,0,3
BRDA:291,25,1,2
BRDA:292,26,0,5
BRDA:292,26,1,5
BRDA:292,26,2,4
BRDA:292,26,3,4
BRDA:292,26,4,4
BRDA:292,26,5,4
BRDA:292,26,6,3
BRDA:292,26,7,3
BRDA:292,26,8,3
BRDA:292,26,9,3
BRDA:292,26,10,3
BRDA:292,26,11,3
BRDA:292,26,12,3
BRDA:292,26,13,3
BRDA:292,26,14,2
BRDA:309,27,0,1
BRDA:309,27,1,1
BRDA:310,28,0,2
BRDA:310,28,1,2
BRDA:310,28,2,2
BRDA:310,28,3,1
BRDA:310,28,4,1
BRDA:310,28,5,1
BRDA:310,28,6,1
BRDA:310,28,7,1
BRDA:310,28,8,1
BRDA:310,28,9,1
BRDA:310,28,10,1
BRDA:310,28,11,1
BRDA:310,28,12,1
BRDA:310,28,13,1
BRDA:335,29,0,3
BRDA:335,29,1,0
BRDA:336,30,0,2
BRDA:336,30,1,1
BRDA:352,31,0,1
BRDA:352,31,1,2
BRDA:352,32,0,3
BRDA:352,32,1,1
BRDA:354,33,0,1
BRDA:354,33,1,1
BRDA:364,34,0,5
BRDA:364,34,1,2
BRDA:365,35,0,5
BRDA:365,35,1,0
BRDA:373,36,0,2
BRDA:373,36,1,0
BRF:108
BRH:94
end_of_record
TN:
SF:controllers\userController.js
FN:7,(anonymous_0)
FN:41,(anonymous_1)
FNF:2
FNH:2
FNDA:5,(anonymous_0)
FNDA:5,(anonymous_1)
DA:1,4
DA:2,4
DA:3,4
DA:4,4
DA:8,5
DA:9,5
DA:10,5
DA:11,5
DA:24,1
DA:33,1
DA:34,1
DA:36,4
DA:37,4
DA:42,5
DA:43,5
DA:44,5
DA:45,5
DA:46,4
DA:48,3
DA:54,3
DA:55,1
DA:57,2
DA:61,2
DA:62,1
DA:64,1
DA:69,1
DA:70,1
DA:71,1
DA:76,4
DA:77,4
DA:82,4
LF:31
LH:31
BRDA:45,0,0,1
BRDA:45,0,1,4
BRDA:46,1,0,1
BRDA:46,1,1,3
BRDA:54,2,0,1
BRDA:54,2,1,2
BRDA:61,3,0,1
BRDA:61,3,1,1
BRF:8
BRH:8
end_of_record
TN:
SF:controllers\walletController.js
FN:4,(anonymous_0)
FNF:1
FNH:1
FNDA:2,(anonymous_0)
DA:1,4
DA:5,2
DA:6,2
DA:7,2
DA:13,1
DA:17,1
DA:22,4
LF:7
LH:7
BRF:0
BRH:0
end_of_record
TN:
SF:helpers\bcrypt.js
FN:3,(anonymous_0)
FN:7,(anonymous_1)
FNF:2
FNH:2
FNDA:10,(anonymous_0)
FNDA:4,(anonymous_1)
DA:1,4
DA:3,4
DA:4,10
DA:7,4
DA:8,4
DA:11,4
LF:6
LH:6
BRF:0
BRH:0
end_of_record
TN:
SF:helpers\jwt.js
FN:4,(anonymous_0)
FN:8,(anonymous_1)
FNF:2
FNH:2
FNDA:13,(anonymous_0)
FNDA:46,(anonymous_1)
DA:1,4
DA:2,4
DA:4,4
DA:5,13
DA:8,4
DA:9,46
DA:12,4
LF:7
LH:7
BRF:0
BRH:0
end_of_record
TN:
SF:middlewares\authentication.js
FN:4,(anonymous_0)
FN:23,(anonymous_1)
FNF:2
FNH:2
FNDA:15,(anonymous_0)
FNDA:31,(anonymous_1)
DA:1,4
DA:2,4
DA:4,4
DA:5,15
DA:6,15
DA:7,15
DA:8,14
DA:9,14
DA:10,1
DA:12,13
DA:17,13
DA:19,2
DA:23,4
DA:24,31
DA:25,31
DA:26,31
DA:27,31
DA:28,31
DA:29,1
DA:31,30
DA:36,30
DA:38,1
DA:42,4
LF:23
LH:23
BRDA:9,0,0,1
BRDA:9,0,1,13
BRDA:9,1,0,14
BRDA:9,1,1,14
BRDA:28,2,0,1
BRDA:28,2,1,30
BRDA:28,3,0,31
BRDA:28,3,1,31
BRF:8
BRH:8
end_of_record
TN:
SF:middlewares\errorHandler.js
FN:1,(anonymous_0)
FN:4,(anonymous_1)
FNF:2
FNH:2
FNDA:34,(anonymous_0)
FNDA:14,(anonymous_1)
DA:1,4
DA:2,34
DA:3,34
DA:4,14
DA:5,11
DA:8,23
DA:9,3
DA:12,20
DA:13,2
DA:16,18
DA:17,2
DA:20,16
DA:21,4
DA:24,12
DA:28,1
DA:31,11
DA:32,2
DA:35,9
DA:36,1
DA:39,8
DA:40,2
DA:44,6
DA:45,6
DA:51,4
LF:24
LH:24
BRDA:3,0,0,11
BRDA:3,0,1,23
BRDA:8,1,0,3
BRDA:8,1,1,20
BRDA:12,2,0,2
BRDA:12,2,1,18
BRDA:16,3,0,2
BRDA:16,3,1,16
BRDA:20,4,0,4
BRDA:20,4,1,12
BRDA:24,5,0,1
BRDA:24,5,1,11
BRDA:25,6,0,12
BRDA:25,6,1,11
BRDA:31,7,0,2
BRDA:31,7,1,9
BRDA:35,8,0,1
BRDA:35,8,1,8
BRDA:39,9,0,2
BRDA:39,9,1,6
BRF:20
BRH:20
end_of_record
TN:
SF:models\category.js
FN:5,(anonymous_0)
FN:12,(anonymous_1)
FNF:2
FNH:2
FNDA:4,(anonymous_0)
FNDA:4,(anonymous_1)
DA:4,4
DA:5,4
DA:14,4
DA:17,4
DA:25,4
LF:5
LH:5
BRF:0
BRH:0
end_of_record
TN:
SF:models\history.js
FN:5,(anonymous_0)
FN:12,(anonymous_1)
FNF:2
FNH:2
FNDA:4,(anonymous_0)
FNDA:4,(anonymous_1)
DA:4,4
DA:5,4
DA:14,4
DA:17,4
DA:22,4
DA:41,4
LF:6
LH:6
BRF:0
BRH:0
end_of_record
TN:
SF:models\index.js
FN:20,(anonymous_0)
FN:23,(anonymous_1)
FN:28,(anonymous_2)
FNF:3
FNH:3
FNDA:24,(anonymous_0)
FNDA:20,(anonymous_1)
FNDA:20,(anonymous_2)
DA:3,4
DA:4,4
DA:5,4
DA:6,4
DA:7,4
DA:8,4
DA:9,4
DA:12,4
DA:13,0
DA:15,4
DA:18,4
DA:21,24
DA:24,20
DA:25,20
DA:28,4
DA:29,20
DA:30,20
DA:34,4
DA:35,4
DA:37,4
LF:20
LH:19
BRDA:7,0,0,4
BRDA:7,0,1,0
BRDA:12,1,0,0
BRDA:12,1,1,4
BRDA:21,2,0,24
BRDA:21,2,1,24
BRDA:21,2,2,20
BRDA:29,3,0,20
BRDA:29,3,1,0
BRF:9
BRH:6
end_of_record
TN:
SF:models\transaction.js
FN:5,(anonymous_0)
FN:12,(anonymous_1)
FNF:2
FNH:2
FNDA:4,(anonymous_0)
FNDA:4,(anonymous_1)
DA:4,4
DA:5,4
DA:14,4
DA:15,4
DA:18,4
DA:60,4
LF:6
LH:6
BRF:0
BRH:0
end_of_record
TN:
SF:models\user.js
FN:6,(anonymous_0)
FN:13,(anonymous_1)
FN:95,(anonymous_2)
FNF:3
FNH:3
FNDA:4,(anonymous_0)
FNDA:4,(anonymous_1)
FNDA:10,(anonymous_2)
DA:4,4
DA:5,4
DA:6,4
DA:15,4
DA:16,4
DA:19,4
DA:24,4
DA:96,10
DA:101,4
LF:9
LH:9
BRF:0
BRH:0
end_of_record
TN:
SF:models\wallet.js
FN:5,(anonymous_0)
FN:12,(anonymous_1)
FNF:2
FNH:2
FNDA:4,(anonymous_0)
FNDA:4,(anonymous_1)
DA:4,4
DA:5,4
DA:14,4
DA:15,4
DA:18,4
DA:39,4
LF:6
LH:6
BRF:0
BRH:0
end_of_record
TN:
SF:routes\categoryRouter.js
FNF:0
FNH:0
DA:1,4
DA:2,4
DA:3,4
DA:5,4
DA:7,4
LF:5
LH:5
BRF:0
BRH:0
end_of_record
TN:
SF:routes\consultantRouter.js
FNF:0
FNH:0
DA:1,4
DA:2,4
DA:3,4
DA:5,4
DA:6,4
DA:8,4
LF:6
LH:6
BRF:0
BRH:0
end_of_record
TN:
SF:routes\historyRouter.js
FNF:0
FNH:0
DA:1,4
DA:2,4
DA:3,4
DA:5,4
DA:6,4
DA:7,4
DA:10,4
LF:7
LH:7
BRF:0
BRH:0
end_of_record
TN:
SF:routes\index.js
FNF:0
FNH:0
DA:1,4
DA:2,4
DA:3,4
DA:4,4
DA:5,4
DA:6,4
DA:7,4
DA:8,4
DA:10,4
DA:11,4
DA:12,4
DA:13,4
DA:14,4
DA:15,4
DA:17,4
LF:15
LH:15
BRF:0
BRH:0
end_of_record
TN:
SF:routes\loginRouter.js
FNF:0
FNH:0
DA:1,4
DA:2,4
DA:3,4
DA:5,4
DA:7,4
LF:5
LH:5
BRF:0
BRH:0
end_of_record
TN:
SF:routes\registerRouter.js
FNF:0
FNH:0
DA:1,4
DA:2,4
DA:3,4
DA:5,4
DA:6,4
DA:8,4
LF:6
LH:6
BRF:0
BRH:0
end_of_record
TN:
SF:routes\transactionRouter.js
FNF:0
FNH:0
DA:1,4
DA:2,4
DA:3,4
DA:5,4
DA:7,4
DA:9,4
DA:11,4
DA:13,4
DA:15,4
LF:9
LH:9
BRF:0
BRH:0
end_of_record
TN:
SF:routes\userRouter.js
FNF:0
FNH:0
DA:1,4
DA:2,4
DA:3,4
DA:4,4
DA:5,4
DA:6,4
DA:7,4
DA:8,4
DA:10,4
DA:11,4
DA:12,4
DA:13,4
DA:14,4
DA:15,4
DA:16,4
DA:18,4
LF:16
LH:16
BRF:0
BRH:0
end_of_record
TN:
SF:routes\walletRouter.js
FNF:0
FNH:0
DA:1,4
DA:2,4
DA:3,4
DA:5,4
DA:13,4
LF:5
LH:5
BRF:0
BRH:0
end_of_record
